Oct 17 08:00:35 192.168.8.25 AgentDevice=WindowsLog    AgentLogFile=Security   Source=Security Computer=agency_win_823810 User=Aemilius Domain=mystery_agency        EventID=528     EventIDCode=528 EventType=8    EventCategory=2 RecordNumber=959        TimeGenerated=1318856435        TimeWritten=1318856435  Message=Successful Logon:   User Name: Aemilius   Domain:  mystery_agency   Logon ID:  (0x0,0x172fc)   Logon Type: 2   Logon Process: User32     Authentication Package: Negotiate   Workstation Name: agency_win_823810   Logon GUID: {00000000-0000-0000-0000-000000000000}
Oct 17 08:01:00 security_srv kernel: imklog 5.6.5, log source = /proc/kmsg started.
Oct 17 08:01:01 security_srv rsyslogd: [origin software="rsyslogd" swVersion="5.6.5" x-pid="920" x-info="http://www.rsyslog.com"] start
Oct 17 08:01:02 security_srv kernel:  [   12.937508] microcode: CPU0 sig=0x6fd, pf=0x1, revision=0xa3
Oct 17 08:01:02 security_srv kernel:  [   12.984751] microcode: CPU1 sig=0x6fd, pf=0x1, revision=0xa3
Oct 17 08:01:02 security_srv kernel: [   12.986559] microcode: Microcode Update Driver: v2.00 <tigran@aivazian.fsnet.co.uk>, Peter Oruba
Oct 17 08:01:02 security_srv kernel: [   13.275330] microcode: CPU0 updated to revision 0xa4, date = 2010-10-02
Oct 17 08:01:02 security_srv kernel: [   13.275706] microcode: CPU1 updated to revision 0xa4, date = 2010-10-02
Oct 17 08:01:02 security_srv kernel:  [   13.605884] ip6_tables: (C) 2000-2006 Netfilter Core Team
Oct 17 08:01:02 security_srv kernel: [   13.838693] nf_conntrack version 0.5.0 (16384 buckets, 65536 max)
Oct 17 08:01:02 security_srv kernel: [   13.876714] ip_tables: (C) 2000-2006 Netfilter Core Team
Oct 17 08:01:02 security_srv polkitd[1049]: started daemon version 0.99 using authority implementation `local' version `0.99'
Oct 17 08:01:02 security_srv SuSEfirewall2: Firewall rules set to CLOSE
Oct 17 08:01:04 security_srv ifup: lo
Oct 17 08:01:04 security_srv ifup: lo
Oct 17 08:01:04 security_srv ifup: IP address: 127.0.0.1/8
Oct 17 08:01:04 security_srv ifup:  
Oct 17 08:01:04 security_srv ifup:  
Oct 17 08:01:04 security_srv ifup: IP address: 127.0.0.2/8  
Oct 17 08:01:04 security_srv ifup: eth0      device: Intel Corporation 82566DM-2 Gigabit Network Connection (rev 02)
Oct 17 08:01:05 security_srv  kernel: [   16.121283] e1000e 0000:00:19.0: irq 41 for MSI/MSI-X
Oct 17 08:01:05 security_srv  kernel: [   16.172075] e1000e 0000:00:19.0: irq 41 for MSI/MSI-X
Oct 17 08:01:05 security_srv  kernel: [   16.172553] ADDRCONF(NETDEV_UP): eth0: link is not ready
Oct 17 08:01:05 security_srv ifup:    eth0    
Oct 17 08:01:05 security_srv ifup: IP address: 212.118.247.34/28
Oct 17 08:01:05 security_srv ifup:  
Oct 17 08:01:06 security_srv SuSEfirewall2: /var/lock/SuSEfirewall2.booting exists which means system boot in progress, exit.
Oct 17 08:01:06 security_srv kernel: Kernel logging (proc) stopped.
Oct 17 08:01:07 security_srv rsyslogd: [origin software="rsyslogd" swVersion="5.6.5" x-pid="920" x-info="http://www.rsyslog.com"] exiting on signal 15.
Oct 17 08:01:07 security_srv kernel: imklog 5.6.5, log source = /proc/kmsg started
Oct 17 08:01:09 security_srv rsyslogd: [origin software="rsyslogd" swVersion="5.6.5" x-pid="1564" x-info="http://www.rsyslog.com"] start
Oct 17 08:01:11 security_srv auditd[1600]: Started dispatcher: /sbin/audispd pid: 1602
Oct 17 08:01:12 security_srv audispd: priority_boost_parser called with: 4
Oct 17 08:01:12 security_srv audispd: audispd: max_restarts_parser called with: 10
Oct 17 08:01:12 security_srv audispd: No plugins found, exiting
Oct 17 08:01:12 security_srv auditd[1600]: Init complete, auditd 2.0.5 listening for events (startup state disable)
Oct 17 08:01:13 security_srv sm-notify[1618]: Version 1.2.3 starting
Oct 17 08:01:14 security_srv sshd[1649]: Server listening on 0.0.0.0 port 22
Oct 17 08:01:14 security_srv sshd[1649]: Server listening on :: port 22
Oct 17 08:01:15 security_srv kernel: [   17.578874] e1000e: eth0 NIC Link is Up 100 Mbps Full Duplex, Flow Control: RX/TX
Oct 17 08:01:15 security_srv kernel: [   17.578878] e1000e 0000:00:19.0: eth0: 10/100 speed: disabling TSO
Oct 17 08:01:15 security_srv kernel:  [  17.579312] ADDRCONF(NETDEV_CHANGE): eth0: link becomes ready
Oct 17 08:01:15 security_srv kernel: [   18.360923] BIOS EDD facility v0.16 2004-Jun-25, 1 devices found
Oct 17 08:01:17 security_srv avahi-daemon[1756]: Found user #'avahi' (UID 104) and group 'avahi' (GID 106).
Oct 17 08:01:17 security_srv avahi-daemon[1756]: Successfully dropped root privileges.
Oct 17 08:01:17 security_srv avahi-daemon[1756]: avahi-daemon 0.6.28 starting up.
Oct 17 08:01:17 security_srv avahi-daemon[1756]: Loading service file /etc/avahi/services/sftp-ssh.service.
Oct 17 08:01:17 security_srv avahi-daemon[1756]: Loading service file /etc/avahi/services/ssh.service.
Oct 17 08:01:17 security_srv avahi-daemon[1756]: Loading service file /etc/avahi/services/udisks.service.
Oct 17 08:01:17 security_srv avahi-daemon[1756]: Joining mDNS multicast group on interface eth0.IPv4 with address 212.118.247.34.
Oct 17 08:01:17 security_srv avahi-daemon[1756]: New relevant interface eth0.IPv4 for mDNS.
Oct 17 08:01:17 security_srv avahi-daemon[1756]: Network interface enumeration completed.
Oct 17 08:01:17 security_srv avahi-daemon[1756]: Registering new address record for fe80::221:9bff:d476:f722 on eth0.
Oct 17 08:01:17 security_srv avahi-daemon[1756]: Registering new address record for 212.118.247.34 on eth0.IPv4.
Oct 17 08:01:17 security_srv avahi-daemon[1756]: Registering HINFO record with values #'X86_64'/'LINUX'.
Oct 17 08:01:19 security_srv avahi-daemon[1756]: Server startup complete. Host name is security_srv.local. Local service cookie is 2244099292.
Oct 17 08:01:20 security_srv acpid: 1 client rule loaded
Oct 17 08:01:22 security_srv avahi-daemon[1756]: Service "security_srv" (/etc/avahi/services/udisks.service) successfully established.
Oct 17 08:01:22 security_srv avahi-daemon[1756]: Service "security_srv" (/etc/avahi/services/ssh.service) successfully established.
Oct 17 08:01:22 security_srv avahi-daemon[1756]: Service "security_srv" (/etc/avahi/services/sftp-ssh.service) successfully established.
Oct 17 08:01:23 security_srv ntpd[2110]: ntpd 4.2.6p3@1.2290 Tue Jun  7 03:07:00 UTC 2011 (1)
Oct 17 08:01:23 security_srv ntpd[2110]: proto: precision = 0.116 usec
Oct 17 08:01:23 security_srv ntpd[2110]: ntp_io: estimated max descriptors: 1024, initial socket boundary: 16
Oct 17 08:01:23 security_srv ntpd[2110]: Listen and drop on 0 v4wildcard 0.0.0.0 UDP 123
Oct 17 08:01:23 security_srv ntpd[2110]: Listen and drop on 1 v6wildcard :: UDP 123
Oct 17 08:01:23 security_srv ntpd[2110]: Listen normally on 2 lo 127.0.0.1 UDP 123
Oct 17 08:01:23 security_srv ntpd[2110]: Listen normally on 3 lo 127.0.0.2 UDP 123
Oct 17 08:01:23 security_srv ntpd[2110]: Listen normally on 4 eth0 212.118.247.34 UDP 123
Oct 17 08:01:23 security_srv ntpd[2110]: Listen normally on 5 eth0 fe80::221:9bff:d476:f722 UDP 123
Oct 17 08:01:23 security_srv ntpd[2110]: Listen normally on 6 lo ::1 UDP 123
Oct 17 08:01:23 security_srv ntpd[2110]: peers refreshed
Oct 17 08:01:25 security_srv acpid: 1 client rule loaded
Oct 17 08:01:26 security_srv sssd: Starting up
Oct 17 08:01:26 security_srv sssd[be[default]]: Starting up
Oct 17 08:01:26 security_srv sssd[pam]: Starting up
Oct 17 08:01:27 security_srv sssd[nss]: Starting up
Oct 17 08:01:27 security_srv /usr/sbin/cron[2307]: (CRON) STARTUP (1.4.7)
Oct 17 08:01:27 security_srv /usr/sbin/cron[2307]: (CRON) bad username (/etc/cron.d/smolt)
Oct 17 08:01:27 security_srv /usr/sbin/cron[2307]: (CRON) INFO (running with inotify support)
Oct 17 08:01:28 security_srv smartd[2308]: smartd 5.40 2010-10-16 r3189 [x86_64-unknown-linux-gnu] (SUSE RPM)#012Copyright (C) 2002-10 by Bruce Allen, http://smartmontools.sourceforge.net#012
Oct 17 08:01:28 security_srv smartd[2308]: Opened configuration file /etc/smartd.conf
Oct 17 08:01:28 security_srv smartd[2308]: Drive: DEVICESCAN, implied #'-a' Directive on line 26 of file /etc/smartd.conf
Oct 17 08:01:28 security_srv smartd[2308]: Configuration file /etc/smartd.conf was parsed, found DEVICESCAN, scanning devices
Oct 17 08:01:28 security_srv smartd[2308]: Device: /dev/sda, type changed from #'scsi' to 'sat'
Oct 17 08:01:28 security_srv smartd[2308]: Device: /dev/sda [SAT], opened
Oct 17 08:01:28 security_srv smartd[2308]: Device: /dev/sda [SAT], found in smartd database.
Oct 17 08:01:28 security_srv smartd[2308]: Device: /dev/sda [SAT], is SMART capable. Adding to "monitor" list.
Oct 17 08:01:28 security_srv smartd[2308]: Device: /dev/sda [SAT], state read from /var/lib/smartmontools/smartd.WDC_WD800JD_75MSA3-WD_WMAM9CZT2081.ata.state
Oct 17 08:01:28 security_srv smartd[2308]:  Monitoring 1 ATA and 0 SCSI devices
Oct 17 08:01:28 security_srv smartd[2308]: Device: /dev/sda [SAT], state written to /var/lib/smartmontools/smartd.WDC_WD800JD_75MSA3-WD_WMAM9CZT2081.ata.state
Oct 17 08:01:28 security_srv smartd[2308]: smartd has fork()ed into background mode. New PID=2325
Oct 17 08:01:29 security_srv SuSEfirewall2: Setting up rules from /etc/sysconfig/SuSEfirewall2 ...
Oct 17 08:01:29 security_srv SuSEfirewall2: SuSEfirewall2: Firewall rules successfully set
Oct 17 08:01:29 security_srv kernel: [   27.447566] bootsplash: status on console 0 changed to on
Oct 17 08:01:29 security_srv kernel: [   27.714004] eth0: no IPv6 routers present
Oct 17 08:01:30 security_srv rtkit-daemon[4196]: Sucessfully called chroot.
Oct 17 08:01:30 security_srv rtkit-daemon[4196]: Sucessfully dropped privileges
Oct 17 08:01:30 security_srv rtkit-daemon[4196]: Sucessfully limited resources.
Oct 17 08:01:30 security_srv rtkit-daemon[4196]: Running.
Oct 17 08:01:30 security_srv rtkit-daemon[4196]: Canary thread running.
Oct 17 08:01:30 security_srv rtkit-daemon[4196]: Watchdog thread running.
ns5xt_315093: NetScreen device_id=ns5xt_315093  [Root]system-notification-00257(traffic): start_time="2011-10-17 08:01:32" duration=8 policy_id=4 service=ssh proto=6 src zone=Trust dst zone=DMZ action=Permit sent=1454 rcvd=1454 src=192.168.8.5 dst=212.118.247.34 src_port=23872 dst_port=22 src-xlated ip=192.168.8.5 port=23872 dst-xlated ip=212.118.247.34 port=22 session_id=18732
Oct 17 08:01:32 security_srv sshd[13337]: Accepted keyboard-interactive/pam for Gaius from 192.168.8.5 port 40632 ssh2
Oct 17 08:01:32 security_srv useradd[16106]: new account added - account=haxx, uid=31334, gid=0, home=/home/haxx, shell=/bin/bash, by=0
Oct 17 08:01:32 security_srv useradd[16106]: account added to group - account=test, group=users, gid=100, by=0
Oct 17 08:01:32 security_srv useradd[16106]: running USERADD_CMD command - script=/usr/sbin/useradd.local, account=haxx, uid=31334, gid=0, home=/home/haxx, by=0
ns5xt_315093: NetScreen device_id=ns5xt_315093  [Root]system-notification-00257(traffic): start_time="2011-10-17 08:01:32" duration=6 policy_id=4 service=ssh proto=6 src zone=Trust dst zone=web_servers action=Permit sent=1459 rcvd=1459 src=192.168.8.5 dst=212.118.247.1 src_port=59906 dst_port=22 src-xlated ip=192.168.8.5 port=59906 dst-xlated ip=212.118.247.1 port=22 session_id=18733
Oct 17 08:01:32 web_060692 sshd[19771]: Accepted keyboard-interactive/pam for Gaius from 192.168.8.5 port 40632 ssh2
Oct 17 08:01:32 192.168.8.22 AgentDevice=WindowsLog    AgentLogFile=Security   Source=Security Computer=agency_win_091894 User=Sulla Domain=mystery_agency        EventID=624     EventIDCode=624 EventType=8    EventCategory=7 RecordNumber=394        TimeGenerated=1318856492        TimeWritten=1318856492  Message=User Account Created:   New Account Name: John   New Domain: agency_win_091894   New Account ID: agency_win_091894\John   Caller User Name:  Sulla  Caller Domain: mystery_agency   Caller Logon ID: (0x0,0x9c378)   Privileges  -  
Oct 17 08:01:32 192.168.8.22 AgentDevice=WindowsLog    AgentLogFile=Security   Source=Security Computer=agency_win_091894 User=Sulla Domain=mystery_agency        EventID=636     EventIDCode=636 EventType=8    EventCategory=7 RecordNumber=1241        TimeGenerated=1318856492        TimeWritten=1318856492  Message=Security Enabled Local Group Member Added:   Member Name: -   Member ID: agency_win_091894\John   Target Account Name: Administrators   Target Domain: Builtin   Target Account ID: BUILTIN\Administrators   Caller User Name: Sulla   Caller Domain: mystery_agency   Caller Logon ID: (0x0,0xc6cc2)   Privileges: -  
Oct 17 08:01:32 192.168.8.22 AgentDevice=WindowsLog    AgentLogFile=Security   Source=Security Computer=agency_win_091894 User=Sulla Domain=mystery_agency        EventID=628     EventIDCode=628 EventType=8    EventCategory=7 RecordNumber=628        TimeGenerated=1318856492        TimeWritten=1318856492  Message=User Account password set:   Target Account Name: John   Target Domain: agency_win_091894   Target Account ID: agency_win_091894\John   Caller User Name: Sulla   Caller Domain: mystery_agency   Caller Logon ID: (0x0,0xd8bfa)
Oct 17 08:01:32 192.168.8.22 AgentDevice=WindowsLog    AgentLogFile=Security   Source=Security Computer=agency_win_091894 User=Sulla Domain=mystery_agency        EventID=626     EventIDCode=626 EventType=8    EventCategory=7 RecordNumber=822        TimeGenerated=1318856492        TimeWritten=1318856492  Message=User Account Enabled:   Target Account Name: John   Target Domain: agency_win_091894   Target Account ID: agency_win_091894\John   Caller User Name: Sulla   Caller Domain: mystery_agency   Caller Logon ID: (0x0,0x24da1)  
Oct 17 08:01:32 192.168.8.22 AgentDevice=WindowsLog    AgentLogFile=Security   Source=Security Computer=agency_win_091894 User=John Domain=mystery_agency        EventID=534     EventIDCode=534 EventType=16    EventCategory=2 RecordNumber=1100        TimeGenerated=1318856492        TimeWritten=1318856492  Message=Logon Failure:   Reason:  The user has not been granted the requested logon type at this machine    User Name: John   Domain:  mystery_agency   Logon Type: 2   Logon Process: User32     Authentication Package: Negotiate   Workstation Name: agency_win_091894
