Oct 07 16:53:47 172.18.1.20 AgentDevice=WindowsLog	AgentLogFile=Security	Source=Security	Computer=OSF-477F9B9DC69	User=SYSTEM	Domain=NT AUTHORITY	EventID=577	EventIDCode=577	EventType=8	EventCategory=4	RecordNumber=173	TimeGenerated=1286488427	TimeWritten=1286488427	Message=Privileged Service Called:   Server:  NT Local Security Authority / Authentication Service   Service:  LsaRegisterLogonProcess()   Primary User Name: OSF-477F9B9DC69$   Primary Domain: OSF-TEST   Primary Logon ID: (0x0,0x3E7)   Client User Name: OSF-477F9B9DC69$   Client Domain: OSF-TEST   Client Logon ID: (0x0,0x3E7)   Privileges: SeTcbPrivilege 
Oct 07 16:53:47 172.18.1.20 AgentDevice=WindowsLog	AgentLogFile=Security	Source=Security	Computer=OSF-477F9B9DC69	User=SYSTEM	Domain=NT AUTHORITY	EventID=577	EventIDCode=577	EventType=8	EventCategory=4	RecordNumber=172	TimeGenerated=1286488427	TimeWritten=1286488427	Message=Privileged Service Called:   Server:  NT Local Security Authority / Authentication Service   Service:  LsaRegisterLogonProcess()   Primary User Name: OSF-477F9B9DC69$   Primary Domain: OSF-TEST   Primary Logon ID: (0x0,0x3E7)   Client User Name: OSF-477F9B9DC69$   Client Domain: OSF-TEST   Client Logon ID: (0x0,0x3E7)   Privileges: SeTcbPrivilege 
Oct 07 16:53:47 172.18.1.20 AgentDevice=WindowsLog	AgentLogFile=Security	Source=Security	Computer=OSF-477F9B9DC69	User=SYSTEM	Domain=NT AUTHORITY	EventID=515	EventIDCode=515	EventType=8	EventCategory=1	RecordNumber=171	TimeGenerated=1286488427	TimeWritten=1286488427	Message=A trusted logon process has registered with the Local Security Authority. This logon process will be trusted to submit logon requests.     Logon Process Name: Winlogon\MSGina 
Oct 08 16:54:13 172.18.1.13 AgentDevice=WindowsLog	AgentLogFile=Security	Source=Security	Computer=OSF-V0PLEKU2G12	User=jane	Domain=OSF-V0PLEKU2G12	EventID=577	EventIDCode=577	EventType=8	EventCategory=4	RecordNumber=510	TimeGenerated=1286574852	TimeWritten=1286574852	Message=Privileged Service Called:   Server:  Security   Service:  -   Primary User Name: OSF-V0PLEKU2G12$   Primary Domain: EXERCISE   Primary Logon ID: (0x0,0x3E7)   Client User Name: jane   Client Domain: OSF-V0PLEKU2G12   Client Logon ID: (0x0,0x1920EE)   Privileges: SeShutdownPrivilege 
Oct 08 16:54:13 172.18.1.13 AgentDevice=WindowsLog	AgentLogFile=Security	Source=Security	Computer=OSF-V0PLEKU2G12	User=jane	Domain=OSF-V0PLEKU2G12	EventID=577	EventIDCode=577	EventType=8	EventCategory=4	RecordNumber=509	TimeGenerated=1286574852	TimeWritten=1286574852	Message=Privileged Service Called:   Server:  Security   Service:  -   Primary User Name: OSF-V0PLEKU2G12$   Primary Domain: EXERCISE   Primary Logon ID: (0x0,0x3E7)   Client User Name: jane   Client Domain: OSF-V0PLEKU2G12   Client Logon ID: (0x0,0x1920EE)   Privileges: SeShutdownPrivilege 
Oct 08 16:54:13 172.18.1.13 AgentDevice=WindowsLog	AgentLogFile=Security	Source=Security	Computer=OSF-V0PLEKU2G12	User=jane	Domain=OSF-V0PLEKU2G12	EventID=577	EventIDCode=577	EventType=8	EventCategory=4	RecordNumber=508	TimeGenerated=1286574852	TimeWritten=1286574852	Message=Privileged Service Called:   Server:  Security   Service:  -   Primary User Name: OSF-V0PLEKU2G12$   Primary Domain: EXERCISE   Primary Logon ID: (0x0,0x3E7)   Client User Name: jane   Client Domain: OSF-V0PLEKU2G12   Client Logon ID: (0x0,0x1920EE)   Privileges: SeShutdownPrivilege 
Oct 08 16:54:13 172.18.1.13 AgentDevice=WindowsLog	AgentLogFile=Security	Source=Security	Computer=OSF-V0PLEKU2G12	User=jane	Domain=OSF-V0PLEKU2G12	EventID=577	EventIDCode=577	EventType=8	EventCategory=4	RecordNumber=507	TimeGenerated=1286574852	TimeWritten=1286574852	Message=Privileged Service Called:   Server:  Security   Service:  -   Primary User Name: OSF-V0PLEKU2G12$   Primary Domain: EXERCISE   Primary Logon ID: (0x0,0x3E7)   Client User Name: jane   Client Domain: OSF-V0PLEKU2G12   Client Logon ID: (0x0,0x1920EE)   Privileges: SeShutdownPrivilege 
Oct 08 16:54:13 172.18.1.13 AgentDevice=WindowsLog	AgentLogFile=Security	Source=Security	Computer=OSF-V0PLEKU2G12	User=jane	Domain=OSF-V0PLEKU2G12	EventID=576	EventIDCode=576	EventType=8	EventCategory=4	RecordNumber=506	TimeGenerated=1286574852	TimeWritten=1286574852	Message=Special privileges assigned to new logon:   User Name:    Domain:     Logon ID:  (0x0,0x1920EE)   Privileges:  SeChangeNotifyPrivilege    SeBackupPrivilege    SeRestorePrivilege    SeDebugPrivilege 
Oct 08 16:54:13 172.18.1.13 AgentDevice=WindowsLog	AgentLogFile=Security	Source=Security	Computer=OSF-V0PLEKU2G12	User=jane	Domain=OSF-V0PLEKU2G12	EventID=528	EventIDCode=528	EventType=8	EventCategory=2	RecordNumber=505	TimeGenerated=1286574852	TimeWritten=1286574852	Message=Successful Logon:   User Name: jane   Domain:  OSF-V0PLEKU2G12   Logon ID:  (0x0,0x1920EE)   Logon Type: 2   Logon Process: User32     Authentication Package: Negotiate   Workstation Name: OSF-V0PLEKU2G12   Logon GUID: {00000000-0000-0000-0000-000000000000} 
Oct 08 16:54:13 172.18.1.13 AgentDevice=WindowsLog	AgentLogFile=Security	Source=Security	Computer=OSF-V0PLEKU2G12	User=SYSTEM	Domain=NT AUTHORITY	EventID=680	EventIDCode=680	EventType=8	EventCategory=9	RecordNumber=504	TimeGenerated=1286574852	TimeWritten=1286574852	Message=Logon attempt by: MICROSOFT_AUTHENTICATION_PACKAGE_V1_0  Logon account:  jane  Source Workstation: OSF-V0PLEKU2G12  Error Code: 0x0  
Oct 08 16:54:02 172.18.1.13 AgentDevice=WindowsLog	AgentLogFile=Security	Source=Security	Computer=OSF-V0PLEKU2G12	User=SYSTEM	Domain=NT AUTHORITY	EventID=529	EventIDCode=529	EventType=16	EventCategory=2	RecordNumber=503	TimeGenerated=1286574841	TimeWritten=1286574841	Message=Logon Failure:   Reason:  Unknown user name or bad password   User Name: jane   Domain:  OSF-V0PLEKU2G12   Logon Type: 2   Logon Process: Advapi     Authentication Package: Negotiate   Workstation Name: OSF-V0PLEKU2G12 
Oct 08 16:47:32 172.18.1.13 AgentDevice=WindowsLog	AgentLogFile=System	Source=W32Time	Computer=OSF-V0PLEKU2G12	User= 	Domain= 	EventID=3260678173	EventIDCode=29	EventType=1	EventCategory=0	RecordNumber=184	TimeGenerated=1286574452	TimeWritten=1286574452	Message=The time provider NtpClient is configured to acquire time from one or more time sources, however none of the sources are currently accessible.  No attempt to contact a source will be made for 479 minutes. NtpClient has no source of accurate time.  
Oct 07 16:39:28 172.18.1.20 AgentDevice=WindowsLog	AgentLogFile=System	Source=W32Time	Computer=OSF-477F9B9DC69	User= 	Domain= 	EventID=2186936337	EventIDCode=17	EventType=1	EventCategory=0	RecordNumber=117	TimeGenerated=1286487567	TimeWritten=1286487567	Message=Time Provider NtpClient: An error occurred during DNS lookup of the manually configured peer 'time.windows.com,0x1'. NtpClient will try the DNS lookup again in 480 minutes. The error was: A socket operation was attempted to an unreachable host. (0x80072751) 
Oct 08 12:47:33 172.18.1.13 AgentDevice=WindowsLog	AgentLogFile=System	Source=W32Time	Computer=OSF-V0PLEKU2G12	User= 	Domain= 	EventID=3260678173	EventIDCode=29	EventType=1	EventCategory=0	RecordNumber=182	TimeGenerated=1286560052	TimeWritten=1286560052	Message=The time provider NtpClient is configured to acquire time from one or more time sources, however none of the sources are currently accessible.  No attempt to contact a source will be made for 239 minutes. NtpClient has no source of accurate time.  
Oct 08 11:57:47 172.18.1.13 AgentDevice=WindowsLog	AgentLogFile=Security	Source=Security	Computer=OSF-V0PLEKU2G12	User=jane	Domain=OSF-V0PLEKU2G12	EventID=551	EventIDCode=551	EventType=8	EventCategory=2	RecordNumber=501	TimeGenerated=1286557067	TimeWritten=1286557067	Message=User initiated logoff:   User Name: jane   Domain:  OSF-V0PLEKU2G12   Logon ID:  (0x0,0x9dc5)  
Oct 07 11:06:46 172.18.1.20 AgentDevice=WindowsLog	AgentLogFile=Security	Source=Security	Computer=OSF-477F9B9DC69	User=SYSTEM	Domain=NT AUTHORITY	EventID=683	EventIDCode=683	EventType=8	EventCategory=2	RecordNumber=170	TimeGenerated=1286467606	TimeWritten=1286467606	Message=Session disconnected from winstation:   User Name: hax   Domain:  OSF-477F9B9DC69   Logon ID:  (0x0,0x87051)   Session Name: RDP-Tcp#4   Client Name: OSF-V0PLEKU2G12   Client Address: 172.18.1.13 
Oct 07 11:04:20 172.18.1.20 AgentDevice=WindowsLog	AgentLogFile=Security	Source=Security	Computer=OSF-477F9B9DC69	User=SYSTEM	Domain=NT AUTHORITY	EventID=577	EventIDCode=577	EventType=8	EventCategory=4	RecordNumber=168	TimeGenerated=1286467460	TimeWritten=1286467460	Message=Privileged Service Called:   Server:  NT Local Security Authority / Authentication Service   Service:  LsaRegisterLogonProcess()   Primary User Name: OSF-477F9B9DC69$   Primary Domain: OSF-TEST   Primary Logon ID: (0x0,0x3E7)   Client User Name: OSF-477F9B9DC69$   Client Domain: OSF-TEST   Client Logon ID: (0x0,0x3E7)   Privileges: SeTcbPrivilege 
Oct 07 11:04:20 172.18.1.20 AgentDevice=WindowsLog	AgentLogFile=Security	Source=Security	Computer=OSF-477F9B9DC69	User=hax	Domain=OSF-477F9B9DC69	EventID=538	EventIDCode=538	EventType=8	EventCategory=2	RecordNumber=169	TimeGenerated=1286467460	TimeWritten=1286467460	Message=User Logoff:   User Name: hax   Domain:  OSF-477F9B9DC69   Logon ID:  (0x0,0xE3503)   Logon Type: 10  
Oct 07 11:04:20 172.18.1.20 AgentDevice=WindowsLog	AgentLogFile=Security	Source=Security	Computer=OSF-477F9B9DC69	User=SYSTEM	Domain=NT AUTHORITY	EventID=515	EventIDCode=515	EventType=8	EventCategory=1	RecordNumber=167	TimeGenerated=1286467460	TimeWritten=1286467460	Message=A trusted logon process has registered with the Local Security Authority. This logon process will be trusted to submit logon requests.     Logon Process Name: Winlogon 
Oct 07 11:04:20 172.18.1.20 AgentDevice=WindowsLog	AgentLogFile=Security	Source=Security	Computer=OSF-477F9B9DC69	User=SYSTEM	Domain=NT AUTHORITY	EventID=682	EventIDCode=682	EventType=8	EventCategory=2	RecordNumber=166	TimeGenerated=1286467460	TimeWritten=1286467460	Message=Session reconnected to winstation:   User Name: hax   Domain:  OSF-477F9B9DC69   Logon ID:  (0x0,0x87051)   Session Name: RDP-Tcp#4   Client Name: OSF-V0PLEKU2G12   Client Address: 172.18.1.13 
Oct 07 11:04:20 172.18.1.20 AgentDevice=WindowsLog	AgentLogFile=Security	Source=Security	Computer=OSF-477F9B9DC69	User=hax	Domain=OSF-477F9B9DC69	EventID=576	EventIDCode=576	EventType=8	EventCategory=4	RecordNumber=165	TimeGenerated=1286467460	TimeWritten=1286467460	Message=Special privileges assigned to new logon:   User Name: hax   Domain:  OSF-477F9B9DC69   Logon ID:  (0x0,0xE3503)   Privileges: SeSecurityPrivilege    SeBackupPrivilege    SeRestorePrivilege    SeTakeOwnershipPrivilege    SeDebugPrivilege    SeSystemEnvironmentPrivilege    SeLoadDriverPrivilege    SeImpersonatePrivilege 
Oct 07 11:04:20 172.18.1.20 AgentDevice=WindowsLog	AgentLogFile=Security	Source=Security	Computer=OSF-477F9B9DC69	User=hax	Domain=OSF-477F9B9DC69	EventID=528	EventIDCode=528	EventType=8	EventCategory=2	RecordNumber=164	TimeGenerated=1286467460	TimeWritten=1286467460	Message=Successful Logon:   User Name: hax   Domain:  OSF-477F9B9DC69   Logon ID:  (0x0,0xE3503)   Logon Type: 10   Logon Process: User32     Authentication Package: Negotiate   Workstation Name: OSF-477F9B9DC69   Logon GUID: -   Caller User Name: OSF-477F9B9DC69$   Caller Domain: OSF-TEST   Caller Logon ID: (0x0,0x3E7)   Caller Process ID: 2576   Transited Services: -   Source Network Address: 172.18.1.13   Source Port: 1043  
Oct 07 11:04:20 172.18.1.20 AgentDevice=WindowsLog	AgentLogFile=Security	Source=Security	Computer=OSF-477F9B9DC69	User=SYSTEM	Domain=NT AUTHORITY	EventID=552	EventIDCode=552	EventType=8	EventCategory=2	RecordNumber=163	TimeGenerated=1286467460	TimeWritten=1286467460	Message=Logon attempt using explicit credentials:  Logged on user:   User Name: OSF-477F9B9DC69$   Domain:  OSF-TEST   Logon ID:  (0x0,0x3E7)   Logon GUID: -  User whose credentials were used:   Target User Name: hax   Target Domain: OSF-477F9B9DC69   Target Logon GUID: -   Target Server Name: localhost  Target Server Info: localhost  Caller Process ID: 2576  Source Network Address: 172.18.1.13  Source Port: 1043  
Oct 07 11:04:20 172.18.1.20 AgentDevice=WindowsLog	AgentLogFile=Security	Source=Security	Computer=OSF-477F9B9DC69	User=hax	Domain=OSF-477F9B9DC69	EventID=680	EventIDCode=680	EventType=8	EventCategory=9	RecordNumber=162	TimeGenerated=1286467460	TimeWritten=1286467460	Message=Logon attempt by: MICROSOFT_AUTHENTICATION_PACKAGE_V1_0  Logon account: hax  Source Workstation: OSF-477F9B9DC69  Error Code: 0x0  
Oct 07 11:04:18 172.18.1.20 AgentDevice=WindowsLog	AgentLogFile=Security	Source=Security	Computer=OSF-477F9B9DC69	User=SYSTEM	Domain=NT AUTHORITY	EventID=577	EventIDCode=577	EventType=8	EventCategory=4	RecordNumber=161	TimeGenerated=1286467457	TimeWritten=1286467457	Message=Privileged Service Called:   Server:  NT Local Security Authority / Authentication Service   Service:  LsaRegisterLogonProcess()   Primary User Name: OSF-477F9B9DC69$   Primary Domain: OSF-TEST   Primary Logon ID: (0x0,0x3E7)   Client User Name: OSF-477F9B9DC69$   Client Domain: OSF-TEST   Client Logon ID: (0x0,0x3E7)   Privileges: SeTcbPrivilege 
Oct 07 11:04:18 172.18.1.20 AgentDevice=WindowsLog	AgentLogFile=Security	Source=Security	Computer=OSF-477F9B9DC69	User=SYSTEM	Domain=NT AUTHORITY	EventID=577	EventIDCode=577	EventType=8	EventCategory=4	RecordNumber=160	TimeGenerated=1286467457	TimeWritten=1286467457	Message=Privileged Service Called:   Server:  NT Local Security Authority / Authentication Service   Service:  LsaRegisterLogonProcess()   Primary User Name: OSF-477F9B9DC69$   Primary Domain: OSF-TEST   Primary Logon ID: (0x0,0x3E7)   Client User Name: OSF-477F9B9DC69$   Client Domain: OSF-TEST   Client Logon ID: (0x0,0x3E7)   Privileges: SeTcbPrivilege 
Oct 07 11:04:18 172.18.1.20 AgentDevice=WindowsLog	AgentLogFile=Security	Source=Security	Computer=OSF-477F9B9DC69	User=SYSTEM	Domain=NT AUTHORITY	EventID=515	EventIDCode=515	EventType=8	EventCategory=1	RecordNumber=159	TimeGenerated=1286467457	TimeWritten=1286467457	Message=A trusted logon process has registered with the Local Security Authority. This logon process will be trusted to submit logon requests.     Logon Process Name: Winlogon\MSGina 
Oct 07 11:03:44 172.18.1.20 AgentDevice=WindowsLog	AgentLogFile=Security	Source=Security	Computer=OSF-477F9B9DC69	User=Administrator	Domain=OSF-477F9B9DC69	EventID=577	EventIDCode=577	EventType=8	EventCategory=4	RecordNumber=158	TimeGenerated=1286467423	TimeWritten=1286467423	Message=Privileged Service Called:   Server:  Security   Service:  -   Primary User Name: OSF-477F9B9DC69$   Primary Domain: OSF-TEST   Primary Logon ID: (0x0,0x3E7)   Client User Name: Administrator   Client Domain: OSF-477F9B9DC69   Client Logon ID: (0x0,0xD3B29)   Privileges: SeShutdownPrivilege 
Oct 07 11:03:44 172.18.1.20 AgentDevice=WindowsLog	AgentLogFile=Security	Source=Security	Computer=OSF-477F9B9DC69	User=Administrator	Domain=OSF-477F9B9DC69	EventID=577	EventIDCode=577	EventType=8	EventCategory=4	RecordNumber=157	TimeGenerated=1286467423	TimeWritten=1286467423	Message=Privileged Service Called:   Server:  Security   Service:  -   Primary User Name: OSF-477F9B9DC69$   Primary Domain: OSF-TEST   Primary Logon ID: (0x0,0x3E7)   Client User Name: Administrator   Client Domain: OSF-477F9B9DC69   Client Logon ID: (0x0,0xD3B29)   Privileges: SeShutdownPrivilege 
Oct 07 11:03:44 172.18.1.20 AgentDevice=WindowsLog	AgentLogFile=Security	Source=Security	Computer=OSF-477F9B9DC69	User=Administrator	Domain=OSF-477F9B9DC69	EventID=577	EventIDCode=577	EventType=8	EventCategory=4	RecordNumber=155	TimeGenerated=1286467423	TimeWritten=1286467423	Message=Privileged Service Called:   Server:  Security   Service:  -   Primary User Name: OSF-477F9B9DC69$   Primary Domain: OSF-TEST   Primary Logon ID: (0x0,0x3E7)   Client User Name: Administrator   Client Domain: OSF-477F9B9DC69   Client Logon ID: (0x0,0xD3B29)   Privileges: SeShutdownPrivilege 
Oct 07 11:03:44 172.18.1.20 AgentDevice=WindowsLog	AgentLogFile=Security	Source=Security	Computer=OSF-477F9B9DC69	User=Administrator	Domain=OSF-477F9B9DC69	EventID=576	EventIDCode=576	EventType=8	EventCategory=4	RecordNumber=154	TimeGenerated=1286467423	TimeWritten=1286467423	Message=Special privileges assigned to new logon:   User Name: Administrator   Domain:  OSF-477F9B9DC69   Logon ID:  (0x0,0xD3B29)   Privileges: SeSecurityPrivilege    SeBackupPrivilege    SeRestorePrivilege    SeTakeOwnershipPrivilege    SeDebugPrivilege    SeSystemEnvironmentPrivilege    SeLoadDriverPrivilege    SeImpersonatePrivilege 
Oct 07 11:03:44 172.18.1.20 AgentDevice=WindowsLog	AgentLogFile=Security	Source=Security	Computer=OSF-477F9B9DC69	User=Administrator	Domain=OSF-477F9B9DC69	EventID=528	EventIDCode=528	EventType=8	EventCategory=2	RecordNumber=153	TimeGenerated=1286467423	TimeWritten=1286467423	Message=Successful Logon:   User Name: Administrator   Domain:  OSF-477F9B9DC69   Logon ID:  (0x0,0xD3B29)   Logon Type: 2   Logon Process: User32     Authentication Package: Negotiate   Workstation Name: OSF-477F9B9DC69   Logon GUID: -   Caller User Name: OSF-477F9B9DC69$   Caller Domain: OSF-TEST   Caller Logon ID: (0x0,0x3E7)   Caller Process ID: 348   Transited Services: -   Source Network Address: 127.0.0.1   Source Port: 0  
Oct 07 11:03:44 172.18.1.20 AgentDevice=WindowsLog	AgentLogFile=Security	Source=Security	Computer=OSF-477F9B9DC69	User=SYSTEM	Domain=NT AUTHORITY	EventID=552	EventIDCode=552	EventType=8	EventCategory=2	RecordNumber=152	TimeGenerated=1286467423	TimeWritten=1286467423	Message=Logon attempt using explicit credentials:  Logged on user:   User Name: OSF-477F9B9DC69$   Domain:  OSF-TEST   Logon ID:  (0x0,0x3E7)   Logon GUID: -  User whose credentials were used:   Target User Name: Administrator   Target Domain: OSF-477F9B9DC69   Target Logon GUID: -   Target Server Name: localhost  Target Server Info: localhost  Caller Process ID: 348  Source Network Address: 127.0.0.1  Source Port: 0  
Oct 07 11:03:44 172.18.1.20 AgentDevice=WindowsLog	AgentLogFile=Security	Source=Security	Computer=OSF-477F9B9DC69	User=Administrator	Domain=OSF-477F9B9DC69	EventID=577	EventIDCode=577	EventType=8	EventCategory=4	RecordNumber=156	TimeGenerated=1286467423	TimeWritten=1286467423	Message=Privileged Service Called:   Server:  Security   Service:  -   Primary User Name: OSF-477F9B9DC69$   Primary Domain: OSF-TEST   Primary Logon ID: (0x0,0x3E7)   Client User Name: Administrator   Client Domain: OSF-477F9B9DC69   Client Logon ID: (0x0,0xD3B29)   Privileges: SeShutdownPrivilege 
Oct 07 11:03:44 172.18.1.20 AgentDevice=WindowsLog	AgentLogFile=Security	Source=Security	Computer=OSF-477F9B9DC69	User=Administrator	Domain=OSF-477F9B9DC69	EventID=680	EventIDCode=680	EventType=8	EventCategory=9	RecordNumber=151	TimeGenerated=1286467423	TimeWritten=1286467423	Message=Logon attempt by: MICROSOFT_AUTHENTICATION_PACKAGE_V1_0  Logon account: Administrator  Source Workstation: OSF-477F9B9DC69  Error Code: 0x0  
Oct 08 10:47:33 172.18.1.13 AgentDevice=WindowsLog	AgentLogFile=System	Source=W32Time	Computer=OSF-V0PLEKU2G12	User= 	Domain= 	EventID=3260678173	EventIDCode=29	EventType=1	EventCategory=0	RecordNumber=180	TimeGenerated=1286552852	TimeWritten=1286552852	Message=The time provider NtpClient is configured to acquire time from one or more time sources, however none of the sources are currently accessible.  No attempt to contact a source will be made for 119 minutes. NtpClient has no source of accurate time.  
Oct 07 09:52:34 172.18.1.20 AgentDevice=WindowsLog	AgentLogFile=Security	Source=Security	Computer=OSF-477F9B9DC69	User=SYSTEM	Domain=NT AUTHORITY	EventID=577	EventIDCode=577	EventType=8	EventCategory=4	RecordNumber=150	TimeGenerated=1286463153	TimeWritten=1286463153	Message=Privileged Service Called:   Server:  NT Local Security Authority / Authentication Service   Service:  LsaRegisterLogonProcess()   Primary User Name: OSF-477F9B9DC69$   Primary Domain: OSF-TEST   Primary Logon ID: (0x0,0x3E7)   Client User Name: OSF-477F9B9DC69$   Client Domain: OSF-TEST   Client Logon ID: (0x0,0x3E7)   Privileges: SeTcbPrivilege 
Oct 08 09:47:33 172.18.1.13 AgentDevice=WindowsLog	AgentLogFile=System	Source=W32Time	Computer=OSF-V0PLEKU2G12	User= 	Domain= 	EventID=3260678173	EventIDCode=29	EventType=1	EventCategory=0	RecordNumber=178	TimeGenerated=1286549252	TimeWritten=1286549252	Message=The time provider NtpClient is configured to acquire time from one or more time sources, however none of the sources are currently accessible.  No attempt to contact a source will be made for 59 minutes. NtpClient has no source of accurate time.  
Oct 07 09:39:47 172.18.1.20 AgentDevice=WindowsLog	AgentLogFile=Security	Source=Security	Computer=OSF-477F9B9DC69	User=SYSTEM	Domain=NT AUTHORITY	EventID=683	EventIDCode=683	EventType=8	EventCategory=2	RecordNumber=149	TimeGenerated=1286462387	TimeWritten=1286462387	Message=Session disconnected from winstation:   User Name: hax   Domain:  OSF-477F9B9DC69   Logon ID:  (0x0,0x87051)   Session Name: RDP-Tcp#3   Client Name: OSF-V0PLEKU2G12   Client Address: 172.18.1.13 
Oct 07 09:38:49 172.18.1.20 AgentDevice=WindowsLog	AgentLogFile=System	Source=W32Time	Computer=OSF-477F9B9DC69	User= 	Domain= 	EventID=2186936337	EventIDCode=17	EventType=1	EventCategory=0	RecordNumber=114	TimeGenerated=1286462329	TimeWritten=1286462329	Message=Time Provider NtpClient: An error occurred during DNS lookup of the manually configured peer 'time.windows.com,0x1'. NtpClient will try the DNS lookup again in 60 minutes. The error was: A socket operation was attempted to an unreachable host. (0x80072751) 
Oct 07 09:36:03 172.18.1.20 AgentDevice=WindowsLog	AgentLogFile=Security	Source=Security	Computer=OSF-477F9B9DC69	User=hax	Domain=OSF-477F9B9DC69	EventID=538	EventIDCode=538	EventType=8	EventCategory=2	RecordNumber=148	TimeGenerated=1286462163	TimeWritten=1286462163	Message=User Logoff:   User Name: hax   Domain:  OSF-477F9B9DC69   Logon ID:  (0x0,0xA4F74)   Logon Type: 10  
Oct 07 09:36:03 172.18.1.20 AgentDevice=WindowsLog	AgentLogFile=Security	Source=Security	Computer=OSF-477F9B9DC69	User=SYSTEM	Domain=NT AUTHORITY	EventID=515	EventIDCode=515	EventType=8	EventCategory=1	RecordNumber=146	TimeGenerated=1286462162	TimeWritten=1286462162	Message=A trusted logon process has registered with the Local Security Authority. This logon process will be trusted to submit logon requests.     Logon Process Name: Winlogon 
Oct 07 09:36:03 172.18.1.20 AgentDevice=WindowsLog	AgentLogFile=Security	Source=Security	Computer=OSF-477F9B9DC69	User=SYSTEM	Domain=NT AUTHORITY	EventID=682	EventIDCode=682	EventType=8	EventCategory=2	RecordNumber=145	TimeGenerated=1286462162	TimeWritten=1286462162	Message=Session reconnected to winstation:   User Name: hax   Domain:  OSF-477F9B9DC69   Logon ID:  (0x0,0x87051)   Session Name: RDP-Tcp#3   Client Name: OSF-V0PLEKU2G12   Client Address: 172.18.1.13 
Oct 07 09:36:02 172.18.1.20 AgentDevice=WindowsLog	AgentLogFile=Security	Source=Security	Computer=OSF-477F9B9DC69	User=hax	Domain=OSF-477F9B9DC69	EventID=576	EventIDCode=576	EventType=8	EventCategory=4	RecordNumber=144	TimeGenerated=1286462162	TimeWritten=1286462162	Message=Special privileges assigned to new logon:   User Name: hax   Domain:  OSF-477F9B9DC69   Logon ID:  (0x0,0xA4F74)   Privileges: SeSecurityPrivilege    SeBackupPrivilege    SeRestorePrivilege    SeTakeOwnershipPrivilege    SeDebugPrivilege    SeSystemEnvironmentPrivilege    SeLoadDriverPrivilege    SeImpersonatePrivilege 
Oct 07 09:36:02 172.18.1.20 AgentDevice=WindowsLog	AgentLogFile=Security	Source=Security	Computer=OSF-477F9B9DC69	User=hax	Domain=OSF-477F9B9DC69	EventID=528	EventIDCode=528	EventType=8	EventCategory=2	RecordNumber=143	TimeGenerated=1286462162	TimeWritten=1286462162	Message=Successful Logon:   User Name: hax   Domain:  OSF-477F9B9DC69   Logon ID:  (0x0,0xA4F74)   Logon Type: 10   Logon Process: User32     Authentication Package: Negotiate   Workstation Name: OSF-477F9B9DC69   Logon GUID: -   Caller User Name: OSF-477F9B9DC69$   Caller Domain: OSF-TEST   Caller Logon ID: (0x0,0x3E7)   Caller Process ID: 320   Transited Services: -   Source Network Address: 172.18.1.13   Source Port: 1041  
Oct 07 09:36:02 172.18.1.20 AgentDevice=WindowsLog	AgentLogFile=Security	Source=Security	Computer=OSF-477F9B9DC69	User=SYSTEM	Domain=NT AUTHORITY	EventID=552	EventIDCode=552	EventType=8	EventCategory=2	RecordNumber=142	TimeGenerated=1286462162	TimeWritten=1286462162	Message=Logon attempt using explicit credentials:  Logged on user:   User Name: OSF-477F9B9DC69$   Domain:  OSF-TEST   Logon ID:  (0x0,0x3E7)   Logon GUID: -  User whose credentials were used:   Target User Name: hax   Target Domain: OSF-477F9B9DC69   Target Logon GUID: -   Target Server Name: localhost  Target Server Info: localhost  Caller Process ID: 320  Source Network Address: 172.18.1.13  Source Port: 1041  
Oct 07 09:36:02 172.18.1.20 AgentDevice=WindowsLog	AgentLogFile=Security	Source=Security	Computer=OSF-477F9B9DC69	User=hax	Domain=OSF-477F9B9DC69	EventID=680	EventIDCode=680	EventType=8	EventCategory=9	RecordNumber=141	TimeGenerated=1286462162	TimeWritten=1286462162	Message=Logon attempt by: MICROSOFT_AUTHENTICATION_PACKAGE_V1_0  Logon account: hax  Source Workstation: OSF-477F9B9DC69  Error Code: 0x0  
Oct 07 09:36:03 172.18.1.20 AgentDevice=WindowsLog	AgentLogFile=Security	Source=Security	Computer=OSF-477F9B9DC69	User=SYSTEM	Domain=NT AUTHORITY	EventID=577	EventIDCode=577	EventType=8	EventCategory=4	RecordNumber=147	TimeGenerated=1286462162	TimeWritten=1286462162	Message=Privileged Service Called:   Server:  NT Local Security Authority / Authentication Service   Service:  LsaRegisterLogonProcess()   Primary User Name: OSF-477F9B9DC69$   Primary Domain: OSF-TEST   Primary Logon ID: (0x0,0x3E7)   Client User Name: OSF-477F9B9DC69$   Client Domain: OSF-TEST   Client Logon ID: (0x0,0x3E7)   Privileges: SeTcbPrivilege 
Oct 07 09:36:00 172.18.1.20 AgentDevice=WindowsLog	AgentLogFile=Security	Source=Security	Computer=OSF-477F9B9DC69	User=SYSTEM	Domain=NT AUTHORITY	EventID=515	EventIDCode=515	EventType=8	EventCategory=1	RecordNumber=138	TimeGenerated=1286462160	TimeWritten=1286462160	Message=A trusted logon process has registered with the Local Security Authority. This logon process will be trusted to submit logon requests.     Logon Process Name: Winlogon\MSGina 
Oct 07 09:35:33 172.18.1.20 AgentDevice=WindowsLog	AgentLogFile=Security	Source=Security	Computer=OSF-477F9B9DC69	User=SYSTEM	Domain=NT AUTHORITY	EventID=683	EventIDCode=683	EventType=8	EventCategory=2	RecordNumber=137	TimeGenerated=1286462133	TimeWritten=1286462133	Message=Session disconnected from winstation:   User Name: hax   Domain:  OSF-477F9B9DC69   Logon ID:  (0x0,0x87051)   Session Name: RDP-Tcp#2   Client Name: OSF-V0PLEKU2G12   Client Address: 172.18.1.13 
Oct 07 09:33:48 172.18.1.20 AgentDevice=WindowsLog	AgentLogFile=Security	Source=Security	Computer=OSF-477F9B9DC69	User=Administrator	Domain=OSF-477F9B9DC69	EventID=538	EventIDCode=538	EventType=8	EventCategory=2	RecordNumber=136	TimeGenerated=1286462028	TimeWritten=1286462028	Message=User Logoff:   User Name: Administrator   Domain:  OSF-477F9B9DC69   Logon ID:  (0x0,0x3F39B)   Logon Type: 2  
Oct 07 09:33:48 172.18.1.20 AgentDevice=WindowsLog	AgentLogFile=System	Source=Service Control Manager	Computer=OSF-477F9B9DC69	User= 	Domain= 	EventID=1073748860	EventIDCode=7036	EventType=4	EventCategory=0	RecordNumber=113	TimeGenerated=1286462028	TimeWritten=1286462028	Message=The Windows Installer service entered the stopped state. 
Oct 07 09:33:48 172.18.1.20 AgentDevice=WindowsLog	AgentLogFile=Security	Source=Security	Computer=OSF-477F9B9DC69	User=Administrator	Domain=OSF-477F9B9DC69	EventID=551	EventIDCode=551	EventType=8	EventCategory=2	RecordNumber=135	TimeGenerated=1286462027	TimeWritten=1286462027	Message=User initiated logoff:   User Name: Administrator   Domain:  OSF-477F9B9DC69   Logon ID:  (0x0,0x3f39b)  
Oct 07 09:31:28 172.18.1.20 AgentDevice=WindowsLog	AgentLogFile=Security	Source=Security	Computer=OSF-477F9B9DC69	User=SYSTEM	Domain=NT AUTHORITY	EventID=577	EventIDCode=577	EventType=8	EventCategory=4	RecordNumber=134	TimeGenerated=1286461888	TimeWritten=1286461888	Message=Privileged Service Called:   Server:  NT Local Security Authority / Authentication Service   Service:  LsaRegisterLogonProcess()   Primary User Name: OSF-477F9B9DC69$   Primary Domain: OSF-TEST   Primary Logon ID: (0x0,0x3E7)   Client User Name: OSF-477F9B9DC69$   Client Domain: OSF-TEST   Client Logon ID: (0x0,0x3E7)   Privileges: SeTcbPrivilege 
Oct 07 09:31:00 172.18.1.20 AgentDevice=WindowsLog	AgentLogFile=System	Source=Schedule	Computer=OSF-477F9B9DC69	User= 	Domain= 	EventID=3221233373	EventIDCode=7901	EventType=1	EventCategory=0	RecordNumber=112	TimeGenerated=1286461860	TimeWritten=1286461860	Message=The At4.job command failed to start due to the following error:  %%2147942402 
Oct 07 09:26:56 172.18.1.20 AgentDevice=WindowsLog	AgentLogFile=Security	Source=Security	Computer=OSF-477F9B9DC69	User=Safron	Domain=OSF-477F9B9DC69	EventID=538	EventIDCode=538	EventType=8	EventCategory=2	RecordNumber=133	TimeGenerated=1286461615	TimeWritten=1286461615	Message=User Logoff:   User Name: Safron   Domain:  OSF-477F9B9DC69   Logon ID:  (0x0,0x5667A)   Logon Type: 10  
Oct 07 09:26:21 172.18.1.20 AgentDevice=WindowsLog	AgentLogFile=System	Source=W32Time	Computer=OSF-477F9B9DC69	User= 	Domain= 	EventID=2186936356	EventIDCode=36	EventType=2	EventCategory=0	RecordNumber=111	TimeGenerated=1286461580	TimeWritten=1286461580	Message=The time service has not synchronized the system time for 86400 seconds  because none of the time service providers provided a usable time  stamp. The time service is no longer synchronized and cannot provide  the time to other clients or update the system clock. Monitor the  system events displayed in the Event  Viewer to make sure that a more  serious problem does not exist.  
Oct 07 09:25:09 172.18.1.20 AgentDevice=WindowsLog	AgentLogFile=System	Source=Service Control Manager	Computer=OSF-477F9B9DC69	User= 	Domain= 	EventID=1073748860	EventIDCode=7036	EventType=4	EventCategory=0	RecordNumber=110	TimeGenerated=1286461509	TimeWritten=1286461509	Message=The Windows Installer service entered the running state. 
Oct 07 09:25:05 172.18.1.20 AgentDevice=WindowsLog	AgentLogFile=Security	Source=Security	Computer=OSF-477F9B9DC69	User=hax	Domain=OSF-477F9B9DC69	EventID=576	EventIDCode=576	EventType=8	EventCategory=4	RecordNumber=132	TimeGenerated=1286461505	TimeWritten=1286461505	Message=Special privileges assigned to new logon:   User Name: hax   Domain:  OSF-477F9B9DC69   Logon ID:  (0x0,0x87051)   Privileges: SeSecurityPrivilege    SeBackupPrivilege    SeRestorePrivilege    SeTakeOwnershipPrivilege    SeDebugPrivilege    SeSystemEnvironmentPrivilege    SeLoadDriverPrivilege    SeImpersonatePrivilege 
Oct 07 09:25:05 172.18.1.20 AgentDevice=WindowsLog	AgentLogFile=Security	Source=Security	Computer=OSF-477F9B9DC69	User=hax	Domain=OSF-477F9B9DC69	EventID=528	EventIDCode=528	EventType=8	EventCategory=2	RecordNumber=131	TimeGenerated=1286461505	TimeWritten=1286461505	Message=Successful Logon:   User Name: hax   Domain:  OSF-477F9B9DC69   Logon ID:  (0x0,0x87051)   Logon Type: 10   Logon Process: User32     Authentication Package: Negotiate   Workstation Name: OSF-477F9B9DC69   Logon GUID: -   Caller User Name: OSF-477F9B9DC69$   Caller Domain: OSF-TEST   Caller Logon ID: (0x0,0x3E7)   Caller Process ID: 3600   Transited Services: -   Source Network Address: 172.18.1.13   Source Port: 1039  
Oct 07 09:25:05 172.18.1.20 AgentDevice=WindowsLog	AgentLogFile=Security	Source=Security	Computer=OSF-477F9B9DC69	User=SYSTEM	Domain=NT AUTHORITY	EventID=552	EventIDCode=552	EventType=8	EventCategory=2	RecordNumber=130	TimeGenerated=1286461505	TimeWritten=1286461505	Message=Logon attempt using explicit credentials:  Logged on user:   User Name: OSF-477F9B9DC69$   Domain:  OSF-TEST   Logon ID:  (0x0,0x3E7)   Logon GUID: -  User whose credentials were used:   Target User Name: hax   Target Domain: OSF-477F9B9DC69   Target Logon GUID: -   Target Server Name: localhost  Target Server Info: localhost  Caller Process ID: 3600  Source Network Address: 172.18.1.13  Source Port: 1039  
Oct 07 09:25:05 172.18.1.20 AgentDevice=WindowsLog	AgentLogFile=Security	Source=Security	Computer=OSF-477F9B9DC69	User=hax	Domain=OSF-477F9B9DC69	EventID=680	EventIDCode=680	EventType=8	EventCategory=9	RecordNumber=129	TimeGenerated=1286461505	TimeWritten=1286461505	Message=Logon attempt by: MICROSOFT_AUTHENTICATION_PACKAGE_V1_0  Logon account: hax  Source Workstation: OSF-477F9B9DC69  Error Code: 0x0  
Oct 07 09:24:58 172.18.1.20 AgentDevice=WindowsLog	AgentLogFile=Security	Source=Security	Computer=OSF-477F9B9DC69	User=SYSTEM	Domain=NT AUTHORITY	EventID=577	EventIDCode=577	EventType=8	EventCategory=4	RecordNumber=128	TimeGenerated=1286461498	TimeWritten=1286461498	Message=Privileged Service Called:   Server:  NT Local Security Authority / Authentication Service   Service:  LsaRegisterLogonProcess()   Primary User Name: OSF-477F9B9DC69$   Primary Domain: OSF-TEST   Primary Logon ID: (0x0,0x3E7)   Client User Name: OSF-477F9B9DC69$   Client Domain: OSF-TEST   Client Logon ID: (0x0,0x3E7)   Privileges: SeTcbPrivilege 
Oct 07 09:24:58 172.18.1.20 AgentDevice=WindowsLog	AgentLogFile=Security	Source=Security	Computer=OSF-477F9B9DC69	User=SYSTEM	Domain=NT AUTHORITY	EventID=577	EventIDCode=577	EventType=8	EventCategory=4	RecordNumber=127	TimeGenerated=1286461498	TimeWritten=1286461498	Message=Privileged Service Called:   Server:  NT Local Security Authority / Authentication Service   Service:  LsaRegisterLogonProcess()   Primary User Name: OSF-477F9B9DC69$   Primary Domain: OSF-TEST   Primary Logon ID: (0x0,0x3E7)   Client User Name: OSF-477F9B9DC69$   Client Domain: OSF-TEST   Client Logon ID: (0x0,0x3E7)   Privileges: SeTcbPrivilege 
Oct 07 09:24:58 172.18.1.20 AgentDevice=WindowsLog	AgentLogFile=Security	Source=Security	Computer=OSF-477F9B9DC69	User=SYSTEM	Domain=NT AUTHORITY	EventID=515	EventIDCode=515	EventType=8	EventCategory=1	RecordNumber=126	TimeGenerated=1286461498	TimeWritten=1286461498	Message=A trusted logon process has registered with the Local Security Authority. This logon process will be trusted to submit logon requests.     Logon Process Name: Winlogon\MSGina 
Oct 07 09:24:53 172.18.1.20 AgentDevice=WindowsLog	AgentLogFile=Security	Source=Security	Computer=OSF-477F9B9DC69	User=Safron	Domain=OSF-477F9B9DC69	EventID=551	EventIDCode=551	EventType=8	EventCategory=2	RecordNumber=125	TimeGenerated=1286461493	TimeWritten=1286461493	Message=User initiated logoff:   User Name: Safron   Domain:  OSF-477F9B9DC69   Logon ID:  (0x0,0x5667a)  
Oct 07 09:24:19 172.18.1.20 AgentDevice=WindowsLog	AgentLogFile=Security	Source=Security	Computer=OSF-477F9B9DC69	User=Safron	Domain=OSF-477F9B9DC69	EventID=628	EventIDCode=628	EventType=8	EventCategory=7	RecordNumber=124	TimeGenerated=1286461458	TimeWritten=1286461458	Message=User Account password set:   Target Account Name: Safron   Target Domain: OSF-477F9B9DC69   Target Account ID: OSF-477F9B9DC69\Safron   Caller User Name: Safron   Caller Domain: OSF-477F9B9DC69   Caller Logon ID: (0x0,0x5667A)  
Oct 07 09:24:19 172.18.1.20 AgentDevice=WindowsLog	AgentLogFile=Security	Source=Security	Computer=OSF-477F9B9DC69	User=Safron	Domain=OSF-477F9B9DC69	EventID=642	EventIDCode=642	EventType=8	EventCategory=7	RecordNumber=123	TimeGenerated=1286461458	TimeWritten=1286461458	Message=User Account Changed:   Target Account Name: Safron   Target Domain: OSF-477F9B9DC69   Target Account ID: OSF-477F9B9DC69\Safron   Caller User Name: Safron   Caller Domain: OSF-477F9B9DC69   Caller Logon ID: (0x0,0x5667A)   Privileges: -  Changed Attributes:   Sam Account Name: Safron   Display Name: Safron Reynolds   User Principal Name: -   Home Directory: %%1793   Home Drive: %%1793   Script Path: %%1793   Profile Path: %%1793   User Workstations: %%1793   Password Last Set: 10/7/2010 9:24:18 AM   Account Expires: %%1794   Primary Group ID: 513   AllowedToDelegateTo: -   Old UAC Value: 0x9B1B8   New UAC Value: 0x9B1B8   User Account Control: -   User Parameters: -   Sid History: -   Logon Hours: %%1792  
Oct 07 09:23:43 172.18.1.20 AgentDevice=WindowsLog	AgentLogFile=Security	Source=Security	Computer=OSF-477F9B9DC69	User=hax	Domain=OSF-477F9B9DC69	EventID=538	EventIDCode=538	EventType=8	EventCategory=2	RecordNumber=122	TimeGenerated=1286461422	TimeWritten=1286461422	Message=User Logoff:   User Name: hax   Domain:  OSF-477F9B9DC69   Logon ID:  (0x0,0x7F137)   Logon Type: 2  
Oct 07 09:23:04 172.18.1.20 AgentDevice=WindowsLog	AgentLogFile=Security	Source=Security	Computer=OSF-477F9B9DC69	User=Administrator	Domain=OSF-477F9B9DC69	EventID=520	EventIDCode=520	EventType=8	EventCategory=1	RecordNumber=121	TimeGenerated=1286461384	TimeWritten=1286461384	Message=The system time was changed.  Process ID:  3344  Process Name:  C:\WINDOWS\system32\rundll32.exe  Primary User Name: Administrator  Primary Domain:  OSF-477F9B9DC69  Primary Logon ID:  (0x0,0x3F39B)  Client User Name:  Administrator  Client Domain:  OSF-477F9B9DC69  Client Logon ID:  (0x0,0x3F39B)  Previous Time:  9:23:04 AM 10/7/2010  New Time:  9:23:04 AM 10/7/2010  
Oct 07 09:23:04 172.18.1.20 AgentDevice=WindowsLog	AgentLogFile=Security	Source=Security	Computer=OSF-477F9B9DC69	User=Administrator	Domain=OSF-477F9B9DC69	EventID=577	EventIDCode=577	EventType=8	EventCategory=4	RecordNumber=120	TimeGenerated=1286461384	TimeWritten=1286461384	Message=Privileged Service Called:   Server:  Security   Service:  -   Primary User Name: Administrator   Primary Domain: OSF-477F9B9DC69   Primary Logon ID: (0x0,0x3F39B)   Client User Name: Administrator   Client Domain: OSF-477F9B9DC69   Client Logon ID: (0x0,0x3F39B)   Privileges: SeSystemtimePrivilege 
Oct 07 09:23:04 172.18.1.20 AgentDevice=WindowsLog	AgentLogFile=Security	Source=Security	Computer=OSF-477F9B9DC69	User=Administrator	Domain=OSF-477F9B9DC69	EventID=520	EventIDCode=520	EventType=8	EventCategory=1	RecordNumber=119	TimeGenerated=1286461384	TimeWritten=1286461384	Message=The system time was changed.  Process ID:  3344  Process Name:  C:\WINDOWS\system32\rundll32.exe  Primary User Name: Administrator  Primary Domain:  OSF-477F9B9DC69  Primary Logon ID:  (0x0,0x3F39B)  Client User Name:  Administrator  Client Domain:  OSF-477F9B9DC69  Client Logon ID:  (0x0,0x3F39B)  Previous Time:  6:40:18 PM 9/24/2010  New Time:  9:23:04 AM 10/7/2010  
Oct 07 09:23:04 172.18.1.20 AgentDevice=WindowsLog	AgentLogFile=Security	Source=Security	Computer=OSF-477F9B9DC69	User=Administrator	Domain=OSF-477F9B9DC69	EventID=577	EventIDCode=577	EventType=8	EventCategory=4	RecordNumber=118	TimeGenerated=1286461384	TimeWritten=1286461384	Message=Privileged Service Called:   Server:  Security   Service:  -   Primary User Name: Administrator   Primary Domain: OSF-477F9B9DC69   Primary Logon ID: (0x0,0x3F39B)   Client User Name: Administrator   Client Domain: OSF-477F9B9DC69   Client Logon ID: (0x0,0x3F39B)   Privileges: SeSystemtimePrivilege 
Sep 24 18:39:52 172.18.1.20 AgentDevice=WindowsLog	AgentLogFile=Security	Source=Security	Computer=OSF-477F9B9DC69	User=Administrator	Domain=OSF-477F9B9DC69	EventID=538	EventIDCode=538	EventType=8	EventCategory=2	RecordNumber=117	TimeGenerated=1285371591	TimeWritten=1285371591	Message=User Logoff:   User Name: Administrator   Domain:  OSF-477F9B9DC69   Logon ID:  (0x0,0x826BC)   Logon Type: 7  
Sep 24 18:39:52 172.18.1.20 AgentDevice=WindowsLog	AgentLogFile=Security	Source=Security	Computer=OSF-477F9B9DC69	User=Administrator	Domain=OSF-477F9B9DC69	EventID=576	EventIDCode=576	EventType=8	EventCategory=4	RecordNumber=116	TimeGenerated=1285371591	TimeWritten=1285371591	Message=Special privileges assigned to new logon:   User Name: Administrator   Domain:  OSF-477F9B9DC69   Logon ID:  (0x0,0x826BC)   Privileges: SeSecurityPrivilege    SeBackupPrivilege    SeRestorePrivilege    SeTakeOwnershipPrivilege    SeDebugPrivilege    SeSystemEnvironmentPrivilege    SeLoadDriverPrivilege    SeImpersonatePrivilege 
Sep 24 18:39:52 172.18.1.20 AgentDevice=WindowsLog	AgentLogFile=Security	Source=Security	Computer=OSF-477F9B9DC69	User=SYSTEM	Domain=NT AUTHORITY	EventID=552	EventIDCode=552	EventType=8	EventCategory=2	RecordNumber=114	TimeGenerated=1285371591	TimeWritten=1285371591	Message=Logon attempt using explicit credentials:  Logged on user:   User Name: OSF-477F9B9DC69$   Domain:  OSF-TEST   Logon ID:  (0x0,0x3E7)   Logon GUID: -  User whose credentials were used:   Target User Name: Administrator   Target Domain: OSF-477F9B9DC69   Target Logon GUID: -   Target Server Name: localhost  Target Server Info: localhost  Caller Process ID: 348  Source Network Address: 127.0.0.1  Source Port: 0  
Sep 24 18:39:52 172.18.1.20 AgentDevice=WindowsLog	AgentLogFile=Security	Source=Security	Computer=OSF-477F9B9DC69	User=Administrator	Domain=OSF-477F9B9DC69	EventID=528	EventIDCode=528	EventType=8	EventCategory=2	RecordNumber=115	TimeGenerated=1285371591	TimeWritten=1285371591	Message=Successful Logon:   User Name: Administrator   Domain:  OSF-477F9B9DC69   Logon ID:  (0x0,0x826BC)   Logon Type: 7   Logon Process: User32     Authentication Package: Negotiate   Workstation Name: OSF-477F9B9DC69   Logon GUID: -   Caller User Name: OSF-477F9B9DC69$   Caller Domain: OSF-TEST   Caller Logon ID: (0x0,0x3E7)   Caller Process ID: 348   Transited Services: -   Source Network Address: 127.0.0.1   Source Port: 0  
Sep 24 18:39:52 172.18.1.20 AgentDevice=WindowsLog	AgentLogFile=Security	Source=Security	Computer=OSF-477F9B9DC69	User=Administrator	Domain=OSF-477F9B9DC69	EventID=680	EventIDCode=680	EventType=8	EventCategory=9	RecordNumber=113	TimeGenerated=1285371591	TimeWritten=1285371591	Message=Logon attempt by: MICROSOFT_AUTHENTICATION_PACKAGE_V1_0  Logon account: Administrator  Source Workstation: OSF-477F9B9DC69  Error Code: 0x0  
Sep 24 18:39:39 172.18.1.20 AgentDevice=WindowsLog	AgentLogFile=System	Source=Service Control Manager	Computer=OSF-477F9B9DC69	User= 	Domain= 	EventID=1073748860	EventIDCode=7036	EventType=4	EventCategory=0	RecordNumber=108	TimeGenerated=1285371578	TimeWritten=1285371578	Message=The WinHTTP Web Proxy Auto-Discovery Service service entered the stopped state. 
Sep 24 18:37:38 172.18.1.20 AgentDevice=WindowsLog	AgentLogFile=Security	Source=Security	Computer=OSF-477F9B9DC69	User=Safron	Domain=OSF-477F9B9DC69	EventID=552	EventIDCode=552	EventType=8	EventCategory=2	RecordNumber=110	TimeGenerated=1285371457	TimeWritten=1285371457	Message=Logon attempt using explicit credentials:  Logged on user:   User Name: Safron   Domain:  OSF-477F9B9DC69   Logon ID:  (0x0,0x5667A)   Logon GUID: -  User whose credentials were used:   Target User Name: hax   Target Domain: OSF-477F9B9DC69   Target Logon GUID: -   Target Server Name: localhost  Target Server Info: localhost  Caller Process ID: 800  Source Network Address: -  Source Port: -  
Sep 24 18:37:38 172.18.1.20 AgentDevice=WindowsLog	AgentLogFile=Security	Source=Security	Computer=OSF-477F9B9DC69	User=hax	Domain=OSF-477F9B9DC69	EventID=576	EventIDCode=576	EventType=8	EventCategory=4	RecordNumber=112	TimeGenerated=1285371457	TimeWritten=1285371457	Message=Special privileges assigned to new logon:   User Name: hax   Domain:  OSF-477F9B9DC69   Logon ID:  (0x0,0x7F137)   Privileges: SeSecurityPrivilege    SeBackupPrivilege    SeRestorePrivilege    SeTakeOwnershipPrivilege    SeDebugPrivilege    SeSystemEnvironmentPrivilege    SeLoadDriverPrivilege    SeImpersonatePrivilege 
Sep 24 18:37:38 172.18.1.20 AgentDevice=WindowsLog	AgentLogFile=Security	Source=Security	Computer=OSF-477F9B9DC69	User=hax	Domain=OSF-477F9B9DC69	EventID=528	EventIDCode=528	EventType=8	EventCategory=2	RecordNumber=111	TimeGenerated=1285371457	TimeWritten=1285371457	Message=Successful Logon:   User Name: hax   Domain:  OSF-477F9B9DC69   Logon ID:  (0x0,0x7F137)   Logon Type: 2   Logon Process: seclogon   Authentication Package: Negotiate   Workstation Name: OSF-477F9B9DC69   Logon GUID: -   Caller User Name: Safron   Caller Domain: OSF-477F9B9DC69   Caller Logon ID: (0x0,0x5667A)   Caller Process ID: 800   Transited Services: -   Source Network Address: -   Source Port: -  
Sep 24 18:37:38 172.18.1.20 AgentDevice=WindowsLog	AgentLogFile=Security	Source=Security	Computer=OSF-477F9B9DC69	User=hax	Domain=OSF-477F9B9DC69	EventID=680	EventIDCode=680	EventType=8	EventCategory=9	RecordNumber=109	TimeGenerated=1285371457	TimeWritten=1285371457	Message=Logon attempt by: MICROSOFT_AUTHENTICATION_PACKAGE_V1_0  Logon account: hax  Source Workstation: OSF-477F9B9DC69  Error Code: 0x0  
Sep 24 18:36:33 172.18.1.20 AgentDevice=WindowsLog	AgentLogFile=System	Source=Service Control Manager	Computer=OSF-477F9B9DC69	User= 	Domain= 	EventID=1073748860	EventIDCode=7036	EventType=4	EventCategory=0	RecordNumber=105	TimeGenerated=1285371393	TimeWritten=1285371393	Message=The VNC Server service entered the running state. 
Sep 24 18:36:33 172.18.1.20 AgentDevice=WindowsLog	AgentLogFile=System	Source=Service Control Manager	Computer=OSF-477F9B9DC69	User=Safron	Domain=OSF-477F9B9DC69	EventID=1073748859	EventIDCode=7035	EventType=4	EventCategory=0	RecordNumber=104	TimeGenerated=1285371393	TimeWritten=1285371393	Message=The VNC Server service was successfully sent a start control. 
Oct 08 09:17:33 172.18.1.13 AgentDevice=WindowsLog	AgentLogFile=System	Source=W32Time	Computer=OSF-V0PLEKU2G12	User= 	Domain= 	EventID=3260678173	EventIDCode=29	EventType=1	EventCategory=0	RecordNumber=176	TimeGenerated=1286547452	TimeWritten=1286547452	Message=The time provider NtpClient is configured to acquire time from one or more time sources, however none of the sources are currently accessible.  No attempt to contact a source will be made for 29 minutes. NtpClient has no source of accurate time.  
Oct 08 09:17:33 172.18.1.13 AgentDevice=WindowsLog	AgentLogFile=System	Source=W32Time	Computer=OSF-V0PLEKU2G12	User= 	Domain= 	EventID=2186936337	EventIDCode=17	EventType=1	EventCategory=0	RecordNumber=175	TimeGenerated=1286547452	TimeWritten=1286547452	Message=Time Provider NtpClient: An error occurred during DNS lookup of the manually configured peer 'time.windows.com,0x1'. NtpClient will try the DNS lookup again in 30 minutes. The error was: A socket operation was attempted to an unreachable host. (0x80072751) 
Sep 24 18:34:01 172.18.1.20 AgentDevice=WindowsLog	AgentLogFile=System	Source=Service Control Manager	Computer=OSF-477F9B9DC69	User= 	Domain= 	EventID=1073748860	EventIDCode=7036	EventType=4	EventCategory=0	RecordNumber=103	TimeGenerated=1285371241	TimeWritten=1285371241	Message=The Windows Installer service entered the stopped state. 
Sep 24 18:27:16 172.18.1.20 AgentDevice=WindowsLog	AgentLogFile=Security	Source=Security	Computer=OSF-477F9B9DC69	User=Safron	Domain=OSF-477F9B9DC69	EventID=636	EventIDCode=636	EventType=8	EventCategory=7	RecordNumber=108	TimeGenerated=1285370836	TimeWritten=1285370836	Message=Security Enabled Local Group Member Added:   Member Name: -   Member ID: OSF-477F9B9DC69\hax   Target Account Name: Administrators   Target Domain: Builtin   Target Account ID: BUILTIN\Administrators   Caller User Name: Safron   Caller Domain: OSF-477F9B9DC69   Caller Logon ID: (0x0,0x5667A)   Privileges: -  
Sep 24 18:25:59 172.18.1.20 AgentDevice=WindowsLog	AgentLogFile=Security	Source=Security	Computer=OSF-477F9B9DC69	User=Safron	Domain=OSF-477F9B9DC69	EventID=636	EventIDCode=636	EventType=8	EventCategory=7	RecordNumber=107	TimeGenerated=1285370758	TimeWritten=1285370758	Message=Security Enabled Local Group Member Added:   Member Name: -   Member ID: OSF-477F9B9DC69\hax   Target Account Name: Users   Target Domain: Builtin   Target Account ID: BUILTIN\Users   Caller User Name: Safron   Caller Domain: OSF-477F9B9DC69   Caller Logon ID: (0x0,0x5667A)   Privileges: -  
Sep 24 18:25:59 172.18.1.20 AgentDevice=WindowsLog	AgentLogFile=Security	Source=Security	Computer=OSF-477F9B9DC69	User=Safron	Domain=OSF-477F9B9DC69	EventID=642	EventIDCode=642	EventType=8	EventCategory=7	RecordNumber=106	TimeGenerated=1285370758	TimeWritten=1285370758	Message=User Account Changed:   Target Account Name: hax   Target Domain: OSF-477F9B9DC69   Target Account ID: OSF-477F9B9DC69\hax   Caller User Name: Safron   Caller Domain: OSF-477F9B9DC69   Caller Logon ID: (0x0,0x5667A)   Privileges: -  Changed Attributes:   Sam Account Name: hax   Display Name: haxxorz your boxxorz   User Principal Name: -   Home Directory: %%1793   Home Drive: %%1793   Script Path: %%1793   Profile Path: %%1793   User Workstations: %%1793   Password Last Set: 9/24/2010 6:25:58 PM   Account Expires: %%1794   Primary Group ID: 513   AllowedToDelegateTo: -   Old UAC Value: 0x9B1B8   New UAC Value: 0x9B1B8   User Account Control: -   User Parameters: %%1793   Sid History: -   Logon Hours: %%1792  
Sep 24 18:25:59 172.18.1.20 AgentDevice=WindowsLog	AgentLogFile=Security	Source=Security	Computer=OSF-477F9B9DC69	User=Safron	Domain=OSF-477F9B9DC69	EventID=642	EventIDCode=642	EventType=8	EventCategory=7	RecordNumber=105	TimeGenerated=1285370758	TimeWritten=1285370758	Message=User Account Changed:   Target Account Name: hax   Target Domain: OSF-477F9B9DC69   Target Account ID: OSF-477F9B9DC69\hax   Caller User Name: Safron   Caller Domain: OSF-477F9B9DC69   Caller Logon ID: (0x0,0x5667A)   Privileges: -  Changed Attributes:   Sam Account Name: hax   Display Name: haxxorz your boxxorz   User Principal Name: -   Home Directory: %%1793   Home Drive: %%1793   Script Path: %%1793   Profile Path: %%1793   User Workstations: %%1793   Password Last Set: 9/24/2010 6:25:58 PM   Account Expires: %%1794   Primary Group ID: 513   AllowedToDelegateTo: -   Old UAC Value: 0x9B1B8   New UAC Value: 0x9B1B8   User Account Control: -   User Parameters: %%1793   Sid History: -   Logon Hours: %%1792  
