Oct 06 20:12:57 172.18.1.20 AgentDevice=WindowsLog	AgentLogFile=Security	Source=Security	Computer=OSF-477F9B9DC69	User=Administrator	Domain=OSF-477F9B9DC69	EventID=577	EventIDCode=577	EventType=8	EventCategory=4	RecordNumber=133	TimeGenerated=1286413977	TimeWritten=1286413977	Message=Privileged Service Called:   Server:  Security   Service:  -   Primary User Name: OSF-477F9B9DC69$   Primary Domain: OSF-TEST   Primary Logon ID: (0x0,0x3E7)   Client User Name: Administrator   Client Domain: OSF-477F9B9DC69   Client Logon ID: (0x0,0x172B2)   Privileges: SeShutdownPrivilege 
Oct 06 20:12:57 172.18.1.20 AgentDevice=WindowsLog	AgentLogFile=Security	Source=Security	Computer=OSF-477F9B9DC69	User=Administrator	Domain=OSF-477F9B9DC69	EventID=577	EventIDCode=577	EventType=8	EventCategory=4	RecordNumber=132	TimeGenerated=1286413977	TimeWritten=1286413977	Message=Privileged Service Called:   Server:  Security   Service:  -   Primary User Name: OSF-477F9B9DC69$   Primary Domain: OSF-TEST   Primary Logon ID: (0x0,0x3E7)   Client User Name: Administrator   Client Domain: OSF-477F9B9DC69   Client Logon ID: (0x0,0x172B2)   Privileges: SeShutdownPrivilege 
Oct 06 20:12:57 172.18.1.20 AgentDevice=WindowsLog	AgentLogFile=Security	Source=Security	Computer=OSF-477F9B9DC69	User=Administrator	Domain=OSF-477F9B9DC69	EventID=577	EventIDCode=577	EventType=8	EventCategory=4	RecordNumber=131	TimeGenerated=1286413977	TimeWritten=1286413977	Message=Privileged Service Called:   Server:  Security   Service:  -   Primary User Name: OSF-477F9B9DC69$   Primary Domain: OSF-TEST   Primary Logon ID: (0x0,0x3E7)   Client User Name: Administrator   Client Domain: OSF-477F9B9DC69   Client Logon ID: (0x0,0x172B2)   Privileges: SeShutdownPrivilege 
Oct 06 20:12:57 172.18.1.20 AgentDevice=WindowsLog	AgentLogFile=Security	Source=Security	Computer=OSF-477F9B9DC69	User=Administrator	Domain=OSF-477F9B9DC69	EventID=577	EventIDCode=577	EventType=8	EventCategory=4	RecordNumber=130	TimeGenerated=1286413977	TimeWritten=1286413977	Message=Privileged Service Called:   Server:  Security   Service:  -   Primary User Name: OSF-477F9B9DC69$   Primary Domain: OSF-TEST   Primary Logon ID: (0x0,0x3E7)   Client User Name: Administrator   Client Domain: OSF-477F9B9DC69   Client Logon ID: (0x0,0x172B2)   Privileges: SeShutdownPrivilege 
Oct 06 20:12:57 172.18.1.20 AgentDevice=WindowsLog	AgentLogFile=Security	Source=Security	Computer=OSF-477F9B9DC69	User=SYSTEM	Domain=NT AUTHORITY	EventID=552	EventIDCode=552	EventType=8	EventCategory=2	RecordNumber=127	TimeGenerated=1286413977	TimeWritten=1286413977	Message=Logon attempt using explicit credentials:  Logged on user:   User Name: OSF-477F9B9DC69$   Domain:  OSF-TEST   Logon ID:  (0x0,0x3E7)   Logon GUID: -  User whose credentials were used:   Target User Name: Administrator   Target Domain: OSF-477F9B9DC69   Target Logon GUID: -   Target Server Name: localhost  Target Server Info: localhost  Caller Process ID: 348  Source Network Address: 127.0.0.1  Source Port: 0  
Oct 06 20:12:57 172.18.1.20 AgentDevice=WindowsLog	AgentLogFile=Security	Source=Security	Computer=OSF-477F9B9DC69	User=Administrator	Domain=OSF-477F9B9DC69	EventID=576	EventIDCode=576	EventType=8	EventCategory=4	RecordNumber=129	TimeGenerated=1286413977	TimeWritten=1286413977	Message=Special privileges assigned to new logon:   User Name:    Domain:     Logon ID:  (0x0,0x172B2)   Privileges: SeSecurityPrivilege    SeBackupPrivilege    SeRestorePrivilege    SeTakeOwnershipPrivilege    SeDebugPrivilege    SeSystemEnvironmentPrivilege    SeLoadDriverPrivilege    SeImpersonatePrivilege 
Oct 06 20:12:57 172.18.1.20 AgentDevice=WindowsLog	AgentLogFile=Security	Source=Security	Computer=OSF-477F9B9DC69	User=Administrator	Domain=OSF-477F9B9DC69	EventID=528	EventIDCode=528	EventType=8	EventCategory=2	RecordNumber=128	TimeGenerated=1286413977	TimeWritten=1286413977	Message=Successful Logon:   User Name: Administrator   Domain:  OSF-477F9B9DC69   Logon ID:  (0x0,0x172B2)   Logon Type: 2   Logon Process: User32     Authentication Package: Negotiate   Workstation Name: OSF-477F9B9DC69   Logon GUID: -   Caller User Name: OSF-477F9B9DC69$   Caller Domain: OSF-TEST   Caller Logon ID: (0x0,0x3E7)   Caller Process ID: 348   Transited Services: -   Source Network Address: 127.0.0.1   Source Port: 0  
Oct 06 20:12:57 172.18.1.20 AgentDevice=WindowsLog	AgentLogFile=Security	Source=Security	Computer=OSF-477F9B9DC69	User=Administrator	Domain=OSF-477F9B9DC69	EventID=680	EventIDCode=680	EventType=8	EventCategory=9	RecordNumber=126	TimeGenerated=1286413977	TimeWritten=1286413977	Message=Logon attempt by: MICROSOFT_AUTHENTICATION_PACKAGE_V1_0  Logon account: Administrator  Source Workstation: OSF-477F9B9DC69  Error Code: 0x0  
Oct 06 20:12:55 172.18.1.20 AgentDevice=WindowsLog	AgentLogFile=Security	Source=Security	Computer=OSF-477F9B9DC69	User=SYSTEM	Domain=NT AUTHORITY	EventID=680	EventIDCode=680	EventType=16	EventCategory=9	RecordNumber=125	TimeGenerated=1286413975	TimeWritten=1286413975	Message=Logon attempt by: MICROSOFT_AUTHENTICATION_PACKAGE_V1_0  Logon account: Administrator  Source Workstation: OSF-477F9B9DC69  Error Code: 0xC000006A  
Oct 06 20:12:49 172.18.1.20 AgentDevice=WindowsLog	AgentLogFile=Security	Source=Security	Computer=OSF-477F9B9DC69	User=SYSTEM	Domain=NT AUTHORITY	EventID=680	EventIDCode=680	EventType=16	EventCategory=9	RecordNumber=124	TimeGenerated=1286413968	TimeWritten=1286413968	Message=Logon attempt by: MICROSOFT_AUTHENTICATION_PACKAGE_V1_0  Logon account: Administrator  Source Workstation: OSF-477F9B9DC69  Error Code: 0xC000006A  
Oct 06 20:12:46 172.18.1.20 AgentDevice=WindowsLog	AgentLogFile=Security	Source=Security	Computer=OSF-477F9B9DC69	User=SYSTEM	Domain=NT AUTHORITY	EventID=680	EventIDCode=680	EventType=16	EventCategory=9	RecordNumber=123	TimeGenerated=1286413965	TimeWritten=1286413965	Message=Logon attempt by: MICROSOFT_AUTHENTICATION_PACKAGE_V1_0  Logon account: Administrator  Source Workstation: OSF-477F9B9DC69  Error Code: 0xC000006A  
Oct 06 20:10:47 172.18.1.20 AgentDevice=WindowsLog	AgentLogFile=System	Source=Service Control Manager	Computer=OSF-477F9B9DC69	User= 	Domain= 	EventID=1073748860	EventIDCode=7036	EventType=4	EventCategory=0	RecordNumber=108	TimeGenerated=1286413847	TimeWritten=1286413847	Message=The Terminal Services service entered the running state. 
Oct 06 20:10:47 172.18.1.20 AgentDevice=WindowsLog	AgentLogFile=System	Source=Service Control Manager	Computer=OSF-477F9B9DC69	User=SYSTEM	Domain=NT AUTHORITY	EventID=1073748859	EventIDCode=7035	EventType=4	EventCategory=0	RecordNumber=107	TimeGenerated=1286413847	TimeWritten=1286413847	Message=The Terminal Services service was successfully sent a start control. 
Oct 06 20:09:21 172.18.1.20 AgentDevice=WindowsLog	AgentLogFile=System	Source=IPSec	Computer=OSF-477F9B9DC69	User= 	Domain= 	EventID=1073746118	EventIDCode=4294	EventType=4	EventCategory=0	RecordNumber=106	TimeGenerated=1286413738	TimeWritten=1286413761	Message=The IPSec driver has entered Secure mode. IPSec policies, if they have been configured, are now being applied to this computer. 
Oct 06 20:09:21 172.18.1.20 AgentDevice=WindowsLog	AgentLogFile=System	Source=IPSec	Computer=OSF-477F9B9DC69	User= 	Domain= 	EventID=1073746119	EventIDCode=4295	EventType=4	EventCategory=0	RecordNumber=105	TimeGenerated=1286413731	TimeWritten=1286413761	Message=The IPSec Driver is starting in Bypass mode. No IPSec security is being applied while this computer starts up. IPSec policies, if they have been assigned, will be applied to this computer after the IPSec services start. 
Oct 06 20:09:11 172.18.1.20 AgentDevice=WindowsLog	AgentLogFile=System	Source=W32Time	Computer=OSF-477F9B9DC69	User= 	Domain= 	EventID=2186936337	EventIDCode=17	EventType=1	EventCategory=0	RecordNumber=104	TimeGenerated=1286413751	TimeWritten=1286413751	Message=Time Provider NtpClient: An error occurred during DNS lookup of the manually configured peer 'time.windows.com,0x1'. NtpClient will try the DNS lookup again in 15 minutes. The error was: A socket operation was attempted to an unreachable host. (0x80072751) 
Oct 06 20:04:26 172.18.1.30 AgentDevice=WindowsLog	AgentLogFile=Security	Source=Security	Computer=OSF-MOSS-SP	User=Administrator	Domain=OSF-MOSS-SP	EventID=612	EventIDCode=612	EventType=8	EventCategory=6	RecordNumber=26	TimeGenerated=1286413466	TimeWritten=1286413466	Message=Audit Policy Change:  New Policy:   Success Failure       +     + Logon/Logoff       -     - Object Access       +     + Privilege Use       +     + Account Management       -     - Policy Change       +     + System       -     - Detailed Tracking       -     - Directory Service Access       +     + Account Logon   Changed By:     User Name: Administrator     Domain Name: OSF-MOSS-SP     Logon ID: (0x0,0xE8C0) 
Oct 06 20:04:20 172.18.1.30 AgentDevice=WindowsLog	AgentLogFile=Security	Source=Security	Computer=OSF-MOSS-SP	User=Administrator	Domain=OSF-MOSS-SP	EventID=612	EventIDCode=612	EventType=8	EventCategory=6	RecordNumber=25	TimeGenerated=1286413459	TimeWritten=1286413459	Message=Audit Policy Change:  New Policy:   Success Failure       +     + Logon/Logoff       -     - Object Access       +     + Privilege Use       +     + Account Management       -     - Policy Change       +     + System       -     - Detailed Tracking       -     - Directory Service Access       +     - Account Logon   Changed By:     User Name: Administrator     Domain Name: OSF-MOSS-SP     Logon ID: (0x0,0xE8C0) 
Oct 06 20:04:15 172.18.1.30 AgentDevice=WindowsLog	AgentLogFile=Security	Source=Security	Computer=OSF-MOSS-SP	User=Administrator	Domain=OSF-MOSS-SP	EventID=612	EventIDCode=612	EventType=8	EventCategory=6	RecordNumber=24	TimeGenerated=1286413455	TimeWritten=1286413455	Message=Audit Policy Change:  New Policy:   Success Failure       +     + Logon/Logoff       -     - Object Access       +     + Privilege Use       +     + Account Management       -     - Policy Change       -     - System       -     - Detailed Tracking       -     - Directory Service Access       +     - Account Logon   Changed By:     User Name: Administrator     Domain Name: OSF-MOSS-SP     Logon ID: (0x0,0xE8C0) 
Oct 06 20:04:10 172.18.1.30 AgentDevice=WindowsLog	AgentLogFile=Security	Source=Security	Computer=OSF-MOSS-SP	User=Administrator	Domain=OSF-MOSS-SP	EventID=612	EventIDCode=612	EventType=8	EventCategory=6	RecordNumber=23	TimeGenerated=1286413450	TimeWritten=1286413450	Message=Audit Policy Change:  New Policy:   Success Failure       +     + Logon/Logoff       -     - Object Access       -     - Privilege Use       +     + Account Management       -     - Policy Change       -     - System       -     - Detailed Tracking       -     - Directory Service Access       +     - Account Logon   Changed By:     User Name: Administrator     Domain Name: OSF-MOSS-SP     Logon ID: (0x0,0xE8C0) 
Oct 06 20:04:05 172.18.1.30 AgentDevice=WindowsLog	AgentLogFile=Security	Source=Security	Computer=OSF-MOSS-SP	User=Administrator	Domain=OSF-MOSS-SP	EventID=612	EventIDCode=612	EventType=8	EventCategory=6	RecordNumber=22	TimeGenerated=1286413444	TimeWritten=1286413444	Message=Audit Policy Change:  New Policy:   Success Failure       +     - Logon/Logoff       -     - Object Access       -     - Privilege Use       +     + Account Management       -     - Policy Change       -     - System       -     - Detailed Tracking       -     - Directory Service Access       +     - Account Logon   Changed By:     User Name: Administrator     Domain Name: OSF-MOSS-SP     Logon ID: (0x0,0xE8C0) 
Oct 06 20:03:33 172.18.1.30 AgentDevice=WindowsLog	AgentLogFile=System	Source=Service Control Manager	Computer=OSF-MOSS-SP	User= 	Domain= 	EventID=1073748860	EventIDCode=7036	EventType=4	EventCategory=0	RecordNumber=57	TimeGenerated=1286413412	TimeWritten=1286413412	Message=The Performance Logs and Alerts service entered the stopped state. 
Oct 06 20:03:33 172.18.1.30 AgentDevice=WindowsLog	AgentLogFile=System	Source=Service Control Manager	Computer=OSF-MOSS-SP	User= 	Domain= 	EventID=1073748860	EventIDCode=7036	EventType=4	EventCategory=0	RecordNumber=56	TimeGenerated=1286413412	TimeWritten=1286413412	Message=The Performance Logs and Alerts service entered the running state. 
Oct 06 20:03:33 172.18.1.30 AgentDevice=WindowsLog	AgentLogFile=System	Source=Service Control Manager	Computer=OSF-MOSS-SP	User=Administrator	Domain=OSF-MOSS-SP	EventID=1073748859	EventIDCode=7035	EventType=4	EventCategory=0	RecordNumber=55	TimeGenerated=1286413412	TimeWritten=1286413412	Message=The Performance Logs and Alerts service was successfully sent a start control. 
Oct 06 20:03:32 172.18.1.30 AgentDevice=WindowsLog	AgentLogFile=System	Source=Service Control Manager	Computer=OSF-MOSS-SP	User= 	Domain= 	EventID=1073748860	EventIDCode=7036	EventType=4	EventCategory=0	RecordNumber=54	TimeGenerated=1286413412	TimeWritten=1286413412	Message=The Performance Logs and Alerts service entered the stopped state. 
Oct 06 20:03:32 172.18.1.30 AgentDevice=WindowsLog	AgentLogFile=System	Source=Service Control Manager	Computer=OSF-MOSS-SP	User= 	Domain= 	EventID=1073748860	EventIDCode=7036	EventType=4	EventCategory=0	RecordNumber=53	TimeGenerated=1286413412	TimeWritten=1286413412	Message=The Performance Logs and Alerts service entered the running state. 
Oct 06 20:03:32 172.18.1.30 AgentDevice=WindowsLog	AgentLogFile=System	Source=Service Control Manager	Computer=OSF-MOSS-SP	User=Administrator	Domain=OSF-MOSS-SP	EventID=1073748859	EventIDCode=7035	EventType=4	EventCategory=0	RecordNumber=52	TimeGenerated=1286413412	TimeWritten=1286413412	Message=The Performance Logs and Alerts service was successfully sent a start control. 
Sep 20 17:30:48 172.18.1.25 AgentDevice=WindowsLog	AgentLogFile=System	Source=Service Control Manager	Computer=OSF-V0PLEKU2G12	User= 	Domain= 	EventID=1073748860	EventIDCode=7036	EventType=4	EventCategory=0	RecordNumber=265	TimeGenerated=1285021848	TimeWritten=1285021848	Message=The Windows Installer service entered the stopped state. 
Sep 20 17:30:48 172.18.1.25 AgentDevice=WindowsLog	AgentLogFile=Security	Source=Security	Computer=OSF-V0PLEKU2G12	User=osf	Domain=OSF-V0PLEKU2G12	EventID=551	EventIDCode=551	EventType=8	EventCategory=2	RecordNumber=562	TimeGenerated=1285021848	TimeWritten=1285021848	Message=User initiated logoff:   User Name: osf   Domain:  OSF-V0PLEKU2G12   Logon ID:  (0x0,0x93fd)  
Sep 20 17:30:47 172.18.1.25 AgentDevice=WindowsLog	AgentLogFile=Security	Source=Security	Computer=OSF-V0PLEKU2G12	User=SYSTEM	Domain=NT AUTHORITY	EventID=513	EventIDCode=513	EventType=8	EventCategory=1	RecordNumber=561	TimeGenerated=1285021847	TimeWritten=1285021847	Message=Windows is shutting down. All logon sessions will be terminated by this shutdown. 
Sep 20 17:30:42 172.18.1.25 AgentDevice=WindowsLog	AgentLogFile=Security	Source=Security	Computer=OSF-V0PLEKU2G12	User=pwned account 23	Domain=OSF-V0PLEKU2G12	EventID=551	EventIDCode=551	EventType=8	EventCategory=2	RecordNumber=560	TimeGenerated=1285021842	TimeWritten=1285021842	Message=User initiated logoff:   User Name: pwned account 23   Domain:  OSF-V0PLEKU2G12   Logon ID:  (0x0,0xb847a)  
Sep 20 17:30:42 172.18.1.25 AgentDevice=WindowsLog	AgentLogFile=System	Source=Application Popup	Computer=OSF-V0PLEKU2G12	User= 	Domain= 	EventID=1073741850	EventIDCode=26	EventType=4	EventCategory=0	RecordNumber=264	TimeGenerated=1285021841	TimeWritten=1285021841	Message=Application popup: Windows : Other people are logged on to this computer. Shutting down Windows might cause them to lose data.  Do you want to continue shutting down? 
Sep 20 17:30:37 172.18.1.25 AgentDevice=WindowsLog	AgentLogFile=System	Source=Service Control Manager	Computer=OSF-V0PLEKU2G12	User=SYSTEM	Domain=NT AUTHORITY	EventID=1073748859	EventIDCode=7035	EventType=4	EventCategory=0	RecordNumber=262	TimeGenerated=1285021836	TimeWritten=1285021836	Message=The Windows Installer service was successfully sent a start control. 
Sep 20 17:30:37 172.18.1.25 AgentDevice=WindowsLog	AgentLogFile=System	Source=Service Control Manager	Computer=OSF-V0PLEKU2G12	User= 	Domain= 	EventID=1073748860	EventIDCode=7036	EventType=4	EventCategory=0	RecordNumber=263	TimeGenerated=1285021836	TimeWritten=1285021836	Message=The Windows Installer service entered the running state. 
Sep 20 17:30:37 172.18.1.25 AgentDevice=WindowsLog	AgentLogFile=Application	Source=MsiInstaller	Computer=OSF-V0PLEKU2G12	User= 	Domain= 	EventID=11728	EventIDCode=11728	EventType=4	EventCategory=0	RecordNumber=37	TimeGenerated=1285021836	TimeWritten=1285021836	Message=Product: WebFldrs XP -- Configuration completed successfully. 
Sep 20 17:30:35 172.18.1.25 AgentDevice=WindowsLog	AgentLogFile=Security	Source=Security	Computer=OSF-V0PLEKU2G12	User=pwned account 23	Domain=OSF-V0PLEKU2G12	EventID=528	EventIDCode=528	EventType=8	EventCategory=2	RecordNumber=559	TimeGenerated=1285021834	TimeWritten=1285021834	Message=Successful Logon:   User Name: pwned account 23   Domain:  OSF-V0PLEKU2G12   Logon ID:  (0x0,0xB847A)   Logon Type: 2   Logon Process: User32     Authentication Package: Negotiate   Workstation Name: OSF-V0PLEKU2G12   Logon GUID: {00000000-0000-0000-0000-000000000000} 
Sep 20 17:30:35 172.18.1.25 AgentDevice=WindowsLog	AgentLogFile=Security	Source=Security	Computer=OSF-V0PLEKU2G12	User=SYSTEM	Domain=NT AUTHORITY	EventID=680	EventIDCode=680	EventType=8	EventCategory=9	RecordNumber=558	TimeGenerated=1285021834	TimeWritten=1285021834	Message=Logon attempt by: MICROSOFT_AUTHENTICATION_PACKAGE_V1_0  Logon account:  pwned account 23  Source Workstation: OSF-V0PLEKU2G12  Error Code: 0x0  
Sep 20 17:30:32 172.18.1.25 AgentDevice=WindowsLog	AgentLogFile=Security	Source=Security	Computer=OSF-V0PLEKU2G12	User=SYSTEM	Domain=NT AUTHORITY	EventID=529	EventIDCode=529	EventType=16	EventCategory=2	RecordNumber=557	TimeGenerated=1285021831	TimeWritten=1285021831	Message=Logon Failure:   Reason:  Unknown user name or bad password   User Name: pwned account 23   Domain:  OSF-V0PLEKU2G12   Logon Type: 2   Logon Process: User32     Authentication Package: Negotiate   Workstation Name: OSF-V0PLEKU2G12 
Sep 20 17:30:32 172.18.1.25 AgentDevice=WindowsLog	AgentLogFile=Security	Source=Security	Computer=OSF-V0PLEKU2G12	User=SYSTEM	Domain=NT AUTHORITY	EventID=680	EventIDCode=680	EventType=16	EventCategory=9	RecordNumber=556	TimeGenerated=1285021831	TimeWritten=1285021831	Message=Logon attempt by: MICROSOFT_AUTHENTICATION_PACKAGE_V1_0  Logon account:  pwned account 23  Source Workstation: OSF-V0PLEKU2G12  Error Code: 0xC000006A  
Sep 20 17:30:31 172.18.1.25 AgentDevice=WindowsLog	AgentLogFile=Security	Source=Security	Computer=OSF-V0PLEKU2G12	User=pwned2	Domain=OSF-V0PLEKU2G12	EventID=538	EventIDCode=538	EventType=8	EventCategory=2	RecordNumber=549	TimeGenerated=1285021831	TimeWritten=1285021831	Message=User Logoff:   User Name: pwned2   Domain:  OSF-V0PLEKU2G12   Logon ID:  (0x0,0x7A799)   Logon Type: 2  
Sep 20 17:30:02 172.18.1.25 AgentDevice=WindowsLog	AgentLogFile=Security	Source=Security	Computer=OSF-V0PLEKU2G12	User=SYSTEM	Domain=NT AUTHORITY	EventID=529	EventIDCode=529	EventType=16	EventCategory=2	RecordNumber=548	TimeGenerated=1285021801	TimeWritten=1285021801	Message=Logon Failure:   Reason:  Unknown user name or bad password   User Name: pwned account 23   Domain:  OSF-V0PLEKU2G12   Logon Type: 2   Logon Process: User32     Authentication Package: Negotiate   Workstation Name: OSF-V0PLEKU2G12 
Sep 20 17:30:02 172.18.1.25 AgentDevice=WindowsLog	AgentLogFile=Security	Source=Security	Computer=OSF-V0PLEKU2G12	User=SYSTEM	Domain=NT AUTHORITY	EventID=680	EventIDCode=680	EventType=16	EventCategory=9	RecordNumber=547	TimeGenerated=1285021801	TimeWritten=1285021801	Message=Logon attempt by: MICROSOFT_AUTHENTICATION_PACKAGE_V1_0  Logon account:  pwned account 23  Source Workstation: OSF-V0PLEKU2G12  Error Code: 0xC000006A  
Sep 20 17:29:27 172.18.1.25 AgentDevice=WindowsLog	AgentLogFile=Security	Source=Security	Computer=OSF-V0PLEKU2G12	User=SYSTEM	Domain=NT AUTHORITY	EventID=529	EventIDCode=529	EventType=16	EventCategory=2	RecordNumber=526	TimeGenerated=1285021767	TimeWritten=1285021767	Message=Logon Failure:   Reason:  Unknown user name or bad password   User Name: pwned account 23   Domain:  OSF-V0PLEKU2G12   Logon Type: 2   Logon Process: User32     Authentication Package: Negotiate   Workstation Name: OSF-V0PLEKU2G12 
Sep 20 17:29:32 172.18.1.25 AgentDevice=WindowsLog	AgentLogFile=Security	Source=Security	Computer=OSF-V0PLEKU2G12	User=SYSTEM	Domain=NT AUTHORITY	EventID=529	EventIDCode=529	EventType=16	EventCategory=2	RecordNumber=544	TimeGenerated=1285021771	TimeWritten=1285021771	Message=Logon Failure:   Reason:  Unknown user name or bad password   User Name: pwned account 23   Domain:  OSF-V0PLEKU2G12   Logon Type: 2   Logon Process: User32     Authentication Package: Negotiate   Workstation Name: OSF-V0PLEKU2G12 
Sep 20 17:29:32 172.18.1.25 AgentDevice=WindowsLog	AgentLogFile=Security	Source=Security	Computer=OSF-V0PLEKU2G12	User=SYSTEM	Domain=NT AUTHORITY	EventID=680	EventIDCode=680	EventType=16	EventCategory=9	RecordNumber=543	TimeGenerated=1285021771	TimeWritten=1285021771	Message=Logon attempt by: MICROSOFT_AUTHENTICATION_PACKAGE_V1_0  Logon account:  pwned account 23  Source Workstation: OSF-V0PLEKU2G12  Error Code: 0xC000006A  
Sep 20 17:29:27 172.18.1.25 AgentDevice=WindowsLog	AgentLogFile=Security	Source=Security	Computer=OSF-V0PLEKU2G12	User=SYSTEM	Domain=NT AUTHORITY	EventID=680	EventIDCode=680	EventType=16	EventCategory=9	RecordNumber=525	TimeGenerated=1285021767	TimeWritten=1285021767	Message=Logon attempt by: MICROSOFT_AUTHENTICATION_PACKAGE_V1_0  Logon account:  pwned account 23  Source Workstation: OSF-V0PLEKU2G12  Error Code: 0xC000006A  
Sep 20 17:29:27 172.18.1.25 AgentDevice=WindowsLog	AgentLogFile=Security	Source=Security	Computer=OSF-V0PLEKU2G12	User=SYSTEM	Domain=NT AUTHORITY	EventID=529	EventIDCode=529	EventType=16	EventCategory=2	RecordNumber=522	TimeGenerated=1285021766	TimeWritten=1285021766	Message=Logon Failure:   Reason:  Unknown user name or bad password   User Name: pwned account 23   Domain:  OSF-V0PLEKU2G12   Logon Type: 2   Logon Process: User32     Authentication Package: Negotiate   Workstation Name: OSF-V0PLEKU2G12 
Sep 20 17:29:27 172.18.1.25 AgentDevice=WindowsLog	AgentLogFile=Security	Source=Security	Computer=OSF-V0PLEKU2G12	User=SYSTEM	Domain=NT AUTHORITY	EventID=529	EventIDCode=529	EventType=16	EventCategory=2	RecordNumber=524	TimeGenerated=1285021766	TimeWritten=1285021766	Message=Logon Failure:   Reason:  Unknown user name or bad password   User Name: pwned account 23   Domain:  OSF-V0PLEKU2G12   Logon Type: 2   Logon Process: User32     Authentication Package: Negotiate   Workstation Name: OSF-V0PLEKU2G12 
Sep 20 17:29:27 172.18.1.25 AgentDevice=WindowsLog	AgentLogFile=Security	Source=Security	Computer=OSF-V0PLEKU2G12	User=SYSTEM	Domain=NT AUTHORITY	EventID=680	EventIDCode=680	EventType=16	EventCategory=9	RecordNumber=523	TimeGenerated=1285021766	TimeWritten=1285021766	Message=Logon attempt by: MICROSOFT_AUTHENTICATION_PACKAGE_V1_0  Logon account:  pwned account 23  Source Workstation: OSF-V0PLEKU2G12  Error Code: 0xC000006A  
Sep 20 17:29:27 172.18.1.25 AgentDevice=WindowsLog	AgentLogFile=Security	Source=Security	Computer=OSF-V0PLEKU2G12	User=SYSTEM	Domain=NT AUTHORITY	EventID=680	EventIDCode=680	EventType=16	EventCategory=9	RecordNumber=521	TimeGenerated=1285021766	TimeWritten=1285021766	Message=Logon attempt by: MICROSOFT_AUTHENTICATION_PACKAGE_V1_0  Logon account:  pwned account 23  Source Workstation: OSF-V0PLEKU2G12  Error Code: 0xC000006A  
Sep 20 17:29:25 172.18.1.25 AgentDevice=WindowsLog	AgentLogFile=Security	Source=Security	Computer=OSF-V0PLEKU2G12	User=SYSTEM	Domain=NT AUTHORITY	EventID=529	EventIDCode=529	EventType=16	EventCategory=2	RecordNumber=520	TimeGenerated=1285021764	TimeWritten=1285021764	Message=Logon Failure:   Reason:  Unknown user name or bad password   User Name: pwned account 23   Domain:  OSF-V0PLEKU2G12   Logon Type: 2   Logon Process: Advapi     Authentication Package: Negotiate   Workstation Name: OSF-V0PLEKU2G12 
Sep 20 17:29:25 172.18.1.25 AgentDevice=WindowsLog	AgentLogFile=Security	Source=Security	Computer=OSF-V0PLEKU2G12	User=SYSTEM	Domain=NT AUTHORITY	EventID=680	EventIDCode=680	EventType=16	EventCategory=9	RecordNumber=519	TimeGenerated=1285021764	TimeWritten=1285021764	Message=Logon attempt by: MICROSOFT_AUTHENTICATION_PACKAGE_V1_0  Logon account:  pwned account 23  Source Workstation: OSF-V0PLEKU2G12  Error Code: 0xC000006A  
Sep 20 17:29:23 172.18.1.25 AgentDevice=WindowsLog	AgentLogFile=System	Source=W32Time	Computer=OSF-V0PLEKU2G12	User= 	Domain= 	EventID=3260678173	EventIDCode=29	EventType=1	EventCategory=0	RecordNumber=261	TimeGenerated=1285021762	TimeWritten=1285021762	Message=The time provider NtpClient is configured to acquire time from one or more time sources, however none of the sources are currently accessible.  No attempt to contact a source will be made for 29 minutes. NtpClient has no source of accurate time.  
Sep 20 17:29:23 172.18.1.25 AgentDevice=WindowsLog	AgentLogFile=System	Source=W32Time	Computer=OSF-V0PLEKU2G12	User= 	Domain= 	EventID=2186936337	EventIDCode=17	EventType=1	EventCategory=0	RecordNumber=260	TimeGenerated=1285021762	TimeWritten=1285021762	Message=Time Provider NtpClient: An error occurred during DNS lookup of the manually configured peer 'time.windows.com,0x1'. NtpClient will try the DNS lookup again in 30 minutes. The error was: A socket operation was attempted to an unreachable host. (0x80072751) 
Sep 20 17:29:22 172.18.1.25 AgentDevice=WindowsLog	AgentLogFile=Security	Source=Security	Computer=OSF-V0PLEKU2G12	User=SYSTEM	Domain=NT AUTHORITY	EventID=515	EventIDCode=515	EventType=8	EventCategory=1	RecordNumber=518	TimeGenerated=1285021762	TimeWritten=1285021762	Message=A trusted logon process has registered with the Local Security Authority. This logon process will be trusted to submit logon requests.     Logon Process Name: Winlogon\MSGina 
Sep 20 17:29:22 172.18.1.25 AgentDevice=WindowsLog	AgentLogFile=Security	Source=Security	Computer=OSF-V0PLEKU2G12	User=SYSTEM	Domain=NT AUTHORITY	EventID=515	EventIDCode=515	EventType=8	EventCategory=1	RecordNumber=517	TimeGenerated=1285021762	TimeWritten=1285021762	Message=A trusted logon process has registered with the Local Security Authority. This logon process will be trusted to submit logon requests.     Logon Process Name: Winlogon 
Sep 20 17:29:17 172.18.1.25 AgentDevice=WindowsLog	AgentLogFile=Security	Source=Security	Computer=OSF-V0PLEKU2G12	User=pwned2	Domain=OSF-V0PLEKU2G12	EventID=551	EventIDCode=551	EventType=8	EventCategory=2	RecordNumber=516	TimeGenerated=1285021757	TimeWritten=1285021757	Message=User initiated logoff:   User Name: pwned2   Domain:  OSF-V0PLEKU2G12   Logon ID:  (0x0,0x7a799)  
Sep 20 17:29:07 172.18.1.25 AgentDevice=WindowsLog	AgentLogFile=Security	Source=Security	Computer=OSF-V0PLEKU2G12	User=pwned2	Domain=OSF-V0PLEKU2G12	EventID=628	EventIDCode=628	EventType=8	EventCategory=7	RecordNumber=515	TimeGenerated=1285021747	TimeWritten=1285021747	Message=User Account password set:   Target Account Name: pwned account 23   Target Domain: OSF-V0PLEKU2G12   Target Account ID: OSF-V0PLEKU2G12\pwned account 23   Caller User Name: pwned2   Caller Domain: OSF-V0PLEKU2G12   Caller Logon ID: (0x0,0x7A799)  
Sep 20 17:28:55 172.18.1.25 AgentDevice=WindowsLog	AgentLogFile=Security	Source=Security	Computer=OSF-V0PLEKU2G12	User=SYSTEM	Domain=NT AUTHORITY	EventID=529	EventIDCode=529	EventType=16	EventCategory=2	RecordNumber=514	TimeGenerated=1285021734	TimeWritten=1285021734	Message=Logon Failure:   Reason:  Unknown user name or bad password   User Name: pwned account 23   Domain:     Logon Type: 2   Logon Process: Advapi     Authentication Package: MICROSOFT_AUTHENTICATION_PACKAGE_V1_0   Workstation Name: OSF-V0PLEKU2G12 
Sep 20 17:28:55 172.18.1.25 AgentDevice=WindowsLog	AgentLogFile=Security	Source=Security	Computer=OSF-V0PLEKU2G12	User=SYSTEM	Domain=NT AUTHORITY	EventID=680	EventIDCode=680	EventType=16	EventCategory=9	RecordNumber=513	TimeGenerated=1285021734	TimeWritten=1285021734	Message=Logon attempt by: MICROSOFT_AUTHENTICATION_PACKAGE_V1_0  Logon account:  pwned account 23  Source Workstation: OSF-V0PLEKU2G12  Error Code: 0xC000006E  
Sep 20 17:28:55 172.18.1.25 AgentDevice=WindowsLog	AgentLogFile=Security	Source=Security	Computer=OSF-V0PLEKU2G12	User=pwned2	Domain=OSF-V0PLEKU2G12	EventID=636	EventIDCode=636	EventType=8	EventCategory=7	RecordNumber=512	TimeGenerated=1285021734	TimeWritten=1285021734	Message=Security Enabled Local Group Member Added:   Member Name: -   Member ID: OSF-V0PLEKU2G12\pwned account 23   Target Account Name: Administrators   Target Domain: Builtin   Target Account ID: BUILTIN\Administrators   Caller User Name: pwned2   Caller Domain: OSF-V0PLEKU2G12   Caller Logon ID: (0x0,0x7A799)   Privileges: -  
Sep 20 17:28:55 172.18.1.25 AgentDevice=WindowsLog	AgentLogFile=Security	Source=Security	Computer=OSF-V0PLEKU2G12	User=pwned2	Domain=OSF-V0PLEKU2G12	EventID=636	EventIDCode=636	EventType=8	EventCategory=7	RecordNumber=511	TimeGenerated=1285021734	TimeWritten=1285021734	Message=Security Enabled Local Group Member Added:   Member Name: -   Member ID: OSF-V0PLEKU2G12\pwned account 23   Target Account Name: Users   Target Domain: Builtin   Target Account ID: BUILTIN\Users   Caller User Name: pwned2   Caller Domain: OSF-V0PLEKU2G12   Caller Logon ID: (0x0,0x7A799)   Privileges: -  
Sep 20 17:28:55 172.18.1.25 AgentDevice=WindowsLog	AgentLogFile=Security	Source=Security	Computer=OSF-V0PLEKU2G12	User=pwned2	Domain=OSF-V0PLEKU2G12	EventID=642	EventIDCode=642	EventType=8	EventCategory=7	RecordNumber=510	TimeGenerated=1285021734	TimeWritten=1285021734	Message=User Account Changed:   -   Target Account Name: pwned account 23   Target Domain: OSF-V0PLEKU2G12   Target Account ID: OSF-V0PLEKU2G12\pwned account 23   Caller User Name: pwned2   Caller Domain: OSF-V0PLEKU2G12   Caller Logon ID: (0x0,0x7A799)   Privileges: -  
Sep 20 17:28:55 172.18.1.25 AgentDevice=WindowsLog	AgentLogFile=Security	Source=Security	Computer=OSF-V0PLEKU2G12	User=pwned2	Domain=OSF-V0PLEKU2G12	EventID=626	EventIDCode=626	EventType=8	EventCategory=7	RecordNumber=509	TimeGenerated=1285021734	TimeWritten=1285021734	Message=User Account Enabled:   Target Account Name: pwned account 23   Target Domain: OSF-V0PLEKU2G12   Target Account ID: OSF-V0PLEKU2G12\pwned account 23   Caller User Name: pwned2   Caller Domain: OSF-V0PLEKU2G12   Caller Logon ID: (0x0,0x7A799)  
Sep 20 17:28:55 172.18.1.25 AgentDevice=WindowsLog	AgentLogFile=Security	Source=Security	Computer=OSF-V0PLEKU2G12	User=pwned2	Domain=OSF-V0PLEKU2G12	EventID=624	EventIDCode=624	EventType=8	EventCategory=7	RecordNumber=508	TimeGenerated=1285021734	TimeWritten=1285021734	Message=User Account Created:   New Account Name: pwned account 23   New Domain: OSF-V0PLEKU2G12   New Account ID: OSF-V0PLEKU2G12\pwned account 23   Caller User Name: pwned2   Caller Domain: OSF-V0PLEKU2G12   Caller Logon ID: (0x0,0x7A799)   Privileges  -  
Sep 20 17:28:55 172.18.1.25 AgentDevice=WindowsLog	AgentLogFile=Security	Source=Security	Computer=OSF-V0PLEKU2G12	User=pwned2	Domain=OSF-V0PLEKU2G12	EventID=632	EventIDCode=632	EventType=8	EventCategory=7	RecordNumber=507	TimeGenerated=1285021734	TimeWritten=1285021734	Message=Security Enabled Global Group Member Added:   Member Name: -   Member ID: OSF-V0PLEKU2G12\pwned account 23   Target Account Name: None   Target Domain: OSF-V0PLEKU2G12   Target Account ID: OSF-V0PLEKU2G12\None   Caller User Name: pwned2   Caller Domain: OSF-V0PLEKU2G12   Caller Logon ID: (0x0,0x7A799)   Privileges: -  
Sep 20 17:28:45 172.18.1.25 AgentDevice=WindowsLog	AgentLogFile=Security	Source=Security	Computer=OSF-V0PLEKU2G12	User=pwned2	Domain=OSF-V0PLEKU2G12	EventID=630	EventIDCode=630	EventType=8	EventCategory=7	RecordNumber=506	TimeGenerated=1285021724	TimeWritten=1285021724	Message=User Account Deleted:   Target Account Name: test   Target Domain: OSF-V0PLEKU2G12   Target Account ID: %{S-1-5-21-1060284298-1580436667-1343024091-1009}   Caller User Name: pwned2   Caller Domain: OSF-V0PLEKU2G12   Caller Logon ID: (0x0,0x7A799)   Privileges: -  
Sep 20 17:28:45 172.18.1.25 AgentDevice=WindowsLog	AgentLogFile=Security	Source=Security	Computer=OSF-V0PLEKU2G12	User=pwned2	Domain=OSF-V0PLEKU2G12	EventID=633	EventIDCode=633	EventType=8	EventCategory=7	RecordNumber=505	TimeGenerated=1285021724	TimeWritten=1285021724	Message=Security Enabled Global Group Member Removed:   Member Name: -   Member ID: %{S-1-5-21-1060284298-1580436667-1343024091-1009}   Target Account Name: None   Target Domain: OSF-V0PLEKU2G12   Target Account ID: OSF-V0PLEKU2G12\None   Caller User Name: pwned2   Caller Domain: OSF-V0PLEKU2G12   Caller Logon ID: (0x0,0x7A799)   Privileges: -  
Sep 20 17:28:45 172.18.1.25 AgentDevice=WindowsLog	AgentLogFile=Security	Source=Security	Computer=OSF-V0PLEKU2G12	User=pwned2	Domain=OSF-V0PLEKU2G12	EventID=637	EventIDCode=637	EventType=8	EventCategory=7	RecordNumber=504	TimeGenerated=1285021724	TimeWritten=1285021724	Message=Security Enabled Local Group Member Removed:   Member Name: -   Member ID: %{S-1-5-21-1060284298-1580436667-1343024091-1009}   Target Account Name: Users   Target Domain: Builtin   Target Account ID: BUILTIN\Users   Caller User Name: pwned2   Caller Domain: OSF-V0PLEKU2G12   Caller Logon ID: (0x0,0x7A799)   Privileges: -  
Sep 20 17:28:36 172.18.1.25 AgentDevice=WindowsLog	AgentLogFile=Security	Source=Security	Computer=OSF-V0PLEKU2G12	User=SYSTEM	Domain=NT AUTHORITY	EventID=529	EventIDCode=529	EventType=16	EventCategory=2	RecordNumber=503	TimeGenerated=1285021716	TimeWritten=1285021716	Message=Logon Failure:   Reason:  Unknown user name or bad password   User Name: test   Domain:     Logon Type: 2   Logon Process: Advapi     Authentication Package: MICROSOFT_AUTHENTICATION_PACKAGE_V1_0   Workstation Name: OSF-V0PLEKU2G12 
Sep 20 17:28:36 172.18.1.25 AgentDevice=WindowsLog	AgentLogFile=Security	Source=Security	Computer=OSF-V0PLEKU2G12	User=SYSTEM	Domain=NT AUTHORITY	EventID=680	EventIDCode=680	EventType=16	EventCategory=9	RecordNumber=502	TimeGenerated=1285021716	TimeWritten=1285021716	Message=Logon attempt by: MICROSOFT_AUTHENTICATION_PACKAGE_V1_0  Logon account:  test  Source Workstation: OSF-V0PLEKU2G12  Error Code: 0xC000006E  
Sep 20 17:28:36 172.18.1.25 AgentDevice=WindowsLog	AgentLogFile=Security	Source=Security	Computer=OSF-V0PLEKU2G12	User=SYSTEM	Domain=NT AUTHORITY	EventID=529	EventIDCode=529	EventType=16	EventCategory=2	RecordNumber=501	TimeGenerated=1285021716	TimeWritten=1285021716	Message=Logon Failure:   Reason:  Unknown user name or bad password   User Name: osf   Domain:     Logon Type: 2   Logon Process: Advapi     Authentication Package: MICROSOFT_AUTHENTICATION_PACKAGE_V1_0   Workstation Name: OSF-V0PLEKU2G12 
Sep 20 17:28:36 172.18.1.25 AgentDevice=WindowsLog	AgentLogFile=Security	Source=Security	Computer=OSF-V0PLEKU2G12	User=SYSTEM	Domain=NT AUTHORITY	EventID=680	EventIDCode=680	EventType=16	EventCategory=9	RecordNumber=500	TimeGenerated=1285021716	TimeWritten=1285021716	Message=Logon attempt by: MICROSOFT_AUTHENTICATION_PACKAGE_V1_0  Logon account:  osf  Source Workstation: OSF-V0PLEKU2G12  Error Code: 0xC000006E  
Sep 20 17:28:36 172.18.1.25 AgentDevice=WindowsLog	AgentLogFile=Security	Source=Security	Computer=OSF-V0PLEKU2G12	User=SYSTEM	Domain=NT AUTHORITY	EventID=529	EventIDCode=529	EventType=16	EventCategory=2	RecordNumber=499	TimeGenerated=1285021716	TimeWritten=1285021716	Message=Logon Failure:   Reason:  Unknown user name or bad password   User Name: pwned2   Domain:     Logon Type: 2   Logon Process: Advapi     Authentication Package: MICROSOFT_AUTHENTICATION_PACKAGE_V1_0   Workstation Name: OSF-V0PLEKU2G12 
Sep 20 17:28:36 172.18.1.25 AgentDevice=WindowsLog	AgentLogFile=Security	Source=Security	Computer=OSF-V0PLEKU2G12	User=SYSTEM	Domain=NT AUTHORITY	EventID=680	EventIDCode=680	EventType=16	EventCategory=9	RecordNumber=498	TimeGenerated=1285021716	TimeWritten=1285021716	Message=Logon attempt by: MICROSOFT_AUTHENTICATION_PACKAGE_V1_0  Logon account:  pwned2  Source Workstation: OSF-V0PLEKU2G12  Error Code: 0xC000006A  
