Oct 07 15:32:08 172.18.1.20 AgentDevice=WindowsLog	AgentLogFile=Security	Source=Security	Computer=OSF-477F9B9DC69	User=SYSTEM	Domain=NT AUTHORITY	EventID=577	EventIDCode=577	EventType=8	EventCategory=4	RecordNumber=154	TimeGenerated=1286483528	TimeWritten=1286483528	Message=Privileged Service Called:   Server:  NT Local Security Authority / Authentication Service   Service:  LsaRegisterLogonProcess()   Primary User Name: OSF-477F9B9DC69$   Primary Domain: OSF-TEST   Primary Logon ID: (0x0,0x3E7)   Client User Name: OSF-477F9B9DC69$   Client Domain: OSF-TEST   Client Logon ID: (0x0,0x3E7)   Privileges: SeTcbPrivilege 
Oct 07 15:32:08 172.18.1.20 AgentDevice=WindowsLog	AgentLogFile=Security	Source=Security	Computer=OSF-477F9B9DC69	User=Safron	Domain=OSF-477F9B9DC69	EventID=538	EventIDCode=538	EventType=8	EventCategory=2	RecordNumber=159	TimeGenerated=1286483528	TimeWritten=1286483528	Message=User Logoff:   User Name: Safron   Domain:  OSF-477F9B9DC69   Logon ID:  (0x0,0x2022DD)   Logon Type: 2  
Oct 07 15:32:08 172.18.1.20 AgentDevice=WindowsLog	AgentLogFile=Security	Source=Security	Computer=OSF-477F9B9DC69	User=SYSTEM	Domain=NT AUTHORITY	EventID=627	EventIDCode=627	EventType=8	EventCategory=7	RecordNumber=153	TimeGenerated=1286483528	TimeWritten=1286483528	Message=Change Password Attempt:   Target Account Name: Safron   Target Domain: OSF-477F9B9DC69   Target Account ID: OSF-477F9B9DC69\Safron   Caller User Name: OSF-477F9B9DC69$   Caller Domain: OSF-TEST   Caller Logon ID: (0x0,0x3E7)   Privileges: -  
Oct 07 15:31:50 172.18.1.20 AgentDevice=WindowsLog	AgentLogFile=Security	Source=Security	Computer=OSF-477F9B9DC69	User=SYSTEM	Domain=NT AUTHORITY	EventID=680	EventIDCode=680	EventType=16	EventCategory=9	RecordNumber=152	TimeGenerated=1286483510	TimeWritten=1286483510	Message=Logon attempt by: MICROSOFT_AUTHENTICATION_PACKAGE_V1_0  Logon account: safron  Source Workstation: OSF-477F9B9DC69  Error Code: 0xC0000224  
Oct 07 15:31:43 172.18.1.20 AgentDevice=WindowsLog	AgentLogFile=Security	Source=Security	Computer=OSF-477F9B9DC69	User=SYSTEM	Domain=NT AUTHORITY	EventID=680	EventIDCode=680	EventType=16	EventCategory=9	RecordNumber=151	TimeGenerated=1286483502	TimeWritten=1286483502	Message=Logon attempt by: MICROSOFT_AUTHENTICATION_PACKAGE_V1_0  Logon account: Administrator  Source Workstation: OSF-477F9B9DC69  Error Code: 0xC000006A  
Oct 07 15:17:26 172.18.1.13 AgentDevice=WindowsLog	AgentLogFile=Security	Source=Security	Computer=OSF-V0PLEKU2G12	User=SYSTEM	Domain=NT AUTHORITY	EventID=577	EventIDCode=577	EventType=8	EventCategory=4	RecordNumber=408	TimeGenerated=1286482645	TimeWritten=1286482645	Message=Privileged Service Called:   Server:  NT Local Security Authority / Authentication Service   Service:  LsaRegisterLogonProcess()   Primary User Name: OSF-V0PLEKU2G12$   Primary Domain: EXERCISE   Primary Logon ID: (0x0,0x3E7)   Client User Name: OSF-V0PLEKU2G12$   Client Domain: EXERCISE   Client Logon ID: (0x0,0x3E7)   Privileges: SeTcbPrivilege 
Oct 07 15:17:24 172.18.1.13 AgentDevice=WindowsLog	AgentLogFile=Security	Source=Security	Computer=OSF-V0PLEKU2G12	User=NETWORK SERVICE	Domain=NT AUTHORITY	EventID=576	EventIDCode=576	EventType=8	EventCategory=4	RecordNumber=407	TimeGenerated=1286482644	TimeWritten=1286482644	Message=Special privileges assigned to new logon:   User Name: NETWORK SERVICE   Domain:  NT AUTHORITY   Logon ID:  (0x0,0x3E4)   Privileges:  SeAuditPrivilege    SeAssignPrimaryTokenPrivilege    SeChangeNotifyPrivilege 
Oct 07 15:17:24 172.18.1.13 AgentDevice=WindowsLog	AgentLogFile=Security	Source=Security	Computer=OSF-V0PLEKU2G12	User=NETWORK SERVICE	Domain=NT AUTHORITY	EventID=528	EventIDCode=528	EventType=8	EventCategory=2	RecordNumber=406	TimeGenerated=1286482644	TimeWritten=1286482644	Message=Successful Logon:   User Name: NETWORK SERVICE   Domain:  NT AUTHORITY   Logon ID:  (0x0,0x3E4)   Logon Type: 5   Logon Process: Advapi     Authentication Package: Negotiate   Workstation Name:    Logon GUID: {00000000-0000-0000-0000-000000000000} 
Oct 07 15:12:46 172.18.1.13 AgentDevice=WindowsLog	AgentLogFile=System	Source=W32Time	Computer=OSF-V0PLEKU2G12	User= 	Domain= 	EventID=3260678173	EventIDCode=29	EventType=1	EventCategory=0	RecordNumber=137	TimeGenerated=1286482366	TimeWritten=1286482366	Message=The time provider NtpClient is configured to acquire time from one or more time sources, however none of the sources are currently accessible.  No attempt to contact a source will be made for 59 minutes. NtpClient has no source of accurate time.  
Oct 07 15:12:46 172.18.1.13 AgentDevice=WindowsLog	AgentLogFile=System	Source=W32Time	Computer=OSF-V0PLEKU2G12	User= 	Domain= 	EventID=2186936337	EventIDCode=17	EventType=1	EventCategory=0	RecordNumber=136	TimeGenerated=1286482366	TimeWritten=1286482366	Message=Time Provider NtpClient: An error occurred during DNS lookup of the manually configured peer 'time.windows.com,0x1'. NtpClient will try the DNS lookup again in 60 minutes. The error was: A socket operation was attempted to an unreachable host. (0x80072751) 
Oct 07 15:12:20 172.18.1.13 AgentDevice=WindowsLog	AgentLogFile=Security	Source=Security	Computer=OSF-V0PLEKU2G12	User=SYSTEM	Domain=NT AUTHORITY	EventID=577	EventIDCode=577	EventType=8	EventCategory=4	RecordNumber=405	TimeGenerated=1286482340	TimeWritten=1286482340	Message=Privileged Service Called:   Server:  NT Local Security Authority / Authentication Service   Service:  LsaRegisterLogonProcess()   Primary User Name: OSF-V0PLEKU2G12$   Primary Domain: EXERCISE   Primary Logon ID: (0x0,0x3E7)   Client User Name: OSF-V0PLEKU2G12$   Client Domain: EXERCISE   Client Logon ID: (0x0,0x3E7)   Privileges: SeTcbPrivilege 
Oct 07 14:59:58 172.18.1.13 AgentDevice=WindowsLog	AgentLogFile=System	Source=Service Control Manager	Computer=OSF-V0PLEKU2G12	User= 	Domain= 	EventID=1073748860	EventIDCode=7036	EventType=4	EventCategory=0	RecordNumber=135	TimeGenerated=1286481597	TimeWritten=1286481597	Message=The Windows Installer service entered the stopped state. 
Oct 07 14:57:23 172.18.1.13 AgentDevice=WindowsLog	AgentLogFile=Security	Source=Security	Computer=OSF-V0PLEKU2G12	User=SYSTEM	Domain=NT AUTHORITY	EventID=577	EventIDCode=577	EventType=8	EventCategory=4	RecordNumber=402	TimeGenerated=1286481442	TimeWritten=1286481442	Message=Privileged Service Called:   Server:  NT Local Security Authority / Authentication Service   Service:  LsaRegisterLogonProcess()   Primary User Name: OSF-V0PLEKU2G12$   Primary Domain: EXERCISE   Primary Logon ID: (0x0,0x3E7)   Client User Name: OSF-V0PLEKU2G12$   Client Domain: EXERCISE   Client Logon ID: (0x0,0x3E7)   Privileges: SeTcbPrivilege 
Oct 07 14:57:23 172.18.1.13 AgentDevice=WindowsLog	AgentLogFile=Security	Source=Security	Computer=OSF-V0PLEKU2G12	User=NETWORK SERVICE	Domain=NT AUTHORITY	EventID=576	EventIDCode=576	EventType=8	EventCategory=4	RecordNumber=401	TimeGenerated=1286481442	TimeWritten=1286481442	Message=Special privileges assigned to new logon:   User Name: NETWORK SERVICE   Domain:  NT AUTHORITY   Logon ID:  (0x0,0x3E4)   Privileges:  SeAuditPrivilege    SeAssignPrimaryTokenPrivilege    SeChangeNotifyPrivilege 
Oct 07 14:57:23 172.18.1.13 AgentDevice=WindowsLog	AgentLogFile=Security	Source=Security	Computer=OSF-V0PLEKU2G12	User=NETWORK SERVICE	Domain=NT AUTHORITY	EventID=528	EventIDCode=528	EventType=8	EventCategory=2	RecordNumber=400	TimeGenerated=1286481442	TimeWritten=1286481442	Message=Successful Logon:   User Name: NETWORK SERVICE   Domain:  NT AUTHORITY   Logon ID:  (0x0,0x3E4)   Logon Type: 5   Logon Process: Advapi     Authentication Package: Negotiate   Workstation Name:    Logon GUID: {00000000-0000-0000-0000-000000000000} 
Oct 07 14:50:06 172.18.1.13 AgentDevice=WindowsLog	AgentLogFile=System	Source=Service Control Manager	Computer=OSF-V0PLEKU2G12	User=jane	Domain=OSF-V0PLEKU2G12	EventID=1073748859	EventIDCode=7035	EventType=4	EventCategory=0	RecordNumber=134	TimeGenerated=1286481005	TimeWritten=1286481005	Message=The NetGroup Packet Filter Driver service was successfully sent a start control. 
Oct 07 14:49:58 172.18.1.13 AgentDevice=WindowsLog	AgentLogFile=Application	Source=MsiInstaller	Computer=OSF-V0PLEKU2G12	User= 	Domain= 	EventID=11707	EventIDCode=11707	EventType=4	EventCategory=0	RecordNumber=26	TimeGenerated=1286480997	TimeWritten=1286480997	Message=Product: Microsoft Visual C++ 2008 Redistributable - x86 9.0.30729.17 -- Installation completed successfully. 
Oct 07 14:49:42 172.18.1.13 AgentDevice=WindowsLog	AgentLogFile=System	Source=Service Control Manager	Computer=OSF-V0PLEKU2G12	User= 	Domain= 	EventID=1073748860	EventIDCode=7036	EventType=4	EventCategory=0	RecordNumber=133	TimeGenerated=1286480981	TimeWritten=1286480981	Message=The Windows Installer service entered the running state. 
Oct 07 14:42:47 172.18.1.13 AgentDevice=WindowsLog	AgentLogFile=System	Source=W32Time	Computer=OSF-V0PLEKU2G12	User= 	Domain= 	EventID=3260678173	EventIDCode=29	EventType=1	EventCategory=0	RecordNumber=131	TimeGenerated=1286480566	TimeWritten=1286480566	Message=The time provider NtpClient is configured to acquire time from one or more time sources, however none of the sources are currently accessible.  No attempt to contact a source will be made for 29 minutes. NtpClient has no source of accurate time.  
Oct 07 14:42:47 172.18.1.13 AgentDevice=WindowsLog	AgentLogFile=System	Source=W32Time	Computer=OSF-V0PLEKU2G12	User= 	Domain= 	EventID=2186936337	EventIDCode=17	EventType=1	EventCategory=0	RecordNumber=130	TimeGenerated=1286480566	TimeWritten=1286480566	Message=Time Provider NtpClient: An error occurred during DNS lookup of the manually configured peer 'time.windows.com,0x1'. NtpClient will try the DNS lookup again in 30 minutes. The error was: A socket operation was attempted to an unreachable host. (0x80072751) 
Oct 07 14:39:18 172.18.1.13 AgentDevice=WindowsLog	AgentLogFile=Security	Source=Security	Computer=OSF-V0PLEKU2G12	User=jane	Domain=OSF-V0PLEKU2G12	EventID=538	EventIDCode=538	EventType=8	EventCategory=2	RecordNumber=399	TimeGenerated=1286480358	TimeWritten=1286480358	Message=User Logoff:   User Name: jane   Domain:  OSF-V0PLEKU2G12   Logon ID:  (0x0,0x27971)   Logon Type: 2  
Oct 07 14:39:18 172.18.1.13 AgentDevice=WindowsLog	AgentLogFile=Security	Source=Security	Computer=OSF-V0PLEKU2G12	User=jane	Domain=OSF-V0PLEKU2G12	EventID=576	EventIDCode=576	EventType=8	EventCategory=4	RecordNumber=398	TimeGenerated=1286480358	TimeWritten=1286480358	Message=Special privileges assigned to new logon:   User Name:    Domain:     Logon ID:  (0x0,0x27971)   Privileges:  SeChangeNotifyPrivilege    SeBackupPrivilege    SeRestorePrivilege    SeDebugPrivilege 
Oct 07 14:39:18 172.18.1.13 AgentDevice=WindowsLog	AgentLogFile=Security	Source=Security	Computer=OSF-V0PLEKU2G12	User=jane	Domain=OSF-V0PLEKU2G12	EventID=528	EventIDCode=528	EventType=8	EventCategory=2	RecordNumber=397	TimeGenerated=1286480358	TimeWritten=1286480358	Message=Successful Logon:   User Name: jane   Domain:  OSF-V0PLEKU2G12   Logon ID:  (0x0,0x27971)   Logon Type: 2   Logon Process: Advapi     Authentication Package: Negotiate   Workstation Name: OSF-V0PLEKU2G12   Logon GUID: {00000000-0000-0000-0000-000000000000} 
Oct 07 14:39:18 172.18.1.13 AgentDevice=WindowsLog	AgentLogFile=Security	Source=Security	Computer=OSF-V0PLEKU2G12	User=SYSTEM	Domain=NT AUTHORITY	EventID=680	EventIDCode=680	EventType=8	EventCategory=9	RecordNumber=396	TimeGenerated=1286480358	TimeWritten=1286480358	Message=Logon attempt by: MICROSOFT_AUTHENTICATION_PACKAGE_V1_0  Logon account:  jane  Source Workstation: OSF-V0PLEKU2G12  Error Code: 0x0  
Oct 07 14:39:13 172.18.1.13 AgentDevice=WindowsLog	AgentLogFile=Security	Source=Security	Computer=OSF-V0PLEKU2G12	User=SYSTEM	Domain=NT AUTHORITY	EventID=529	EventIDCode=529	EventType=16	EventCategory=2	RecordNumber=395	TimeGenerated=1286480353	TimeWritten=1286480353	Message=Logon Failure:   Reason:  Unknown user name or bad password   User Name: jane   Domain:  OSF-V0PLEKU2G12   Logon Type: 2   Logon Process: Advapi     Authentication Package: Negotiate   Workstation Name: OSF-V0PLEKU2G12 
Oct 07 14:39:13 172.18.1.13 AgentDevice=WindowsLog	AgentLogFile=Security	Source=Security	Computer=OSF-V0PLEKU2G12	User=SYSTEM	Domain=NT AUTHORITY	EventID=680	EventIDCode=680	EventType=16	EventCategory=9	RecordNumber=394	TimeGenerated=1286480353	TimeWritten=1286480353	Message=Logon attempt by: MICROSOFT_AUTHENTICATION_PACKAGE_V1_0  Logon account:  jane  Source Workstation: OSF-V0PLEKU2G12  Error Code: 0xC000006A  
Oct 07 14:38:59 172.18.1.13 AgentDevice=WindowsLog	AgentLogFile=Security	Source=Security	Computer=OSF-V0PLEKU2G12	User=SYSTEM	Domain=NT AUTHORITY	EventID=577	EventIDCode=577	EventType=8	EventCategory=4	RecordNumber=393	TimeGenerated=1286480339	TimeWritten=1286480339	Message=Privileged Service Called:   Server:  NT Local Security Authority / Authentication Service   Service:  LsaRegisterLogonProcess()   Primary User Name: OSF-V0PLEKU2G12$   Primary Domain: EXERCISE   Primary Logon ID: (0x0,0x3E7)   Client User Name: OSF-V0PLEKU2G12$   Client Domain: EXERCISE   Client Logon ID: (0x0,0x3E7)   Privileges: SeTcbPrivilege 
Oct 07 14:38:59 172.18.1.13 AgentDevice=WindowsLog	AgentLogFile=Security	Source=Security	Computer=OSF-V0PLEKU2G12	User=NETWORK SERVICE	Domain=NT AUTHORITY	EventID=576	EventIDCode=576	EventType=8	EventCategory=4	RecordNumber=391	TimeGenerated=1286480339	TimeWritten=1286480339	Message=Special privileges assigned to new logon:   User Name: NETWORK SERVICE   Domain:  NT AUTHORITY   Logon ID:  (0x0,0x3E4)   Privileges:  SeAuditPrivilege    SeAssignPrimaryTokenPrivilege    SeChangeNotifyPrivilege 
Oct 07 14:38:59 172.18.1.13 AgentDevice=WindowsLog	AgentLogFile=Security	Source=Security	Computer=OSF-V0PLEKU2G12	User=NETWORK SERVICE	Domain=NT AUTHORITY	EventID=528	EventIDCode=528	EventType=8	EventCategory=2	RecordNumber=390	TimeGenerated=1286480339	TimeWritten=1286480339	Message=Successful Logon:   User Name: NETWORK SERVICE   Domain:  NT AUTHORITY   Logon ID:  (0x0,0x3E4)   Logon Type: 5   Logon Process: Advapi     Authentication Package: Negotiate   Workstation Name:    Logon GUID: {00000000-0000-0000-0000-000000000000} 
Oct 07 14:38:06 172.18.1.13 AgentDevice=WindowsLog	AgentLogFile=Security	Source=Security	Computer=OSF-V0PLEKU2G12	User=SYSTEM	Domain=NT AUTHORITY	EventID=529	EventIDCode=529	EventType=16	EventCategory=2	RecordNumber=389	TimeGenerated=1286480286	TimeWritten=1286480286	Message=Logon Failure:   Reason:  Unknown user name or bad password   User Name: haxx   Domain:  OSF-V0PLEKU2G12   Logon Type: 2   Logon Process: Advapi     Authentication Package: Negotiate   Workstation Name: OSF-V0PLEKU2G12 
Oct 07 14:38:06 172.18.1.13 AgentDevice=WindowsLog	AgentLogFile=Security	Source=Security	Computer=OSF-V0PLEKU2G12	User=SYSTEM	Domain=NT AUTHORITY	EventID=680	EventIDCode=680	EventType=16	EventCategory=9	RecordNumber=388	TimeGenerated=1286480286	TimeWritten=1286480286	Message=Logon attempt by: MICROSOFT_AUTHENTICATION_PACKAGE_V1_0  Logon account:  haxx  Source Workstation: OSF-V0PLEKU2G12  Error Code: 0xC000006E  
Oct 07 14:37:24 172.18.1.13 AgentDevice=WindowsLog	AgentLogFile=Security	Source=Security	Computer=OSF-V0PLEKU2G12	User=SYSTEM	Domain=NT AUTHORITY	EventID=577	EventIDCode=577	EventType=8	EventCategory=4	RecordNumber=387	TimeGenerated=1286480244	TimeWritten=1286480244	Message=Privileged Service Called:   Server:  NT Local Security Authority / Authentication Service   Service:  LsaRegisterLogonProcess()   Primary User Name: OSF-V0PLEKU2G12$   Primary Domain: EXERCISE   Primary Logon ID: (0x0,0x3E7)   Client User Name: OSF-V0PLEKU2G12$   Client Domain: EXERCISE   Client Logon ID: (0x0,0x3E7)   Privileges: SeTcbPrivilege 
Oct 07 14:37:24 172.18.1.13 AgentDevice=WindowsLog	AgentLogFile=Security	Source=Security	Computer=OSF-V0PLEKU2G12	User=NETWORK SERVICE	Domain=NT AUTHORITY	EventID=576	EventIDCode=576	EventType=8	EventCategory=4	RecordNumber=386	TimeGenerated=1286480244	TimeWritten=1286480244	Message=Special privileges assigned to new logon:   User Name: NETWORK SERVICE   Domain:  NT AUTHORITY   Logon ID:  (0x0,0x3E4)   Privileges:  SeAuditPrivilege    SeAssignPrimaryTokenPrivilege    SeChangeNotifyPrivilege 
Oct 07 14:37:24 172.18.1.13 AgentDevice=WindowsLog	AgentLogFile=Security	Source=Security	Computer=OSF-V0PLEKU2G12	User=NETWORK SERVICE	Domain=NT AUTHORITY	EventID=528	EventIDCode=528	EventType=8	EventCategory=2	RecordNumber=385	TimeGenerated=1286480244	TimeWritten=1286480244	Message=Successful Logon:   User Name: NETWORK SERVICE   Domain:  NT AUTHORITY   Logon ID:  (0x0,0x3E4)   Logon Type: 5   Logon Process: Advapi     Authentication Package: Negotiate   Workstation Name:    Logon GUID: {00000000-0000-0000-0000-000000000000} 
Oct 07 14:36:34 172.18.1.13 AgentDevice=WindowsLog	AgentLogFile=Security	Source=Security	Computer=OSF-V0PLEKU2G12	User=SYSTEM	Domain=NT AUTHORITY	EventID=636	EventIDCode=636	EventType=8	EventCategory=7	RecordNumber=384	TimeGenerated=1286480193	TimeWritten=1286480193	Message=Security Enabled Local Group Member Added:   Member Name: -   Member ID: OSF-V0PLEKU2G12\haxx   Target Account Name: Administrators   Target Domain: Builtin   Target Account ID: BUILTIN\Administrators   Caller User Name: OSF-V0PLEKU2G12$   Caller Domain: EXERCISE   Caller Logon ID: (0x0,0x3E7)   Privileges: -  
Oct 07 14:36:16 172.18.1.13 AgentDevice=WindowsLog	AgentLogFile=Security	Source=Security	Computer=OSF-V0PLEKU2G12	User=SYSTEM	Domain=NT AUTHORITY	EventID=636	EventIDCode=636	EventType=8	EventCategory=7	RecordNumber=383	TimeGenerated=1286480176	TimeWritten=1286480176	Message=Security Enabled Local Group Member Added:   Member Name: -   Member ID: OSF-V0PLEKU2G12\haxx   Target Account Name: Users   Target Domain: Builtin   Target Account ID: BUILTIN\Users   Caller User Name: OSF-V0PLEKU2G12$   Caller Domain: EXERCISE   Caller Logon ID: (0x0,0x3E7)   Privileges: -  
Oct 07 14:36:16 172.18.1.13 AgentDevice=WindowsLog	AgentLogFile=Security	Source=Security	Computer=OSF-V0PLEKU2G12	User=SYSTEM	Domain=NT AUTHORITY	EventID=642	EventIDCode=642	EventType=8	EventCategory=7	RecordNumber=382	TimeGenerated=1286480176	TimeWritten=1286480176	Message=User Account Changed:   -   Target Account Name: haxx   Target Domain: OSF-V0PLEKU2G12   Target Account ID: OSF-V0PLEKU2G12\haxx   Caller User Name: OSF-V0PLEKU2G12$   Caller Domain: EXERCISE   Caller Logon ID: (0x0,0x3E7)   Privileges: -  
Oct 07 14:36:16 172.18.1.13 AgentDevice=WindowsLog	AgentLogFile=Security	Source=Security	Computer=OSF-V0PLEKU2G12	User=SYSTEM	Domain=NT AUTHORITY	EventID=626	EventIDCode=626	EventType=8	EventCategory=7	RecordNumber=381	TimeGenerated=1286480176	TimeWritten=1286480176	Message=User Account Enabled:   Target Account Name: haxx   Target Domain: OSF-V0PLEKU2G12   Target Account ID: OSF-V0PLEKU2G12\haxx   Caller User Name: OSF-V0PLEKU2G12$   Caller Domain: EXERCISE   Caller Logon ID: (0x0,0x3E7)  
Oct 07 14:36:16 172.18.1.13 AgentDevice=WindowsLog	AgentLogFile=Security	Source=Security	Computer=OSF-V0PLEKU2G12	User=SYSTEM	Domain=NT AUTHORITY	EventID=624	EventIDCode=624	EventType=8	EventCategory=7	RecordNumber=380	TimeGenerated=1286480176	TimeWritten=1286480176	Message=User Account Created:   New Account Name: haxx   New Domain: OSF-V0PLEKU2G12   New Account ID: OSF-V0PLEKU2G12\haxx   Caller User Name: OSF-V0PLEKU2G12$   Caller Domain: EXERCISE   Caller Logon ID: (0x0,0x3E7)   Privileges  -  
Oct 07 14:36:16 172.18.1.13 AgentDevice=WindowsLog	AgentLogFile=Security	Source=Security	Computer=OSF-V0PLEKU2G12	User=SYSTEM	Domain=NT AUTHORITY	EventID=632	EventIDCode=632	EventType=8	EventCategory=7	RecordNumber=379	TimeGenerated=1286480176	TimeWritten=1286480176	Message=Security Enabled Global Group Member Added:   Member Name: -   Member ID: OSF-V0PLEKU2G12\haxx   Target Account Name: None   Target Domain: OSF-V0PLEKU2G12   Target Account ID: OSF-V0PLEKU2G12\None   Caller User Name: OSF-V0PLEKU2G12$   Caller Domain: EXERCISE   Caller Logon ID: (0x0,0x3E7)   Privileges: -  
Oct 07 14:35:43 172.18.1.13 AgentDevice=WindowsLog	AgentLogFile=Security	Source=Security	Computer=OSF-V0PLEKU2G12	User=SYSTEM	Domain=NT AUTHORITY	EventID=529	EventIDCode=529	EventType=16	EventCategory=2	RecordNumber=378	TimeGenerated=1286480142	TimeWritten=1286480142	Message=Logon Failure:   Reason:  Unknown user name or bad password   User Name: jane   Domain:  OSF-V0PLEKU2G12   Logon Type: 2   Logon Process: Advapi     Authentication Package: Negotiate   Workstation Name: OSF-V0PLEKU2G12 
Oct 07 14:29:00 172.18.1.13 AgentDevice=WindowsLog	AgentLogFile=Security	Source=Security	Computer=OSF-V0PLEKU2G12	User=NETWORK SERVICE	Domain=NT AUTHORITY	EventID=576	EventIDCode=576	EventType=8	EventCategory=4	RecordNumber=375	TimeGenerated=1286479740	TimeWritten=1286479740	Message=Special privileges assigned to new logon:   User Name: NETWORK SERVICE   Domain:  NT AUTHORITY   Logon ID:  (0x0,0x3E4)   Privileges:  SeAuditPrivilege    SeAssignPrimaryTokenPrivilege    SeChangeNotifyPrivilege 
Oct 07 14:29:00 172.18.1.13 AgentDevice=WindowsLog	AgentLogFile=Security	Source=Security	Computer=OSF-V0PLEKU2G12	User=NETWORK SERVICE	Domain=NT AUTHORITY	EventID=528	EventIDCode=528	EventType=8	EventCategory=2	RecordNumber=374	TimeGenerated=1286479740	TimeWritten=1286479740	Message=Successful Logon:   User Name: NETWORK SERVICE   Domain:  NT AUTHORITY   Logon ID:  (0x0,0x3E4)   Logon Type: 5   Logon Process: Advapi     Authentication Package: Negotiate   Workstation Name:    Logon GUID: {00000000-0000-0000-0000-000000000000} 
Oct 07 14:29:00 172.18.1.13 AgentDevice=WindowsLog	AgentLogFile=Security	Source=Security	Computer=OSF-V0PLEKU2G12	User=NETWORK SERVICE	Domain=NT AUTHORITY	EventID=576	EventIDCode=576	EventType=8	EventCategory=4	RecordNumber=372	TimeGenerated=1286479740	TimeWritten=1286479740	Message=Special privileges assigned to new logon:   User Name: NETWORK SERVICE   Domain:  NT AUTHORITY   Logon ID:  (0x0,0x3E4)   Privileges:  SeAuditPrivilege    SeAssignPrimaryTokenPrivilege    SeChangeNotifyPrivilege 
Oct 07 14:29:00 172.18.1.13 AgentDevice=WindowsLog	AgentLogFile=Security	Source=Security	Computer=OSF-V0PLEKU2G12	User=NETWORK SERVICE	Domain=NT AUTHORITY	EventID=528	EventIDCode=528	EventType=8	EventCategory=2	RecordNumber=371	TimeGenerated=1286479740	TimeWritten=1286479740	Message=Successful Logon:   User Name: NETWORK SERVICE   Domain:  NT AUTHORITY   Logon ID:  (0x0,0x3E4)   Logon Type: 5   Logon Process: Advapi     Authentication Package: Negotiate   Workstation Name:    Logon GUID: {00000000-0000-0000-0000-000000000000} 
Oct 07 14:29:01 172.18.1.13 AgentDevice=WindowsLog	AgentLogFile=Security	Source=Security	Computer=OSF-V0PLEKU2G12	User=SYSTEM	Domain=NT AUTHORITY	EventID=577	EventIDCode=577	EventType=8	EventCategory=4	RecordNumber=376	TimeGenerated=1286479741	TimeWritten=1286479741	Message=Privileged Service Called:   Server:  NT Local Security Authority / Authentication Service   Service:  LsaRegisterLogonProcess()   Primary User Name: OSF-V0PLEKU2G12$   Primary Domain: EXERCISE   Primary Logon ID: (0x0,0x3E7)   Client User Name: OSF-V0PLEKU2G12$   Client Domain: EXERCISE   Client Logon ID: (0x0,0x3E7)   Privileges: SeTcbPrivilege 
Oct 07 14:28:37 172.18.1.13 AgentDevice=WindowsLog	AgentLogFile=System	Source=Service Control Manager	Computer=OSF-V0PLEKU2G12	User=SYSTEM	Domain=NT AUTHORITY	EventID=1073748859	EventIDCode=7035	EventType=4	EventCategory=0	RecordNumber=127	TimeGenerated=1286479717	TimeWritten=1286479717	Message=The Network Location Awareness (NLA) service was successfully sent a start control. 
Oct 07 14:28:37 172.18.1.13 AgentDevice=WindowsLog	AgentLogFile=System	Source=Service Control Manager	Computer=OSF-V0PLEKU2G12	User=jane	Domain=OSF-V0PLEKU2G12	EventID=1073748859	EventIDCode=7035	EventType=4	EventCategory=0	RecordNumber=122	TimeGenerated=1286479717	TimeWritten=1286479717	Message=The Fast User Switching Compatibility service was successfully sent a start control. 
Oct 07 14:27:46 172.18.1.13 AgentDevice=WindowsLog	AgentLogFile=System	Source=W32Time	Computer=OSF-V0PLEKU2G12	User= 	Domain= 	EventID=3260678173	EventIDCode=29	EventType=1	EventCategory=0	RecordNumber=120	TimeGenerated=1286479666	TimeWritten=1286479666	Message=The time provider NtpClient is configured to acquire time from one or more time sources, however none of the sources are currently accessible.  No attempt to contact a source will be made for 14 minutes. NtpClient has no source of accurate time.  
Oct 07 14:27:31 172.18.1.13 AgentDevice=WindowsLog	AgentLogFile=System	Source=atapi	Computer=OSF-V0PLEKU2G12	User= 	Domain= 	EventID=3221487625	EventIDCode=9	EventType=1	EventCategory=0	RecordNumber=118	TimeGenerated=1286479630	TimeWritten=1286479650	Message=The device, \Device\Ide\IdePort1, did not respond within the timeout period. 
Oct 07 14:27:31 172.18.1.13 AgentDevice=WindowsLog	AgentLogFile=System	Source=atapi	Computer=OSF-V0PLEKU2G12	User= 	Domain= 	EventID=3221487625	EventIDCode=9	EventType=1	EventCategory=0	RecordNumber=117	TimeGenerated=1286479620	TimeWritten=1286479650	Message=The device, \Device\Ide\IdePort1, did not respond within the timeout period. 
Oct 07 14:27:27 172.18.1.13 AgentDevice=WindowsLog	AgentLogFile=System	Source=W32Time	Computer=OSF-V0PLEKU2G12	User= 	Domain= 	EventID=3260678173	EventIDCode=29	EventType=1	EventCategory=0	RecordNumber=116	TimeGenerated=1286479646	TimeWritten=1286479646	Message=The time provider NtpClient is configured to acquire time from one or more time sources, however none of the sources are currently accessible.  No attempt to contact a source will be made for 14 minutes. NtpClient has no source of accurate time.  
Oct 07 14:27:27 172.18.1.13 AgentDevice=WindowsLog	AgentLogFile=System	Source=W32Time	Computer=OSF-V0PLEKU2G12	User= 	Domain= 	EventID=2186936337	EventIDCode=17	EventType=1	EventCategory=0	RecordNumber=115	TimeGenerated=1286479646	TimeWritten=1286479646	Message=Time Provider NtpClient: An error occurred during DNS lookup of the manually configured peer 'time.windows.com,0x1'. NtpClient will try the DNS lookup again in 15 minutes. The error was: A socket operation was attempted to an unreachable host. (0x80072751) 
Oct 07 14:26:23 172.18.1.13 AgentDevice=WindowsLog	AgentLogFile=Security	Source=Security	Computer=OSF-V0PLEKU2G12	User=jane	Domain=OSF-V0PLEKU2G12	EventID=551	EventIDCode=551	EventType=8	EventCategory=2	RecordNumber=311	TimeGenerated=1286479582	TimeWritten=1286479582	Message=User initiated logoff:   User Name: jane   Domain:  OSF-V0PLEKU2G12   Logon ID:  (0x0,0xc291)  
Oct 07 14:26:23 172.18.1.13 AgentDevice=WindowsLog	AgentLogFile=Security	Source=Security	Computer=OSF-V0PLEKU2G12	User=SYSTEM	Domain=NT AUTHORITY	EventID=577	EventIDCode=577	EventType=8	EventCategory=4	RecordNumber=310	TimeGenerated=1286479582	TimeWritten=1286479582	Message=Privileged Service Called:   Server:  NT Local Security Authority / Authentication Service   Service:  LsaRegisterLogonProcess()   Primary User Name: OSF-V0PLEKU2G12$   Primary Domain: EXERCISE   Primary Logon ID: (0x0,0x3E7)   Client User Name: OSF-V0PLEKU2G12$   Client Domain: EXERCISE   Client Logon ID: (0x0,0x3E7)   Privileges: SeTcbPrivilege 
Oct 07 14:26:01 172.18.1.13 AgentDevice=WindowsLog	AgentLogFile=Security	Source=Security	Computer=OSF-V0PLEKU2G12	User=SYSTEM	Domain=NT AUTHORITY	EventID=577	EventIDCode=577	EventType=8	EventCategory=4	RecordNumber=309	TimeGenerated=1286479561	TimeWritten=1286479561	Message=Privileged Service Called:   Server:  NT Local Security Authority / Authentication Service   Service:  LsaRegisterLogonProcess()   Primary User Name: OSF-V0PLEKU2G12$   Primary Domain: EXERCISE   Primary Logon ID: (0x0,0x3E7)   Client User Name: OSF-V0PLEKU2G12$   Client Domain: EXERCISE   Client Logon ID: (0x0,0x3E7)   Privileges: SeTcbPrivilege 
Oct 07 14:26:01 172.18.1.13 AgentDevice=WindowsLog	AgentLogFile=Security	Source=Security	Computer=OSF-V0PLEKU2G12	User=NETWORK SERVICE	Domain=NT AUTHORITY	EventID=576	EventIDCode=576	EventType=8	EventCategory=4	RecordNumber=308	TimeGenerated=1286479560	TimeWritten=1286479560	Message=Special privileges assigned to new logon:   User Name: NETWORK SERVICE   Domain:  NT AUTHORITY   Logon ID:  (0x0,0x3E4)   Privileges:  SeAuditPrivilege    SeAssignPrimaryTokenPrivilege    SeChangeNotifyPrivilege 
Oct 07 14:26:01 172.18.1.13 AgentDevice=WindowsLog	AgentLogFile=Security	Source=Security	Computer=OSF-V0PLEKU2G12	User=NETWORK SERVICE	Domain=NT AUTHORITY	EventID=528	EventIDCode=528	EventType=8	EventCategory=2	RecordNumber=307	TimeGenerated=1286479560	TimeWritten=1286479560	Message=Successful Logon:   User Name: NETWORK SERVICE   Domain:  NT AUTHORITY   Logon ID:  (0x0,0x3E4)   Logon Type: 5   Logon Process: Advapi     Authentication Package: Negotiate   Workstation Name:    Logon GUID: {00000000-0000-0000-0000-000000000000} 
Oct 07 14:26:01 172.18.1.13 AgentDevice=WindowsLog	AgentLogFile=Security	Source=Security	Computer=OSF-V0PLEKU2G12	User=SYSTEM	Domain=NT AUTHORITY	EventID=577	EventIDCode=577	EventType=8	EventCategory=4	RecordNumber=306	TimeGenerated=1286479560	TimeWritten=1286479560	Message=Privileged Service Called:   Server:  NT Local Security Authority / Authentication Service   Service:  LsaRegisterLogonProcess()   Primary User Name: OSF-V0PLEKU2G12$   Primary Domain: EXERCISE   Primary Logon ID: (0x0,0x3E7)   Client User Name: OSF-V0PLEKU2G12$   Client Domain: EXERCISE   Client Logon ID: (0x0,0x3E7)   Privileges: SeTcbPrivilege 
Oct 07 14:26:00 172.18.1.13 AgentDevice=WindowsLog	AgentLogFile=Security	Source=Security	Computer=OSF-V0PLEKU2G12	User=NETWORK SERVICE	Domain=NT AUTHORITY	EventID=576	EventIDCode=576	EventType=8	EventCategory=4	RecordNumber=305	TimeGenerated=1286479560	TimeWritten=1286479560	Message=Special privileges assigned to new logon:   User Name: NETWORK SERVICE   Domain:  NT AUTHORITY   Logon ID:  (0x0,0x3E4)   Privileges:  SeAuditPrivilege    SeAssignPrimaryTokenPrivilege    SeChangeNotifyPrivilege 
Oct 07 14:23:28 172.18.1.13 AgentDevice=WindowsLog	AgentLogFile=Security	Source=Security	Computer=OSF-V0PLEKU2G12	User=jane	Domain=OSF-V0PLEKU2G12	EventID=538	EventIDCode=538	EventType=8	EventCategory=2	RecordNumber=302	TimeGenerated=1286479407	TimeWritten=1286479407	Message=User Logoff:   User Name: jane   Domain:  OSF-V0PLEKU2G12   Logon ID:  (0x0,0x36314F)   Logon Type: 2  
Oct 07 14:23:28 172.18.1.13 AgentDevice=WindowsLog	AgentLogFile=Security	Source=Security	Computer=OSF-V0PLEKU2G12	User=jane	Domain=OSF-V0PLEKU2G12	EventID=576	EventIDCode=576	EventType=8	EventCategory=4	RecordNumber=301	TimeGenerated=1286479407	TimeWritten=1286479407	Message=Special privileges assigned to new logon:   User Name:    Domain:     Logon ID:  (0x0,0x36314F)   Privileges:  SeChangeNotifyPrivilege    SeBackupPrivilege    SeRestorePrivilege    SeDebugPrivilege 
Oct 07 14:23:28 172.18.1.13 AgentDevice=WindowsLog	AgentLogFile=Security	Source=Security	Computer=OSF-V0PLEKU2G12	User=jane	Domain=OSF-V0PLEKU2G12	EventID=528	EventIDCode=528	EventType=8	EventCategory=2	RecordNumber=300	TimeGenerated=1286479407	TimeWritten=1286479407	Message=Successful Logon:   User Name: jane   Domain:  OSF-V0PLEKU2G12   Logon ID:  (0x0,0x36314F)   Logon Type: 2   Logon Process: Advapi     Authentication Package: Negotiate   Workstation Name: OSF-V0PLEKU2G12   Logon GUID: {00000000-0000-0000-0000-000000000000} 
Oct 07 14:23:28 172.18.1.13 AgentDevice=WindowsLog	AgentLogFile=Security	Source=Security	Computer=OSF-V0PLEKU2G12	User=SYSTEM	Domain=NT AUTHORITY	EventID=680	EventIDCode=680	EventType=8	EventCategory=9	RecordNumber=299	TimeGenerated=1286479407	TimeWritten=1286479407	Message=Logon attempt by: MICROSOFT_AUTHENTICATION_PACKAGE_V1_0  Logon account:  jane  Source Workstation: OSF-V0PLEKU2G12  Error Code: 0x0  
Oct 07 14:23:23 172.18.1.13 AgentDevice=WindowsLog	AgentLogFile=Security	Source=Security	Computer=OSF-V0PLEKU2G12	User=SYSTEM	Domain=NT AUTHORITY	EventID=529	EventIDCode=529	EventType=16	EventCategory=2	RecordNumber=298	TimeGenerated=1286479403	TimeWritten=1286479403	Message=Logon Failure:   Reason:  Unknown user name or bad password   User Name: jane   Domain:  OSF-V0PLEKU2G12   Logon Type: 2   Logon Process: Advapi     Authentication Package: Negotiate   Workstation Name: OSF-V0PLEKU2G12 
Oct 07 12:29:27 172.18.1.13 AgentDevice=WindowsLog	AgentLogFile=System	Source=W32Time	Computer=OSF-V0PLEKU2G12	User= 	Domain= 	EventID=3260678173	EventIDCode=29	EventType=1	EventCategory=0	RecordNumber=111	TimeGenerated=1286472567	TimeWritten=1286472567	Message=The time provider NtpClient is configured to acquire time from one or more time sources, however none of the sources are currently accessible.  No attempt to contact a source will be made for 959 minutes. NtpClient has no source of accurate time.  
Oct 07 11:55:23 172.18.1.20 AgentDevice=WindowsLog	AgentLogFile=System	Source=W32Time	Computer=OSF-477F9B9DC69	User= 	Domain= 	EventID=2186936368	EventIDCode=48	EventType=1	EventCategory=0	RecordNumber=123	TimeGenerated=1286470523	TimeWritten=1286470523	Message=Time Provider NtpClient: An error occurred during DNS lookup of the manually configured peer 'time.windows.com,0x1'. NtpClient will continue to try the DNS lookup every 960 minutes.  This message will not be logged again until a successful lookup  of this manually configured peer occurs.  The error was: A socket operation was attempted to an unreachable host. (0x80072751) 
Oct 07 11:22:26 172.18.1.30 AgentDevice=WindowsLog	AgentLogFile=System	Source=W32Time	Computer=OSF-MOSS-SP	User= 	Domain= 	EventID=2186936368	EventIDCode=48	EventType=1	EventCategory=0	RecordNumber=67	TimeGenerated=1286468546	TimeWritten=1286468546	Message=Time Provider NtpClient: An error occurred during DNS lookup of the manually configured peer 'time.windows.com,0x1'. NtpClient will continue to try the DNS lookup every 960 minutes.  This message will not be logged again until a successful lookup  of this manually configured peer occurs.  The error was: A socket operation was attempted to an unreachable host. (0x80072751) 
Oct 07 10:23:19 172.18.1.13 AgentDevice=WindowsLog	AgentLogFile=System	Source=W32Time	Computer=OSF-V0PLEKU2G12	User= 	Domain= 	EventID=2186936356	EventIDCode=36	EventType=2	EventCategory=0	RecordNumber=109	TimeGenerated=1286464999	TimeWritten=1286464999	Message=The time service has not been able to synchronize the system time for 49152 seconds because none of the time providers has been able to provide a usable time stamp. The system clock is unsynchronized. 
Oct 07 04:29:27 172.18.1.13 AgentDevice=WindowsLog	AgentLogFile=System	Source=W32Time	Computer=OSF-V0PLEKU2G12	User= 	Domain= 	EventID=3260678173	EventIDCode=29	EventType=1	EventCategory=0	RecordNumber=108	TimeGenerated=1286443767	TimeWritten=1286443767	Message=The time provider NtpClient is configured to acquire time from one or more time sources, however none of the sources are currently accessible.  No attempt to contact a source will be made for 479 minutes. NtpClient has no source of accurate time.  
Oct 07 00:29:26 172.18.1.13 AgentDevice=WindowsLog	AgentLogFile=System	Source=W32Time	Computer=OSF-V0PLEKU2G12	User= 	Domain= 	EventID=3260678173	EventIDCode=29	EventType=1	EventCategory=0	RecordNumber=106	TimeGenerated=1286429366	TimeWritten=1286429366	Message=The time provider NtpClient is configured to acquire time from one or more time sources, however none of the sources are currently accessible.  No attempt to contact a source will be made for 239 minutes. NtpClient has no source of accurate time.  
Oct 06 23:54:59 172.18.1.20 AgentDevice=WindowsLog	AgentLogFile=System	Source=W32Time	Computer=OSF-477F9B9DC69	User= 	Domain= 	EventID=2186936337	EventIDCode=17	EventType=1	EventCategory=0	RecordNumber=121	TimeGenerated=1286427299	TimeWritten=1286427299	Message=Time Provider NtpClient: An error occurred during DNS lookup of the manually configured peer 'time.windows.com,0x1'. NtpClient will try the DNS lookup again in 240 minutes. The error was: A socket operation was attempted to an unreachable host. (0x80072751) 
Oct 06 23:22:02 172.18.1.30 AgentDevice=WindowsLog	AgentLogFile=System	Source=W32Time	Computer=OSF-MOSS-SP	User= 	Domain= 	EventID=2186936337	EventIDCode=17	EventType=1	EventCategory=0	RecordNumber=65	TimeGenerated=1286425322	TimeWritten=1286425322	Message=Time Provider NtpClient: An error occurred during DNS lookup of the manually configured peer 'time.windows.com,0x1'. NtpClient will try the DNS lookup again in 240 minutes. The error was: A socket operation was attempted to an unreachable host. (0x80072751) 
Oct 06 22:29:26 172.18.1.13 AgentDevice=WindowsLog	AgentLogFile=System	Source=W32Time	Computer=OSF-V0PLEKU2G12	User= 	Domain= 	EventID=3260678173	EventIDCode=29	EventType=1	EventCategory=0	RecordNumber=104	TimeGenerated=1286422166	TimeWritten=1286422166	Message=The time provider NtpClient is configured to acquire time from one or more time sources, however none of the sources are currently accessible.  No attempt to contact a source will be made for 119 minutes. NtpClient has no source of accurate time.  
Oct 06 21:29:27 172.18.1.13 AgentDevice=WindowsLog	AgentLogFile=System	Source=W32Time	Computer=OSF-V0PLEKU2G12	User= 	Domain= 	EventID=3260678173	EventIDCode=29	EventType=1	EventCategory=0	RecordNumber=102	TimeGenerated=1286418566	TimeWritten=1286418566	Message=The time provider NtpClient is configured to acquire time from one or more time sources, however none of the sources are currently accessible.  No attempt to contact a source will be made for 59 minutes. NtpClient has no source of accurate time.  
Oct 06 21:23:13 172.18.1.13 AgentDevice=WindowsLog	AgentLogFile=Security	Source=Security	Computer=OSF-V0PLEKU2G12	User=SYSTEM	Domain=NT AUTHORITY	EventID=577	EventIDCode=577	EventType=8	EventCategory=4	RecordNumber=296	TimeGenerated=1286418193	TimeWritten=1286418193	Message=Privileged Service Called:   Server:  NT Local Security Authority / Authentication Service   Service:  LsaRegisterLogonProcess()   Primary User Name: OSF-V0PLEKU2G12$   Primary Domain: EXERCISE   Primary Logon ID: (0x0,0x3E7)   Client User Name: OSF-V0PLEKU2G12$   Client Domain: EXERCISE   Client Logon ID: (0x0,0x3E7)   Privileges: SeTcbPrivilege 
Oct 06 21:15:00 172.18.1.13 AgentDevice=WindowsLog	AgentLogFile=System	Source=Schedule	Computer=OSF-V0PLEKU2G12	User= 	Domain= 	EventID=3221233373	EventIDCode=7901	EventType=1	EventCategory=0	RecordNumber=100	TimeGenerated=1286417700	TimeWritten=1286417700	Message=The At1.job command failed to start due to the following error:  %%2147942402 
Oct 06 21:04:40 172.18.1.30 AgentDevice=WindowsLog	AgentLogFile=System	Source=Service Control Manager	Computer=OSF-MOSS-SP	User= 	Domain= 	EventID=1073748860	EventIDCode=7036	EventType=4	EventCategory=0	RecordNumber=63	TimeGenerated=1286417080	TimeWritten=1286417080	Message=The WinHTTP Web Proxy Auto-Discovery Service service entered the stopped state. 
Oct 06 20:59:27 172.18.1.13 AgentDevice=WindowsLog	AgentLogFile=System	Source=W32Time	Computer=OSF-V0PLEKU2G12	User= 	Domain= 	EventID=3260678173	EventIDCode=29	EventType=1	EventCategory=0	RecordNumber=99	TimeGenerated=1286416766	TimeWritten=1286416766	Message=The time provider NtpClient is configured to acquire time from one or more time sources, however none of the sources are currently accessible.  No attempt to contact a source will be made for 29 minutes. NtpClient has no source of accurate time.  
Oct 06 20:59:27 172.18.1.13 AgentDevice=WindowsLog	AgentLogFile=System	Source=W32Time	Computer=OSF-V0PLEKU2G12	User= 	Domain= 	EventID=2186936337	EventIDCode=17	EventType=1	EventCategory=0	RecordNumber=98	TimeGenerated=1286416766	TimeWritten=1286416766	Message=Time Provider NtpClient: An error occurred during DNS lookup of the manually configured peer 'time.windows.com,0x1'. NtpClient will try the DNS lookup again in 30 minutes. The error was: A socket operation was attempted to an unreachable host. (0x80072751) 
Oct 06 20:55:38 172.18.1.13 AgentDevice=WindowsLog	AgentLogFile=Security	Source=Security	Computer=OSF-V0PLEKU2G12	User=NETWORK SERVICE	Domain=NT AUTHORITY	EventID=576	EventIDCode=576	EventType=8	EventCategory=4	RecordNumber=293	TimeGenerated=1286416538	TimeWritten=1286416538	Message=Special privileges assigned to new logon:   User Name: NETWORK SERVICE   Domain:  NT AUTHORITY   Logon ID:  (0x0,0x3E4)   Privileges:  SeAuditPrivilege    SeAssignPrimaryTokenPrivilege    SeChangeNotifyPrivilege 
Oct 06 20:54:35 172.18.1.20 AgentDevice=WindowsLog	AgentLogFile=System	Source=W32Time	Computer=OSF-477F9B9DC69	User= 	Domain= 	EventID=2186936337	EventIDCode=17	EventType=1	EventCategory=0	RecordNumber=119	TimeGenerated=1286416475	TimeWritten=1286416475	Message=Time Provider NtpClient: An error occurred during DNS lookup of the manually configured peer 'time.windows.com,0x1'. NtpClient will try the DNS lookup again in 60 minutes. The error was: A socket operation was attempted to an unreachable host. (0x80072751) 
Oct 06 20:53:24 172.18.1.13 AgentDevice=WindowsLog	AgentLogFile=Security	Source=Security	Computer=OSF-V0PLEKU2G12	User=NETWORK SERVICE	Domain=NT AUTHORITY	EventID=576	EventIDCode=576	EventType=8	EventCategory=4	RecordNumber=289	TimeGenerated=1286416403	TimeWritten=1286416403	Message=Special privileges assigned to new logon:   User Name: NETWORK SERVICE   Domain:  NT AUTHORITY   Logon ID:  (0x0,0x3E4)   Privileges:  SeAuditPrivilege    SeAssignPrimaryTokenPrivilege    SeChangeNotifyPrivilege 
Oct 06 20:53:24 172.18.1.13 AgentDevice=WindowsLog	AgentLogFile=Security	Source=Security	Computer=OSF-V0PLEKU2G12	User=NETWORK SERVICE	Domain=NT AUTHORITY	EventID=528	EventIDCode=528	EventType=8	EventCategory=2	RecordNumber=288	TimeGenerated=1286416403	TimeWritten=1286416403	Message=Successful Logon:   User Name: NETWORK SERVICE   Domain:  NT AUTHORITY   Logon ID:  (0x0,0x3E4)   Logon Type: 5   Logon Process: Advapi     Authentication Package: Negotiate   Workstation Name:    Logon GUID: {00000000-0000-0000-0000-000000000000} 
Oct 06 20:53:23 172.18.1.13 AgentDevice=WindowsLog	AgentLogFile=Security	Source=Security	Computer=OSF-V0PLEKU2G12	User=NETWORK SERVICE	Domain=NT AUTHORITY	EventID=528	EventIDCode=528	EventType=8	EventCategory=2	RecordNumber=286	TimeGenerated=1286416402	TimeWritten=1286416402	Message=Successful Logon:   User Name: NETWORK SERVICE   Domain:  NT AUTHORITY   Logon ID:  (0x0,0x3E4)   Logon Type: 5   Logon Process: Advapi     Authentication Package: Negotiate   Workstation Name:    Logon GUID: {00000000-0000-0000-0000-000000000000} 
Oct 06 20:53:23 172.18.1.13 AgentDevice=WindowsLog	AgentLogFile=Security	Source=Security	Computer=OSF-V0PLEKU2G12	User=NETWORK SERVICE	Domain=NT AUTHORITY	EventID=576	EventIDCode=576	EventType=8	EventCategory=4	RecordNumber=287	TimeGenerated=1286416402	TimeWritten=1286416402	Message=Special privileges assigned to new logon:   User Name: NETWORK SERVICE   Domain:  NT AUTHORITY   Logon ID:  (0x0,0x3E4)   Privileges:  SeAuditPrivilege    SeAssignPrimaryTokenPrivilege    SeChangeNotifyPrivilege 
Oct 06 20:53:23 172.18.1.13 AgentDevice=WindowsLog	AgentLogFile=Security	Source=Security	Computer=OSF-V0PLEKU2G12	User=SYSTEM	Domain=NT AUTHORITY	EventID=577	EventIDCode=577	EventType=8	EventCategory=4	RecordNumber=285	TimeGenerated=1286416402	TimeWritten=1286416402	Message=Privileged Service Called:   Server:  NT Local Security Authority / Authentication Service   Service:  LsaRegisterLogonProcess()   Primary User Name: OSF-V0PLEKU2G12$   Primary Domain: EXERCISE   Primary Logon ID: (0x0,0x3E7)   Client User Name: OSF-V0PLEKU2G12$   Client Domain: EXERCISE   Client Logon ID: (0x0,0x3E7)   Privileges: SeTcbPrivilege 
Oct 06 20:51:13 172.18.1.20 AgentDevice=WindowsLog	AgentLogFile=System	Source=Service Control Manager	Computer=OSF-477F9B9DC69	User= 	Domain= 	EventID=1073748860	EventIDCode=7036	EventType=4	EventCategory=0	RecordNumber=118	TimeGenerated=1286416273	TimeWritten=1286416273	Message=The WinHTTP Web Proxy Auto-Discovery Service service entered the stopped state. 
Oct 06 20:48:26 172.18.1.30 AgentDevice=WindowsLog	AgentLogFile=Security	Source=Security	Computer=OSF-MOSS-SP	User=SYSTEM	Domain=NT AUTHORITY	EventID=577	EventIDCode=577	EventType=8	EventCategory=4	RecordNumber=61	TimeGenerated=1286416105	TimeWritten=1286416105	Message=Privileged Service Called:   Server:  NT Local Security Authority / Authentication Service   Service:  LsaRegisterLogonProcess()   Primary User Name: OSF-MOSS-SP$   Primary Domain: OSF   Primary Logon ID: (0x0,0x3E7)   Client User Name: OSF-MOSS-SP$   Client Domain: OSF   Client Logon ID: (0x0,0x3E7)   Privileges: SeTcbPrivilege 
Oct 06 20:47:48 172.18.1.13 AgentDevice=WindowsLog	AgentLogFile=Application	Source=LoadPerf	Computer=OSF-V0PLEKU2G12	User= 	Domain= 	EventID=1073742824	EventIDCode=1000	EventType=4	EventCategory=0	RecordNumber=25	TimeGenerated=1286416068	TimeWritten=1286416068	Message=Performance counters for the WmiApRpl (WmiApRpl) service were loaded successfully. The Record Data contains the new index values assigned to this service. 
Oct 06 20:47:48 172.18.1.13 AgentDevice=WindowsLog	AgentLogFile=Application	Source=LoadPerf	Computer=OSF-V0PLEKU2G12	User= 	Domain= 	EventID=1073742825	EventIDCode=1001	EventType=4	EventCategory=0	RecordNumber=24	TimeGenerated=1286416068	TimeWritten=1286416068	Message=Performance counters for the WmiApRpl (WmiApRpl) service were removed successfully. The Record Data contains the new values of the system Last Counter and Last Help registry entries. 
Oct 06 20:45:52 172.18.1.13 AgentDevice=WindowsLog	AgentLogFile=Security	Source=Security	Computer=OSF-V0PLEKU2G12	User=LOCAL SERVICE	Domain=NT AUTHORITY	EventID=576	EventIDCode=576	EventType=8	EventCategory=4	RecordNumber=284	TimeGenerated=1286415951	TimeWritten=1286415951	Message=Special privileges assigned to new logon:   User Name: LOCAL SERVICE   Domain:  NT AUTHORITY   Logon ID:  (0x0,0x3E5)   Privileges:  SeAuditPrivilege    SeAssignPrimaryTokenPrivilege    SeChangeNotifyPrivilege 
Oct 06 20:45:52 172.18.1.13 AgentDevice=WindowsLog	AgentLogFile=Security	Source=Security	Computer=OSF-V0PLEKU2G12	User=LOCAL SERVICE	Domain=NT AUTHORITY	EventID=528	EventIDCode=528	EventType=8	EventCategory=2	RecordNumber=283	TimeGenerated=1286415951	TimeWritten=1286415951	Message=Successful Logon:   User Name: LOCAL SERVICE   Domain:  NT AUTHORITY   Logon ID:  (0x0,0x3E5)   Logon Type: 5   Logon Process: Advapi     Authentication Package: Negotiate   Workstation Name:    Logon GUID: {00000000-0000-0000-0000-000000000000} 
Oct 06 20:45:52 172.18.1.13 AgentDevice=WindowsLog	AgentLogFile=System	Source=Service Control Manager	Computer=OSF-V0PLEKU2G12	User= 	Domain= 	EventID=1073748860	EventIDCode=7036	EventType=4	EventCategory=0	RecordNumber=97	TimeGenerated=1286415952	TimeWritten=1286415952	Message=The SSDP Discovery Service service entered the running state. 
Oct 06 20:45:52 172.18.1.13 AgentDevice=WindowsLog	AgentLogFile=System	Source=Service Control Manager	Computer=OSF-V0PLEKU2G12	User= 	Domain= 	EventID=1073748860	EventIDCode=7036	EventType=4	EventCategory=0	RecordNumber=91	TimeGenerated=1286415951	TimeWritten=1286415951	Message=The Fast User Switching Compatibility service entered the running state. 
Oct 06 20:45:52 172.18.1.13 AgentDevice=WindowsLog	AgentLogFile=System	Source=Service Control Manager	Computer=OSF-V0PLEKU2G12	User=jane	Domain=OSF-V0PLEKU2G12	EventID=1073748859	EventIDCode=7035	EventType=4	EventCategory=0	RecordNumber=90	TimeGenerated=1286415951	TimeWritten=1286415951	Message=The Fast User Switching Compatibility service was successfully sent a start control. 
Oct 06 20:45:51 172.18.1.13 AgentDevice=WindowsLog	AgentLogFile=Security	Source=Security	Computer=OSF-V0PLEKU2G12	User=jane	Domain=OSF-V0PLEKU2G12	EventID=577	EventIDCode=577	EventType=8	EventCategory=4	RecordNumber=282	TimeGenerated=1286415951	TimeWritten=1286415951	Message=Privileged Service Called:   Server:  Security   Service:  -   Primary User Name: OSF-V0PLEKU2G12$   Primary Domain: EXERCISE   Primary Logon ID: (0x0,0x3E7)   Client User Name: jane   Client Domain: OSF-V0PLEKU2G12   Client Logon ID: (0x0,0xC291)   Privileges: SeShutdownPrivilege 
Oct 06 20:45:51 172.18.1.13 AgentDevice=WindowsLog	AgentLogFile=Security	Source=Security	Computer=OSF-V0PLEKU2G12	User=jane	Domain=OSF-V0PLEKU2G12	EventID=577	EventIDCode=577	EventType=8	EventCategory=4	RecordNumber=281	TimeGenerated=1286415951	TimeWritten=1286415951	Message=Privileged Service Called:   Server:  Security   Service:  -   Primary User Name: OSF-V0PLEKU2G12$   Primary Domain: EXERCISE   Primary Logon ID: (0x0,0x3E7)   Client User Name: jane   Client Domain: OSF-V0PLEKU2G12   Client Logon ID: (0x0,0xC291)   Privileges: SeShutdownPrivilege 
Oct 06 20:45:51 172.18.1.13 AgentDevice=WindowsLog	AgentLogFile=Security	Source=Security	Computer=OSF-V0PLEKU2G12	User=jane	Domain=OSF-V0PLEKU2G12	EventID=577	EventIDCode=577	EventType=8	EventCategory=4	RecordNumber=280	TimeGenerated=1286415951	TimeWritten=1286415951	Message=Privileged Service Called:   Server:  Security   Service:  -   Primary User Name: OSF-V0PLEKU2G12$   Primary Domain: EXERCISE   Primary Logon ID: (0x0,0x3E7)   Client User Name: jane   Client Domain: OSF-V0PLEKU2G12   Client Logon ID: (0x0,0xC291)   Privileges: SeShutdownPrivilege 
Oct 06 20:45:51 172.18.1.13 AgentDevice=WindowsLog	AgentLogFile=Security	Source=Security	Computer=OSF-V0PLEKU2G12	User=jane	Domain=OSF-V0PLEKU2G12	EventID=577	EventIDCode=577	EventType=8	EventCategory=4	RecordNumber=279	TimeGenerated=1286415951	TimeWritten=1286415951	Message=Privileged Service Called:   Server:  Security   Service:  -   Primary User Name: OSF-V0PLEKU2G12$   Primary Domain: EXERCISE   Primary Logon ID: (0x0,0x3E7)   Client User Name: jane   Client Domain: OSF-V0PLEKU2G12   Client Logon ID: (0x0,0xC291)   Privileges: SeShutdownPrivilege 
