Oct 06 20:45:51 172.18.1.13 AgentDevice=WindowsLog	AgentLogFile=Security	Source=Security	Computer=OSF-V0PLEKU2G12	User=jane	Domain=OSF-V0PLEKU2G12	EventID=576	EventIDCode=576	EventType=8	EventCategory=4	RecordNumber=278	TimeGenerated=1286415951	TimeWritten=1286415951	Message=Special privileges assigned to new logon:   User Name:    Domain:     Logon ID:  (0x0,0xC291)   Privileges:  SeChangeNotifyPrivilege    SeBackupPrivilege    SeRestorePrivilege    SeDebugPrivilege 
Oct 06 20:45:51 172.18.1.13 AgentDevice=WindowsLog	AgentLogFile=Security	Source=Security	Computer=OSF-V0PLEKU2G12	User=jane	Domain=OSF-V0PLEKU2G12	EventID=528	EventIDCode=528	EventType=8	EventCategory=2	RecordNumber=277	TimeGenerated=1286415951	TimeWritten=1286415951	Message=Successful Logon:   User Name: jane   Domain:  OSF-V0PLEKU2G12   Logon ID:  (0x0,0xC291)   Logon Type: 2   Logon Process: User32     Authentication Package: Negotiate   Workstation Name: OSF-V0PLEKU2G12   Logon GUID: {00000000-0000-0000-0000-000000000000} 
Oct 06 20:45:51 172.18.1.13 AgentDevice=WindowsLog	AgentLogFile=Security	Source=Security	Computer=OSF-V0PLEKU2G12	User=SYSTEM	Domain=NT AUTHORITY	EventID=680	EventIDCode=680	EventType=8	EventCategory=9	RecordNumber=276	TimeGenerated=1286415951	TimeWritten=1286415951	Message=Logon attempt by: MICROSOFT_AUTHENTICATION_PACKAGE_V1_0  Logon account:  jane  Source Workstation: OSF-V0PLEKU2G12  Error Code: 0x0  
Oct 06 20:45:49 172.18.1.13 AgentDevice=WindowsLog	AgentLogFile=Security	Source=Security	Computer=OSF-V0PLEKU2G12	User=SYSTEM	Domain=NT AUTHORITY	EventID=529	EventIDCode=529	EventType=16	EventCategory=2	RecordNumber=275	TimeGenerated=1286415948	TimeWritten=1286415948	Message=Logon Failure:   Reason:  Unknown user name or bad password   User Name: jane   Domain:  OSF-V0PLEKU2G12   Logon Type: 2   Logon Process: Advapi     Authentication Package: Negotiate   Workstation Name: OSF-V0PLEKU2G12 
Oct 06 20:45:49 172.18.1.13 AgentDevice=WindowsLog	AgentLogFile=Security	Source=Security	Computer=OSF-V0PLEKU2G12	User=SYSTEM	Domain=NT AUTHORITY	EventID=680	EventIDCode=680	EventType=16	EventCategory=9	RecordNumber=274	TimeGenerated=1286415948	TimeWritten=1286415948	Message=Logon attempt by: MICROSOFT_AUTHENTICATION_PACKAGE_V1_0  Logon account:  jane  Source Workstation: OSF-V0PLEKU2G12  Error Code: 0xC000006A  
Oct 06 20:45:27 172.18.1.13 AgentDevice=WindowsLog	AgentLogFile=System	Source=Service Control Manager	Computer=OSF-V0PLEKU2G12	User=SYSTEM	Domain=NT AUTHORITY	EventID=1073748859	EventIDCode=7035	EventType=4	EventCategory=0	RecordNumber=88	TimeGenerated=1286415927	TimeWritten=1286415927	Message=The Terminal Services service was successfully sent a start control. 
Oct 06 20:45:27 172.18.1.13 AgentDevice=WindowsLog	AgentLogFile=System	Source=Service Control Manager	Computer=OSF-V0PLEKU2G12	User= 	Domain= 	EventID=1073748860	EventIDCode=7036	EventType=4	EventCategory=0	RecordNumber=89	TimeGenerated=1286415927	TimeWritten=1286415927	Message=The Terminal Services service entered the running state. 
Oct 06 20:45:16 172.18.1.13 AgentDevice=WindowsLog	AgentLogFile=Security	Source=Security	Computer=OSF-V0PLEKU2G12	User=SYSTEM	Domain=NT AUTHORITY	EventID=529	EventIDCode=529	EventType=16	EventCategory=2	RecordNumber=273	TimeGenerated=1286415915	TimeWritten=1286415915	Message=Logon Failure:   Reason:  Unknown user name or bad password   User Name: osf   Domain:  OSF-V0PLEKU2G12   Logon Type: 2   Logon Process: User32     Authentication Package: Negotiate   Workstation Name: OSF-V0PLEKU2G12 
Oct 06 20:45:16 172.18.1.13 AgentDevice=WindowsLog	AgentLogFile=Security	Source=Security	Computer=OSF-V0PLEKU2G12	User=SYSTEM	Domain=NT AUTHORITY	EventID=680	EventIDCode=680	EventType=16	EventCategory=9	RecordNumber=272	TimeGenerated=1286415915	TimeWritten=1286415915	Message=Logon attempt by: MICROSOFT_AUTHENTICATION_PACKAGE_V1_0  Logon account:  osf  Source Workstation: OSF-V0PLEKU2G12  Error Code: 0xC000006A  
Oct 06 20:44:46 172.18.1.13 AgentDevice=WindowsLog	AgentLogFile=Security	Source=Security	Computer=OSF-V0PLEKU2G12	User=SYSTEM	Domain=NT AUTHORITY	EventID=529	EventIDCode=529	EventType=16	EventCategory=2	RecordNumber=271	TimeGenerated=1286415885	TimeWritten=1286415885	Message=Logon Failure:   Reason:  Unknown user name or bad password   User Name: osf   Domain:  OSF-V0PLEKU2G12   Logon Type: 2   Logon Process: User32     Authentication Package: Negotiate   Workstation Name: OSF-V0PLEKU2G12 
Oct 06 20:44:46 172.18.1.13 AgentDevice=WindowsLog	AgentLogFile=Security	Source=Security	Computer=OSF-V0PLEKU2G12	User=SYSTEM	Domain=NT AUTHORITY	EventID=680	EventIDCode=680	EventType=16	EventCategory=9	RecordNumber=270	TimeGenerated=1286415885	TimeWritten=1286415885	Message=Logon attempt by: MICROSOFT_AUTHENTICATION_PACKAGE_V1_0  Logon account:  osf  Source Workstation: OSF-V0PLEKU2G12  Error Code: 0xC000006A  
Oct 06 20:44:45 172.18.1.13 AgentDevice=WindowsLog	AgentLogFile=Security	Source=Security	Computer=OSF-V0PLEKU2G12	User=SYSTEM	Domain=NT AUTHORITY	EventID=529	EventIDCode=529	EventType=16	EventCategory=2	RecordNumber=269	TimeGenerated=1286415885	TimeWritten=1286415885	Message=Logon Failure:   Reason:  Unknown user name or bad password   User Name: osf   Domain:  OSF-V0PLEKU2G12   Logon Type: 2   Logon Process: User32     Authentication Package: Negotiate   Workstation Name: OSF-V0PLEKU2G12 
Oct 06 20:44:45 172.18.1.13 AgentDevice=WindowsLog	AgentLogFile=Security	Source=Security	Computer=OSF-V0PLEKU2G12	User=SYSTEM	Domain=NT AUTHORITY	EventID=680	EventIDCode=680	EventType=16	EventCategory=9	RecordNumber=268	TimeGenerated=1286415885	TimeWritten=1286415885	Message=Logon attempt by: MICROSOFT_AUTHENTICATION_PACKAGE_V1_0  Logon account:  osf  Source Workstation: OSF-V0PLEKU2G12  Error Code: 0xC000006A  
Oct 06 20:44:45 172.18.1.13 AgentDevice=WindowsLog	AgentLogFile=Security	Source=Security	Computer=OSF-V0PLEKU2G12	User=SYSTEM	Domain=NT AUTHORITY	EventID=529	EventIDCode=529	EventType=16	EventCategory=2	RecordNumber=267	TimeGenerated=1286415884	TimeWritten=1286415884	Message=Logon Failure:   Reason:  Unknown user name or bad password   User Name: osf   Domain:  OSF-V0PLEKU2G12   Logon Type: 2   Logon Process: User32     Authentication Package: Negotiate   Workstation Name: OSF-V0PLEKU2G12 
Oct 06 20:44:45 172.18.1.13 AgentDevice=WindowsLog	AgentLogFile=Security	Source=Security	Computer=OSF-V0PLEKU2G12	User=SYSTEM	Domain=NT AUTHORITY	EventID=680	EventIDCode=680	EventType=16	EventCategory=9	RecordNumber=266	TimeGenerated=1286415884	TimeWritten=1286415884	Message=Logon attempt by: MICROSOFT_AUTHENTICATION_PACKAGE_V1_0  Logon account:  osf  Source Workstation: OSF-V0PLEKU2G12  Error Code: 0xC000006A  
Oct 06 20:44:44 172.18.1.13 AgentDevice=WindowsLog	AgentLogFile=Security	Source=Security	Computer=OSF-V0PLEKU2G12	User=SYSTEM	Domain=NT AUTHORITY	EventID=529	EventIDCode=529	EventType=16	EventCategory=2	RecordNumber=265	TimeGenerated=1286415883	TimeWritten=1286415883	Message=Logon Failure:   Reason:  Unknown user name or bad password   User Name: osf   Domain:  OSF-V0PLEKU2G12   Logon Type: 2   Logon Process: User32     Authentication Package: Negotiate   Workstation Name: OSF-V0PLEKU2G12 
Oct 06 20:44:44 172.18.1.13 AgentDevice=WindowsLog	AgentLogFile=Security	Source=Security	Computer=OSF-V0PLEKU2G12	User=SYSTEM	Domain=NT AUTHORITY	EventID=680	EventIDCode=680	EventType=16	EventCategory=9	RecordNumber=264	TimeGenerated=1286415883	TimeWritten=1286415883	Message=Logon attempt by: MICROSOFT_AUTHENTICATION_PACKAGE_V1_0  Logon account:  osf  Source Workstation: OSF-V0PLEKU2G12  Error Code: 0xC000006A  
Oct 06 20:44:42 172.18.1.13 AgentDevice=WindowsLog	AgentLogFile=Security	Source=Security	Computer=OSF-V0PLEKU2G12	User=SYSTEM	Domain=NT AUTHORITY	EventID=529	EventIDCode=529	EventType=16	EventCategory=2	RecordNumber=263	TimeGenerated=1286415881	TimeWritten=1286415881	Message=Logon Failure:   Reason:  Unknown user name or bad password   User Name: osf   Domain:  OSF-V0PLEKU2G12   Logon Type: 2   Logon Process: User32     Authentication Package: Negotiate   Workstation Name: OSF-V0PLEKU2G12 
Oct 06 20:44:42 172.18.1.13 AgentDevice=WindowsLog	AgentLogFile=Security	Source=Security	Computer=OSF-V0PLEKU2G12	User=SYSTEM	Domain=NT AUTHORITY	EventID=680	EventIDCode=680	EventType=16	EventCategory=9	RecordNumber=262	TimeGenerated=1286415881	TimeWritten=1286415881	Message=Logon attempt by: MICROSOFT_AUTHENTICATION_PACKAGE_V1_0  Logon account:  osf  Source Workstation: OSF-V0PLEKU2G12  Error Code: 0xC000006A  
Oct 06 20:44:41 172.18.1.13 AgentDevice=WindowsLog	AgentLogFile=Security	Source=Security	Computer=OSF-V0PLEKU2G12	User=SYSTEM	Domain=NT AUTHORITY	EventID=529	EventIDCode=529	EventType=16	EventCategory=2	RecordNumber=261	TimeGenerated=1286415880	TimeWritten=1286415880	Message=Logon Failure:   Reason:  Unknown user name or bad password   User Name: osf   Domain:  OSF-V0PLEKU2G12   Logon Type: 2   Logon Process: User32     Authentication Package: Negotiate   Workstation Name: OSF-V0PLEKU2G12 
Oct 06 20:44:41 172.18.1.13 AgentDevice=WindowsLog	AgentLogFile=Security	Source=Security	Computer=OSF-V0PLEKU2G12	User=SYSTEM	Domain=NT AUTHORITY	EventID=680	EventIDCode=680	EventType=16	EventCategory=9	RecordNumber=260	TimeGenerated=1286415880	TimeWritten=1286415880	Message=Logon attempt by: MICROSOFT_AUTHENTICATION_PACKAGE_V1_0  Logon account:  osf  Source Workstation: OSF-V0PLEKU2G12  Error Code: 0xC000006A  
Oct 06 20:44:36 172.18.1.13 AgentDevice=WindowsLog	AgentLogFile=Security	Source=Security	Computer=OSF-V0PLEKU2G12	User=SYSTEM	Domain=NT AUTHORITY	EventID=529	EventIDCode=529	EventType=16	EventCategory=2	RecordNumber=259	TimeGenerated=1286415876	TimeWritten=1286415876	Message=Logon Failure:   Reason:  Unknown user name or bad password   User Name: osf   Domain:  OSF-V0PLEKU2G12   Logon Type: 2   Logon Process: Advapi     Authentication Package: Negotiate   Workstation Name: OSF-V0PLEKU2G12 
Oct 06 20:44:36 172.18.1.13 AgentDevice=WindowsLog	AgentLogFile=Security	Source=Security	Computer=OSF-V0PLEKU2G12	User=SYSTEM	Domain=NT AUTHORITY	EventID=680	EventIDCode=680	EventType=16	EventCategory=9	RecordNumber=258	TimeGenerated=1286415876	TimeWritten=1286415876	Message=Logon attempt by: MICROSOFT_AUTHENTICATION_PACKAGE_V1_0  Logon account:  osf  Source Workstation: OSF-V0PLEKU2G12  Error Code: 0xC000006A  
Oct 06 20:44:36 172.18.1.13 AgentDevice=WindowsLog	AgentLogFile=Security	Source=Security	Computer=OSF-V0PLEKU2G12	User=SYSTEM	Domain=NT AUTHORITY	EventID=577	EventIDCode=577	EventType=8	EventCategory=4	RecordNumber=257	TimeGenerated=1286415876	TimeWritten=1286415876	Message=Privileged Service Called:   Server:  NT Local Security Authority / Authentication Service   Service:  LsaRegisterLogonProcess()   Primary User Name: OSF-V0PLEKU2G12$   Primary Domain: EXERCISE   Primary Logon ID: (0x0,0x3E7)   Client User Name: OSF-V0PLEKU2G12$   Client Domain: EXERCISE   Client Logon ID: (0x0,0x3E7)   Privileges: SeTcbPrivilege 
Oct 06 20:44:27 172.18.1.13 AgentDevice=WindowsLog	AgentLogFile=System	Source=W32Time	Computer=OSF-V0PLEKU2G12	User= 	Domain= 	EventID=3260678173	EventIDCode=29	EventType=1	EventCategory=0	RecordNumber=87	TimeGenerated=1286415866	TimeWritten=1286415866	Message=The time provider NtpClient is configured to acquire time from one or more time sources, however none of the sources are currently accessible.  No attempt to contact a source will be made for 14 minutes. NtpClient has no source of accurate time.  
Oct 06 20:44:27 172.18.1.13 AgentDevice=WindowsLog	AgentLogFile=System	Source=W32Time	Computer=OSF-V0PLEKU2G12	User= 	Domain= 	EventID=2186936337	EventIDCode=17	EventType=1	EventCategory=0	RecordNumber=86	TimeGenerated=1286415866	TimeWritten=1286415866	Message=Time Provider NtpClient: An error occurred during DNS lookup of the manually configured peer 'time.windows.com,0x1'. NtpClient will try the DNS lookup again in 15 minutes. The error was: A socket operation was attempted to an unreachable host. (0x80072751) 
Oct 06 20:44:07 172.18.1.13 AgentDevice=WindowsLog	AgentLogFile=System	Source=W32Time	Computer=OSF-V0PLEKU2G12	User= 	Domain= 	EventID=3260678173	EventIDCode=29	EventType=1	EventCategory=0	RecordNumber=85	TimeGenerated=1286415847	TimeWritten=1286415847	Message=The time provider NtpClient is configured to acquire time from one or more time sources, however none of the sources are currently accessible.  No attempt to contact a source will be made for 14 minutes. NtpClient has no source of accurate time.  
Oct 06 20:44:07 172.18.1.13 AgentDevice=WindowsLog	AgentLogFile=System	Source=W32Time	Computer=OSF-V0PLEKU2G12	User= 	Domain= 	EventID=2186936337	EventIDCode=17	EventType=1	EventCategory=0	RecordNumber=84	TimeGenerated=1286415847	TimeWritten=1286415847	Message=Time Provider NtpClient: An error occurred during DNS lookup of the manually configured peer 'time.windows.com,0x1'. NtpClient will try the DNS lookup again in 15 minutes. The error was: A socket operation was attempted to an unreachable host. (0x80072751) 
Oct 06 20:43:14 172.18.1.13 AgentDevice=WindowsLog	AgentLogFile=Security	Source=Security	Computer=OSF-V0PLEKU2G12	User=jane	Domain=OSF-V0PLEKU2G12	EventID=551	EventIDCode=551	EventType=8	EventCategory=2	RecordNumber=219	TimeGenerated=1286415793	TimeWritten=1286415793	Message=User initiated logoff:   User Name: jane   Domain:  OSF-V0PLEKU2G12   Logon ID:  (0x0,0x50289a)  
Oct 06 20:43:14 172.18.1.13 AgentDevice=WindowsLog	AgentLogFile=Security	Source=Security	Computer=OSF-V0PLEKU2G12	User=jane	Domain=OSF-V0PLEKU2G12	EventID=578	EventIDCode=578	EventType=8	EventCategory=4	RecordNumber=218	TimeGenerated=1286415793	TimeWritten=1286415793	Message=Privileged object operation:   Object Server: Security   Object Handle: 0   Process ID: 536   Primary User Name: OSF-V0PLEKU2G12$   Primary Domain: EXERCISE   Primary Logon ID: (0x0,0x3E7)   Client User Name: jane   Client Domain: OSF-V0PLEKU2G12   Client Logon ID: (0x0,0x50289A)   Privileges: SeShutdownPrivilege 
Oct 06 20:42:38 172.18.1.13 AgentDevice=WindowsLog	AgentLogFile=System	Source=Service Control Manager	Computer=OSF-V0PLEKU2G12	User= 	Domain= 	EventID=1073748860	EventIDCode=7036	EventType=4	EventCategory=0	RecordNumber=79	TimeGenerated=1286415757	TimeWritten=1286415757	Message=The Adaptive Log Exporter (ALE) service entered the running state. 
Oct 06 20:35:00 172.18.1.20 AgentDevice=WindowsLog	AgentLogFile=Security	Source=Security	Computer=OSF-477F9B9DC69	User=SYSTEM	Domain=NT AUTHORITY	EventID=515	EventIDCode=515	EventType=8	EventCategory=1	RecordNumber=149	TimeGenerated=1286415299	TimeWritten=1286415299	Message=A trusted logon process has registered with the Local Security Authority. This logon process will be trusted to submit logon requests.     Logon Process Name: Schannel 
Oct 06 20:35:00 172.18.1.20 AgentDevice=WindowsLog	AgentLogFile=Security	Source=Security	Computer=OSF-477F9B9DC69	User=SYSTEM	Domain=NT AUTHORITY	EventID=577	EventIDCode=577	EventType=8	EventCategory=4	RecordNumber=150	TimeGenerated=1286415299	TimeWritten=1286415299	Message=Privileged Service Called:   Server:  NT Local Security Authority / Authentication Service   Service:  LsaRegisterLogonProcess()   Primary User Name: OSF-477F9B9DC69$   Primary Domain: OSF-TEST   Primary Logon ID: (0x0,0x3E7)   Client User Name: OSF-477F9B9DC69$   Client Domain: OSF-TEST   Client Logon ID: (0x0,0x3E7)   Privileges: SeTcbPrivilege 
Oct 06 20:34:59 172.18.1.20 AgentDevice=WindowsLog	AgentLogFile=Security	Source=Security	Computer=OSF-477F9B9DC69	User=SYSTEM	Domain=NT AUTHORITY	EventID=577	EventIDCode=577	EventType=8	EventCategory=4	RecordNumber=147	TimeGenerated=1286415299	TimeWritten=1286415299	Message=Privileged Service Called:   Server:  NT Local Security Authority / Authentication Service   Service:  LsaRegisterLogonProcess()   Primary User Name: OSF-477F9B9DC69$   Primary Domain: OSF-TEST   Primary Logon ID: (0x0,0x3E7)   Client User Name: OSF-477F9B9DC69$   Client Domain: OSF-TEST   Client Logon ID: (0x0,0x3E7)   Privileges: SeTcbPrivilege 
Oct 06 20:34:44 172.18.1.20 AgentDevice=WindowsLog	AgentLogFile=System	Source=Service Control Manager	Computer=OSF-477F9B9DC69	User= 	Domain= 	EventID=1073748860	EventIDCode=7036	EventType=4	EventCategory=0	RecordNumber=115	TimeGenerated=1286415283	TimeWritten=1286415283	Message=The WinHTTP Web Proxy Auto-Discovery Service service entered the running state. 
Oct 06 20:34:44 172.18.1.20 AgentDevice=WindowsLog	AgentLogFile=System	Source=Service Control Manager	Computer=OSF-477F9B9DC69	User=SYSTEM	Domain=NT AUTHORITY	EventID=1073748859	EventIDCode=7035	EventType=4	EventCategory=0	RecordNumber=114	TimeGenerated=1286415283	TimeWritten=1286415283	Message=The WinHTTP Web Proxy Auto-Discovery Service service was successfully sent a start control. 
Oct 06 20:34:43 172.18.1.20 AgentDevice=WindowsLog	AgentLogFile=Security	Source=Security	Computer=OSF-477F9B9DC69	User=SYSTEM	Domain=NT AUTHORITY	EventID=577	EventIDCode=577	EventType=8	EventCategory=4	RecordNumber=146	TimeGenerated=1286415283	TimeWritten=1286415283	Message=Privileged Service Called:   Server:  NT Local Security Authority / Authentication Service   Service:  LsaRegisterLogonProcess()   Primary User Name: OSF-477F9B9DC69$   Primary Domain: OSF-TEST   Primary Logon ID: (0x0,0x3E7)   Client User Name: OSF-477F9B9DC69$   Client Domain: OSF-TEST   Client Logon ID: (0x0,0x3E7)   Privileges: SeTcbPrivilege 
Oct 06 20:31:12 172.18.1.30 AgentDevice=WindowsLog	AgentLogFile=Security	Source=Security	Computer=OSF-MOSS-SP	User=Administrator	Domain=OSF-MOSS-SP	EventID=636	EventIDCode=636	EventType=8	EventCategory=7	RecordNumber=59	TimeGenerated=1286415071	TimeWritten=1286415071	Message=Security Enabled Local Group Member Added:   Member Name: -   Member ID: OSF-MOSS-SP\OSF   Target Account Name: Users   Target Domain: Builtin   Target Account ID: BUILTIN\Users   Caller User Name: Administrator   Caller Domain: OSF-MOSS-SP   Caller Logon ID: (0x0,0xE8C0)   Privileges: -  
Oct 06 20:31:12 172.18.1.30 AgentDevice=WindowsLog	AgentLogFile=Security	Source=Security	Computer=OSF-MOSS-SP	User=Administrator	Domain=OSF-MOSS-SP	EventID=642	EventIDCode=642	EventType=8	EventCategory=7	RecordNumber=58	TimeGenerated=1286415071	TimeWritten=1286415071	Message=User Account Changed:   Target Account Name: OSF   Target Domain: OSF-MOSS-SP   Target Account ID: %{S-1-5-21-2114533463-2795244493-3416521296-1003}   Caller User Name: Administrator   Caller Domain: OSF-MOSS-SP   Caller Logon ID: (0x0,0xE8C0)   Privileges: -  Changed Attributes:   Sam Account Name: OSF   Display Name: OSF   User Principal Name: -   Home Directory: %%1793   Home Drive: %%1793   Script Path: %%1793   Profile Path: %%1793   User Workstations: %%1793   Password Last Set: 10/6/2010 8:31:11 PM   Account Expires: %%1794   Primary Group ID: 513   AllowedToDelegateTo: -   Old UAC Value: 0xB6648   New UAC Value: 0xB6648   User Account Control: -   User Parameters: %%1793   Sid History: -   Logon Hours: %%1792  
Oct 06 20:31:12 172.18.1.30 AgentDevice=WindowsLog	AgentLogFile=Security	Source=Security	Computer=OSF-MOSS-SP	User=Administrator	Domain=OSF-MOSS-SP	EventID=642	EventIDCode=642	EventType=8	EventCategory=7	RecordNumber=57	TimeGenerated=1286415071	TimeWritten=1286415071	Message=User Account Changed:   Target Account Name: OSF   Target Domain: OSF-MOSS-SP   Target Account ID: %{S-1-5-21-2114533463-2795244493-3416521296-1003}   Caller User Name: Administrator   Caller Domain: OSF-MOSS-SP   Caller Logon ID: (0x0,0xE8C0)   Privileges: -  Changed Attributes:   Sam Account Name: OSF   Display Name: OSF   User Principal Name: -   Home Directory: %%1793   Home Drive: %%1793   Script Path: %%1793   Profile Path: %%1793   User Workstations: %%1793   Password Last Set: 10/6/2010 8:31:11 PM   Account Expires: %%1794   Primary Group ID: 513   AllowedToDelegateTo: -   Old UAC Value: 0xB6648   New UAC Value: 0xB6648   User Account Control: -   User Parameters: %%1793   Sid History: -   Logon Hours: %%1792  
Oct 06 20:31:12 172.18.1.30 AgentDevice=WindowsLog	AgentLogFile=Security	Source=Security	Computer=OSF-MOSS-SP	User=Administrator	Domain=OSF-MOSS-SP	EventID=628	EventIDCode=628	EventType=8	EventCategory=7	RecordNumber=56	TimeGenerated=1286415071	TimeWritten=1286415071	Message=User Account password set:   Target Account Name: OSF   Target Domain: OSF-MOSS-SP   Target Account ID: %{S-1-5-21-2114533463-2795244493-3416521296-1003}   Caller User Name: Administrator   Caller Domain: OSF-MOSS-SP   Caller Logon ID: (0x0,0xE8C0)  
Oct 06 20:31:12 172.18.1.30 AgentDevice=WindowsLog	AgentLogFile=Security	Source=Security	Computer=OSF-MOSS-SP	User=Administrator	Domain=OSF-MOSS-SP	EventID=642	EventIDCode=642	EventType=8	EventCategory=7	RecordNumber=55	TimeGenerated=1286415071	TimeWritten=1286415071	Message=User Account Changed:   Target Account Name: OSF   Target Domain: OSF-MOSS-SP   Target Account ID: %{S-1-5-21-2114533463-2795244493-3416521296-1003}   Caller User Name: Administrator   Caller Domain: OSF-MOSS-SP   Caller Logon ID: (0x0,0xE8C0)   Privileges: -  Changed Attributes:   Sam Account Name: OSF   Display Name: OSF   User Principal Name: -   Home Directory: %%1793   Home Drive: %%1793   Script Path: %%1793   Profile Path: %%1793   User Workstations: %%1793   Password Last Set: 10/6/2010 8:31:11 PM   Account Expires: %%1794   Primary Group ID: 513   AllowedToDelegateTo: -   Old UAC Value: 0xB6150   New UAC Value: 0xB6150   User Account Control: -   User Parameters: -   Sid History: -   Logon Hours: %%1792  
Oct 06 20:31:12 172.18.1.30 AgentDevice=WindowsLog	AgentLogFile=Security	Source=Security	Computer=OSF-MOSS-SP	User=Administrator	Domain=OSF-MOSS-SP	EventID=626	EventIDCode=626	EventType=8	EventCategory=7	RecordNumber=54	TimeGenerated=1286415071	TimeWritten=1286415071	Message=User Account Enabled:   Target Account Name: OSF   Target Domain: OSF-MOSS-SP   Target Account ID: %{S-1-5-21-2114533463-2795244493-3416521296-1003}   Caller User Name: Administrator   Caller Domain: OSF-MOSS-SP   Caller Logon ID: (0x0,0xE8C0)  
Oct 06 20:31:12 172.18.1.30 AgentDevice=WindowsLog	AgentLogFile=Security	Source=Security	Computer=OSF-MOSS-SP	User=Administrator	Domain=OSF-MOSS-SP	EventID=624	EventIDCode=624	EventType=8	EventCategory=7	RecordNumber=53	TimeGenerated=1286415071	TimeWritten=1286415071	Message=User Account Created:   New Account Name: OSF   New Domain: OSF-MOSS-SP   New Account ID: %{S-1-5-21-2114533463-2795244493-3416521296-1003}   Caller User Name: Administrator   Caller Domain: OSF-MOSS-SP   Caller Logon ID: (0x0,0xE8C0)   Privileges  -  Attributes:   Sam Account Name: OSF   Display Name: %%1793   User Principal Name: -   Home Directory: %%1793   Home Drive: %%1793   Script Path: %%1793   Profile Path: %%1793   User Workstations: %%1793   Password Last Set: %%1794   Account Expires: %%1794   Primary Group ID: 513   AllowedToDelegateTo: -   Old UAC Value: 0xB6150   New UAC Value: 0xB6150   User Account Control: -   User Parameters: %%1793   Sid History: -   Logon Hours: %%1792  
Oct 06 20:31:12 172.18.1.30 AgentDevice=WindowsLog	AgentLogFile=Security	Source=Security	Computer=OSF-MOSS-SP	User=Administrator	Domain=OSF-MOSS-SP	EventID=632	EventIDCode=632	EventType=8	EventCategory=7	RecordNumber=52	TimeGenerated=1286415071	TimeWritten=1286415071	Message=Security Enabled Global Group Member Added:   Member Name: -   Member ID: OSF-MOSS-SP\OSF   Target Account Name: None   Target Domain: OSF-MOSS-SP   Target Account ID: %{S-1-5-21-2114533463-2795244493-3416521296-513}   Caller User Name: Administrator   Caller Domain: OSF-MOSS-SP   Caller Logon ID: (0x0,0xE8C0)   Privileges: -  
Oct 06 20:30:37 172.18.1.30 AgentDevice=WindowsLog	AgentLogFile=Security	Source=Security	Computer=OSF-MOSS-SP	User=Administrator	Domain=OSF-MOSS-SP	EventID=520	EventIDCode=520	EventType=8	EventCategory=1	RecordNumber=51	TimeGenerated=1286415037	TimeWritten=1286415037	Message=The system time was changed.  Process ID:  796  Process Name:  C:\WINDOWS\system32\rundll32.exe  Primary User Name: Administrator  Primary Domain:  OSF-MOSS-SP  Primary Logon ID:  (0x0,0xE8C0)  Client User Name:  Administrator  Client Domain:  OSF-MOSS-SP  Client Logon ID:  (0x0,0xE8C0)  Previous Time:  8:30:37 PM 10/6/2010  New Time:  8:30:37 PM 10/6/2010  
Oct 06 20:30:37 172.18.1.30 AgentDevice=WindowsLog	AgentLogFile=Security	Source=Security	Computer=OSF-MOSS-SP	User=Administrator	Domain=OSF-MOSS-SP	EventID=577	EventIDCode=577	EventType=8	EventCategory=4	RecordNumber=50	TimeGenerated=1286415037	TimeWritten=1286415037	Message=Privileged Service Called:   Server:  Security   Service:  -   Primary User Name: Administrator   Primary Domain: OSF-MOSS-SP   Primary Logon ID: (0x0,0xE8C0)   Client User Name: Administrator   Client Domain: OSF-MOSS-SP   Client Logon ID: (0x0,0xE8C0)   Privileges: SeSystemtimePrivilege 
Oct 06 20:30:37 172.18.1.30 AgentDevice=WindowsLog	AgentLogFile=Security	Source=Security	Computer=OSF-MOSS-SP	User=Administrator	Domain=OSF-MOSS-SP	EventID=520	EventIDCode=520	EventType=8	EventCategory=1	RecordNumber=49	TimeGenerated=1286415037	TimeWritten=1286415037	Message=The system time was changed.  Process ID:  796  Process Name:  C:\WINDOWS\system32\rundll32.exe  Primary User Name: Administrator  Primary Domain:  OSF-MOSS-SP  Primary Logon ID:  (0x0,0xE8C0)  Client User Name:  Administrator  Client Domain:  OSF-MOSS-SP  Client Logon ID:  (0x0,0xE8C0)  Previous Time:  8:30:38 PM 10/6/2010  New Time:  8:30:37 PM 10/6/2010  
Oct 06 20:30:37 172.18.1.30 AgentDevice=WindowsLog	AgentLogFile=Security	Source=Security	Computer=OSF-MOSS-SP	User=Administrator	Domain=OSF-MOSS-SP	EventID=577	EventIDCode=577	EventType=8	EventCategory=4	RecordNumber=48	TimeGenerated=1286415037	TimeWritten=1286415037	Message=Privileged Service Called:   Server:  Security   Service:  -   Primary User Name: Administrator   Primary Domain: OSF-MOSS-SP   Primary Logon ID: (0x0,0xE8C0)   Client User Name: Administrator   Client Domain: OSF-MOSS-SP   Client Logon ID: (0x0,0xE8C0)   Privileges: SeSystemtimePrivilege 
Oct 06 20:30:37 172.18.1.30 AgentDevice=WindowsLog	AgentLogFile=Security	Source=Security	Computer=OSF-MOSS-SP	User=Administrator	Domain=OSF-MOSS-SP	EventID=520	EventIDCode=520	EventType=8	EventCategory=1	RecordNumber=47	TimeGenerated=1286415037	TimeWritten=1286415037	Message=The system time was changed.  Process ID:  796  Process Name:  C:\WINDOWS\system32\rundll32.exe  Primary User Name: Administrator  Primary Domain:  OSF-MOSS-SP  Primary Logon ID:  (0x0,0xE8C0)  Client User Name:  Administrator  Client Domain:  OSF-MOSS-SP  Client Logon ID:  (0x0,0xE8C0)  Previous Time:  8:30:37 PM 10/6/2010  New Time:  8:30:37 PM 10/6/2010  
Oct 06 20:30:37 172.18.1.30 AgentDevice=WindowsLog	AgentLogFile=Security	Source=Security	Computer=OSF-MOSS-SP	User=Administrator	Domain=OSF-MOSS-SP	EventID=577	EventIDCode=577	EventType=8	EventCategory=4	RecordNumber=46	TimeGenerated=1286415037	TimeWritten=1286415037	Message=Privileged Service Called:   Server:  Security   Service:  -   Primary User Name: Administrator   Primary Domain: OSF-MOSS-SP   Primary Logon ID: (0x0,0xE8C0)   Client User Name: Administrator   Client Domain: OSF-MOSS-SP   Client Logon ID: (0x0,0xE8C0)   Privileges: SeSystemtimePrivilege 
Oct 06 20:30:37 172.18.1.30 AgentDevice=WindowsLog	AgentLogFile=Security	Source=Security	Computer=OSF-MOSS-SP	User=Administrator	Domain=OSF-MOSS-SP	EventID=520	EventIDCode=520	EventType=8	EventCategory=1	RecordNumber=45	TimeGenerated=1286415037	TimeWritten=1286415037	Message=The system time was changed.  Process ID:  796  Process Name:  C:\WINDOWS\system32\rundll32.exe  Primary User Name: Administrator  Primary Domain:  OSF-MOSS-SP  Primary Logon ID:  (0x0,0xE8C0)  Client User Name:  Administrator  Client Domain:  OSF-MOSS-SP  Client Logon ID:  (0x0,0xE8C0)  Previous Time:  8:30:38 PM 10/6/2010  New Time:  8:30:37 PM 10/6/2010  
Oct 06 20:30:37 172.18.1.30 AgentDevice=WindowsLog	AgentLogFile=Security	Source=Security	Computer=OSF-MOSS-SP	User=Administrator	Domain=OSF-MOSS-SP	EventID=577	EventIDCode=577	EventType=8	EventCategory=4	RecordNumber=44	TimeGenerated=1286415037	TimeWritten=1286415037	Message=Privileged Service Called:   Server:  Security   Service:  -   Primary User Name: Administrator   Primary Domain: OSF-MOSS-SP   Primary Logon ID: (0x0,0xE8C0)   Client User Name: Administrator   Client Domain: OSF-MOSS-SP   Client Logon ID: (0x0,0xE8C0)   Privileges: SeSystemtimePrivilege 
Oct 06 20:30:35 172.18.1.30 AgentDevice=WindowsLog	AgentLogFile=Security	Source=Security	Computer=OSF-MOSS-SP	User=Administrator	Domain=OSF-MOSS-SP	EventID=520	EventIDCode=520	EventType=8	EventCategory=1	RecordNumber=43	TimeGenerated=1286415035	TimeWritten=1286415035	Message=The system time was changed.  Process ID:  796  Process Name:  C:\WINDOWS\system32\rundll32.exe  Primary User Name: Administrator  Primary Domain:  OSF-MOSS-SP  Primary Logon ID:  (0x0,0xE8C0)  Client User Name:  Administrator  Client Domain:  OSF-MOSS-SP  Client Logon ID:  (0x0,0xE8C0)  Previous Time:  8:30:35 PM 10/6/2010  New Time:  8:30:35 PM 10/6/2010  
Oct 06 20:30:35 172.18.1.30 AgentDevice=WindowsLog	AgentLogFile=Security	Source=Security	Computer=OSF-MOSS-SP	User=Administrator	Domain=OSF-MOSS-SP	EventID=577	EventIDCode=577	EventType=8	EventCategory=4	RecordNumber=42	TimeGenerated=1286415035	TimeWritten=1286415035	Message=Privileged Service Called:   Server:  Security   Service:  -   Primary User Name: Administrator   Primary Domain: OSF-MOSS-SP   Primary Logon ID: (0x0,0xE8C0)   Client User Name: Administrator   Client Domain: OSF-MOSS-SP   Client Logon ID: (0x0,0xE8C0)   Privileges: SeSystemtimePrivilege 
Oct 06 20:30:35 172.18.1.30 AgentDevice=WindowsLog	AgentLogFile=Security	Source=Security	Computer=OSF-MOSS-SP	User=Administrator	Domain=OSF-MOSS-SP	EventID=520	EventIDCode=520	EventType=8	EventCategory=1	RecordNumber=41	TimeGenerated=1286415035	TimeWritten=1286415035	Message=The system time was changed.  Process ID:  796  Process Name:  C:\WINDOWS\system32\rundll32.exe  Primary User Name: Administrator  Primary Domain:  OSF-MOSS-SP  Primary Logon ID:  (0x0,0xE8C0)  Client User Name:  Administrator  Client Domain:  OSF-MOSS-SP  Client Logon ID:  (0x0,0xE8C0)  Previous Time:  8:30:35 PM 10/6/2010  New Time:  8:30:35 PM 10/6/2010  
Oct 06 20:30:35 172.18.1.30 AgentDevice=WindowsLog	AgentLogFile=Security	Source=Security	Computer=OSF-MOSS-SP	User=Administrator	Domain=OSF-MOSS-SP	EventID=577	EventIDCode=577	EventType=8	EventCategory=4	RecordNumber=40	TimeGenerated=1286415035	TimeWritten=1286415035	Message=Privileged Service Called:   Server:  Security   Service:  -   Primary User Name: Administrator   Primary Domain: OSF-MOSS-SP   Primary Logon ID: (0x0,0xE8C0)   Client User Name: Administrator   Client Domain: OSF-MOSS-SP   Client Logon ID: (0x0,0xE8C0)   Privileges: SeSystemtimePrivilege 
Oct 06 20:30:33 172.18.1.30 AgentDevice=WindowsLog	AgentLogFile=Security	Source=Security	Computer=OSF-MOSS-SP	User=Administrator	Domain=OSF-MOSS-SP	EventID=520	EventIDCode=520	EventType=8	EventCategory=1	RecordNumber=39	TimeGenerated=1286415033	TimeWritten=1286415033	Message=The system time was changed.  Process ID:  796  Process Name:  C:\WINDOWS\system32\rundll32.exe  Primary User Name: Administrator  Primary Domain:  OSF-MOSS-SP  Primary Logon ID:  (0x0,0xE8C0)  Client User Name:  Administrator  Client Domain:  OSF-MOSS-SP  Client Logon ID:  (0x0,0xE8C0)  Previous Time:  8:30:33 PM 10/6/2010  New Time:  8:30:33 PM 10/6/2010  
Oct 06 20:30:33 172.18.1.30 AgentDevice=WindowsLog	AgentLogFile=Security	Source=Security	Computer=OSF-MOSS-SP	User=Administrator	Domain=OSF-MOSS-SP	EventID=577	EventIDCode=577	EventType=8	EventCategory=4	RecordNumber=38	TimeGenerated=1286415033	TimeWritten=1286415033	Message=Privileged Service Called:   Server:  Security   Service:  -   Primary User Name: Administrator   Primary Domain: OSF-MOSS-SP   Primary Logon ID: (0x0,0xE8C0)   Client User Name: Administrator   Client Domain: OSF-MOSS-SP   Client Logon ID: (0x0,0xE8C0)   Privileges: SeSystemtimePrivilege 
Oct 06 20:30:33 172.18.1.30 AgentDevice=WindowsLog	AgentLogFile=Security	Source=Security	Computer=OSF-MOSS-SP	User=Administrator	Domain=OSF-MOSS-SP	EventID=520	EventIDCode=520	EventType=8	EventCategory=1	RecordNumber=37	TimeGenerated=1286415033	TimeWritten=1286415033	Message=The system time was changed.  Process ID:  796  Process Name:  C:\WINDOWS\system32\rundll32.exe  Primary User Name: Administrator  Primary Domain:  OSF-MOSS-SP  Primary Logon ID:  (0x0,0xE8C0)  Client User Name:  Administrator  Client Domain:  OSF-MOSS-SP  Client Logon ID:  (0x0,0xE8C0)  Previous Time:  8:30:35 PM 10/6/2010  New Time:  8:30:33 PM 10/6/2010  
Oct 06 20:30:33 172.18.1.30 AgentDevice=WindowsLog	AgentLogFile=Security	Source=Security	Computer=OSF-MOSS-SP	User=Administrator	Domain=OSF-MOSS-SP	EventID=577	EventIDCode=577	EventType=8	EventCategory=4	RecordNumber=36	TimeGenerated=1286415033	TimeWritten=1286415033	Message=Privileged Service Called:   Server:  Security   Service:  -   Primary User Name: Administrator   Primary Domain: OSF-MOSS-SP   Primary Logon ID: (0x0,0xE8C0)   Client User Name: Administrator   Client Domain: OSF-MOSS-SP   Client Logon ID: (0x0,0xE8C0)   Privileges: SeSystemtimePrivilege 
Oct 06 20:30:17 172.18.1.30 AgentDevice=WindowsLog	AgentLogFile=Security	Source=Security	Computer=OSF-MOSS-SP	User=Administrator	Domain=OSF-MOSS-SP	EventID=538	EventIDCode=538	EventType=8	EventCategory=2	RecordNumber=35	TimeGenerated=1286415017	TimeWritten=1286415017	Message=User Logoff:   User Name: Administrator   Domain:  OSF-MOSS-SP   Logon ID:  (0x0,0x69243)   Logon Type: 7  
Oct 06 20:30:17 172.18.1.30 AgentDevice=WindowsLog	AgentLogFile=Security	Source=Security	Computer=OSF-MOSS-SP	User=Administrator	Domain=OSF-MOSS-SP	EventID=576	EventIDCode=576	EventType=8	EventCategory=4	RecordNumber=34	TimeGenerated=1286415017	TimeWritten=1286415017	Message=Special privileges assigned to new logon:   User Name: Administrator   Domain:  OSF-MOSS-SP   Logon ID:  (0x0,0x69243)   Privileges: SeSecurityPrivilege    SeBackupPrivilege    SeRestorePrivilege    SeTakeOwnershipPrivilege    SeDebugPrivilege    SeSystemEnvironmentPrivilege    SeLoadDriverPrivilege    SeImpersonatePrivilege 
Oct 06 20:30:17 172.18.1.30 AgentDevice=WindowsLog	AgentLogFile=Security	Source=Security	Computer=OSF-MOSS-SP	User=Administrator	Domain=OSF-MOSS-SP	EventID=528	EventIDCode=528	EventType=8	EventCategory=2	RecordNumber=33	TimeGenerated=1286415017	TimeWritten=1286415017	Message=Successful Logon:   User Name: Administrator   Domain:  OSF-MOSS-SP   Logon ID:  (0x0,0x69243)   Logon Type: 7   Logon Process: User32     Authentication Package: Negotiate   Workstation Name: OSF-MOSS-SP   Logon GUID: -   Caller User Name: OSF-MOSS-SP$   Caller Domain: OSF   Caller Logon ID: (0x0,0x3E7)   Caller Process ID: 360   Transited Services: -   Source Network Address: 127.0.0.1   Source Port: 0  
Oct 06 20:30:17 172.18.1.30 AgentDevice=WindowsLog	AgentLogFile=Security	Source=Security	Computer=OSF-MOSS-SP	User=SYSTEM	Domain=NT AUTHORITY	EventID=552	EventIDCode=552	EventType=8	EventCategory=2	RecordNumber=32	TimeGenerated=1286415017	TimeWritten=1286415017	Message=Logon attempt using explicit credentials:  Logged on user:   User Name: OSF-MOSS-SP$   Domain:  OSF   Logon ID:  (0x0,0x3E7)   Logon GUID: -  User whose credentials were used:   Target User Name: Administrator   Target Domain: OSF-MOSS-SP   Target Logon GUID: -   Target Server Name: localhost  Target Server Info: localhost  Caller Process ID: 360  Source Network Address: 127.0.0.1  Source Port: 0  
Oct 06 20:30:17 172.18.1.30 AgentDevice=WindowsLog	AgentLogFile=Security	Source=Security	Computer=OSF-MOSS-SP	User=Administrator	Domain=OSF-MOSS-SP	EventID=680	EventIDCode=680	EventType=8	EventCategory=9	RecordNumber=31	TimeGenerated=1286415017	TimeWritten=1286415017	Message=Logon attempt by: MICROSOFT_AUTHENTICATION_PACKAGE_V1_0  Logon account: Administrator  Source Workstation: OSF-MOSS-SP  Error Code: 0x0  
Oct 06 20:30:12 172.18.1.30 AgentDevice=WindowsLog	AgentLogFile=Security	Source=Security	Computer=OSF-MOSS-SP	User=SYSTEM	Domain=NT AUTHORITY	EventID=529	EventIDCode=529	EventType=16	EventCategory=2	RecordNumber=30	TimeGenerated=1286415012	TimeWritten=1286415012	Message=Logon Failure:   Reason:  Unknown user name or bad password   User Name: Administrator   Domain:  OSF-MOSS-SP   Logon Type: 7   Logon Process: User32     Authentication Package: Negotiate   Workstation Name: OSF-MOSS-SP   Caller User Name: OSF-MOSS-SP$   Caller Domain: OSF   Caller Logon ID: (0x0,0x3E7)   Caller Process ID: 360   Transited Services: -   Source Network Address: 127.0.0.1   Source Port: 0  
Oct 06 20:30:12 172.18.1.30 AgentDevice=WindowsLog	AgentLogFile=Security	Source=Security	Computer=OSF-MOSS-SP	User=SYSTEM	Domain=NT AUTHORITY	EventID=680	EventIDCode=680	EventType=16	EventCategory=9	RecordNumber=29	TimeGenerated=1286415012	TimeWritten=1286415012	Message=Logon attempt by: MICROSOFT_AUTHENTICATION_PACKAGE_V1_0  Logon account: Administrator  Source Workstation: OSF-MOSS-SP  Error Code: 0xC000006A  
Oct 06 20:30:11 172.18.1.30 AgentDevice=WindowsLog	AgentLogFile=Security	Source=Security	Computer=OSF-MOSS-SP	User=SYSTEM	Domain=NT AUTHORITY	EventID=529	EventIDCode=529	EventType=16	EventCategory=2	RecordNumber=28	TimeGenerated=1286415011	TimeWritten=1286415011	Message=Logon Failure:   Reason:  Unknown user name or bad password   User Name: Administrator   Domain:  OSF-MOSS-SP   Logon Type: 7   Logon Process: User32     Authentication Package: Negotiate   Workstation Name: OSF-MOSS-SP   Caller User Name: OSF-MOSS-SP$   Caller Domain: OSF   Caller Logon ID: (0x0,0x3E7)   Caller Process ID: 360   Transited Services: -   Source Network Address: 127.0.0.1   Source Port: 0  
Oct 06 20:30:11 172.18.1.30 AgentDevice=WindowsLog	AgentLogFile=Security	Source=Security	Computer=OSF-MOSS-SP	User=SYSTEM	Domain=NT AUTHORITY	EventID=680	EventIDCode=680	EventType=16	EventCategory=9	RecordNumber=27	TimeGenerated=1286415011	TimeWritten=1286415011	Message=Logon attempt by: MICROSOFT_AUTHENTICATION_PACKAGE_V1_0  Logon account: Administrator  Source Workstation: OSF-MOSS-SP  Error Code: 0xC000006A  
Oct 06 20:29:30 172.18.1.20 AgentDevice=WindowsLog	AgentLogFile=Security	Source=Security	Computer=OSF-477F9B9DC69	User=SYSTEM	Domain=NT AUTHORITY	EventID=577	EventIDCode=577	EventType=8	EventCategory=4	RecordNumber=145	TimeGenerated=1286414969	TimeWritten=1286414969	Message=Privileged Service Called:   Server:  NT Local Security Authority / Authentication Service   Service:  LsaRegisterLogonProcess()   Primary User Name: OSF-477F9B9DC69$   Primary Domain: OSF-TEST   Primary Logon ID: (0x0,0x3E7)   Client User Name: OSF-477F9B9DC69$   Client Domain: OSF-TEST   Client Logon ID: (0x0,0x3E7)   Privileges: SeTcbPrivilege 
Oct 06 20:24:23 172.18.1.20 AgentDevice=WindowsLog	AgentLogFile=System	Source=W32Time	Computer=OSF-477F9B9DC69	User= 	Domain= 	EventID=2186936337	EventIDCode=17	EventType=1	EventCategory=0	RecordNumber=113	TimeGenerated=1286414663	TimeWritten=1286414663	Message=Time Provider NtpClient: An error occurred during DNS lookup of the manually configured peer 'time.windows.com,0x1'. NtpClient will try the DNS lookup again in 30 minutes. The error was: A socket operation was attempted to an unreachable host. (0x80072751) 
Oct 06 20:19:23 172.18.1.20 AgentDevice=WindowsLog	AgentLogFile=Security	Source=Security	Computer=OSF-477F9B9DC69	User=Administrator	Domain=OSF-477F9B9DC69	EventID=538	EventIDCode=538	EventType=8	EventCategory=2	RecordNumber=144	TimeGenerated=1286414363	TimeWritten=1286414363	Message=User Logoff:   User Name: Administrator   Domain:  OSF-477F9B9DC69   Logon ID:  (0x0,0x172B2)   Logon Type: 2  
Oct 06 20:19:23 172.18.1.20 AgentDevice=WindowsLog	AgentLogFile=Security	Source=Security	Computer=OSF-477F9B9DC69	User=Administrator	Domain=OSF-477F9B9DC69	EventID=551	EventIDCode=551	EventType=8	EventCategory=2	RecordNumber=143	TimeGenerated=1286414362	TimeWritten=1286414362	Message=User initiated logoff:   User Name: Administrator   Domain:  OSF-477F9B9DC69   Logon ID:  (0x0,0x172b2)  
Oct 06 20:17:22 172.18.1.20 AgentDevice=WindowsLog	AgentLogFile=Security	Source=Security	Computer=OSF-477F9B9DC69	User=Administrator	Domain=OSF-477F9B9DC69	EventID=636	EventIDCode=636	EventType=8	EventCategory=7	RecordNumber=142	TimeGenerated=1286414242	TimeWritten=1286414242	Message=Security Enabled Local Group Member Added:   Member Name: -   Member ID: OSF-477F9B9DC69\osf_Share   Target Account Name: Users   Target Domain: Builtin   Target Account ID: BUILTIN\Users   Caller User Name: Administrator   Caller Domain: OSF-477F9B9DC69   Caller Logon ID: (0x0,0x172B2)   Privileges: -  
Oct 06 20:17:22 172.18.1.20 AgentDevice=WindowsLog	AgentLogFile=Security	Source=Security	Computer=OSF-477F9B9DC69	User=Administrator	Domain=OSF-477F9B9DC69	EventID=642	EventIDCode=642	EventType=8	EventCategory=7	RecordNumber=141	TimeGenerated=1286414242	TimeWritten=1286414242	Message=User Account Changed:   Target Account Name: osf_Share   Target Domain: OSF-477F9B9DC69   Target Account ID: OSF-477F9B9DC69\osf_Share   Caller User Name: Administrator   Caller Domain: OSF-477F9B9DC69   Caller Logon ID: (0x0,0x172B2)   Privileges: -  Changed Attributes:   Sam Account Name: osf_Share   Display Name: Share Account   User Principal Name: -   Home Directory: %%1793   Home Drive: %%1793   Script Path: %%1793   Profile Path: %%1793   User Workstations: %%1793   Password Last Set: 10/6/2010 8:17:22 PM   Account Expires: %%1794   Primary Group ID: 513   AllowedToDelegateTo: -   Old UAC Value: 0x9AF30   New UAC Value: 0x9AF30   User Account Control: -   User Parameters: %%1793   Sid History: -   Logon Hours: %%1792  
Oct 06 20:17:22 172.18.1.20 AgentDevice=WindowsLog	AgentLogFile=Security	Source=Security	Computer=OSF-477F9B9DC69	User=Administrator	Domain=OSF-477F9B9DC69	EventID=642	EventIDCode=642	EventType=8	EventCategory=7	RecordNumber=140	TimeGenerated=1286414242	TimeWritten=1286414242	Message=User Account Changed:   Target Account Name: osf_Share   Target Domain: OSF-477F9B9DC69   Target Account ID: OSF-477F9B9DC69\osf_Share   Caller User Name: Administrator   Caller Domain: OSF-477F9B9DC69   Caller Logon ID: (0x0,0x172B2)   Privileges: -  Changed Attributes:   Sam Account Name: osf_Share   Display Name: Share Account   User Principal Name: -   Home Directory: %%1793   Home Drive: %%1793   Script Path: %%1793   Profile Path: %%1793   User Workstations: %%1793   Password Last Set: %%1794   Account Expires: %%1794   Primary Group ID: 513   AllowedToDelegateTo: -   Old UAC Value: 0x9AF30   New UAC Value: 0x9AF30   User Account Control: -   User Parameters: %%1793   Sid History: -   Logon Hours: %%1792  
Oct 06 20:17:22 172.18.1.20 AgentDevice=WindowsLog	AgentLogFile=Security	Source=Security	Computer=OSF-477F9B9DC69	User=Administrator	Domain=OSF-477F9B9DC69	EventID=642	EventIDCode=642	EventType=8	EventCategory=7	RecordNumber=139	TimeGenerated=1286414242	TimeWritten=1286414242	Message=User Account Changed:   Target Account Name: osf_Share   Target Domain: OSF-477F9B9DC69   Target Account ID: OSF-477F9B9DC69\osf_Share   Caller User Name: Administrator   Caller Domain: OSF-477F9B9DC69   Caller Logon ID: (0x0,0x172B2)   Privileges: -  Changed Attributes:   Sam Account Name: osf_Share   Display Name: osf_Share   User Principal Name: -   Home Directory: %%1793   Home Drive: %%1793   Script Path: %%1793   Profile Path: %%1793   User Workstations: %%1793   Password Last Set: %%1794   Account Expires: %%1794   Primary Group ID: 513   AllowedToDelegateTo: -   Old UAC Value: 0x9B778   New UAC Value: 0x9B778   User Account Control: -   User Parameters: %%1793   Sid History: -   Logon Hours: %%1792  
Oct 06 20:17:22 172.18.1.20 AgentDevice=WindowsLog	AgentLogFile=Security	Source=Security	Computer=OSF-477F9B9DC69	User=Administrator	Domain=OSF-477F9B9DC69	EventID=626	EventIDCode=626	EventType=8	EventCategory=7	RecordNumber=138	TimeGenerated=1286414242	TimeWritten=1286414242	Message=User Account Enabled:   Target Account Name: osf_Share   Target Domain: OSF-477F9B9DC69   Target Account ID: OSF-477F9B9DC69\osf_Share   Caller User Name: Administrator   Caller Domain: OSF-477F9B9DC69   Caller Logon ID: (0x0,0x172B2)  
Oct 06 20:17:22 172.18.1.20 AgentDevice=WindowsLog	AgentLogFile=Security	Source=Security	Computer=OSF-477F9B9DC69	User=Administrator	Domain=OSF-477F9B9DC69	EventID=624	EventIDCode=624	EventType=8	EventCategory=7	RecordNumber=137	TimeGenerated=1286414242	TimeWritten=1286414242	Message=User Account Created:   New Account Name: osf_Share   New Domain: OSF-477F9B9DC69   New Account ID: OSF-477F9B9DC69\osf_Share   Caller User Name: Administrator   Caller Domain: OSF-477F9B9DC69   Caller Logon ID: (0x0,0x172B2)   Privileges  -  Attributes:   Sam Account Name: osf_Share   Display Name: %%1793   User Principal Name: -   Home Directory: %%1793   Home Drive: %%1793   Script Path: %%1793   Profile Path: %%1793   User Workstations: %%1793   Password Last Set: %%1794   Account Expires: %%1794   Primary Group ID: 513   AllowedToDelegateTo: -   Old UAC Value: 0x9B778   New UAC Value: 0x9B778   User Account Control: -   User Parameters: %%1793   Sid History: -   Logon Hours: %%1792  
Oct 06 20:17:22 172.18.1.20 AgentDevice=WindowsLog	AgentLogFile=Security	Source=Security	Computer=OSF-477F9B9DC69	User=Administrator	Domain=OSF-477F9B9DC69	EventID=632	EventIDCode=632	EventType=8	EventCategory=7	RecordNumber=136	TimeGenerated=1286414242	TimeWritten=1286414242	Message=Security Enabled Global Group Member Added:   Member Name: -   Member ID: OSF-477F9B9DC69\osf_Share   Target Account Name: None   Target Domain: OSF-477F9B9DC69   Target Account ID: OSF-477F9B9DC69\None   Caller User Name: Administrator   Caller Domain: OSF-477F9B9DC69   Caller Logon ID: (0x0,0x172B2)   Privileges: -  
Oct 06 20:14:19 172.18.1.20 AgentDevice=WindowsLog	AgentLogFile=Security	Source=Security	Computer=OSF-477F9B9DC69	User=Administrator	Domain=OSF-477F9B9DC69	EventID=628	EventIDCode=628	EventType=8	EventCategory=7	RecordNumber=135	TimeGenerated=1286414058	TimeWritten=1286414058	Message=User Account password set:   Target Account Name: Administrator   Target Domain: OSF-477F9B9DC69   Target Account ID: OSF-477F9B9DC69\Administrator   Caller User Name: Administrator   Caller Domain: OSF-477F9B9DC69   Caller Logon ID: (0x0,0x172B2)  
Oct 06 20:14:19 172.18.1.20 AgentDevice=WindowsLog	AgentLogFile=Security	Source=Security	Computer=OSF-477F9B9DC69	User=Administrator	Domain=OSF-477F9B9DC69	EventID=642	EventIDCode=642	EventType=8	EventCategory=7	RecordNumber=134	TimeGenerated=1286414058	TimeWritten=1286414058	Message=User Account Changed:   Target Account Name: Administrator   Target Domain: OSF-477F9B9DC69   Target Account ID: OSF-477F9B9DC69\Administrator   Caller User Name: Administrator   Caller Domain: OSF-477F9B9DC69   Caller Logon ID: (0x0,0x172B2)   Privileges: -  Changed Attributes:   Sam Account Name: Administrator   Display Name: %%1793   User Principal Name: -   Home Directory: %%1793   Home Drive: %%1793   Script Path: %%1793   Profile Path: %%1793   User Workstations: %%1793   Password Last Set: 10/6/2010 8:14:18 PM   Account Expires: %%1794   Primary Group ID: 513   AllowedToDelegateTo: -   Old UAC Value: 0x9B778   New UAC Value: 0x9B778   User Account Control: -   User Parameters: -   Sid History: -   Logon Hours: %%1792  
Oct 06 20:13:03 172.18.1.20 AgentDevice=WindowsLog	AgentLogFile=System	Source=Service Control Manager	Computer=OSF-477F9B9DC69	User= 	Domain= 	EventID=1073748860	EventIDCode=7036	EventType=4	EventCategory=0	RecordNumber=112	TimeGenerated=1286413983	TimeWritten=1286413983	Message=The Network Location Awareness (NLA) service entered the running state. 
Oct 06 20:13:03 172.18.1.20 AgentDevice=WindowsLog	AgentLogFile=System	Source=Service Control Manager	Computer=OSF-477F9B9DC69	User=SYSTEM	Domain=NT AUTHORITY	EventID=1073748859	EventIDCode=7035	EventType=4	EventCategory=0	RecordNumber=111	TimeGenerated=1286413983	TimeWritten=1286413983	Message=The Network Location Awareness (NLA) service was successfully sent a start control. 
Oct 06 20:12:59 172.18.1.20 AgentDevice=WindowsLog	AgentLogFile=Application	Source=LoadPerf	Computer=OSF-477F9B9DC69	User= 	Domain= 	EventID=1073742824	EventIDCode=1000	EventType=4	EventCategory=0	RecordNumber=131	TimeGenerated=1286413979	TimeWritten=1286413979	Message=Performance counters for the WmiApRpl (WmiApRpl) service were loaded successfully. The Record Data contains the new index values assigned to this service. 
Oct 06 20:12:59 172.18.1.20 AgentDevice=WindowsLog	AgentLogFile=Application	Source=LoadPerf	Computer=OSF-477F9B9DC69	User= 	Domain= 	EventID=1073742825	EventIDCode=1001	EventType=4	EventCategory=0	RecordNumber=130	TimeGenerated=1286413979	TimeWritten=1286413979	Message=Performance counters for the WmiApRpl (WmiApRpl) service were removed successfully. The Record Data contains the new values of the system Last Counter and Last Help registry entries. 
Oct 06 20:12:58 172.18.1.20 AgentDevice=WindowsLog	AgentLogFile=System	Source=Service Control Manager	Computer=OSF-477F9B9DC69	User= 	Domain= 	EventID=1073748860	EventIDCode=7036	EventType=4	EventCategory=0	RecordNumber=110	TimeGenerated=1286413978	TimeWritten=1286413978	Message=The Network Connections service entered the running state. 
Oct 06 20:12:58 172.18.1.20 AgentDevice=WindowsLog	AgentLogFile=System	Source=Service Control Manager	Computer=OSF-477F9B9DC69	User=SYSTEM	Domain=NT AUTHORITY	EventID=1073748859	EventIDCode=7035	EventType=4	EventCategory=0	RecordNumber=109	TimeGenerated=1286413978	TimeWritten=1286413978	Message=The Network Connections service was successfully sent a start control. 
