Sep 24 18:25:59 172.18.1.20 AgentDevice=WindowsLog	AgentLogFile=Security	Source=Security	Computer=OSF-477F9B9DC69	User=Safron	Domain=OSF-477F9B9DC69	EventID=628	EventIDCode=628	EventType=8	EventCategory=7	RecordNumber=104	TimeGenerated=1285370758	TimeWritten=1285370758	Message=User Account password set:   Target Account Name: hax   Target Domain: OSF-477F9B9DC69   Target Account ID: OSF-477F9B9DC69\hax   Caller User Name: Safron   Caller Domain: OSF-477F9B9DC69   Caller Logon ID: (0x0,0x5667A)  
Sep 24 18:25:59 172.18.1.20 AgentDevice=WindowsLog	AgentLogFile=Security	Source=Security	Computer=OSF-477F9B9DC69	User=Safron	Domain=OSF-477F9B9DC69	EventID=642	EventIDCode=642	EventType=8	EventCategory=7	RecordNumber=103	TimeGenerated=1285370758	TimeWritten=1285370758	Message=User Account Changed:   Target Account Name: hax   Target Domain: OSF-477F9B9DC69   Target Account ID: OSF-477F9B9DC69\hax   Caller User Name: Safron   Caller Domain: OSF-477F9B9DC69   Caller Logon ID: (0x0,0x5667A)   Privileges: -  Changed Attributes:   Sam Account Name: hax   Display Name: hax   User Principal Name: -   Home Directory: %%1793   Home Drive: %%1793   Script Path: %%1793   Profile Path: %%1793   User Workstations: %%1793   Password Last Set: 9/24/2010 6:25:58 PM   Account Expires: %%1794   Primary Group ID: 513   AllowedToDelegateTo: -   Old UAC Value: 0x9B360   New UAC Value: 0x9B360   User Account Control: -   User Parameters: -   Sid History: -   Logon Hours: %%1792  
Sep 24 18:25:59 172.18.1.20 AgentDevice=WindowsLog	AgentLogFile=Security	Source=Security	Computer=OSF-477F9B9DC69	User=Safron	Domain=OSF-477F9B9DC69	EventID=626	EventIDCode=626	EventType=8	EventCategory=7	RecordNumber=102	TimeGenerated=1285370758	TimeWritten=1285370758	Message=User Account Enabled:   Target Account Name: hax   Target Domain: OSF-477F9B9DC69   Target Account ID: OSF-477F9B9DC69\hax   Caller User Name: Safron   Caller Domain: OSF-477F9B9DC69   Caller Logon ID: (0x0,0x5667A)  
Sep 24 18:25:59 172.18.1.20 AgentDevice=WindowsLog	AgentLogFile=Security	Source=Security	Computer=OSF-477F9B9DC69	User=Safron	Domain=OSF-477F9B9DC69	EventID=624	EventIDCode=624	EventType=8	EventCategory=7	RecordNumber=101	TimeGenerated=1285370758	TimeWritten=1285370758	Message=User Account Created:   New Account Name: hax   New Domain: OSF-477F9B9DC69   New Account ID: OSF-477F9B9DC69\hax   Caller User Name: Safron   Caller Domain: OSF-477F9B9DC69   Caller Logon ID: (0x0,0x5667A)   Privileges  -  Attributes:   Sam Account Name: hax   Display Name: %%1793   User Principal Name: -   Home Directory: %%1793   Home Drive: %%1793   Script Path: %%1793   Profile Path: %%1793   User Workstations: %%1793   Password Last Set: %%1794   Account Expires: %%1794   Primary Group ID: 513   AllowedToDelegateTo: -   Old UAC Value: 0x9B360   New UAC Value: 0x9B360   User Account Control: -   User Parameters: %%1793   Sid History: -   Logon Hours: %%1792  
Sep 24 18:25:59 172.18.1.20 AgentDevice=WindowsLog	AgentLogFile=Security	Source=Security	Computer=OSF-477F9B9DC69	User=Safron	Domain=OSF-477F9B9DC69	EventID=632	EventIDCode=632	EventType=8	EventCategory=7	RecordNumber=100	TimeGenerated=1285370758	TimeWritten=1285370758	Message=Security Enabled Global Group Member Added:   Member Name: -   Member ID: OSF-477F9B9DC69\hax   Target Account Name: None   Target Domain: OSF-477F9B9DC69   Target Account ID: OSF-477F9B9DC69\None   Caller User Name: Safron   Caller Domain: OSF-477F9B9DC69   Caller Logon ID: (0x0,0x5667A)   Privileges: -  
Sep 24 18:25:51 172.18.1.20 AgentDevice=WindowsLog	AgentLogFile=System	Source=W32Time	Computer=OSF-477F9B9DC69	User= 	Domain= 	EventID=2186936337	EventIDCode=17	EventType=1	EventCategory=0	RecordNumber=102	TimeGenerated=1285370751	TimeWritten=1285370751	Message=Time Provider NtpClient: An error occurred during DNS lookup of the manually configured peer 'time.windows.com,0x1'. NtpClient will try the DNS lookup again in 30 minutes. The error was: A socket operation was attempted to an unreachable host. (0x80072751) 
Sep 24 18:24:01 172.18.1.20 AgentDevice=WindowsLog	AgentLogFile=System	Source=Service Control Manager	Computer=OSF-477F9B9DC69	User=SYSTEM	Domain=NT AUTHORITY	EventID=1073748859	EventIDCode=7035	EventType=4	EventCategory=0	RecordNumber=100	TimeGenerated=1285370641	TimeWritten=1285370641	Message=The Windows Installer service was successfully sent a start control. 
Sep 24 18:23:57 172.18.1.20 AgentDevice=WindowsLog	AgentLogFile=Security	Source=Security	Computer=OSF-477F9B9DC69	User=Safron	Domain=OSF-477F9B9DC69	EventID=576	EventIDCode=576	EventType=8	EventCategory=4	RecordNumber=99	TimeGenerated=1285370637	TimeWritten=1285370637	Message=Special privileges assigned to new logon:   User Name: Safron   Domain:  OSF-477F9B9DC69   Logon ID:  (0x0,0x5667A)   Privileges: SeSecurityPrivilege    SeBackupPrivilege    SeRestorePrivilege    SeTakeOwnershipPrivilege    SeDebugPrivilege    SeSystemEnvironmentPrivilege    SeLoadDriverPrivilege    SeImpersonatePrivilege 
Sep 24 18:23:57 172.18.1.20 AgentDevice=WindowsLog	AgentLogFile=Security	Source=Security	Computer=OSF-477F9B9DC69	User=Safron	Domain=OSF-477F9B9DC69	EventID=528	EventIDCode=528	EventType=8	EventCategory=2	RecordNumber=98	TimeGenerated=1285370637	TimeWritten=1285370637	Message=Successful Logon:   User Name: Safron   Domain:  OSF-477F9B9DC69   Logon ID:  (0x0,0x5667A)   Logon Type: 10   Logon Process: User32     Authentication Package: Negotiate   Workstation Name: OSF-477F9B9DC69   Logon GUID: -   Caller User Name: OSF-477F9B9DC69$   Caller Domain: OSF-TEST   Caller Logon ID: (0x0,0x3E7)   Caller Process ID: 660   Transited Services: -   Source Network Address: 172.18.1.13   Source Port: 1037  
Sep 24 18:23:57 172.18.1.20 AgentDevice=WindowsLog	AgentLogFile=Security	Source=Security	Computer=OSF-477F9B9DC69	User=SYSTEM	Domain=NT AUTHORITY	EventID=552	EventIDCode=552	EventType=8	EventCategory=2	RecordNumber=97	TimeGenerated=1285370637	TimeWritten=1285370637	Message=Logon attempt using explicit credentials:  Logged on user:   User Name: OSF-477F9B9DC69$   Domain:  OSF-TEST   Logon ID:  (0x0,0x3E7)   Logon GUID: -  User whose credentials were used:   Target User Name: Safron   Target Domain: OSF-477F9B9DC69   Target Logon GUID: -   Target Server Name: localhost  Target Server Info: localhost  Caller Process ID: 660  Source Network Address: 172.18.1.13  Source Port: 1037  
Sep 24 18:23:57 172.18.1.20 AgentDevice=WindowsLog	AgentLogFile=Security	Source=Security	Computer=OSF-477F9B9DC69	User=Safron	Domain=OSF-477F9B9DC69	EventID=680	EventIDCode=680	EventType=8	EventCategory=9	RecordNumber=96	TimeGenerated=1285370637	TimeWritten=1285370637	Message=Logon attempt by: MICROSOFT_AUTHENTICATION_PACKAGE_V1_0  Logon account: safron  Source Workstation: OSF-477F9B9DC69  Error Code: 0x0  
Sep 24 18:23:57 172.18.1.20 AgentDevice=WindowsLog	AgentLogFile=Security	Source=Security	Computer=OSF-477F9B9DC69	User=Safron	Domain=OSF-477F9B9DC69	EventID=538	EventIDCode=538	EventType=8	EventCategory=2	RecordNumber=95	TimeGenerated=1285370637	TimeWritten=1285370637	Message=User Logoff:   User Name: Safron   Domain:  OSF-477F9B9DC69   Logon ID:  (0x0,0x56513)   Logon Type: 2  
Sep 24 18:23:57 172.18.1.20 AgentDevice=WindowsLog	AgentLogFile=Security	Source=Security	Computer=OSF-477F9B9DC69	User=Safron	Domain=OSF-477F9B9DC69	EventID=576	EventIDCode=576	EventType=8	EventCategory=4	RecordNumber=94	TimeGenerated=1285370637	TimeWritten=1285370637	Message=Special privileges assigned to new logon:   User Name: Safron   Domain:  OSF-477F9B9DC69   Logon ID:  (0x0,0x56513)   Privileges: SeSecurityPrivilege    SeBackupPrivilege    SeRestorePrivilege    SeTakeOwnershipPrivilege    SeDebugPrivilege    SeSystemEnvironmentPrivilege    SeLoadDriverPrivilege    SeImpersonatePrivilege 
Sep 24 18:23:57 172.18.1.20 AgentDevice=WindowsLog	AgentLogFile=Security	Source=Security	Computer=OSF-477F9B9DC69	User=Safron	Domain=OSF-477F9B9DC69	EventID=528	EventIDCode=528	EventType=8	EventCategory=2	RecordNumber=93	TimeGenerated=1285370637	TimeWritten=1285370637	Message=Successful Logon:   User Name: Safron   Domain:  OSF-477F9B9DC69   Logon ID:  (0x0,0x56513)   Logon Type: 2   Logon Process: Advapi     Authentication Package: Negotiate   Workstation Name: OSF-477F9B9DC69   Logon GUID: -   Caller User Name: OSF-477F9B9DC69$   Caller Domain: OSF-TEST   Caller Logon ID: (0x0,0x3E7)   Caller Process ID: 408   Transited Services: -   Source Network Address: -   Source Port: -  
Sep 24 18:23:57 172.18.1.20 AgentDevice=WindowsLog	AgentLogFile=Security	Source=Security	Computer=OSF-477F9B9DC69	User=Safron	Domain=OSF-477F9B9DC69	EventID=680	EventIDCode=680	EventType=8	EventCategory=9	RecordNumber=91	TimeGenerated=1285370637	TimeWritten=1285370637	Message=Logon attempt by: MICROSOFT_AUTHENTICATION_PACKAGE_V1_0  Logon account: safron  Source Workstation: OSF-477F9B9DC69  Error Code: 0x0  
Sep 24 18:23:55 172.18.1.20 AgentDevice=WindowsLog	AgentLogFile=Security	Source=Security	Computer=OSF-477F9B9DC69	User=Safron	Domain=OSF-477F9B9DC69	EventID=538	EventIDCode=538	EventType=8	EventCategory=2	RecordNumber=90	TimeGenerated=1285370635	TimeWritten=1285370635	Message=User Logoff:   User Name: Safron   Domain:  OSF-477F9B9DC69   Logon ID:  (0x0,0x55D73)   Logon Type: 2  
Sep 24 18:23:55 172.18.1.20 AgentDevice=WindowsLog	AgentLogFile=Security	Source=Security	Computer=OSF-477F9B9DC69	User=Safron	Domain=OSF-477F9B9DC69	EventID=576	EventIDCode=576	EventType=8	EventCategory=4	RecordNumber=89	TimeGenerated=1285370634	TimeWritten=1285370634	Message=Special privileges assigned to new logon:   User Name: Safron   Domain:  OSF-477F9B9DC69   Logon ID:  (0x0,0x55D73)   Privileges: SeSecurityPrivilege    SeBackupPrivilege    SeRestorePrivilege    SeTakeOwnershipPrivilege    SeDebugPrivilege    SeSystemEnvironmentPrivilege    SeLoadDriverPrivilege    SeImpersonatePrivilege 
Sep 24 18:23:55 172.18.1.20 AgentDevice=WindowsLog	AgentLogFile=Security	Source=Security	Computer=OSF-477F9B9DC69	User=Safron	Domain=OSF-477F9B9DC69	EventID=528	EventIDCode=528	EventType=8	EventCategory=2	RecordNumber=88	TimeGenerated=1285370634	TimeWritten=1285370634	Message=Successful Logon:   User Name: Safron   Domain:  OSF-477F9B9DC69   Logon ID:  (0x0,0x55D73)   Logon Type: 2   Logon Process: Advapi     Authentication Package: Negotiate   Workstation Name: OSF-477F9B9DC69   Logon GUID: -   Caller User Name: OSF-477F9B9DC69$   Caller Domain: OSF-TEST   Caller Logon ID: (0x0,0x3E7)   Caller Process ID: 408   Transited Services: -   Source Network Address: -   Source Port: -  
Sep 24 18:23:55 172.18.1.20 AgentDevice=WindowsLog	AgentLogFile=Security	Source=Security	Computer=OSF-477F9B9DC69	User=SYSTEM	Domain=NT AUTHORITY	EventID=552	EventIDCode=552	EventType=8	EventCategory=2	RecordNumber=87	TimeGenerated=1285370634	TimeWritten=1285370634	Message=Logon attempt using explicit credentials:  Logged on user:   User Name: OSF-477F9B9DC69$   Domain:  OSF-TEST   Logon ID:  (0x0,0x3E7)   Logon GUID: -  User whose credentials were used:   Target User Name: Safron   Target Domain: OSF-477F9B9DC69   Target Logon GUID: -   Target Server Name: localhost  Target Server Info: localhost  Caller Process ID: 408  Source Network Address: -  Source Port: -  
Sep 24 18:23:57 172.18.1.20 AgentDevice=WindowsLog	AgentLogFile=Security	Source=Security	Computer=OSF-477F9B9DC69	User=SYSTEM	Domain=NT AUTHORITY	EventID=552	EventIDCode=552	EventType=8	EventCategory=2	RecordNumber=92	TimeGenerated=1285370637	TimeWritten=1285370637	Message=Logon attempt using explicit credentials:  Logged on user:   User Name: OSF-477F9B9DC69$   Domain:  OSF-TEST   Logon ID:  (0x0,0x3E7)   Logon GUID: -  User whose credentials were used:   Target User Name: Safron   Target Domain: OSF-477F9B9DC69   Target Logon GUID: -   Target Server Name: localhost  Target Server Info: localhost  Caller Process ID: 408  Source Network Address: -  Source Port: -  
Sep 24 18:23:55 172.18.1.20 AgentDevice=WindowsLog	AgentLogFile=Security	Source=Security	Computer=OSF-477F9B9DC69	User=SYSTEM	Domain=NT AUTHORITY	EventID=577	EventIDCode=577	EventType=8	EventCategory=4	RecordNumber=85	TimeGenerated=1285370634	TimeWritten=1285370634	Message=Privileged Service Called:   Server:  NT Local Security Authority / Authentication Service   Service:  LsaRegisterLogonProcess()   Primary User Name: OSF-477F9B9DC69$   Primary Domain: OSF-TEST   Primary Logon ID: (0x0,0x3E7)   Client User Name: OSF-477F9B9DC69$   Client Domain: OSF-TEST   Client Logon ID: (0x0,0x3E7)   Privileges: SeTcbPrivilege 
Sep 24 18:23:55 172.18.1.20 AgentDevice=WindowsLog	AgentLogFile=Security	Source=Security	Computer=OSF-477F9B9DC69	User=ANONYMOUS LOGON	Domain=NT AUTHORITY	EventID=627	EventIDCode=627	EventType=8	EventCategory=7	RecordNumber=84	TimeGenerated=1285370634	TimeWritten=1285370634	Message=Change Password Attempt:   Target Account Name: Safron   Target Domain: OSF-477F9B9DC69   Target Account ID: OSF-477F9B9DC69\Safron   Caller User Name: -   Caller Domain: -   Caller Logon ID: (0x0,0x3E6)   Privileges: -  
Sep 24 18:23:46 172.18.1.20 AgentDevice=WindowsLog	AgentLogFile=Security	Source=Security	Computer=OSF-477F9B9DC69	User=SYSTEM	Domain=NT AUTHORITY	EventID=680	EventIDCode=680	EventType=16	EventCategory=9	RecordNumber=83	TimeGenerated=1285370625	TimeWritten=1285370625	Message=Logon attempt by: MICROSOFT_AUTHENTICATION_PACKAGE_V1_0  Logon account: safron  Source Workstation: OSF-477F9B9DC69  Error Code: 0xC0000224  
Sep 24 18:23:42 172.18.1.20 AgentDevice=WindowsLog	AgentLogFile=Security	Source=Security	Computer=OSF-477F9B9DC69	User=SYSTEM	Domain=NT AUTHORITY	EventID=680	EventIDCode=680	EventType=16	EventCategory=9	RecordNumber=82	TimeGenerated=1285370622	TimeWritten=1285370622	Message=Logon attempt by: MICROSOFT_AUTHENTICATION_PACKAGE_V1_0  Logon account: safron  Source Workstation: OSF-477F9B9DC69  Error Code: 0xC000006A  
Sep 24 18:23:32 172.18.1.20 AgentDevice=WindowsLog	AgentLogFile=Security	Source=Security	Computer=OSF-477F9B9DC69	User=SYSTEM	Domain=NT AUTHORITY	EventID=577	EventIDCode=577	EventType=8	EventCategory=4	RecordNumber=80	TimeGenerated=1285370612	TimeWritten=1285370612	Message=Privileged Service Called:   Server:  NT Local Security Authority / Authentication Service   Service:  LsaRegisterLogonProcess()   Primary User Name: OSF-477F9B9DC69$   Primary Domain: OSF-TEST   Primary Logon ID: (0x0,0x3E7)   Client User Name: OSF-477F9B9DC69$   Client Domain: OSF-TEST   Client Logon ID: (0x0,0x3E7)   Privileges: SeTcbPrivilege 
Sep 24 18:23:55 172.18.1.20 AgentDevice=WindowsLog	AgentLogFile=Security	Source=Security	Computer=OSF-477F9B9DC69	User=Safron	Domain=OSF-477F9B9DC69	EventID=680	EventIDCode=680	EventType=8	EventCategory=9	RecordNumber=86	TimeGenerated=1285370634	TimeWritten=1285370634	Message=Logon attempt by: MICROSOFT_AUTHENTICATION_PACKAGE_V1_0  Logon account: safron  Source Workstation: OSF-477F9B9DC69  Error Code: 0x0  
Sep 24 18:23:09 172.18.1.20 AgentDevice=WindowsLog	AgentLogFile=System	Source=Service Control Manager	Computer=OSF-477F9B9DC69	User= 	Domain= 	EventID=1073748860	EventIDCode=7036	EventType=4	EventCategory=0	RecordNumber=99	TimeGenerated=1285370588	TimeWritten=1285370588	Message=The WinHTTP Web Proxy Auto-Discovery Service service entered the running state. 
Sep 24 18:23:32 172.18.1.20 AgentDevice=WindowsLog	AgentLogFile=Security	Source=Security	Computer=OSF-477F9B9DC69	User=SYSTEM	Domain=NT AUTHORITY	EventID=515	EventIDCode=515	EventType=8	EventCategory=1	RecordNumber=79	TimeGenerated=1285370612	TimeWritten=1285370612	Message=A trusted logon process has registered with the Local Security Authority. This logon process will be trusted to submit logon requests.     Logon Process Name: Winlogon\MSGina 
Sep 24 18:23:22 172.18.1.20 AgentDevice=WindowsLog	AgentLogFile=Security	Source=Security	Computer=OSF-477F9B9DC69	User=Administrator	Domain=OSF-477F9B9DC69	EventID=636	EventIDCode=636	EventType=8	EventCategory=7	RecordNumber=78	TimeGenerated=1285370601	TimeWritten=1285370601	Message=Security Enabled Local Group Member Added:   Member Name: -   Member ID: OSF-477F9B9DC69\Safron   Target Account Name: Remote Desktop Users   Target Domain: Builtin   Target Account ID: BUILTIN\Remote Desktop Users   Caller User Name: Administrator   Caller Domain: OSF-477F9B9DC69   Caller Logon ID: (0x0,0x3F39B)   Privileges: -  
Sep 24 18:23:09 172.18.1.20 AgentDevice=WindowsLog	AgentLogFile=System	Source=Service Control Manager	Computer=OSF-477F9B9DC69	User=SYSTEM	Domain=NT AUTHORITY	EventID=1073748859	EventIDCode=7035	EventType=4	EventCategory=0	RecordNumber=98	TimeGenerated=1285370588	TimeWritten=1285370588	Message=The WinHTTP Web Proxy Auto-Discovery Service service was successfully sent a start control. 
Sep 24 18:23:09 172.18.1.20 AgentDevice=WindowsLog	AgentLogFile=Security	Source=Security	Computer=OSF-477F9B9DC69	User=SYSTEM	Domain=NT AUTHORITY	EventID=577	EventIDCode=577	EventType=8	EventCategory=4	RecordNumber=77	TimeGenerated=1285370588	TimeWritten=1285370588	Message=Privileged Service Called:   Server:  NT Local Security Authority / Authentication Service   Service:  LsaRegisterLogonProcess()   Primary User Name: OSF-477F9B9DC69$   Primary Domain: OSF-TEST   Primary Logon ID: (0x0,0x3E7)   Client User Name: OSF-477F9B9DC69$   Client Domain: OSF-TEST   Client Logon ID: (0x0,0x3E7)   Privileges: SeTcbPrivilege 
Sep 24 18:22:32 172.18.1.20 AgentDevice=WindowsLog	AgentLogFile=Security	Source=Security	Computer=OSF-477F9B9DC69	User=SYSTEM	Domain=NT AUTHORITY	EventID=577	EventIDCode=577	EventType=8	EventCategory=4	RecordNumber=76	TimeGenerated=1285370552	TimeWritten=1285370552	Message=Privileged Service Called:   Server:  NT Local Security Authority / Authentication Service   Service:  LsaRegisterLogonProcess()   Primary User Name: OSF-477F9B9DC69$   Primary Domain: OSF-TEST   Primary Logon ID: (0x0,0x3E7)   Client User Name: OSF-477F9B9DC69$   Client Domain: OSF-TEST   Client Logon ID: (0x0,0x3E7)   Privileges: SeTcbPrivilege 
Sep 24 18:19:15 172.18.1.20 AgentDevice=WindowsLog	AgentLogFile=Security	Source=Security	Computer=OSF-477F9B9DC69	User=Administrator	Domain=OSF-477F9B9DC69	EventID=538	EventIDCode=538	EventType=8	EventCategory=2	RecordNumber=75	TimeGenerated=1285370354	TimeWritten=1285370354	Message=User Logoff:   User Name: Administrator   Domain:  OSF-477F9B9DC69   Logon ID:  (0x0,0x319A6)   Logon Type: 2  
Oct 08 09:03:42 172.18.1.13 AgentDevice=WindowsLog	AgentLogFile=System	Source=Service Control Manager	Computer=OSF-V0PLEKU2G12	User= 	Domain= 	EventID=1073748860	EventIDCode=7036	EventType=4	EventCategory=0	RecordNumber=174	TimeGenerated=1286546622	TimeWritten=1286546622	Message=The SSDP Discovery Service service entered the running state. 
Oct 08 09:03:42 172.18.1.13 AgentDevice=WindowsLog	AgentLogFile=System	Source=Service Control Manager	Computer=OSF-V0PLEKU2G12	User=jane	Domain=OSF-V0PLEKU2G12	EventID=1073748859	EventIDCode=7035	EventType=4	EventCategory=0	RecordNumber=167	TimeGenerated=1286546622	TimeWritten=1286546622	Message=The Fast User Switching Compatibility service was successfully sent a start control. 
Oct 08 09:02:32 172.18.1.13 AgentDevice=WindowsLog	AgentLogFile=System	Source=W32Time	Computer=OSF-V0PLEKU2G12	User= 	Domain= 	EventID=3260678173	EventIDCode=29	EventType=1	EventCategory=0	RecordNumber=165	TimeGenerated=1286546552	TimeWritten=1286546552	Message=The time provider NtpClient is configured to acquire time from one or more time sources, however none of the sources are currently accessible.  No attempt to contact a source will be made for 14 minutes. NtpClient has no source of accurate time.  
Oct 08 09:02:32 172.18.1.13 AgentDevice=WindowsLog	AgentLogFile=System	Source=W32Time	Computer=OSF-V0PLEKU2G12	User= 	Domain= 	EventID=2186936337	EventIDCode=17	EventType=1	EventCategory=0	RecordNumber=164	TimeGenerated=1286546552	TimeWritten=1286546552	Message=Time Provider NtpClient: An error occurred during DNS lookup of the manually configured peer 'time.windows.com,0x1'. NtpClient will try the DNS lookup again in 15 minutes. The error was: A socket operation was attempted to an unreachable host. (0x80072751) 
Oct 08 09:02:13 172.18.1.13 AgentDevice=WindowsLog	AgentLogFile=System	Source=W32Time	Computer=OSF-V0PLEKU2G12	User= 	Domain= 	EventID=3260678173	EventIDCode=29	EventType=1	EventCategory=0	RecordNumber=163	TimeGenerated=1286546532	TimeWritten=1286546532	Message=The time provider NtpClient is configured to acquire time from one or more time sources, however none of the sources are currently accessible.  No attempt to contact a source will be made for 14 minutes. NtpClient has no source of accurate time.  
Oct 08 09:02:13 172.18.1.13 AgentDevice=WindowsLog	AgentLogFile=System	Source=W32Time	Computer=OSF-V0PLEKU2G12	User= 	Domain= 	EventID=2186936337	EventIDCode=17	EventType=1	EventCategory=0	RecordNumber=162	TimeGenerated=1286546532	TimeWritten=1286546532	Message=Time Provider NtpClient: An error occurred during DNS lookup of the manually configured peer 'time.windows.com,0x1'. NtpClient will try the DNS lookup again in 15 minutes. The error was: A socket operation was attempted to an unreachable host. (0x80072751) 
Oct 08 07:35:28 172.18.1.13 AgentDevice=WindowsLog	AgentLogFile=System	Source=W32Time	Computer=OSF-V0PLEKU2G12	User= 	Domain= 	EventID=2186936356	EventIDCode=36	EventType=2	EventCategory=0	RecordNumber=158	TimeGenerated=1286541328	TimeWritten=1286541328	Message=The time service has not been able to synchronize the system time for 49152 seconds because none of the time providers has been able to provide a usable time stamp. The system clock is unsynchronized. 
Oct 08 01:41:36 172.18.1.13 AgentDevice=WindowsLog	AgentLogFile=System	Source=W32Time	Computer=OSF-V0PLEKU2G12	User= 	Domain= 	EventID=3260678173	EventIDCode=29	EventType=1	EventCategory=0	RecordNumber=157	TimeGenerated=1286520096	TimeWritten=1286520096	Message=The time provider NtpClient is configured to acquire time from one or more time sources, however none of the sources are currently accessible.  No attempt to contact a source will be made for 479 minutes. NtpClient has no source of accurate time.  
Oct 07 21:41:37 172.18.1.13 AgentDevice=WindowsLog	AgentLogFile=System	Source=W32Time	Computer=OSF-V0PLEKU2G12	User= 	Domain= 	EventID=3260678173	EventIDCode=29	EventType=1	EventCategory=0	RecordNumber=155	TimeGenerated=1286505696	TimeWritten=1286505696	Message=The time provider NtpClient is configured to acquire time from one or more time sources, however none of the sources are currently accessible.  No attempt to contact a source will be made for 239 minutes. NtpClient has no source of accurate time.  
Oct 07 21:26:44 172.18.1.13 AgentDevice=WindowsLog	AgentLogFile=Security	Source=Security	Computer=OSF-V0PLEKU2G12	User=SYSTEM	Domain=NT AUTHORITY	EventID=577	EventIDCode=577	EventType=8	EventCategory=4	RecordNumber=451	TimeGenerated=1286504803	TimeWritten=1286504803	Message=Privileged Service Called:   Server:  NT Local Security Authority / Authentication Service   Service:  LsaRegisterLogonProcess()   Primary User Name: OSF-V0PLEKU2G12$   Primary Domain: EXERCISE   Primary Logon ID: (0x0,0x3E7)   Client User Name: OSF-V0PLEKU2G12$   Client Domain: EXERCISE   Client Logon ID: (0x0,0x3E7)   Privileges: SeTcbPrivilege 
Oct 07 19:41:36 172.18.1.13 AgentDevice=WindowsLog	AgentLogFile=System	Source=W32Time	Computer=OSF-V0PLEKU2G12	User= 	Domain= 	EventID=3260678173	EventIDCode=29	EventType=1	EventCategory=0	RecordNumber=153	TimeGenerated=1286498496	TimeWritten=1286498496	Message=The time provider NtpClient is configured to acquire time from one or more time sources, however none of the sources are currently accessible.  No attempt to contact a source will be made for 119 minutes. NtpClient has no source of accurate time.  
Oct 07 18:41:36 172.18.1.13 AgentDevice=WindowsLog	AgentLogFile=System	Source=W32Time	Computer=OSF-V0PLEKU2G12	User= 	Domain= 	EventID=3260678173	EventIDCode=29	EventType=1	EventCategory=0	RecordNumber=151	TimeGenerated=1286494896	TimeWritten=1286494896	Message=The time provider NtpClient is configured to acquire time from one or more time sources, however none of the sources are currently accessible.  No attempt to contact a source will be made for 59 minutes. NtpClient has no source of accurate time.  
Oct 07 18:11:37 172.18.1.13 AgentDevice=WindowsLog	AgentLogFile=System	Source=W32Time	Computer=OSF-V0PLEKU2G12	User= 	Domain= 	EventID=3260678173	EventIDCode=29	EventType=1	EventCategory=0	RecordNumber=149	TimeGenerated=1286493096	TimeWritten=1286493096	Message=The time provider NtpClient is configured to acquire time from one or more time sources, however none of the sources are currently accessible.  No attempt to contact a source will be made for 29 minutes. NtpClient has no source of accurate time.  
Oct 07 18:11:37 172.18.1.13 AgentDevice=WindowsLog	AgentLogFile=System	Source=W32Time	Computer=OSF-V0PLEKU2G12	User= 	Domain= 	EventID=2186936337	EventIDCode=17	EventType=1	EventCategory=0	RecordNumber=148	TimeGenerated=1286493096	TimeWritten=1286493096	Message=Time Provider NtpClient: An error occurred during DNS lookup of the manually configured peer 'time.windows.com,0x1'. NtpClient will try the DNS lookup again in 30 minutes. The error was: A socket operation was attempted to an unreachable host. (0x80072751) 
Oct 07 17:57:45 172.18.1.13 AgentDevice=WindowsLog	AgentLogFile=System	Source=Service Control Manager	Computer=OSF-V0PLEKU2G12	User= 	Domain= 	EventID=1073748860	EventIDCode=7036	EventType=4	EventCategory=0	RecordNumber=147	TimeGenerated=1286492265	TimeWritten=1286492265	Message=The Terminal Services service entered the running state. 
Oct 07 17:56:36 172.18.1.13 AgentDevice=WindowsLog	AgentLogFile=System	Source=W32Time	Computer=OSF-V0PLEKU2G12	User= 	Domain= 	EventID=3260678173	EventIDCode=29	EventType=1	EventCategory=0	RecordNumber=145	TimeGenerated=1286492196	TimeWritten=1286492196	Message=The time provider NtpClient is configured to acquire time from one or more time sources, however none of the sources are currently accessible.  No attempt to contact a source will be made for 14 minutes. NtpClient has no source of accurate time.  
Oct 07 17:56:36 172.18.1.13 AgentDevice=WindowsLog	AgentLogFile=System	Source=W32Time	Computer=OSF-V0PLEKU2G12	User= 	Domain= 	EventID=2186936337	EventIDCode=17	EventType=1	EventCategory=0	RecordNumber=144	TimeGenerated=1286492196	TimeWritten=1286492196	Message=Time Provider NtpClient: An error occurred during DNS lookup of the manually configured peer 'time.windows.com,0x1'. NtpClient will try the DNS lookup again in 15 minutes. The error was: A socket operation was attempted to an unreachable host. (0x80072751) 
Oct 07 17:56:17 172.18.1.13 AgentDevice=WindowsLog	AgentLogFile=System	Source=W32Time	Computer=OSF-V0PLEKU2G12	User= 	Domain= 	EventID=3260678173	EventIDCode=29	EventType=1	EventCategory=0	RecordNumber=143	TimeGenerated=1286492176	TimeWritten=1286492176	Message=The time provider NtpClient is configured to acquire time from one or more time sources, however none of the sources are currently accessible.  No attempt to contact a source will be made for 14 minutes. NtpClient has no source of accurate time.  
Oct 07 17:56:17 172.18.1.13 AgentDevice=WindowsLog	AgentLogFile=System	Source=W32Time	Computer=OSF-V0PLEKU2G12	User= 	Domain= 	EventID=2186936337	EventIDCode=17	EventType=1	EventCategory=0	RecordNumber=142	TimeGenerated=1286492176	TimeWritten=1286492176	Message=Time Provider NtpClient: An error occurred during DNS lookup of the manually configured peer 'time.windows.com,0x1'. NtpClient will try the DNS lookup again in 15 minutes. The error was: A socket operation was attempted to an unreachable host. (0x80072751) 
Oct 07 17:44:03 172.18.1.20 AgentDevice=WindowsLog	AgentLogFile=System	Source=Srv	Computer=OSF-477F9B9DC69	User= 	Domain= 	EventID=2147485661	EventIDCode=2013	EventType=2	EventCategory=0	RecordNumber=129	TimeGenerated=1286491442	TimeWritten=1286491442	Message=The C: disk is at or near capacity.  You may need to delete some files. 
Oct 07 17:30:51 172.18.1.20 AgentDevice=WindowsLog	AgentLogFile=Security	Source=Security	Computer=OSF-477F9B9DC69	User=SYSTEM	Domain=NT AUTHORITY	EventID=636	EventIDCode=636	EventType=8	EventCategory=7	RecordNumber=199	TimeGenerated=1286490651	TimeWritten=1286490651	Message=Security Enabled Local Group Member Added:   Member Name: -   Member ID: OSF-477F9B9DC69\haxx   Target Account Name: Administrators   Target Domain: Builtin   Target Account ID: BUILTIN\Administrators   Caller User Name: OSF-477F9B9DC69$   Caller Domain: OSF-TEST   Caller Logon ID: (0x0,0x3E7)   Privileges: -  
Oct 07 17:30:38 172.18.1.20 AgentDevice=WindowsLog	AgentLogFile=Security	Source=Security	Computer=OSF-477F9B9DC69	User=SYSTEM	Domain=NT AUTHORITY	EventID=636	EventIDCode=636	EventType=8	EventCategory=7	RecordNumber=198	TimeGenerated=1286490638	TimeWritten=1286490638	Message=Security Enabled Local Group Member Added:   Member Name: -   Member ID: OSF-477F9B9DC69\haxx   Target Account Name: Users   Target Domain: Builtin   Target Account ID: BUILTIN\Users   Caller User Name: OSF-477F9B9DC69$   Caller Domain: OSF-TEST   Caller Logon ID: (0x0,0x3E7)   Privileges: -  
Oct 07 17:06:58 172.18.1.20 AgentDevice=WindowsLog	AgentLogFile=Security	Source=Security	Computer=OSF-477F9B9DC69	User=Safron	Domain=OSF-477F9B9DC69	EventID=576	EventIDCode=576	EventType=8	EventCategory=4	RecordNumber=193	TimeGenerated=1286489217	TimeWritten=1286489217	Message=Special privileges assigned to new logon:   User Name: Safron   Domain:  OSF-477F9B9DC69   Logon ID:  (0x0,0x242B4F)   Privileges: SeSecurityPrivilege    SeBackupPrivilege    SeRestorePrivilege    SeTakeOwnershipPrivilege    SeDebugPrivilege    SeSystemEnvironmentPrivilege    SeLoadDriverPrivilege    SeImpersonatePrivilege 
Oct 07 17:06:58 172.18.1.20 AgentDevice=WindowsLog	AgentLogFile=Security	Source=Security	Computer=OSF-477F9B9DC69	User=Safron	Domain=OSF-477F9B9DC69	EventID=528	EventIDCode=528	EventType=8	EventCategory=2	RecordNumber=192	TimeGenerated=1286489217	TimeWritten=1286489217	Message=Successful Logon:   User Name: Safron   Domain:  OSF-477F9B9DC69   Logon ID:  (0x0,0x242B4F)   Logon Type: 10   Logon Process: User32     Authentication Package: Negotiate   Workstation Name: OSF-477F9B9DC69   Logon GUID: -   Caller User Name: OSF-477F9B9DC69$   Caller Domain: OSF-TEST   Caller Logon ID: (0x0,0x3E7)   Caller Process ID: 452   Transited Services: -   Source Network Address: 172.18.1.13   Source Port: 1084  
Oct 07 17:06:58 172.18.1.20 AgentDevice=WindowsLog	AgentLogFile=Security	Source=Security	Computer=OSF-477F9B9DC69	User=SYSTEM	Domain=NT AUTHORITY	EventID=552	EventIDCode=552	EventType=8	EventCategory=2	RecordNumber=191	TimeGenerated=1286489217	TimeWritten=1286489217	Message=Logon attempt using explicit credentials:  Logged on user:   User Name: OSF-477F9B9DC69$   Domain:  OSF-TEST   Logon ID:  (0x0,0x3E7)   Logon GUID: -  User whose credentials were used:   Target User Name: Safron   Target Domain: OSF-477F9B9DC69   Target Logon GUID: -   Target Server Name: localhost  Target Server Info: localhost  Caller Process ID: 452  Source Network Address: 172.18.1.13  Source Port: 1084  
Oct 07 17:06:58 172.18.1.20 AgentDevice=WindowsLog	AgentLogFile=Security	Source=Security	Computer=OSF-477F9B9DC69	User=Safron	Domain=OSF-477F9B9DC69	EventID=680	EventIDCode=680	EventType=8	EventCategory=9	RecordNumber=190	TimeGenerated=1286489217	TimeWritten=1286489217	Message=Logon attempt by: MICROSOFT_AUTHENTICATION_PACKAGE_V1_0  Logon account: safron  Source Workstation: OSF-477F9B9DC69  Error Code: 0x0  
Oct 07 17:06:51 172.18.1.20 AgentDevice=WindowsLog	AgentLogFile=Security	Source=Security	Computer=OSF-477F9B9DC69	User=SYSTEM	Domain=NT AUTHORITY	EventID=680	EventIDCode=680	EventType=16	EventCategory=9	RecordNumber=189	TimeGenerated=1286489210	TimeWritten=1286489210	Message=Logon attempt by: MICROSOFT_AUTHENTICATION_PACKAGE_V1_0  Logon account: safron  Source Workstation: OSF-477F9B9DC69  Error Code: 0xC000006A  
Oct 07 17:06:15 172.18.1.20 AgentDevice=WindowsLog	AgentLogFile=Security	Source=Security	Computer=OSF-477F9B9DC69	User=SYSTEM	Domain=NT AUTHORITY	EventID=577	EventIDCode=577	EventType=8	EventCategory=4	RecordNumber=187	TimeGenerated=1286489175	TimeWritten=1286489175	Message=Privileged Service Called:   Server:  NT Local Security Authority / Authentication Service   Service:  LsaRegisterLogonProcess()   Primary User Name: OSF-477F9B9DC69$   Primary Domain: OSF-TEST   Primary Logon ID: (0x0,0x3E7)   Client User Name: OSF-477F9B9DC69$   Client Domain: OSF-TEST   Client Logon ID: (0x0,0x3E7)   Privileges: SeTcbPrivilege 
Oct 07 17:06:15 172.18.1.20 AgentDevice=WindowsLog	AgentLogFile=Security	Source=Security	Computer=OSF-477F9B9DC69	User=SYSTEM	Domain=NT AUTHORITY	EventID=577	EventIDCode=577	EventType=8	EventCategory=4	RecordNumber=186	TimeGenerated=1286489175	TimeWritten=1286489175	Message=Privileged Service Called:   Server:  NT Local Security Authority / Authentication Service   Service:  LsaRegisterLogonProcess()   Primary User Name: OSF-477F9B9DC69$   Primary Domain: OSF-TEST   Primary Logon ID: (0x0,0x3E7)   Client User Name: OSF-477F9B9DC69$   Client Domain: OSF-TEST   Client Logon ID: (0x0,0x3E7)   Privileges: SeTcbPrivilege 
Oct 07 17:06:15 172.18.1.20 AgentDevice=WindowsLog	AgentLogFile=Security	Source=Security	Computer=OSF-477F9B9DC69	User=SYSTEM	Domain=NT AUTHORITY	EventID=515	EventIDCode=515	EventType=8	EventCategory=1	RecordNumber=185	TimeGenerated=1286489175	TimeWritten=1286489175	Message=A trusted logon process has registered with the Local Security Authority. This logon process will be trusted to submit logon requests.     Logon Process Name: Winlogon\MSGina 
Oct 07 17:06:12 172.18.1.20 AgentDevice=WindowsLog	AgentLogFile=System	Source=TermService	Computer=OSF-477F9B9DC69	User= 	Domain= 	EventID=1073742836	EventIDCode=1012	EventType=4	EventCategory=0	RecordNumber=128	TimeGenerated=1286489172	TimeWritten=1286489172	Message=Remote session from client name OSF-V0PLEKU2G12 exceeded the maximum allowed failed logon attempts. The session was forcibly terminated. 
Oct 07 17:06:12 172.18.1.20 AgentDevice=WindowsLog	AgentLogFile=Security	Source=Security	Computer=OSF-477F9B9DC69	User=SYSTEM	Domain=NT AUTHORITY	EventID=680	EventIDCode=680	EventType=16	EventCategory=9	RecordNumber=184	TimeGenerated=1286489172	TimeWritten=1286489172	Message=Logon attempt by: MICROSOFT_AUTHENTICATION_PACKAGE_V1_0  Logon account: safron  Source Workstation: OSF-477F9B9DC69  Error Code: 0xC000006A  
Oct 07 17:05:57 172.18.1.20 AgentDevice=WindowsLog	AgentLogFile=Security	Source=Security	Computer=OSF-477F9B9DC69	User=SYSTEM	Domain=NT AUTHORITY	EventID=680	EventIDCode=680	EventType=16	EventCategory=9	RecordNumber=183	TimeGenerated=1286489157	TimeWritten=1286489157	Message=Logon attempt by: MICROSOFT_AUTHENTICATION_PACKAGE_V1_0  Logon account: safron  Source Workstation: OSF-477F9B9DC69  Error Code: 0xC000006A  
Oct 07 17:05:49 172.18.1.20 AgentDevice=WindowsLog	AgentLogFile=Security	Source=Security	Computer=OSF-477F9B9DC69	User=SYSTEM	Domain=NT AUTHORITY	EventID=680	EventIDCode=680	EventType=16	EventCategory=9	RecordNumber=181	TimeGenerated=1286489148	TimeWritten=1286489148	Message=Logon attempt by: MICROSOFT_AUTHENTICATION_PACKAGE_V1_0  Logon account: safron  Source Workstation: OSF-477F9B9DC69  Error Code: 0xC000006A  
Oct 07 17:05:46 172.18.1.20 AgentDevice=WindowsLog	AgentLogFile=Security	Source=Security	Computer=OSF-477F9B9DC69	User=SYSTEM	Domain=NT AUTHORITY	EventID=680	EventIDCode=680	EventType=16	EventCategory=9	RecordNumber=180	TimeGenerated=1286489146	TimeWritten=1286489146	Message=Logon attempt by: MICROSOFT_AUTHENTICATION_PACKAGE_V1_0  Logon account: safron  Source Workstation: OSF-477F9B9DC69  Error Code: 0xC000006A  
Oct 07 17:05:43 172.18.1.20 AgentDevice=WindowsLog	AgentLogFile=Security	Source=Security	Computer=OSF-477F9B9DC69	User=SYSTEM	Domain=NT AUTHORITY	EventID=680	EventIDCode=680	EventType=16	EventCategory=9	RecordNumber=179	TimeGenerated=1286489143	TimeWritten=1286489143	Message=Logon attempt by: MICROSOFT_AUTHENTICATION_PACKAGE_V1_0  Logon account: safron  Source Workstation: OSF-477F9B9DC69  Error Code: 0xC000006A  
Oct 07 16:12:47 172.18.1.13 AgentDevice=WindowsLog	AgentLogFile=System	Source=W32Time	Computer=OSF-V0PLEKU2G12	User= 	Domain= 	EventID=3260678173	EventIDCode=29	EventType=1	EventCategory=0	RecordNumber=139	TimeGenerated=1286485966	TimeWritten=1286485966	Message=The time provider NtpClient is configured to acquire time from one or more time sources, however none of the sources are currently accessible.  No attempt to contact a source will be made for 119 minutes. NtpClient has no source of accurate time.  
Oct 07 15:40:00 172.18.1.13 AgentDevice=WindowsLog	AgentLogFile=Security	Source=Security	Computer=OSF-V0PLEKU2G12	User=SYSTEM	Domain=NT AUTHORITY	EventID=577	EventIDCode=577	EventType=8	EventCategory=4	RecordNumber=411	TimeGenerated=1286484000	TimeWritten=1286484000	Message=Privileged Service Called:   Server:  NT Local Security Authority / Authentication Service   Service:  LsaRegisterLogonProcess()   Primary User Name: OSF-V0PLEKU2G12$   Primary Domain: EXERCISE   Primary Logon ID: (0x0,0x3E7)   Client User Name: OSF-V0PLEKU2G12$   Client Domain: EXERCISE   Client Logon ID: (0x0,0x3E7)   Privileges: SeTcbPrivilege 
Oct 07 15:33:05 172.18.1.20 AgentDevice=WindowsLog	AgentLogFile=System	Source=Service Control Manager	Computer=OSF-477F9B9DC69	User= 	Domain= 	EventID=1073748860	EventIDCode=7036	EventType=4	EventCategory=0	RecordNumber=127	TimeGenerated=1286483585	TimeWritten=1286483585	Message=The Windows Installer service entered the stopped state. 
Oct 07 15:33:05 172.18.1.20 AgentDevice=WindowsLog	AgentLogFile=Security	Source=Security	Computer=OSF-477F9B9DC69	User=Safron	Domain=OSF-477F9B9DC69	EventID=538	EventIDCode=538	EventType=8	EventCategory=2	RecordNumber=175	TimeGenerated=1286483585	TimeWritten=1286483585	Message=User Logoff:   User Name: Safron   Domain:  OSF-477F9B9DC69   Logon ID:  (0x0,0x202BD2)   Logon Type: 2  
Oct 07 15:33:05 172.18.1.20 AgentDevice=WindowsLog	AgentLogFile=Security	Source=Security	Computer=OSF-477F9B9DC69	User=Safron	Domain=OSF-477F9B9DC69	EventID=551	EventIDCode=551	EventType=8	EventCategory=2	RecordNumber=174	TimeGenerated=1286483585	TimeWritten=1286483585	Message=User initiated logoff:   User Name: Safron   Domain:  OSF-477F9B9DC69   Logon ID:  (0x0,0x202bd2)  
Oct 07 15:32:51 172.18.1.20 AgentDevice=WindowsLog	AgentLogFile=Security	Source=Security	Computer=OSF-477F9B9DC69	User=Safron	Domain=OSF-477F9B9DC69	EventID=636	EventIDCode=636	EventType=8	EventCategory=7	RecordNumber=173	TimeGenerated=1286483570	TimeWritten=1286483570	Message=Security Enabled Local Group Member Added:   Member Name: -   Member ID: OSF-477F9B9DC69\Safron   Target Account Name: Remote Desktop Users   Target Domain: Builtin   Target Account ID: BUILTIN\Remote Desktop Users   Caller User Name: Safron   Caller Domain: OSF-477F9B9DC69   Caller Logon ID: (0x0,0x202BD2)   Privileges: -  
Oct 07 15:32:14 172.18.1.20 AgentDevice=WindowsLog	AgentLogFile=System	Source=Service Control Manager	Computer=OSF-477F9B9DC69	User= 	Domain= 	EventID=1073748860	EventIDCode=7036	EventType=4	EventCategory=0	RecordNumber=126	TimeGenerated=1286483534	TimeWritten=1286483534	Message=The Windows Installer service entered the running state. 
Oct 07 15:32:14 172.18.1.20 AgentDevice=WindowsLog	AgentLogFile=System	Source=Service Control Manager	Computer=OSF-477F9B9DC69	User=SYSTEM	Domain=NT AUTHORITY	EventID=1073748859	EventIDCode=7035	EventType=4	EventCategory=0	RecordNumber=125	TimeGenerated=1286483534	TimeWritten=1286483534	Message=The Windows Installer service was successfully sent a start control. 
Oct 07 15:32:10 172.18.1.20 AgentDevice=WindowsLog	AgentLogFile=Security	Source=Security	Computer=OSF-477F9B9DC69	User=Safron	Domain=OSF-477F9B9DC69	EventID=577	EventIDCode=577	EventType=8	EventCategory=4	RecordNumber=172	TimeGenerated=1286483530	TimeWritten=1286483530	Message=Privileged Service Called:   Server:  Security   Service:  -   Primary User Name: OSF-477F9B9DC69$   Primary Domain: OSF-TEST   Primary Logon ID: (0x0,0x3E7)   Client User Name: Safron   Client Domain: OSF-477F9B9DC69   Client Logon ID: (0x0,0x202BD2)   Privileges: SeShutdownPrivilege 
Oct 07 15:32:10 172.18.1.20 AgentDevice=WindowsLog	AgentLogFile=Security	Source=Security	Computer=OSF-477F9B9DC69	User=Safron	Domain=OSF-477F9B9DC69	EventID=577	EventIDCode=577	EventType=8	EventCategory=4	RecordNumber=171	TimeGenerated=1286483530	TimeWritten=1286483530	Message=Privileged Service Called:   Server:  Security   Service:  -   Primary User Name: OSF-477F9B9DC69$   Primary Domain: OSF-TEST   Primary Logon ID: (0x0,0x3E7)   Client User Name: Safron   Client Domain: OSF-477F9B9DC69   Client Logon ID: (0x0,0x202BD2)   Privileges: SeShutdownPrivilege 
Oct 07 15:32:10 172.18.1.20 AgentDevice=WindowsLog	AgentLogFile=Security	Source=Security	Computer=OSF-477F9B9DC69	User=Safron	Domain=OSF-477F9B9DC69	EventID=577	EventIDCode=577	EventType=8	EventCategory=4	RecordNumber=170	TimeGenerated=1286483530	TimeWritten=1286483530	Message=Privileged Service Called:   Server:  Security   Service:  -   Primary User Name: OSF-477F9B9DC69$   Primary Domain: OSF-TEST   Primary Logon ID: (0x0,0x3E7)   Client User Name: Safron   Client Domain: OSF-477F9B9DC69   Client Logon ID: (0x0,0x202BD2)   Privileges: SeShutdownPrivilege 
Oct 07 15:32:10 172.18.1.20 AgentDevice=WindowsLog	AgentLogFile=Security	Source=Security	Computer=OSF-477F9B9DC69	User=Safron	Domain=OSF-477F9B9DC69	EventID=577	EventIDCode=577	EventType=8	EventCategory=4	RecordNumber=169	TimeGenerated=1286483530	TimeWritten=1286483530	Message=Privileged Service Called:   Server:  Security   Service:  -   Primary User Name: OSF-477F9B9DC69$   Primary Domain: OSF-TEST   Primary Logon ID: (0x0,0x3E7)   Client User Name: Safron   Client Domain: OSF-477F9B9DC69   Client Logon ID: (0x0,0x202BD2)   Privileges: SeShutdownPrivilege 
Oct 07 15:32:10 172.18.1.20 AgentDevice=WindowsLog	AgentLogFile=Security	Source=Security	Computer=OSF-477F9B9DC69	User=SYSTEM	Domain=NT AUTHORITY	EventID=552	EventIDCode=552	EventType=8	EventCategory=2	RecordNumber=166	TimeGenerated=1286483530	TimeWritten=1286483530	Message=Logon attempt using explicit credentials:  Logged on user:   User Name: OSF-477F9B9DC69$   Domain:  OSF-TEST   Logon ID:  (0x0,0x3E7)   Logon GUID: -  User whose credentials were used:   Target User Name: Safron   Target Domain: OSF-477F9B9DC69   Target Logon GUID: -   Target Server Name: localhost  Target Server Info: localhost  Caller Process ID: 348  Source Network Address: 127.0.0.1  Source Port: 0  
Oct 07 15:32:10 172.18.1.20 AgentDevice=WindowsLog	AgentLogFile=Security	Source=Security	Computer=OSF-477F9B9DC69	User=Safron	Domain=OSF-477F9B9DC69	EventID=576	EventIDCode=576	EventType=8	EventCategory=4	RecordNumber=168	TimeGenerated=1286483530	TimeWritten=1286483530	Message=Special privileges assigned to new logon:   User Name: Safron   Domain:  OSF-477F9B9DC69   Logon ID:  (0x0,0x202BD2)   Privileges: SeSecurityPrivilege    SeBackupPrivilege    SeRestorePrivilege    SeTakeOwnershipPrivilege    SeDebugPrivilege    SeSystemEnvironmentPrivilege    SeLoadDriverPrivilege    SeImpersonatePrivilege 
Oct 07 15:32:10 172.18.1.20 AgentDevice=WindowsLog	AgentLogFile=Security	Source=Security	Computer=OSF-477F9B9DC69	User=Safron	Domain=OSF-477F9B9DC69	EventID=528	EventIDCode=528	EventType=8	EventCategory=2	RecordNumber=167	TimeGenerated=1286483530	TimeWritten=1286483530	Message=Successful Logon:   User Name: Safron   Domain:  OSF-477F9B9DC69   Logon ID:  (0x0,0x202BD2)   Logon Type: 2   Logon Process: User32     Authentication Package: Negotiate   Workstation Name: OSF-477F9B9DC69   Logon GUID: -   Caller User Name: OSF-477F9B9DC69$   Caller Domain: OSF-TEST   Caller Logon ID: (0x0,0x3E7)   Caller Process ID: 348   Transited Services: -   Source Network Address: 127.0.0.1   Source Port: 0  
Oct 07 15:32:10 172.18.1.20 AgentDevice=WindowsLog	AgentLogFile=Security	Source=Security	Computer=OSF-477F9B9DC69	User=Safron	Domain=OSF-477F9B9DC69	EventID=680	EventIDCode=680	EventType=8	EventCategory=9	RecordNumber=165	TimeGenerated=1286483530	TimeWritten=1286483530	Message=Logon attempt by: MICROSOFT_AUTHENTICATION_PACKAGE_V1_0  Logon account: safron  Source Workstation: OSF-477F9B9DC69  Error Code: 0x0  
Oct 07 15:32:10 172.18.1.20 AgentDevice=WindowsLog	AgentLogFile=Security	Source=Security	Computer=OSF-477F9B9DC69	User=Safron	Domain=OSF-477F9B9DC69	EventID=538	EventIDCode=538	EventType=8	EventCategory=2	RecordNumber=164	TimeGenerated=1286483530	TimeWritten=1286483530	Message=User Logoff:   User Name: Safron   Domain:  OSF-477F9B9DC69   Logon ID:  (0x0,0x202A6D)   Logon Type: 2  
Oct 07 15:32:10 172.18.1.20 AgentDevice=WindowsLog	AgentLogFile=Security	Source=Security	Computer=OSF-477F9B9DC69	User=Safron	Domain=OSF-477F9B9DC69	EventID=576	EventIDCode=576	EventType=8	EventCategory=4	RecordNumber=163	TimeGenerated=1286483529	TimeWritten=1286483529	Message=Special privileges assigned to new logon:   User Name: Safron   Domain:  OSF-477F9B9DC69   Logon ID:  (0x0,0x202A6D)   Privileges: SeSecurityPrivilege    SeBackupPrivilege    SeRestorePrivilege    SeTakeOwnershipPrivilege    SeDebugPrivilege    SeSystemEnvironmentPrivilege    SeLoadDriverPrivilege    SeImpersonatePrivilege 
Oct 07 15:32:10 172.18.1.20 AgentDevice=WindowsLog	AgentLogFile=Security	Source=Security	Computer=OSF-477F9B9DC69	User=Safron	Domain=OSF-477F9B9DC69	EventID=528	EventIDCode=528	EventType=8	EventCategory=2	RecordNumber=162	TimeGenerated=1286483529	TimeWritten=1286483529	Message=Successful Logon:   User Name: Safron   Domain:  OSF-477F9B9DC69   Logon ID:  (0x0,0x202A6D)   Logon Type: 2   Logon Process: Advapi     Authentication Package: Negotiate   Workstation Name: OSF-477F9B9DC69   Logon GUID: -   Caller User Name: OSF-477F9B9DC69$   Caller Domain: OSF-TEST   Caller Logon ID: (0x0,0x3E7)   Caller Process ID: 408   Transited Services: -   Source Network Address: -   Source Port: -  
Oct 07 15:32:10 172.18.1.20 AgentDevice=WindowsLog	AgentLogFile=Security	Source=Security	Computer=OSF-477F9B9DC69	User=SYSTEM	Domain=NT AUTHORITY	EventID=552	EventIDCode=552	EventType=8	EventCategory=2	RecordNumber=161	TimeGenerated=1286483529	TimeWritten=1286483529	Message=Logon attempt using explicit credentials:  Logged on user:   User Name: OSF-477F9B9DC69$   Domain:  OSF-TEST   Logon ID:  (0x0,0x3E7)   Logon GUID: -  User whose credentials were used:   Target User Name: Safron   Target Domain: OSF-477F9B9DC69   Target Logon GUID: -   Target Server Name: localhost  Target Server Info: localhost  Caller Process ID: 408  Source Network Address: -  Source Port: -  
Oct 07 15:32:10 172.18.1.20 AgentDevice=WindowsLog	AgentLogFile=Security	Source=Security	Computer=OSF-477F9B9DC69	User=Safron	Domain=OSF-477F9B9DC69	EventID=680	EventIDCode=680	EventType=8	EventCategory=9	RecordNumber=160	TimeGenerated=1286483529	TimeWritten=1286483529	Message=Logon attempt by: MICROSOFT_AUTHENTICATION_PACKAGE_V1_0  Logon account: safron  Source Workstation: OSF-477F9B9DC69  Error Code: 0x0  
Oct 07 15:32:08 172.18.1.20 AgentDevice=WindowsLog	AgentLogFile=Security	Source=Security	Computer=OSF-477F9B9DC69	User=Safron	Domain=OSF-477F9B9DC69	EventID=576	EventIDCode=576	EventType=8	EventCategory=4	RecordNumber=158	TimeGenerated=1286483528	TimeWritten=1286483528	Message=Special privileges assigned to new logon:   User Name: Safron   Domain:  OSF-477F9B9DC69   Logon ID:  (0x0,0x2022DD)   Privileges: SeSecurityPrivilege    SeBackupPrivilege    SeRestorePrivilege    SeTakeOwnershipPrivilege    SeDebugPrivilege    SeSystemEnvironmentPrivilege    SeLoadDriverPrivilege    SeImpersonatePrivilege 
Oct 07 15:32:08 172.18.1.20 AgentDevice=WindowsLog	AgentLogFile=Security	Source=Security	Computer=OSF-477F9B9DC69	User=Safron	Domain=OSF-477F9B9DC69	EventID=528	EventIDCode=528	EventType=8	EventCategory=2	RecordNumber=157	TimeGenerated=1286483528	TimeWritten=1286483528	Message=Successful Logon:   User Name: Safron   Domain:  OSF-477F9B9DC69   Logon ID:  (0x0,0x2022DD)   Logon Type: 2   Logon Process: Advapi     Authentication Package: Negotiate   Workstation Name: OSF-477F9B9DC69   Logon GUID: -   Caller User Name: OSF-477F9B9DC69$   Caller Domain: OSF-TEST   Caller Logon ID: (0x0,0x3E7)   Caller Process ID: 408   Transited Services: -   Source Network Address: -   Source Port: -  
Oct 07 15:32:08 172.18.1.20 AgentDevice=WindowsLog	AgentLogFile=Security	Source=Security	Computer=OSF-477F9B9DC69	User=SYSTEM	Domain=NT AUTHORITY	EventID=552	EventIDCode=552	EventType=8	EventCategory=2	RecordNumber=156	TimeGenerated=1286483528	TimeWritten=1286483528	Message=Logon attempt using explicit credentials:  Logged on user:   User Name: OSF-477F9B9DC69$   Domain:  OSF-TEST   Logon ID:  (0x0,0x3E7)   Logon GUID: -  User whose credentials were used:   Target User Name: Safron   Target Domain: OSF-477F9B9DC69   Target Logon GUID: -   Target Server Name: localhost  Target Server Info: localhost  Caller Process ID: 408  Source Network Address: -  Source Port: -  
Oct 07 15:32:08 172.18.1.20 AgentDevice=WindowsLog	AgentLogFile=Security	Source=Security	Computer=OSF-477F9B9DC69	User=Safron	Domain=OSF-477F9B9DC69	EventID=680	EventIDCode=680	EventType=8	EventCategory=9	RecordNumber=155	TimeGenerated=1286483528	TimeWritten=1286483528	Message=Logon attempt by: MICROSOFT_AUTHENTICATION_PACKAGE_V1_0  Logon account: safron  Source Workstation: OSF-477F9B9DC69  Error Code: 0x0  
