Oct 11 14:39:44 172.18.1.30 AgentDevice=WindowsLog	AgentLogFile=Security	Source=Security	Computer=OSF-MOSS-SP	User=SYSTEM	Domain=NT AUTHORITY	EventID=577	EventIDCode=577	EventType=8	EventCategory=4	RecordNumber=118	TimeGenerated=1286825984	TimeWritten=1286825984	Message=Privileged Service Called:   Server:  NT Local Security Authority / Authentication Service   Service:  LsaRegisterLogonProcess()   Primary User Name: OSF-MOSS-SP$   Primary Domain: OSF   Primary Logon ID: (0x0,0x3E7)   Client User Name: OSF-MOSS-SP$   Client Domain: OSF   Client Logon ID: (0x0,0x3E7)   Privileges: SeTcbPrivilege 
Oct 11 14:39:44 172.18.1.30 AgentDevice=WindowsLog	AgentLogFile=Security	Source=Security	Computer=OSF-MOSS-SP	User=SYSTEM	Domain=NT AUTHORITY	EventID=577	EventIDCode=577	EventType=8	EventCategory=4	RecordNumber=117	TimeGenerated=1286825983	TimeWritten=1286825983	Message=Privileged Service Called:   Server:  NT Local Security Authority / Authentication Service   Service:  LsaRegisterLogonProcess()   Primary User Name: OSF-MOSS-SP$   Primary Domain: OSF   Primary Logon ID: (0x0,0x3E7)   Client User Name: OSF-MOSS-SP$   Client Domain: OSF   Client Logon ID: (0x0,0x3E7)   Privileges: SeTcbPrivilege 
Oct 11 14:39:44 172.18.1.30 AgentDevice=WindowsLog	AgentLogFile=Security	Source=Security	Computer=OSF-MOSS-SP	User=SYSTEM	Domain=NT AUTHORITY	EventID=577	EventIDCode=577	EventType=8	EventCategory=4	RecordNumber=116	TimeGenerated=1286825983	TimeWritten=1286825983	Message=Privileged Service Called:   Server:  NT Local Security Authority / Authentication Service   Service:  LsaRegisterLogonProcess()   Primary User Name: OSF-MOSS-SP$   Primary Domain: OSF   Primary Logon ID: (0x0,0x3E7)   Client User Name: OSF-MOSS-SP$   Client Domain: OSF   Client Logon ID: (0x0,0x3E7)   Privileges: SeTcbPrivilege 
Oct 11 14:35:15 172.18.1.20 AgentDevice=WindowsLog	AgentLogFile=Security	Source=Security	Computer=OSF-477F9B9DC69	User=SYSTEM	Domain=NT AUTHORITY	EventID=577	EventIDCode=577	EventType=8	EventCategory=4	RecordNumber=249	TimeGenerated=1286825715	TimeWritten=1286825715	Message=Privileged Service Called:   Server:  NT Local Security Authority / Authentication Service   Service:  LsaRegisterLogonProcess()   Primary User Name: OSF-477F9B9DC69$   Primary Domain: OSF-TEST   Primary Logon ID: (0x0,0x3E7)   Client User Name: OSF-477F9B9DC69$   Client Domain: OSF-TEST   Client Logon ID: (0x0,0x3E7)   Privileges: SeTcbPrivilege 
Oct 11 14:30:16 172.18.1.20 AgentDevice=WindowsLog	AgentLogFile=System	Source=Srv	Computer=OSF-477F9B9DC69	User= 	Domain= 	EventID=2147485661	EventIDCode=2013	EventType=2	EventCategory=0	RecordNumber=134	TimeGenerated=1286825415	TimeWritten=1286825415	Message=The C: disk is at or near capacity.  You may need to delete some files. 
Oct 11 14:29:19 172.18.1.20 AgentDevice=WindowsLog	AgentLogFile=Application	Source=LoadPerf	Computer=OSF-477F9B9DC69	User= 	Domain= 	EventID=1073742824	EventIDCode=1000	EventType=4	EventCategory=0	RecordNumber=138	TimeGenerated=1286825359	TimeWritten=1286825359	Message=Performance counters for the WmiApRpl (WmiApRpl) service were loaded successfully. The Record Data contains the new index values assigned to this service. 
Oct 11 14:29:19 172.18.1.20 AgentDevice=WindowsLog	AgentLogFile=Application	Source=LoadPerf	Computer=OSF-477F9B9DC69	User= 	Domain= 	EventID=1073742825	EventIDCode=1001	EventType=4	EventCategory=0	RecordNumber=137	TimeGenerated=1286825359	TimeWritten=1286825359	Message=Performance counters for the WmiApRpl (WmiApRpl) service were removed successfully. The Record Data contains the new values of the system Last Counter and Last Help registry entries. 
Oct 11 14:29:07 172.18.1.30 AgentDevice=WindowsLog	AgentLogFile=Application	Source=LoadPerf	Computer=OSF-MOSS-SP	User= 	Domain= 	EventID=1073742824	EventIDCode=1000	EventType=4	EventCategory=0	RecordNumber=51	TimeGenerated=1286825346	TimeWritten=1286825346	Message=Performance counters for the WmiApRpl (WmiApRpl) service were loaded successfully. The Record Data contains the new index values assigned to this service. 
Oct 11 14:29:07 172.18.1.30 AgentDevice=WindowsLog	AgentLogFile=Application	Source=LoadPerf	Computer=OSF-MOSS-SP	User= 	Domain= 	EventID=1073742825	EventIDCode=1001	EventType=4	EventCategory=0	RecordNumber=50	TimeGenerated=1286825346	TimeWritten=1286825346	Message=Performance counters for the WmiApRpl (WmiApRpl) service were removed successfully. The Record Data contains the new values of the system Last Counter and Last Help registry entries. 
Oct 11 14:27:04 172.18.1.20 AgentDevice=WindowsLog	AgentLogFile=System	Source=Service Control Manager	Computer=OSF-477F9B9DC69	User= 	Domain= 	EventID=1073748860	EventIDCode=7036	EventType=4	EventCategory=0	RecordNumber=133	TimeGenerated=1286825224	TimeWritten=1286825224	Message=The Terminal Services service entered the running state. 
Oct 11 14:26:51 172.18.1.30 AgentDevice=WindowsLog	AgentLogFile=System	Source=Service Control Manager	Computer=OSF-MOSS-SP	User=Administrator	Domain=OSF-MOSS-SP	EventID=1073748859	EventIDCode=7035	EventType=4	EventCategory=0	RecordNumber=82	TimeGenerated=1286825211	TimeWritten=1286825211	Message=The Remote Access Connection Manager service was successfully sent a start control. 
Oct 11 14:26:51 172.18.1.30 AgentDevice=WindowsLog	AgentLogFile=System	Source=Service Control Manager	Computer=OSF-MOSS-SP	User= 	Domain= 	EventID=1073748860	EventIDCode=7036	EventType=4	EventCategory=0	RecordNumber=85	TimeGenerated=1286825211	TimeWritten=1286825211	Message=The Network Location Awareness (NLA) service entered the running state. 
Oct 11 14:25:38 172.18.1.20 AgentDevice=WindowsLog	AgentLogFile=System	Source=IPSec	Computer=OSF-477F9B9DC69	User= 	Domain= 	EventID=1073746118	EventIDCode=4294	EventType=4	EventCategory=0	RecordNumber=131	TimeGenerated=1286825115	TimeWritten=1286825138	Message=The IPSec driver has entered Secure mode. IPSec policies, if they have been configured, are now being applied to this computer. 
Oct 11 14:25:38 172.18.1.20 AgentDevice=WindowsLog	AgentLogFile=System	Source=IPSec	Computer=OSF-477F9B9DC69	User= 	Domain= 	EventID=1073746119	EventIDCode=4295	EventType=4	EventCategory=0	RecordNumber=130	TimeGenerated=1286825108	TimeWritten=1286825138	Message=The IPSec Driver is starting in Bypass mode. No IPSec security is being applied while this computer starts up. IPSec policies, if they have been assigned, will be applied to this computer after the IPSec services start. 
Oct 11 14:25:34 172.18.1.30 AgentDevice=WindowsLog	AgentLogFile=Security	Source=Security	Computer=OSF-MOSS-SP	User=SYSTEM	Domain=NT AUTHORITY	EventID=515	EventIDCode=515	EventType=8	EventCategory=1	RecordNumber=115	TimeGenerated=1286825134	TimeWritten=1286825134	Message=A trusted logon process has registered with the Local Security Authority. This logon process will be trusted to submit logon requests.     Logon Process Name: RASMAN 
Oct 11 14:25:34 172.18.1.30 AgentDevice=WindowsLog	AgentLogFile=Security	Source=Security	Computer=OSF-MOSS-SP	User=SYSTEM	Domain=NT AUTHORITY	EventID=577	EventIDCode=577	EventType=8	EventCategory=4	RecordNumber=114	TimeGenerated=1286825134	TimeWritten=1286825134	Message=Privileged Service Called:   Server:  NT Local Security Authority / Authentication Service   Service:  LsaRegisterLogonProcess()   Primary User Name: OSF-MOSS-SP$   Primary Domain: OSF   Primary Logon ID: (0x0,0x3E7)   Client User Name: OSF-MOSS-SP$   Client Domain: OSF   Client Logon ID: (0x0,0x3E7)   Privileges: SeTcbPrivilege 
Oct 11 14:25:34 172.18.1.30 AgentDevice=WindowsLog	AgentLogFile=Security	Source=Security	Computer=OSF-MOSS-SP	User=SYSTEM	Domain=NT AUTHORITY	EventID=577	EventIDCode=577	EventType=8	EventCategory=4	RecordNumber=113	TimeGenerated=1286825133	TimeWritten=1286825133	Message=Privileged Service Called:   Server:  NT Local Security Authority / Authentication Service   Service:  LsaRegisterLogonProcess()   Primary User Name: OSF-MOSS-SP$   Primary Domain: OSF   Primary Logon ID: (0x0,0x3E7)   Client User Name: OSF-MOSS-SP$   Client Domain: OSF   Client Logon ID: (0x0,0x3E7)   Privileges: SeTcbPrivilege 
Oct 11 14:25:33 172.18.1.30 AgentDevice=WindowsLog	AgentLogFile=Security	Source=Security	Computer=OSF-MOSS-SP	User=Administrator	Domain=OSF-MOSS-SP	EventID=577	EventIDCode=577	EventType=8	EventCategory=4	RecordNumber=112	TimeGenerated=1286825132	TimeWritten=1286825132	Message=Privileged Service Called:   Server:  Security   Service:  -   Primary User Name: OSF-MOSS-SP$   Primary Domain: OSF   Primary Logon ID: (0x0,0x3E7)   Client User Name: Administrator   Client Domain: OSF-MOSS-SP   Client Logon ID: (0x0,0xE5B1)   Privileges: SeShutdownPrivilege 
Oct 11 14:25:33 172.18.1.30 AgentDevice=WindowsLog	AgentLogFile=Security	Source=Security	Computer=OSF-MOSS-SP	User=Administrator	Domain=OSF-MOSS-SP	EventID=577	EventIDCode=577	EventType=8	EventCategory=4	RecordNumber=111	TimeGenerated=1286825132	TimeWritten=1286825132	Message=Privileged Service Called:   Server:  Security   Service:  -   Primary User Name: OSF-MOSS-SP$   Primary Domain: OSF   Primary Logon ID: (0x0,0x3E7)   Client User Name: Administrator   Client Domain: OSF-MOSS-SP   Client Logon ID: (0x0,0xE5B1)   Privileges: SeShutdownPrivilege 
Oct 11 14:25:33 172.18.1.30 AgentDevice=WindowsLog	AgentLogFile=Security	Source=Security	Computer=OSF-MOSS-SP	User=Administrator	Domain=OSF-MOSS-SP	EventID=577	EventIDCode=577	EventType=8	EventCategory=4	RecordNumber=110	TimeGenerated=1286825132	TimeWritten=1286825132	Message=Privileged Service Called:   Server:  Security   Service:  -   Primary User Name: OSF-MOSS-SP$   Primary Domain: OSF   Primary Logon ID: (0x0,0x3E7)   Client User Name: Administrator   Client Domain: OSF-MOSS-SP   Client Logon ID: (0x0,0xE5B1)   Privileges: SeShutdownPrivilege 
Oct 11 14:25:33 172.18.1.30 AgentDevice=WindowsLog	AgentLogFile=Security	Source=Security	Computer=OSF-MOSS-SP	User=Administrator	Domain=OSF-MOSS-SP	EventID=577	EventIDCode=577	EventType=8	EventCategory=4	RecordNumber=109	TimeGenerated=1286825132	TimeWritten=1286825132	Message=Privileged Service Called:   Server:  Security   Service:  -   Primary User Name: OSF-MOSS-SP$   Primary Domain: OSF   Primary Logon ID: (0x0,0x3E7)   Client User Name: Administrator   Client Domain: OSF-MOSS-SP   Client Logon ID: (0x0,0xE5B1)   Privileges: SeShutdownPrivilege 
Oct 11 14:25:32 172.18.1.30 AgentDevice=WindowsLog	AgentLogFile=System	Source=USER32	Computer=OSF-MOSS-SP	User=Administrator	Domain=OSF-MOSS-SP	EventID=2147484724	EventIDCode=1076	EventType=2	EventCategory=0	RecordNumber=76	TimeGenerated=1286825132	TimeWritten=1286825132	Message=The reason supplied by user OSF-MOSS-SP\Administrator for the last unexpected shutdown of this computer is: Power Failure: Environment  Reason Code: 0x806000c  Bug ID:   Bugcheck String:   Comment:  
Oct 11 14:25:31 172.18.1.20 AgentDevice=WindowsLog	AgentLogFile=System	Source=W32Time	Computer=OSF-477F9B9DC69	User= 	Domain= 	EventID=2186936337	EventIDCode=17	EventType=1	EventCategory=0	RecordNumber=129	TimeGenerated=1286825131	TimeWritten=1286825131	Message=Time Provider NtpClient: An error occurred during DNS lookup of the manually configured peer 'time.windows.com,0x1'. NtpClient will try the DNS lookup again in 15 minutes. The error was: A socket operation was attempted to an unreachable host. (0x80072751) 
Oct 11 14:25:25 172.18.1.30 AgentDevice=WindowsLog	AgentLogFile=System	Source=IPSec	Computer=OSF-MOSS-SP	User= 	Domain= 	EventID=1073746118	EventIDCode=4294	EventType=4	EventCategory=0	RecordNumber=75	TimeGenerated=1286825103	TimeWritten=1286825125	Message=The IPSec driver has entered Secure mode. IPSec policies, if they have been configured, are now being applied to this computer. 
Oct 11 14:25:25 172.18.1.30 AgentDevice=WindowsLog	AgentLogFile=System	Source=IPSec	Computer=OSF-MOSS-SP	User= 	Domain= 	EventID=1073746119	EventIDCode=4295	EventType=4	EventCategory=0	RecordNumber=74	TimeGenerated=1286825095	TimeWritten=1286825125	Message=The IPSec Driver is starting in Bypass mode. No IPSec security is being applied while this computer starts up. IPSec policies, if they have been assigned, will be applied to this computer after the IPSec services start. 
Oct 11 14:25:22 172.18.1.30 AgentDevice=WindowsLog	AgentLogFile=Security	Source=Security	Computer=OSF-MOSS-SP	User=Administrator	Domain=OSF-MOSS-SP	EventID=576	EventIDCode=576	EventType=8	EventCategory=4	RecordNumber=108	TimeGenerated=1286825121	TimeWritten=1286825121	Message=Special privileges assigned to new logon:   User Name: Administrator   Domain:  OSF-MOSS-SP   Logon ID:  (0x0,0xE5B1)   Privileges: SeSecurityPrivilege    SeBackupPrivilege    SeRestorePrivilege    SeTakeOwnershipPrivilege    SeDebugPrivilege    SeSystemEnvironmentPrivilege    SeLoadDriverPrivilege    SeImpersonatePrivilege 
Oct 11 14:25:22 172.18.1.30 AgentDevice=WindowsLog	AgentLogFile=Security	Source=Security	Computer=OSF-MOSS-SP	User=Administrator	Domain=OSF-MOSS-SP	EventID=528	EventIDCode=528	EventType=8	EventCategory=2	RecordNumber=107	TimeGenerated=1286825121	TimeWritten=1286825121	Message=Successful Logon:   User Name: Administrator   Domain:  OSF-MOSS-SP   Logon ID:  (0x0,0xE5B1)   Logon Type: 2   Logon Process: User32     Authentication Package: Negotiate   Workstation Name: OSF-MOSS-SP   Logon GUID: -   Caller User Name: OSF-MOSS-SP$   Caller Domain: OSF   Caller Logon ID: (0x0,0x3E7)   Caller Process ID: 364   Transited Services: -   Source Network Address: 127.0.0.1   Source Port: 0  
Oct 11 14:25:22 172.18.1.30 AgentDevice=WindowsLog	AgentLogFile=Security	Source=Security	Computer=OSF-MOSS-SP	User=SYSTEM	Domain=NT AUTHORITY	EventID=552	EventIDCode=552	EventType=8	EventCategory=2	RecordNumber=106	TimeGenerated=1286825121	TimeWritten=1286825121	Message=Logon attempt using explicit credentials:  Logged on user:   User Name: OSF-MOSS-SP$   Domain:  OSF   Logon ID:  (0x0,0x3E7)   Logon GUID: -  User whose credentials were used:   Target User Name: Administrator   Target Domain: OSF-MOSS-SP   Target Logon GUID: -   Target Server Name: localhost  Target Server Info: localhost  Caller Process ID: 364  Source Network Address: 127.0.0.1  Source Port: 0  
Oct 11 14:25:22 172.18.1.30 AgentDevice=WindowsLog	AgentLogFile=Security	Source=Security	Computer=OSF-MOSS-SP	User=Administrator	Domain=OSF-MOSS-SP	EventID=680	EventIDCode=680	EventType=8	EventCategory=9	RecordNumber=105	TimeGenerated=1286825121	TimeWritten=1286825121	Message=Logon attempt by: MICROSOFT_AUTHENTICATION_PACKAGE_V1_0  Logon account: Administrator  Source Workstation: OSF-MOSS-SP  Error Code: 0x0  
Oct 11 14:25:17 172.18.1.30 AgentDevice=WindowsLog	AgentLogFile=Security	Source=Security	Computer=OSF-MOSS-SP	User=SYSTEM	Domain=NT AUTHORITY	EventID=529	EventIDCode=529	EventType=16	EventCategory=2	RecordNumber=104	TimeGenerated=1286825116	TimeWritten=1286825116	Message=Logon Failure:   Reason:  Unknown user name or bad password   User Name: Administrator   Domain:  OSF-MOSS-SP   Logon Type: 2   Logon Process: User32     Authentication Package: Negotiate   Workstation Name: OSF-MOSS-SP   Caller User Name: OSF-MOSS-SP$   Caller Domain: OSF   Caller Logon ID: (0x0,0x3E7)   Caller Process ID: 364   Transited Services: -   Source Network Address: 127.0.0.1   Source Port: 0  
Oct 11 14:25:17 172.18.1.30 AgentDevice=WindowsLog	AgentLogFile=Security	Source=Security	Computer=OSF-MOSS-SP	User=SYSTEM	Domain=NT AUTHORITY	EventID=680	EventIDCode=680	EventType=16	EventCategory=9	RecordNumber=103	TimeGenerated=1286825116	TimeWritten=1286825116	Message=Logon attempt by: MICROSOFT_AUTHENTICATION_PACKAGE_V1_0  Logon account: Administrator  Source Workstation: OSF-MOSS-SP  Error Code: 0xC000006A  
Oct 11 14:25:16 172.18.1.30 AgentDevice=WindowsLog	AgentLogFile=System	Source=W32Time	Computer=OSF-MOSS-SP	User= 	Domain= 	EventID=2186936337	EventIDCode=17	EventType=1	EventCategory=0	RecordNumber=73	TimeGenerated=1286825115	TimeWritten=1286825115	Message=Time Provider NtpClient: An error occurred during DNS lookup of the manually configured peer 'time.windows.com,0x1'. NtpClient will try the DNS lookup again in 15 minutes. The error was: A socket operation was attempted to an unreachable host. (0x80072751) 
Oct 11 13:58:51 172.18.1.13 AgentDevice=WindowsLog	AgentLogFile=System	Source=W32Time	Computer=OSF-V0PLEKU2G12	User= 	Domain= 	EventID=3260678173	EventIDCode=29	EventType=1	EventCategory=0	RecordNumber=219	TimeGenerated=1286823530	TimeWritten=1286823530	Message=The time provider NtpClient is configured to acquire time from one or more time sources, however none of the sources are currently accessible.  No attempt to contact a source will be made for 59 minutes. NtpClient has no source of accurate time.  
Oct 11 13:28:50 172.18.1.13 AgentDevice=WindowsLog	AgentLogFile=System	Source=W32Time	Computer=OSF-V0PLEKU2G12	User= 	Domain= 	EventID=3260678173	EventIDCode=29	EventType=1	EventCategory=0	RecordNumber=217	TimeGenerated=1286821730	TimeWritten=1286821730	Message=The time provider NtpClient is configured to acquire time from one or more time sources, however none of the sources are currently accessible.  No attempt to contact a source will be made for 29 minutes. NtpClient has no source of accurate time.  
Oct 11 13:28:50 172.18.1.13 AgentDevice=WindowsLog	AgentLogFile=System	Source=W32Time	Computer=OSF-V0PLEKU2G12	User= 	Domain= 	EventID=2186936337	EventIDCode=17	EventType=1	EventCategory=0	RecordNumber=216	TimeGenerated=1286821730	TimeWritten=1286821730	Message=Time Provider NtpClient: An error occurred during DNS lookup of the manually configured peer 'time.windows.com,0x1'. NtpClient will try the DNS lookup again in 30 minutes. The error was: A socket operation was attempted to an unreachable host. (0x80072751) 
Oct 11 13:14:39 172.18.1.13 AgentDevice=WindowsLog	AgentLogFile=Security	Source=Security	Computer=OSF-V0PLEKU2G12	User=osf	Domain=OSF-V0PLEKU2G12	EventID=578	EventIDCode=578	EventType=8	EventCategory=4	RecordNumber=577	TimeGenerated=1286820878	TimeWritten=1286820878	Message=Privileged object operation:   Object Server: EventLog   Object Handle: 7044944   Process ID: 680   Primary User Name: OSF-V0PLEKU2G12$   Primary Domain: EXERCISE   Primary Logon ID: (0x0,0x3E7)   Client User Name: osf   Client Domain: OSF-V0PLEKU2G12   Client Logon ID: (0x0,0xA52B)   Privileges: SeSecurityPrivilege 
Oct 11 13:14:37 172.18.1.13 AgentDevice=WindowsLog	AgentLogFile=Security	Source=Security	Computer=OSF-V0PLEKU2G12	User=osf	Domain=OSF-V0PLEKU2G12	EventID=578	EventIDCode=578	EventType=8	EventCategory=4	RecordNumber=576	TimeGenerated=1286820876	TimeWritten=1286820876	Message=Privileged object operation:   Object Server: EventLog   Object Handle: 7044944   Process ID: 680   Primary User Name: OSF-V0PLEKU2G12$   Primary Domain: EXERCISE   Primary Logon ID: (0x0,0x3E7)   Client User Name: osf   Client Domain: OSF-V0PLEKU2G12   Client Logon ID: (0x0,0xA52B)   Privileges: SeSecurityPrivilege 
Oct 11 13:14:01 172.18.1.13 AgentDevice=WindowsLog	AgentLogFile=System	Source=Service Control Manager	Computer=OSF-V0PLEKU2G12	User=osf	Domain=OSF-V0PLEKU2G12	EventID=1073748859	EventIDCode=7035	EventType=4	EventCategory=0	RecordNumber=208	TimeGenerated=1286820840	TimeWritten=1286820840	Message=The Fast User Switching Compatibility service was successfully sent a start control. 
Oct 11 13:14:01 172.18.1.13 AgentDevice=WindowsLog	AgentLogFile=System	Source=Service Control Manager	Computer=OSF-V0PLEKU2G12	User= 	Domain= 	EventID=1073748860	EventIDCode=7036	EventType=4	EventCategory=0	RecordNumber=215	TimeGenerated=1286820840	TimeWritten=1286820840	Message=The SSDP Discovery Service service entered the running state. 
Oct 11 13:13:49 172.18.1.13 AgentDevice=WindowsLog	AgentLogFile=Security	Source=Security	Computer=OSF-V0PLEKU2G12	User=osf	Domain=OSF-V0PLEKU2G12	EventID=630	EventIDCode=630	EventType=8	EventCategory=7	RecordNumber=575	TimeGenerated=1286820829	TimeWritten=1286820829	Message=User Account Deleted:   Target Account Name: haxx   Target Domain: OSF-V0PLEKU2G12   Target Account ID: %{S-1-5-21-1060284298-1580436667-1343024091-1005}   Caller User Name: osf   Caller Domain: OSF-V0PLEKU2G12   Caller Logon ID: (0x0,0xA52B)   Privileges: -  
Oct 11 13:13:49 172.18.1.13 AgentDevice=WindowsLog	AgentLogFile=Security	Source=Security	Computer=OSF-V0PLEKU2G12	User=osf	Domain=OSF-V0PLEKU2G12	EventID=633	EventIDCode=633	EventType=8	EventCategory=7	RecordNumber=574	TimeGenerated=1286820829	TimeWritten=1286820829	Message=Security Enabled Global Group Member Removed:   Member Name: -   Member ID: %{S-1-5-21-1060284298-1580436667-1343024091-1005}   Target Account Name: None   Target Domain: OSF-V0PLEKU2G12   Target Account ID: OSF-V0PLEKU2G12\None   Caller User Name: osf   Caller Domain: OSF-V0PLEKU2G12   Caller Logon ID: (0x0,0xA52B)   Privileges: -  
Oct 11 13:13:49 172.18.1.13 AgentDevice=WindowsLog	AgentLogFile=Security	Source=Security	Computer=OSF-V0PLEKU2G12	User=osf	Domain=OSF-V0PLEKU2G12	EventID=637	EventIDCode=637	EventType=8	EventCategory=7	RecordNumber=573	TimeGenerated=1286820829	TimeWritten=1286820829	Message=Security Enabled Local Group Member Removed:   Member Name: -   Member ID: %{S-1-5-21-1060284298-1580436667-1343024091-1005}   Target Account Name: Administrators   Target Domain: Builtin   Target Account ID: BUILTIN\Administrators   Caller User Name: osf   Caller Domain: OSF-V0PLEKU2G12   Caller Logon ID: (0x0,0xA52B)   Privileges: -  
Oct 11 13:13:49 172.18.1.13 AgentDevice=WindowsLog	AgentLogFile=Security	Source=Security	Computer=OSF-V0PLEKU2G12	User=osf	Domain=OSF-V0PLEKU2G12	EventID=637	EventIDCode=637	EventType=8	EventCategory=7	RecordNumber=572	TimeGenerated=1286820829	TimeWritten=1286820829	Message=Security Enabled Local Group Member Removed:   Member Name: -   Member ID: %{S-1-5-21-1060284298-1580436667-1343024091-1005}   Target Account Name: Users   Target Domain: Builtin   Target Account ID: BUILTIN\Users   Caller User Name: osf   Caller Domain: OSF-V0PLEKU2G12   Caller Logon ID: (0x0,0xA52B)   Privileges: -  
Oct 11 13:13:32 172.18.1.13 AgentDevice=WindowsLog	AgentLogFile=Security	Source=Security	Computer=OSF-V0PLEKU2G12	User=LOCAL SERVICE	Domain=NT AUTHORITY	EventID=576	EventIDCode=576	EventType=8	EventCategory=4	RecordNumber=571	TimeGenerated=1286820811	TimeWritten=1286820811	Message=Special privileges assigned to new logon:   User Name: LOCAL SERVICE   Domain:  NT AUTHORITY   Logon ID:  (0x0,0x3E5)   Privileges:  SeAuditPrivilege    SeAssignPrimaryTokenPrivilege    SeChangeNotifyPrivilege 
Oct 11 13:13:32 172.18.1.13 AgentDevice=WindowsLog	AgentLogFile=Security	Source=Security	Computer=OSF-V0PLEKU2G12	User=LOCAL SERVICE	Domain=NT AUTHORITY	EventID=528	EventIDCode=528	EventType=8	EventCategory=2	RecordNumber=570	TimeGenerated=1286820811	TimeWritten=1286820811	Message=Successful Logon:   User Name: LOCAL SERVICE   Domain:  NT AUTHORITY   Logon ID:  (0x0,0x3E5)   Logon Type: 5   Logon Process: Advapi     Authentication Package: Negotiate   Workstation Name:    Logon GUID: {00000000-0000-0000-0000-000000000000} 
Oct 11 13:13:31 172.18.1.13 AgentDevice=WindowsLog	AgentLogFile=Security	Source=Security	Computer=OSF-V0PLEKU2G12	User=osf	Domain=OSF-V0PLEKU2G12	EventID=577	EventIDCode=577	EventType=8	EventCategory=4	RecordNumber=569	TimeGenerated=1286820811	TimeWritten=1286820811	Message=Privileged Service Called:   Server:  Security   Service:  -   Primary User Name: OSF-V0PLEKU2G12$   Primary Domain: EXERCISE   Primary Logon ID: (0x0,0x3E7)   Client User Name: osf   Client Domain: OSF-V0PLEKU2G12   Client Logon ID: (0x0,0xA52B)   Privileges: SeShutdownPrivilege 
Oct 11 13:13:31 172.18.1.13 AgentDevice=WindowsLog	AgentLogFile=Security	Source=Security	Computer=OSF-V0PLEKU2G12	User=osf	Domain=OSF-V0PLEKU2G12	EventID=577	EventIDCode=577	EventType=8	EventCategory=4	RecordNumber=568	TimeGenerated=1286820811	TimeWritten=1286820811	Message=Privileged Service Called:   Server:  Security   Service:  -   Primary User Name: OSF-V0PLEKU2G12$   Primary Domain: EXERCISE   Primary Logon ID: (0x0,0x3E7)   Client User Name: osf   Client Domain: OSF-V0PLEKU2G12   Client Logon ID: (0x0,0xA52B)   Privileges: SeShutdownPrivilege 
Oct 11 13:13:31 172.18.1.13 AgentDevice=WindowsLog	AgentLogFile=Security	Source=Security	Computer=OSF-V0PLEKU2G12	User=osf	Domain=OSF-V0PLEKU2G12	EventID=577	EventIDCode=577	EventType=8	EventCategory=4	RecordNumber=567	TimeGenerated=1286820811	TimeWritten=1286820811	Message=Privileged Service Called:   Server:  Security   Service:  -   Primary User Name: OSF-V0PLEKU2G12$   Primary Domain: EXERCISE   Primary Logon ID: (0x0,0x3E7)   Client User Name: osf   Client Domain: OSF-V0PLEKU2G12   Client Logon ID: (0x0,0xA52B)   Privileges: SeShutdownPrivilege 
Oct 11 13:13:31 172.18.1.13 AgentDevice=WindowsLog	AgentLogFile=Security	Source=Security	Computer=OSF-V0PLEKU2G12	User=osf	Domain=OSF-V0PLEKU2G12	EventID=577	EventIDCode=577	EventType=8	EventCategory=4	RecordNumber=566	TimeGenerated=1286820811	TimeWritten=1286820811	Message=Privileged Service Called:   Server:  Security   Service:  -   Primary User Name: OSF-V0PLEKU2G12$   Primary Domain: EXERCISE   Primary Logon ID: (0x0,0x3E7)   Client User Name: osf   Client Domain: OSF-V0PLEKU2G12   Client Logon ID: (0x0,0xA52B)   Privileges: SeShutdownPrivilege 
Oct 11 13:13:30 172.18.1.13 AgentDevice=WindowsLog	AgentLogFile=Security	Source=Security	Computer=OSF-V0PLEKU2G12	User=osf	Domain=OSF-V0PLEKU2G12	EventID=576	EventIDCode=576	EventType=8	EventCategory=4	RecordNumber=565	TimeGenerated=1286820809	TimeWritten=1286820809	Message=Special privileges assigned to new logon:   User Name:    Domain:     Logon ID:  (0x0,0xA52B)   Privileges:  SeChangeNotifyPrivilege    SeBackupPrivilege    SeRestorePrivilege    SeDebugPrivilege 
Oct 11 13:13:30 172.18.1.13 AgentDevice=WindowsLog	AgentLogFile=Security	Source=Security	Computer=OSF-V0PLEKU2G12	User=osf	Domain=OSF-V0PLEKU2G12	EventID=528	EventIDCode=528	EventType=8	EventCategory=2	RecordNumber=564	TimeGenerated=1286820809	TimeWritten=1286820809	Message=Successful Logon:   User Name: osf   Domain:  OSF-V0PLEKU2G12   Logon ID:  (0x0,0xA52B)   Logon Type: 2   Logon Process: User32     Authentication Package: Negotiate   Workstation Name: OSF-V0PLEKU2G12   Logon GUID: {00000000-0000-0000-0000-000000000000} 
Oct 11 13:13:30 172.18.1.13 AgentDevice=WindowsLog	AgentLogFile=Security	Source=Security	Computer=OSF-V0PLEKU2G12	User=SYSTEM	Domain=NT AUTHORITY	EventID=680	EventIDCode=680	EventType=8	EventCategory=9	RecordNumber=563	TimeGenerated=1286820809	TimeWritten=1286820809	Message=Logon attempt by: MICROSOFT_AUTHENTICATION_PACKAGE_V1_0  Logon account:  osf  Source Workstation: OSF-V0PLEKU2G12  Error Code: 0x0  
Oct 11 13:13:31 172.18.1.13 AgentDevice=WindowsLog	AgentLogFile=System	Source=W32Time	Computer=OSF-V0PLEKU2G12	User= 	Domain= 	EventID=3260678173	EventIDCode=29	EventType=1	EventCategory=0	RecordNumber=204	TimeGenerated=1286820810	TimeWritten=1286820810	Message=The time provider NtpClient is configured to acquire time from one or more time sources, however none of the sources are currently accessible.  No attempt to contact a source will be made for 14 minutes. NtpClient has no source of accurate time.  
Oct 11 13:13:23 172.18.1.13 AgentDevice=WindowsLog	AgentLogFile=System	Source=atapi	Computer=OSF-V0PLEKU2G12	User= 	Domain= 	EventID=3221487625	EventIDCode=9	EventType=1	EventCategory=0	RecordNumber=199	TimeGenerated=1286820763	TimeWritten=1286820802	Message=The device, \Device\Ide\IdePort1, did not respond within the timeout period. 
Oct 11 13:13:23 172.18.1.13 AgentDevice=WindowsLog	AgentLogFile=System	Source=atapi	Computer=OSF-V0PLEKU2G12	User= 	Domain= 	EventID=3221487625	EventIDCode=9	EventType=1	EventCategory=0	RecordNumber=198	TimeGenerated=1286820753	TimeWritten=1286820802	Message=The device, \Device\Ide\IdePort1, did not respond within the timeout period. 
Oct 11 13:13:23 172.18.1.13 AgentDevice=WindowsLog	AgentLogFile=System	Source=atapi	Computer=OSF-V0PLEKU2G12	User= 	Domain= 	EventID=3221487625	EventIDCode=9	EventType=1	EventCategory=0	RecordNumber=197	TimeGenerated=1286820742	TimeWritten=1286820802	Message=The device, \Device\Ide\IdePort1, did not respond within the timeout period. 
Oct 10 10:55:58 172.18.1.20 AgentDevice=WindowsLog	AgentLogFile=Security	Source=Security	Computer=OSF-477F9B9DC69	User=hax	Domain=OSF-477F9B9DC69	EventID=551	EventIDCode=551	EventType=8	EventCategory=2	RecordNumber=202	TimeGenerated=1286726158	TimeWritten=1286726158	Message=User initiated logoff:   User Name: hax   Domain:  OSF-477F9B9DC69   Logon ID:  (0x0,0x87051)  
Oct 10 10:55:56 172.18.1.20 AgentDevice=WindowsLog	AgentLogFile=Security	Source=Security	Computer=OSF-477F9B9DC69	User=Administrator	Domain=OSF-477F9B9DC69	EventID=578	EventIDCode=578	EventType=8	EventCategory=4	RecordNumber=201	TimeGenerated=1286726156	TimeWritten=1286726156	Message=Privileged object operation:   Object Server: Security   Object Handle: 0   Process ID: 324   Primary User Name: OSF-477F9B9DC69$   Primary Domain: OSF-TEST   Primary Logon ID: (0x0,0x3E7)   Client User Name: Administrator   Client Domain: OSF-477F9B9DC69   Client Logon ID: (0x0,0xD3B29)   Privileges: SeShutdownPrivilege 
Oct 10 10:55:56 172.18.1.20 AgentDevice=WindowsLog	AgentLogFile=Security	Source=Security	Computer=OSF-477F9B9DC69	User=Administrator	Domain=OSF-477F9B9DC69	EventID=551	EventIDCode=551	EventType=8	EventCategory=2	RecordNumber=200	TimeGenerated=1286726156	TimeWritten=1286726156	Message=User initiated logoff:   User Name: Administrator   Domain:  OSF-477F9B9DC69   Logon ID:  (0x0,0xd3b29)  
Oct 10 10:55:54 172.18.1.20 AgentDevice=WindowsLog	AgentLogFile=System	Source=Application Popup	Computer=OSF-477F9B9DC69	User= 	Domain= 	EventID=1073741850	EventIDCode=26	EventType=4	EventCategory=0	RecordNumber=123	TimeGenerated=1286726154	TimeWritten=1286726154	Message=Application popup: Windows : Other people are logged on to this computer. Shutting down Windows might cause them to lose data.  Do you want to continue shutting down? 
Oct 10 10:55:54 172.18.1.20 AgentDevice=WindowsLog	AgentLogFile=System	Source=USER32	Computer=OSF-477F9B9DC69	User=Administrator	Domain=OSF-477F9B9DC69	EventID=2147484722	EventIDCode=1074	EventType=4	EventCategory=0	RecordNumber=122	TimeGenerated=1286726154	TimeWritten=1286726154	Message=The process Explorer.EXE has initiated the shutdown of computer OSF-477F9B9DC69 on behalf of user OSF-477F9B9DC69\Administrator for the following reason: Operating System: Reconfiguration (Planned)  Reason Code: 0x84020004  Shutdown Type: shutdown  Comment:  
Oct 10 10:55:40 172.18.1.20 AgentDevice=WindowsLog	AgentLogFile=Security	Source=Security	Computer=OSF-477F9B9DC69	User=Administrator	Domain=OSF-477F9B9DC69	EventID=538	EventIDCode=538	EventType=8	EventCategory=2	RecordNumber=199	TimeGenerated=1286726139	TimeWritten=1286726139	Message=User Logoff:   User Name: Administrator   Domain:  OSF-477F9B9DC69   Logon ID:  (0x0,0xA28ED9)   Logon Type: 7  
Oct 11 10:05:58 172.18.1.13 AgentDevice=WindowsLog	AgentLogFile=Security	Source=Security	Computer=OSF-V0PLEKU2G12	User=jane	Domain=OSF-V0PLEKU2G12	EventID=551	EventIDCode=551	EventType=8	EventCategory=2	RecordNumber=522	TimeGenerated=1286809557	TimeWritten=1286809557	Message=User initiated logoff:   User Name: jane   Domain:  OSF-V0PLEKU2G12   Logon ID:  (0x0,0x1920ee)  
Oct 10 09:24:54 172.18.1.20 AgentDevice=WindowsLog	AgentLogFile=Application	Source=ESENT	Computer=OSF-477F9B9DC69	User= 	Domain= 	EventID=439	EventIDCode=439	EventType=1	EventCategory=3	RecordNumber=131	TimeGenerated=1286720693	TimeWritten=1286720693	Message=wuaueng.dll (800) SUS20ClientDataStore: Unable to write a shadowed header for file C:\WINDOWS\SoftwareDistribution\DataStore\Logs\tmp.edb. Error -1808. 
Oct 10 09:24:54 172.18.1.20 AgentDevice=WindowsLog	AgentLogFile=Application	Source=ESENT	Computer=OSF-477F9B9DC69	User= 	Domain= 	EventID=488	EventIDCode=488	EventType=1	EventCategory=1	RecordNumber=130	TimeGenerated=1286720693	TimeWritten=1286720693	Message=wuaueng.dll (800) SUS20ClientDataStore: An attempt to create the file "C:\WINDOWS\SoftwareDistribution\DataStore\Logs\tmp.edb" failed with system error 112 (0x00000070): "There is not enough space on the disk. ".  The create file operation will fail with error -1808 (0xfffff8f0). 
Oct 10 08:43:11 172.18.1.20 AgentDevice=WindowsLog	AgentLogFile=System	Source=EventLog	Computer=OSF-477F9B9DC69	User= 	Domain= 	EventID=3221231485	EventIDCode=6013	EventType=4	EventCategory=0	RecordNumber=121	TimeGenerated=1286643609	TimeWritten=1286643609	Message=The system uptime is 184109 seconds. 
Oct 10 08:43:11 172.18.1.20 AgentDevice=WindowsLog	AgentLogFile=Security	Source=Security	Computer=OSF-477F9B9DC69	User=SYSTEM	Domain=NT AUTHORITY	EventID=577	EventIDCode=577	EventType=8	EventCategory=4	RecordNumber=193	TimeGenerated=1286718191	TimeWritten=1286718191	Message=Privileged Service Called:   Server:  NT Local Security Authority / Authentication Service   Service:  LsaRegisterLogonProcess()   Primary User Name: OSF-477F9B9DC69$   Primary Domain: OSF-TEST   Primary Logon ID: (0x0,0x3E7)   Client User Name: OSF-477F9B9DC69$   Client Domain: OSF-TEST   Client Logon ID: (0x0,0x3E7)   Privileges: SeTcbPrivilege 
Oct 09 09:24:54 172.18.1.20 AgentDevice=WindowsLog	AgentLogFile=Application	Source=ESENT	Computer=OSF-477F9B9DC69	User= 	Domain= 	EventID=439	EventIDCode=439	EventType=1	EventCategory=3	RecordNumber=129	TimeGenerated=1286634293	TimeWritten=1286634293	Message=wuaueng.dll (800) SUS20ClientDataStore: Unable to write a shadowed header for file C:\WINDOWS\SoftwareDistribution\DataStore\Logs\tmp.edb. Error -1808. 
Oct 09 09:24:54 172.18.1.20 AgentDevice=WindowsLog	AgentLogFile=Application	Source=ESENT	Computer=OSF-477F9B9DC69	User= 	Domain= 	EventID=488	EventIDCode=488	EventType=1	EventCategory=1	RecordNumber=128	TimeGenerated=1286634293	TimeWritten=1286634293	Message=wuaueng.dll (800) SUS20ClientDataStore: An attempt to create the file "C:\WINDOWS\SoftwareDistribution\DataStore\Logs\tmp.edb" failed with system error 112 (0x00000070): "There is not enough space on the disk. ".  The create file operation will fail with error -1808 (0xfffff8f0). 
Oct 09 08:41:12 172.18.1.20 AgentDevice=WindowsLog	AgentLogFile=System	Source=EventLog	Computer=OSF-477F9B9DC69	User= 	Domain= 	EventID=3221231485	EventIDCode=6013	EventType=4	EventCategory=0	RecordNumber=120	TimeGenerated=1286557204	TimeWritten=1286557204	Message=The system uptime is 97704 seconds. 
Oct 09 08:41:12 172.18.1.20 AgentDevice=WindowsLog	AgentLogFile=Security	Source=Security	Computer=OSF-477F9B9DC69	User=SYSTEM	Domain=NT AUTHORITY	EventID=577	EventIDCode=577	EventType=8	EventCategory=4	RecordNumber=192	TimeGenerated=1286631672	TimeWritten=1286631672	Message=Privileged Service Called:   Server:  NT Local Security Authority / Authentication Service   Service:  LsaRegisterLogonProcess()   Primary User Name: OSF-477F9B9DC69$   Primary Domain: OSF-TEST   Primary Logon ID: (0x0,0x3E7)   Client User Name: OSF-477F9B9DC69$   Client Domain: OSF-TEST   Client Logon ID: (0x0,0x3E7)   Privileges: SeTcbPrivilege 
Oct 09 21:33:46 172.18.1.13 AgentDevice=WindowsLog	AgentLogFile=Security	Source=Security	Computer=OSF-V0PLEKU2G12	User=SYSTEM	Domain=NT AUTHORITY	EventID=577	EventIDCode=577	EventType=8	EventCategory=4	RecordNumber=517	TimeGenerated=1286678026	TimeWritten=1286678026	Message=Privileged Service Called:   Server:  NT Local Security Authority / Authentication Service   Service:  LsaRegisterLogonProcess()   Primary User Name: OSF-V0PLEKU2G12$   Primary Domain: EXERCISE   Primary Logon ID: (0x0,0x3E7)   Client User Name: OSF-V0PLEKU2G12$   Client Domain: EXERCISE   Client Logon ID: (0x0,0x3E7)   Privileges: SeTcbPrivilege 
Oct 09 16:47:33 172.18.1.13 AgentDevice=WindowsLog	AgentLogFile=System	Source=W32Time	Computer=OSF-V0PLEKU2G12	User= 	Domain= 	EventID=3260678173	EventIDCode=29	EventType=1	EventCategory=0	RecordNumber=189	TimeGenerated=1286660853	TimeWritten=1286660853	Message=The time provider NtpClient is configured to acquire time from one or more time sources, however none of the sources are currently accessible.  No attempt to contact a source will be made for 959 minutes. NtpClient has no source of accurate time.  
Oct 08 08:52:12 172.18.1.20 AgentDevice=WindowsLog	AgentLogFile=Security	Source=Security	Computer=OSF-477F9B9DC69	User=SYSTEM	Domain=NT AUTHORITY	EventID=577	EventIDCode=577	EventType=8	EventCategory=4	RecordNumber=191	TimeGenerated=1286545932	TimeWritten=1286545932	Message=Privileged Service Called:   Server:  NT Local Security Authority / Authentication Service   Service:  LsaRegisterLogonProcess()   Primary User Name: OSF-477F9B9DC69$   Primary Domain: OSF-TEST   Primary Logon ID: (0x0,0x3E7)   Client User Name: OSF-477F9B9DC69$   Client Domain: OSF-TEST   Client Logon ID: (0x0,0x3E7)   Privileges: SeTcbPrivilege 
Oct 08 08:52:12 172.18.1.20 AgentDevice=WindowsLog	AgentLogFile=Security	Source=Security	Computer=OSF-477F9B9DC69	User=SYSTEM	Domain=NT AUTHORITY	EventID=515	EventIDCode=515	EventType=8	EventCategory=1	RecordNumber=190	TimeGenerated=1286545932	TimeWritten=1286545932	Message=A trusted logon process has registered with the Local Security Authority. This logon process will be trusted to submit logon requests.     Logon Process Name: Schannel 
Oct 09 00:47:33 172.18.1.13 AgentDevice=WindowsLog	AgentLogFile=System	Source=W32Time	Computer=OSF-V0PLEKU2G12	User= 	Domain= 	EventID=3260678173	EventIDCode=29	EventType=1	EventCategory=0	RecordNumber=187	TimeGenerated=1286603253	TimeWritten=1286603253	Message=The time provider NtpClient is configured to acquire time from one or more time sources, however none of the sources are currently accessible.  No attempt to contact a source will be made for 959 minutes. NtpClient has no source of accurate time.  
Oct 08 00:39:39 172.18.1.20 AgentDevice=WindowsLog	AgentLogFile=System	Source=W32Time	Computer=OSF-477F9B9DC69	User= 	Domain= 	EventID=2186936368	EventIDCode=48	EventType=1	EventCategory=0	RecordNumber=119	TimeGenerated=1286516379	TimeWritten=1286516379	Message=Time Provider NtpClient: An error occurred during DNS lookup of the manually configured peer 'time.windows.com,0x1'. NtpClient will continue to try the DNS lookup every 960 minutes.  This message will not be logged again until a successful lookup  of this manually configured peer occurs.  The error was: A socket operation was attempted to an unreachable host. (0x80072751) 
Oct 08 22:41:25 172.18.1.13 AgentDevice=WindowsLog	AgentLogFile=System	Source=W32Time	Computer=OSF-V0PLEKU2G12	User= 	Domain= 	EventID=2186936356	EventIDCode=36	EventType=2	EventCategory=0	RecordNumber=185	TimeGenerated=1286595684	TimeWritten=1286595684	Message=The time service has not been able to synchronize the system time for 49152 seconds because none of the time providers has been able to provide a usable time stamp. The system clock is unsynchronized. 
Oct 08 21:30:15 172.18.1.13 AgentDevice=WindowsLog	AgentLogFile=Security	Source=Security	Computer=OSF-V0PLEKU2G12	User=SYSTEM	Domain=NT AUTHORITY	EventID=577	EventIDCode=577	EventType=8	EventCategory=4	RecordNumber=514	TimeGenerated=1286591415	TimeWritten=1286591415	Message=Privileged Service Called:   Server:  NT Local Security Authority / Authentication Service   Service:  LsaRegisterLogonProcess()   Primary User Name: OSF-V0PLEKU2G12$   Primary Domain: EXERCISE   Primary Logon ID: (0x0,0x3E7)   Client User Name: OSF-V0PLEKU2G12$   Client Domain: EXERCISE   Client Logon ID: (0x0,0x3E7)   Privileges: SeTcbPrivilege 
Oct 08 21:30:15 172.18.1.13 AgentDevice=WindowsLog	AgentLogFile=Security	Source=Security	Computer=OSF-V0PLEKU2G12	User=NETWORK SERVICE	Domain=NT AUTHORITY	EventID=576	EventIDCode=576	EventType=8	EventCategory=4	RecordNumber=513	TimeGenerated=1286591415	TimeWritten=1286591415	Message=Special privileges assigned to new logon:   User Name: NETWORK SERVICE   Domain:  NT AUTHORITY   Logon ID:  (0x0,0x3E4)   Privileges:  SeAuditPrivilege    SeAssignPrimaryTokenPrivilege    SeChangeNotifyPrivilege 
Oct 08 21:30:15 172.18.1.13 AgentDevice=WindowsLog	AgentLogFile=Security	Source=Security	Computer=OSF-V0PLEKU2G12	User=NETWORK SERVICE	Domain=NT AUTHORITY	EventID=528	EventIDCode=528	EventType=8	EventCategory=2	RecordNumber=512	TimeGenerated=1286591415	TimeWritten=1286591415	Message=Successful Logon:   User Name: NETWORK SERVICE   Domain:  NT AUTHORITY   Logon ID:  (0x0,0x3E4)   Logon Type: 5   Logon Process: Advapi     Authentication Package: Negotiate   Workstation Name:    Logon GUID: {00000000-0000-0000-0000-000000000000} 
Oct 08 21:30:15 172.18.1.13 AgentDevice=WindowsLog	AgentLogFile=Security	Source=Security	Computer=OSF-V0PLEKU2G12	User=SYSTEM	Domain=NT AUTHORITY	EventID=577	EventIDCode=577	EventType=8	EventCategory=4	RecordNumber=511	TimeGenerated=1286591415	TimeWritten=1286591415	Message=Privileged Service Called:   Server:  NT Local Security Authority / Authentication Service   Service:  LsaRegisterLogonProcess()   Primary User Name: OSF-V0PLEKU2G12$   Primary Domain: EXERCISE   Primary Logon ID: (0x0,0x3E7)   Client User Name: OSF-V0PLEKU2G12$   Client Domain: EXERCISE   Client Logon ID: (0x0,0x3E7)   Privileges: SeTcbPrivilege 
Oct 07 17:11:14 172.18.1.20 AgentDevice=WindowsLog	AgentLogFile=Security	Source=Security	Computer=OSF-477F9B9DC69	User=hax	Domain=OSF-477F9B9DC69	EventID=578	EventIDCode=578	EventType=8	EventCategory=4	RecordNumber=188	TimeGenerated=1286489474	TimeWritten=1286489474	Message=Privileged object operation:   Object Server: Security   Object Handle: 1016   Process ID: 4080   Primary User Name: hax   Primary Domain: OSF-477F9B9DC69   Primary Logon ID: (0x0,0x87051)   Client User Name: hax   Client Domain: OSF-477F9B9DC69   Client Logon ID: (0x0,0x87051)   Privileges: SeSecurityPrivilege    SeTakeOwnershipPrivilege 
Oct 07 17:11:14 172.18.1.20 AgentDevice=WindowsLog	AgentLogFile=Security	Source=Security	Computer=OSF-477F9B9DC69	User=hax	Domain=OSF-477F9B9DC69	EventID=578	EventIDCode=578	EventType=8	EventCategory=4	RecordNumber=187	TimeGenerated=1286489474	TimeWritten=1286489474	Message=Privileged object operation:   Object Server: Security   Object Handle: 1016   Process ID: 4080   Primary User Name: hax   Primary Domain: OSF-477F9B9DC69   Primary Logon ID: (0x0,0x87051)   Client User Name: hax   Client Domain: OSF-477F9B9DC69   Client Logon ID: (0x0,0x87051)   Privileges: SeSecurityPrivilege    SeTakeOwnershipPrivilege 
Oct 07 17:05:41 172.18.1.20 AgentDevice=WindowsLog	AgentLogFile=Security	Source=Security	Computer=OSF-477F9B9DC69	User=hax	Domain=OSF-477F9B9DC69	EventID=538	EventIDCode=538	EventType=8	EventCategory=2	RecordNumber=186	TimeGenerated=1286489141	TimeWritten=1286489141	Message=User Logoff:   User Name: hax   Domain:  OSF-477F9B9DC69   Logon ID:  (0x0,0x1980D7)   Logon Type: 7  
Oct 07 17:05:41 172.18.1.20 AgentDevice=WindowsLog	AgentLogFile=Security	Source=Security	Computer=OSF-477F9B9DC69	User=hax	Domain=OSF-477F9B9DC69	EventID=576	EventIDCode=576	EventType=8	EventCategory=4	RecordNumber=185	TimeGenerated=1286489141	TimeWritten=1286489141	Message=Special privileges assigned to new logon:   User Name: hax   Domain:  OSF-477F9B9DC69   Logon ID:  (0x0,0x1980D7)   Privileges: SeSecurityPrivilege    SeBackupPrivilege    SeRestorePrivilege    SeTakeOwnershipPrivilege    SeDebugPrivilege    SeSystemEnvironmentPrivilege    SeLoadDriverPrivilege    SeImpersonatePrivilege 
Oct 07 17:05:41 172.18.1.20 AgentDevice=WindowsLog	AgentLogFile=Security	Source=Security	Computer=OSF-477F9B9DC69	User=hax	Domain=OSF-477F9B9DC69	EventID=528	EventIDCode=528	EventType=8	EventCategory=2	RecordNumber=184	TimeGenerated=1286489141	TimeWritten=1286489141	Message=Successful Logon:   User Name: hax   Domain:  OSF-477F9B9DC69   Logon ID:  (0x0,0x1980D7)   Logon Type: 7   Logon Process: User32     Authentication Package: Negotiate   Workstation Name: OSF-477F9B9DC69   Logon GUID: -   Caller User Name: OSF-477F9B9DC69$   Caller Domain: OSF-TEST   Caller Logon ID: (0x0,0x3E7)   Caller Process ID: 3600   Transited Services: -   Source Network Address: 172.18.1.13   Source Port: 1045  
Oct 07 17:05:41 172.18.1.20 AgentDevice=WindowsLog	AgentLogFile=Security	Source=Security	Computer=OSF-477F9B9DC69	User=SYSTEM	Domain=NT AUTHORITY	EventID=552	EventIDCode=552	EventType=8	EventCategory=2	RecordNumber=183	TimeGenerated=1286489141	TimeWritten=1286489141	Message=Logon attempt using explicit credentials:  Logged on user:   User Name: OSF-477F9B9DC69$   Domain:  OSF-TEST   Logon ID:  (0x0,0x3E7)   Logon GUID: -  User whose credentials were used:   Target User Name: hax   Target Domain: OSF-477F9B9DC69   Target Logon GUID: -   Target Server Name: localhost  Target Server Info: localhost  Caller Process ID: 3600  Source Network Address: 172.18.1.13  Source Port: 1045  
Oct 07 17:05:41 172.18.1.20 AgentDevice=WindowsLog	AgentLogFile=Security	Source=Security	Computer=OSF-477F9B9DC69	User=hax	Domain=OSF-477F9B9DC69	EventID=680	EventIDCode=680	EventType=8	EventCategory=9	RecordNumber=182	TimeGenerated=1286489141	TimeWritten=1286489141	Message=Logon attempt by: MICROSOFT_AUTHENTICATION_PACKAGE_V1_0  Logon account: hax  Source Workstation: OSF-477F9B9DC69  Error Code: 0x0  
Oct 07 16:53:51 172.18.1.20 AgentDevice=WindowsLog	AgentLogFile=Security	Source=Security	Computer=OSF-477F9B9DC69	User=hax	Domain=OSF-477F9B9DC69	EventID=538	EventIDCode=538	EventType=8	EventCategory=2	RecordNumber=181	TimeGenerated=1286488430	TimeWritten=1286488430	Message=User Logoff:   User Name: hax   Domain:  OSF-477F9B9DC69   Logon ID:  (0x0,0x18E1AF)   Logon Type: 10  
Oct 07 16:53:51 172.18.1.20 AgentDevice=WindowsLog	AgentLogFile=Security	Source=Security	Computer=OSF-477F9B9DC69	User=SYSTEM	Domain=NT AUTHORITY	EventID=577	EventIDCode=577	EventType=8	EventCategory=4	RecordNumber=180	TimeGenerated=1286488430	TimeWritten=1286488430	Message=Privileged Service Called:   Server:  NT Local Security Authority / Authentication Service   Service:  LsaRegisterLogonProcess()   Primary User Name: OSF-477F9B9DC69$   Primary Domain: OSF-TEST   Primary Logon ID: (0x0,0x3E7)   Client User Name: OSF-477F9B9DC69$   Client Domain: OSF-TEST   Client Logon ID: (0x0,0x3E7)   Privileges: SeTcbPrivilege 
Oct 07 16:53:51 172.18.1.20 AgentDevice=WindowsLog	AgentLogFile=Security	Source=Security	Computer=OSF-477F9B9DC69	User=SYSTEM	Domain=NT AUTHORITY	EventID=515	EventIDCode=515	EventType=8	EventCategory=1	RecordNumber=179	TimeGenerated=1286488430	TimeWritten=1286488430	Message=A trusted logon process has registered with the Local Security Authority. This logon process will be trusted to submit logon requests.     Logon Process Name: Winlogon 
Oct 07 16:53:51 172.18.1.20 AgentDevice=WindowsLog	AgentLogFile=Security	Source=Security	Computer=OSF-477F9B9DC69	User=SYSTEM	Domain=NT AUTHORITY	EventID=682	EventIDCode=682	EventType=8	EventCategory=2	RecordNumber=178	TimeGenerated=1286488430	TimeWritten=1286488430	Message=Session reconnected to winstation:   User Name: hax   Domain:  OSF-477F9B9DC69   Logon ID:  (0x0,0x87051)   Session Name: RDP-Tcp#5   Client Name: OSF-V0PLEKU2G12   Client Address: 172.18.1.13 
Oct 07 16:53:51 172.18.1.20 AgentDevice=WindowsLog	AgentLogFile=Security	Source=Security	Computer=OSF-477F9B9DC69	User=hax	Domain=OSF-477F9B9DC69	EventID=576	EventIDCode=576	EventType=8	EventCategory=4	RecordNumber=177	TimeGenerated=1286488430	TimeWritten=1286488430	Message=Special privileges assigned to new logon:   User Name: hax   Domain:  OSF-477F9B9DC69   Logon ID:  (0x0,0x18E1AF)   Privileges: SeSecurityPrivilege    SeBackupPrivilege    SeRestorePrivilege    SeTakeOwnershipPrivilege    SeDebugPrivilege    SeSystemEnvironmentPrivilege    SeLoadDriverPrivilege    SeImpersonatePrivilege 
Oct 07 16:53:51 172.18.1.20 AgentDevice=WindowsLog	AgentLogFile=Security	Source=Security	Computer=OSF-477F9B9DC69	User=hax	Domain=OSF-477F9B9DC69	EventID=528	EventIDCode=528	EventType=8	EventCategory=2	RecordNumber=176	TimeGenerated=1286488430	TimeWritten=1286488430	Message=Successful Logon:   User Name: hax   Domain:  OSF-477F9B9DC69   Logon ID:  (0x0,0x18E1AF)   Logon Type: 10   Logon Process: User32     Authentication Package: Negotiate   Workstation Name: OSF-477F9B9DC69   Logon GUID: -   Caller User Name: OSF-477F9B9DC69$   Caller Domain: OSF-TEST   Caller Logon ID: (0x0,0x3E7)   Caller Process ID: 5128   Transited Services: -   Source Network Address: 172.18.1.13   Source Port: 1045  
Oct 07 16:53:51 172.18.1.20 AgentDevice=WindowsLog	AgentLogFile=Security	Source=Security	Computer=OSF-477F9B9DC69	User=SYSTEM	Domain=NT AUTHORITY	EventID=552	EventIDCode=552	EventType=8	EventCategory=2	RecordNumber=175	TimeGenerated=1286488430	TimeWritten=1286488430	Message=Logon attempt using explicit credentials:  Logged on user:   User Name: OSF-477F9B9DC69$   Domain:  OSF-TEST   Logon ID:  (0x0,0x3E7)   Logon GUID: -  User whose credentials were used:   Target User Name: hax   Target Domain: OSF-477F9B9DC69   Target Logon GUID: -   Target Server Name: localhost  Target Server Info: localhost  Caller Process ID: 5128  Source Network Address: 172.18.1.13  Source Port: 1045  
Oct 07 16:53:51 172.18.1.20 AgentDevice=WindowsLog	AgentLogFile=Security	Source=Security	Computer=OSF-477F9B9DC69	User=hax	Domain=OSF-477F9B9DC69	EventID=680	EventIDCode=680	EventType=8	EventCategory=9	RecordNumber=174	TimeGenerated=1286488430	TimeWritten=1286488430	Message=Logon attempt by: MICROSOFT_AUTHENTICATION_PACKAGE_V1_0  Logon account: hax  Source Workstation: OSF-477F9B9DC69  Error Code: 0x0  
