Oct 11 16:13:47 172.18.1.30 AgentDevice=WindowsLog	AgentLogFile=Security	Source=Security	Computer=OSF-MOSS-SP	User=SYSTEM	Domain=NT AUTHORITY	EventID=529	EventIDCode=529	EventType=16	EventCategory=2	RecordNumber=143	TimeGenerated=1286831627	TimeWritten=1286831627	Message=Logon Failure:   Reason:  Unknown user name or bad password   User Name: Administrator   Domain:  OSF-477F9B9DC69   Logon Type: 3   Logon Process: NtLmSsp    Authentication Package: NTLM   Workstation Name: OSF-477F9B9DC69   Caller User Name: -   Caller Domain: -   Caller Logon ID: -   Caller Process ID: -   Transited Services: -   Source Network Address: 172.18.1.20   Source Port: 0  
Oct 11 16:13:47 172.18.1.30 AgentDevice=WindowsLog	AgentLogFile=Security	Source=Security	Computer=OSF-MOSS-SP	User=SYSTEM	Domain=NT AUTHORITY	EventID=680	EventIDCode=680	EventType=16	EventCategory=9	RecordNumber=142	TimeGenerated=1286831627	TimeWritten=1286831627	Message=Logon attempt by: MICROSOFT_AUTHENTICATION_PACKAGE_V1_0  Logon account: Administrator  Source Workstation: OSF-477F9B9DC69  Error Code: 0xC000006A  
Oct 11 16:13:45 172.18.1.30 AgentDevice=WindowsLog	AgentLogFile=Security	Source=Security	Computer=OSF-MOSS-SP	User=ANONYMOUS LOGON	Domain=NT AUTHORITY	EventID=538	EventIDCode=538	EventType=8	EventCategory=2	RecordNumber=139	TimeGenerated=1286831625	TimeWritten=1286831625	Message=User Logoff:   User Name: ANONYMOUS LOGON   Domain:  NT AUTHORITY   Logon ID:  (0x0,0x587BE)   Logon Type: 3  
Oct 11 16:13:45 172.18.1.30 AgentDevice=WindowsLog	AgentLogFile=Security	Source=Security	Computer=OSF-MOSS-SP	User=ANONYMOUS LOGON	Domain=NT AUTHORITY	EventID=540	EventIDCode=540	EventType=8	EventCategory=2	RecordNumber=138	TimeGenerated=1286831625	TimeWritten=1286831625	Message=Successful Network Logon:   User Name:    Domain:     Logon ID:  (0x0,0x587BE)   Logon Type: 3   Logon Process: NtLmSsp    Authentication Package: NTLM   Workstation Name: OSF-477F9B9DC69   Logon GUID: -   Caller User Name: -   Caller Domain: -   Caller Logon ID: -   Caller Process ID: -   Transited Services: -   Source Network Address: 172.18.1.20   Source Port: 0  
Oct 11 16:11:07 172.18.1.20 AgentDevice=WindowsLog	AgentLogFile=System	Source=W32Time	Computer=OSF-477F9B9DC69	User= 	Domain= 	EventID=2186936337	EventIDCode=17	EventType=1	EventCategory=0	RecordNumber=142	TimeGenerated=1286831467	TimeWritten=1286831467	Message=Time Provider NtpClient: An error occurred during DNS lookup of the manually configured peer 'time.windows.com,0x1'. NtpClient will try the DNS lookup again in 120 minutes. The error was: A socket operation was attempted to an unreachable host. (0x80072751) 
Oct 11 16:10:51 172.18.1.30 AgentDevice=WindowsLog	AgentLogFile=System	Source=W32Time	Computer=OSF-MOSS-SP	User= 	Domain= 	EventID=2186936337	EventIDCode=17	EventType=1	EventCategory=0	RecordNumber=88	TimeGenerated=1286831451	TimeWritten=1286831451	Message=Time Provider NtpClient: An error occurred during DNS lookup of the manually configured peer 'time.windows.com,0x1'. NtpClient will try the DNS lookup again in 120 minutes. The error was: A socket operation was attempted to an unreachable host. (0x80072751) 
Oct 11 16:07:11 172.18.1.30 AgentDevice=WindowsLog	AgentLogFile=Security	Source=Security	Computer=OSF-MOSS-SP	User=ANONYMOUS LOGON	Domain=NT AUTHORITY	EventID=538	EventIDCode=538	EventType=8	EventCategory=2	RecordNumber=133	TimeGenerated=1286831230	TimeWritten=1286831230	Message=User Logoff:   User Name: ANONYMOUS LOGON   Domain:  NT AUTHORITY   Logon ID:  (0x0,0x55225)   Logon Type: 3  
Oct 11 16:07:11 172.18.1.30 AgentDevice=WindowsLog	AgentLogFile=Security	Source=Security	Computer=OSF-MOSS-SP	User=ANONYMOUS LOGON	Domain=NT AUTHORITY	EventID=540	EventIDCode=540	EventType=8	EventCategory=2	RecordNumber=132	TimeGenerated=1286831230	TimeWritten=1286831230	Message=Successful Network Logon:   User Name:    Domain:     Logon ID:  (0x0,0x55225)   Logon Type: 3   Logon Process: NtLmSsp    Authentication Package: NTLM   Workstation Name: OSF-477F9B9DC69   Logon GUID: -   Caller User Name: -   Caller Domain: -   Caller Logon ID: -   Caller Process ID: -   Transited Services: -   Source Network Address: 172.18.1.20   Source Port: 0  
Oct 11 16:06:58 172.18.1.30 AgentDevice=WindowsLog	AgentLogFile=Security	Source=Security	Computer=OSF-MOSS-SP	User=SYSTEM	Domain=NT AUTHORITY	EventID=529	EventIDCode=529	EventType=16	EventCategory=2	RecordNumber=131	TimeGenerated=1286831218	TimeWritten=1286831218	Message=Logon Failure:   Reason:  Unknown user name or bad password   User Name: Administrator   Domain:  OSF-477F9B9DC69   Logon Type: 3   Logon Process: NtLmSsp    Authentication Package: NTLM   Workstation Name: OSF-477F9B9DC69   Caller User Name: -   Caller Domain: -   Caller Logon ID: -   Caller Process ID: -   Transited Services: -   Source Network Address: 172.18.1.20   Source Port: 0  
Oct 11 16:06:58 172.18.1.30 AgentDevice=WindowsLog	AgentLogFile=Security	Source=Security	Computer=OSF-MOSS-SP	User=SYSTEM	Domain=NT AUTHORITY	EventID=680	EventIDCode=680	EventType=16	EventCategory=9	RecordNumber=130	TimeGenerated=1286831218	TimeWritten=1286831218	Message=Logon attempt by: MICROSOFT_AUTHENTICATION_PACKAGE_V1_0  Logon account: Administrator  Source Workstation: OSF-477F9B9DC69  Error Code: 0xC000006A  
Oct 11 16:06:58 172.18.1.30 AgentDevice=WindowsLog	AgentLogFile=Security	Source=Security	Computer=OSF-MOSS-SP	User=ANONYMOUS LOGON	Domain=NT AUTHORITY	EventID=538	EventIDCode=538	EventType=8	EventCategory=2	RecordNumber=129	TimeGenerated=1286831218	TimeWritten=1286831218	Message=User Logoff:   User Name: ANONYMOUS LOGON   Domain:  NT AUTHORITY   Logon ID:  (0x0,0x55068)   Logon Type: 3  
Oct 11 16:06:58 172.18.1.30 AgentDevice=WindowsLog	AgentLogFile=Security	Source=Security	Computer=OSF-MOSS-SP	User=ANONYMOUS LOGON	Domain=NT AUTHORITY	EventID=540	EventIDCode=540	EventType=8	EventCategory=2	RecordNumber=128	TimeGenerated=1286831218	TimeWritten=1286831218	Message=Successful Network Logon:   User Name:    Domain:     Logon ID:  (0x0,0x55068)   Logon Type: 3   Logon Process: NtLmSsp    Authentication Package: NTLM   Workstation Name: OSF-477F9B9DC69   Logon GUID: -   Caller User Name: -   Caller Domain: -   Caller Logon ID: -   Caller Process ID: -   Transited Services: -   Source Network Address: 172.18.1.20   Source Port: 0  
Oct 11 16:06:51 172.18.1.30 AgentDevice=WindowsLog	AgentLogFile=Security	Source=Security	Computer=OSF-MOSS-SP	User=ANONYMOUS LOGON	Domain=NT AUTHORITY	EventID=538	EventIDCode=538	EventType=8	EventCategory=2	RecordNumber=127	TimeGenerated=1286831211	TimeWritten=1286831211	Message=User Logoff:   User Name: ANONYMOUS LOGON   Domain:  NT AUTHORITY   Logon ID:  (0x0,0x54F81)   Logon Type: 3  
Oct 11 16:06:51 172.18.1.30 AgentDevice=WindowsLog	AgentLogFile=Security	Source=Security	Computer=OSF-MOSS-SP	User=ANONYMOUS LOGON	Domain=NT AUTHORITY	EventID=540	EventIDCode=540	EventType=8	EventCategory=2	RecordNumber=126	TimeGenerated=1286831211	TimeWritten=1286831211	Message=Successful Network Logon:   User Name:    Domain:     Logon ID:  (0x0,0x54F81)   Logon Type: 3   Logon Process: NtLmSsp    Authentication Package: NTLM   Workstation Name: OSF-477F9B9DC69   Logon GUID: -   Caller User Name: -   Caller Domain: -   Caller Logon ID: -   Caller Process ID: -   Transited Services: -   Source Network Address: 172.18.1.20   Source Port: 0  
Oct 11 16:06:42 172.18.1.30 AgentDevice=WindowsLog	AgentLogFile=Security	Source=Security	Computer=OSF-MOSS-SP	User=SYSTEM	Domain=NT AUTHORITY	EventID=529	EventIDCode=529	EventType=16	EventCategory=2	RecordNumber=125	TimeGenerated=1286831201	TimeWritten=1286831201	Message=Logon Failure:   Reason:  Unknown user name or bad password   User Name: Administrator   Domain:  OSF-477F9B9DC69   Logon Type: 3   Logon Process: NtLmSsp    Authentication Package: NTLM   Workstation Name: OSF-477F9B9DC69   Caller User Name: -   Caller Domain: -   Caller Logon ID: -   Caller Process ID: -   Transited Services: -   Source Network Address: 172.18.1.20   Source Port: 0  
Oct 11 16:06:42 172.18.1.30 AgentDevice=WindowsLog	AgentLogFile=Security	Source=Security	Computer=OSF-MOSS-SP	User=SYSTEM	Domain=NT AUTHORITY	EventID=680	EventIDCode=680	EventType=16	EventCategory=9	RecordNumber=124	TimeGenerated=1286831201	TimeWritten=1286831201	Message=Logon attempt by: MICROSOFT_AUTHENTICATION_PACKAGE_V1_0  Logon account: Administrator  Source Workstation: OSF-477F9B9DC69  Error Code: 0xC000006A  
Oct 11 16:06:42 172.18.1.30 AgentDevice=WindowsLog	AgentLogFile=Security	Source=Security	Computer=OSF-MOSS-SP	User=SYSTEM	Domain=NT AUTHORITY	EventID=529	EventIDCode=529	EventType=16	EventCategory=2	RecordNumber=123	TimeGenerated=1286831201	TimeWritten=1286831201	Message=Logon Failure:   Reason:  Unknown user name or bad password   User Name: Administrator   Domain:  OSF-477F9B9DC69   Logon Type: 3   Logon Process: NtLmSsp    Authentication Package: NTLM   Workstation Name: OSF-477F9B9DC69   Caller User Name: -   Caller Domain: -   Caller Logon ID: -   Caller Process ID: -   Transited Services: -   Source Network Address: 172.18.1.20   Source Port: 0  
Oct 11 16:06:42 172.18.1.30 AgentDevice=WindowsLog	AgentLogFile=Security	Source=Security	Computer=OSF-MOSS-SP	User=SYSTEM	Domain=NT AUTHORITY	EventID=680	EventIDCode=680	EventType=16	EventCategory=9	RecordNumber=122	TimeGenerated=1286831201	TimeWritten=1286831201	Message=Logon attempt by: MICROSOFT_AUTHENTICATION_PACKAGE_V1_0  Logon account: Administrator  Source Workstation: OSF-477F9B9DC69  Error Code: 0xC000006A  
Oct 11 16:06:41 172.18.1.20 AgentDevice=WindowsLog	AgentLogFile=Security	Source=Security	Computer=OSF-477F9B9DC69	User=SYSTEM	Domain=NT AUTHORITY	EventID=515	EventIDCode=515	EventType=8	EventCategory=1	RecordNumber=267	TimeGenerated=1286831201	TimeWritten=1286831201	Message=A trusted logon process has registered with the Local Security Authority. This logon process will be trusted to submit logon requests.     Logon Process Name: KSecDD 
Oct 11 16:06:40 172.18.1.30 AgentDevice=WindowsLog	AgentLogFile=Security	Source=Security	Computer=OSF-MOSS-SP	User=ANONYMOUS LOGON	Domain=NT AUTHORITY	EventID=538	EventIDCode=538	EventType=8	EventCategory=2	RecordNumber=121	TimeGenerated=1286831199	TimeWritten=1286831199	Message=User Logoff:   User Name: ANONYMOUS LOGON   Domain:  NT AUTHORITY   Logon ID:  (0x0,0x54DAA)   Logon Type: 3  
Oct 11 16:06:40 172.18.1.30 AgentDevice=WindowsLog	AgentLogFile=Security	Source=Security	Computer=OSF-MOSS-SP	User=ANONYMOUS LOGON	Domain=NT AUTHORITY	EventID=540	EventIDCode=540	EventType=8	EventCategory=2	RecordNumber=120	TimeGenerated=1286831199	TimeWritten=1286831199	Message=Successful Network Logon:   User Name:    Domain:     Logon ID:  (0x0,0x54DAA)   Logon Type: 3   Logon Process: NtLmSsp    Authentication Package: NTLM   Workstation Name: OSF-477F9B9DC69   Logon GUID: -   Caller User Name: -   Caller Domain: -   Caller Logon ID: -   Caller Process ID: -   Transited Services: -   Source Network Address: 172.18.1.20   Source Port: 0  
Oct 11 16:06:39 172.18.1.20 AgentDevice=WindowsLog	AgentLogFile=Security	Source=Security	Computer=OSF-477F9B9DC69	User=SYSTEM	Domain=NT AUTHORITY	EventID=515	EventIDCode=515	EventType=8	EventCategory=1	RecordNumber=266	TimeGenerated=1286831199	TimeWritten=1286831199	Message=A trusted logon process has registered with the Local Security Authority. This logon process will be trusted to submit logon requests.     Logon Process Name: KSecDD 
Oct 11 16:03:46 172.18.1.20 AgentDevice=WindowsLog	AgentLogFile=Security	Source=Security	Computer=OSF-477F9B9DC69	User=Administrator	Domain=OSF-477F9B9DC69	EventID=628	EventIDCode=628	EventType=8	EventCategory=7	RecordNumber=265	TimeGenerated=1286831025	TimeWritten=1286831025	Message=User Account password set:   Target Account Name: hax   Target Domain: OSF-477F9B9DC69   Target Account ID: OSF-477F9B9DC69\hax   Caller User Name: Administrator   Caller Domain: OSF-477F9B9DC69   Caller Logon ID: (0x0,0x40453)  
Oct 11 16:03:46 172.18.1.20 AgentDevice=WindowsLog	AgentLogFile=Security	Source=Security	Computer=OSF-477F9B9DC69	User=Administrator	Domain=OSF-477F9B9DC69	EventID=642	EventIDCode=642	EventType=8	EventCategory=7	RecordNumber=264	TimeGenerated=1286831025	TimeWritten=1286831025	Message=User Account Changed:   Target Account Name: hax   Target Domain: OSF-477F9B9DC69   Target Account ID: OSF-477F9B9DC69\hax   Caller User Name: Administrator   Caller Domain: OSF-477F9B9DC69   Caller Logon ID: (0x0,0x40453)   Privileges: -  Changed Attributes:   Sam Account Name: hax   Display Name: haxxorz your boxxorz   User Principal Name: -   Home Directory: %%1793   Home Drive: %%1793   Script Path: %%1793   Profile Path: %%1793   User Workstations: %%1793   Password Last Set: 10/11/2010 4:03:45 PM   Account Expires: %%1794   Primary Group ID: 513   AllowedToDelegateTo: -   Old UAC Value: 0x9B5D0   New UAC Value: 0x9B5D0   User Account Control: -   User Parameters: -   Sid History: -   Logon Hours: %%1792  
Oct 11 16:03:23 172.18.1.20 AgentDevice=WindowsLog	AgentLogFile=System	Source=Service Control Manager	Computer=OSF-477F9B9DC69	User= 	Domain= 	EventID=1073748860	EventIDCode=7036	EventType=4	EventCategory=0	RecordNumber=141	TimeGenerated=1286831003	TimeWritten=1286831003	Message=The VNC Server service entered the stopped state. 
Oct 11 16:01:08 172.18.1.20 AgentDevice=WindowsLog	AgentLogFile=Security	Source=Security	Computer=OSF-477F9B9DC69	User=Administrator	Domain=OSF-477F9B9DC69	EventID=578	EventIDCode=578	EventType=8	EventCategory=4	RecordNumber=263	TimeGenerated=1286830867	TimeWritten=1286830867	Message=Privileged object operation:   Object Server: Security   Object Handle: 864   Process ID: 1780   Primary User Name: Administrator   Primary Domain: OSF-477F9B9DC69   Primary Logon ID: (0x0,0x40453)   Client User Name: Administrator   Client Domain: OSF-477F9B9DC69   Client Logon ID: (0x0,0x40453)   Privileges: SeSecurityPrivilege    SeTakeOwnershipPrivilege 
Oct 11 16:01:08 172.18.1.20 AgentDevice=WindowsLog	AgentLogFile=Security	Source=Security	Computer=OSF-477F9B9DC69	User=Administrator	Domain=OSF-477F9B9DC69	EventID=578	EventIDCode=578	EventType=8	EventCategory=4	RecordNumber=262	TimeGenerated=1286830867	TimeWritten=1286830867	Message=Privileged object operation:   Object Server: Security   Object Handle: 864   Process ID: 1780   Primary User Name: Administrator   Primary Domain: OSF-477F9B9DC69   Primary Logon ID: (0x0,0x40453)   Client User Name: Administrator   Client Domain: OSF-477F9B9DC69   Client Logon ID: (0x0,0x40453)   Privileges: SeSecurityPrivilege    SeTakeOwnershipPrivilege 
Oct 11 15:59:09 172.18.1.20 AgentDevice=WindowsLog	AgentLogFile=System	Source=Service Control Manager	Computer=OSF-477F9B9DC69	User= 	Domain= 	EventID=1073748860	EventIDCode=7036	EventType=4	EventCategory=0	RecordNumber=140	TimeGenerated=1286830749	TimeWritten=1286830749	Message=The Network Location Awareness (NLA) service entered the running state. 
Oct 11 15:59:09 172.18.1.20 AgentDevice=WindowsLog	AgentLogFile=System	Source=Service Control Manager	Computer=OSF-477F9B9DC69	User=SYSTEM	Domain=NT AUTHORITY	EventID=1073748859	EventIDCode=7035	EventType=4	EventCategory=0	RecordNumber=139	TimeGenerated=1286830749	TimeWritten=1286830749	Message=The Network Location Awareness (NLA) service was successfully sent a start control. 
Oct 11 15:59:09 172.18.1.20 AgentDevice=WindowsLog	AgentLogFile=System	Source=Service Control Manager	Computer=OSF-477F9B9DC69	User= 	Domain= 	EventID=1073748860	EventIDCode=7036	EventType=4	EventCategory=0	RecordNumber=138	TimeGenerated=1286830749	TimeWritten=1286830749	Message=The Network Connections service entered the running state. 
Oct 11 15:59:09 172.18.1.20 AgentDevice=WindowsLog	AgentLogFile=System	Source=Service Control Manager	Computer=OSF-477F9B9DC69	User=SYSTEM	Domain=NT AUTHORITY	EventID=1073748859	EventIDCode=7035	EventType=4	EventCategory=0	RecordNumber=137	TimeGenerated=1286830749	TimeWritten=1286830749	Message=The Network Connections service was successfully sent a start control. 
Oct 11 15:59:09 172.18.1.20 AgentDevice=WindowsLog	AgentLogFile=Security	Source=Security	Computer=OSF-477F9B9DC69	User=Administrator	Domain=OSF-477F9B9DC69	EventID=577	EventIDCode=577	EventType=8	EventCategory=4	RecordNumber=261	TimeGenerated=1286830748	TimeWritten=1286830748	Message=Privileged Service Called:   Server:  Security   Service:  -   Primary User Name: OSF-477F9B9DC69$   Primary Domain: OSF-TEST   Primary Logon ID: (0x0,0x3E7)   Client User Name: Administrator   Client Domain: OSF-477F9B9DC69   Client Logon ID: (0x0,0x40453)   Privileges: SeShutdownPrivilege 
Oct 11 15:59:09 172.18.1.20 AgentDevice=WindowsLog	AgentLogFile=Security	Source=Security	Computer=OSF-477F9B9DC69	User=Administrator	Domain=OSF-477F9B9DC69	EventID=577	EventIDCode=577	EventType=8	EventCategory=4	RecordNumber=260	TimeGenerated=1286830748	TimeWritten=1286830748	Message=Privileged Service Called:   Server:  Security   Service:  -   Primary User Name: OSF-477F9B9DC69$   Primary Domain: OSF-TEST   Primary Logon ID: (0x0,0x3E7)   Client User Name: Administrator   Client Domain: OSF-477F9B9DC69   Client Logon ID: (0x0,0x40453)   Privileges: SeShutdownPrivilege 
Oct 11 15:59:09 172.18.1.20 AgentDevice=WindowsLog	AgentLogFile=Security	Source=Security	Computer=OSF-477F9B9DC69	User=Administrator	Domain=OSF-477F9B9DC69	EventID=577	EventIDCode=577	EventType=8	EventCategory=4	RecordNumber=259	TimeGenerated=1286830748	TimeWritten=1286830748	Message=Privileged Service Called:   Server:  Security   Service:  -   Primary User Name: OSF-477F9B9DC69$   Primary Domain: OSF-TEST   Primary Logon ID: (0x0,0x3E7)   Client User Name: Administrator   Client Domain: OSF-477F9B9DC69   Client Logon ID: (0x0,0x40453)   Privileges: SeShutdownPrivilege 
Oct 11 15:59:09 172.18.1.20 AgentDevice=WindowsLog	AgentLogFile=Security	Source=Security	Computer=OSF-477F9B9DC69	User=Administrator	Domain=OSF-477F9B9DC69	EventID=577	EventIDCode=577	EventType=8	EventCategory=4	RecordNumber=258	TimeGenerated=1286830748	TimeWritten=1286830748	Message=Privileged Service Called:   Server:  Security   Service:  -   Primary User Name: OSF-477F9B9DC69$   Primary Domain: OSF-TEST   Primary Logon ID: (0x0,0x3E7)   Client User Name: Administrator   Client Domain: OSF-477F9B9DC69   Client Logon ID: (0x0,0x40453)   Privileges: SeShutdownPrivilege 
Oct 11 15:59:08 172.18.1.20 AgentDevice=WindowsLog	AgentLogFile=Security	Source=Security	Computer=OSF-477F9B9DC69	User=Administrator	Domain=OSF-477F9B9DC69	EventID=576	EventIDCode=576	EventType=8	EventCategory=4	RecordNumber=257	TimeGenerated=1286830748	TimeWritten=1286830748	Message=Special privileges assigned to new logon:   User Name: Administrator   Domain:  OSF-477F9B9DC69   Logon ID:  (0x0,0x40453)   Privileges: SeSecurityPrivilege    SeBackupPrivilege    SeRestorePrivilege    SeTakeOwnershipPrivilege    SeDebugPrivilege    SeSystemEnvironmentPrivilege    SeLoadDriverPrivilege    SeImpersonatePrivilege 
Oct 11 15:59:08 172.18.1.20 AgentDevice=WindowsLog	AgentLogFile=Security	Source=Security	Computer=OSF-477F9B9DC69	User=Administrator	Domain=OSF-477F9B9DC69	EventID=528	EventIDCode=528	EventType=8	EventCategory=2	RecordNumber=256	TimeGenerated=1286830748	TimeWritten=1286830748	Message=Successful Logon:   User Name: Administrator   Domain:  OSF-477F9B9DC69   Logon ID:  (0x0,0x40453)   Logon Type: 2   Logon Process: User32     Authentication Package: Negotiate   Workstation Name: OSF-477F9B9DC69   Logon GUID: -   Caller User Name: OSF-477F9B9DC69$   Caller Domain: OSF-TEST   Caller Logon ID: (0x0,0x3E7)   Caller Process ID: 348   Transited Services: -   Source Network Address: 127.0.0.1   Source Port: 0  
Oct 11 15:59:08 172.18.1.20 AgentDevice=WindowsLog	AgentLogFile=Security	Source=Security	Computer=OSF-477F9B9DC69	User=SYSTEM	Domain=NT AUTHORITY	EventID=552	EventIDCode=552	EventType=8	EventCategory=2	RecordNumber=255	TimeGenerated=1286830748	TimeWritten=1286830748	Message=Logon attempt using explicit credentials:  Logged on user:   User Name: OSF-477F9B9DC69$   Domain:  OSF-TEST   Logon ID:  (0x0,0x3E7)   Logon GUID: -  User whose credentials were used:   Target User Name: Administrator   Target Domain: OSF-477F9B9DC69   Target Logon GUID: -   Target Server Name: localhost  Target Server Info: localhost  Caller Process ID: 348  Source Network Address: 127.0.0.1  Source Port: 0  
Oct 11 15:59:08 172.18.1.20 AgentDevice=WindowsLog	AgentLogFile=Security	Source=Security	Computer=OSF-477F9B9DC69	User=Administrator	Domain=OSF-477F9B9DC69	EventID=680	EventIDCode=680	EventType=8	EventCategory=9	RecordNumber=254	TimeGenerated=1286830748	TimeWritten=1286830748	Message=Logon attempt by: MICROSOFT_AUTHENTICATION_PACKAGE_V1_0  Logon account: Administrator  Source Workstation: OSF-477F9B9DC69  Error Code: 0x0  
Oct 11 15:54:35 172.18.1.13 AgentDevice=WindowsLog	AgentLogFile=Security	Source=Security	Computer=OSF-V0PLEKU2G12	User=jane	Domain=OSF-V0PLEKU2G12	EventID=538	EventIDCode=538	EventType=8	EventCategory=2	RecordNumber=627	TimeGenerated=1286830475	TimeWritten=1286830475	Message=User Logoff:   User Name: jane   Domain:  OSF-V0PLEKU2G12   Logon ID:  (0x0,0x350FF)   Logon Type: 2  
Oct 11 15:53:46 172.18.1.13 AgentDevice=WindowsLog	AgentLogFile=Security	Source=Security	Computer=OSF-V0PLEKU2G12	User=osf	Domain=OSF-V0PLEKU2G12	EventID=538	EventIDCode=538	EventType=8	EventCategory=2	RecordNumber=626	TimeGenerated=1286830425	TimeWritten=1286830425	Message=User Logoff:   User Name: osf   Domain:  OSF-V0PLEKU2G12   Logon ID:  (0x0,0x52BA0)   Logon Type: 2  
Oct 11 15:53:46 172.18.1.13 AgentDevice=WindowsLog	AgentLogFile=Security	Source=Security	Computer=OSF-V0PLEKU2G12	User=osf	Domain=OSF-V0PLEKU2G12	EventID=577	EventIDCode=577	EventType=8	EventCategory=4	RecordNumber=625	TimeGenerated=1286830425	TimeWritten=1286830425	Message=Privileged Service Called:   Server:  Security   Service:  -   Primary User Name: OSF-V0PLEKU2G12$   Primary Domain: EXERCISE   Primary Logon ID: (0x0,0x3E7)   Client User Name: osf   Client Domain: OSF-V0PLEKU2G12   Client Logon ID: (0x0,0xA52B)   Privileges: SeShutdownPrivilege 
Oct 11 15:53:46 172.18.1.13 AgentDevice=WindowsLog	AgentLogFile=Security	Source=Security	Computer=OSF-V0PLEKU2G12	User=osf	Domain=OSF-V0PLEKU2G12	EventID=577	EventIDCode=577	EventType=8	EventCategory=4	RecordNumber=624	TimeGenerated=1286830425	TimeWritten=1286830425	Message=Privileged Service Called:   Server:  Security   Service:  -   Primary User Name: OSF-V0PLEKU2G12$   Primary Domain: EXERCISE   Primary Logon ID: (0x0,0x3E7)   Client User Name: osf   Client Domain: OSF-V0PLEKU2G12   Client Logon ID: (0x0,0xA52B)   Privileges: SeShutdownPrivilege 
Oct 11 15:53:46 172.18.1.13 AgentDevice=WindowsLog	AgentLogFile=Security	Source=Security	Computer=OSF-V0PLEKU2G12	User=osf	Domain=OSF-V0PLEKU2G12	EventID=577	EventIDCode=577	EventType=8	EventCategory=4	RecordNumber=623	TimeGenerated=1286830425	TimeWritten=1286830425	Message=Privileged Service Called:   Server:  Security   Service:  -   Primary User Name: OSF-V0PLEKU2G12$   Primary Domain: EXERCISE   Primary Logon ID: (0x0,0x3E7)   Client User Name: osf   Client Domain: OSF-V0PLEKU2G12   Client Logon ID: (0x0,0xA52B)   Privileges: SeShutdownPrivilege 
Oct 11 15:53:46 172.18.1.13 AgentDevice=WindowsLog	AgentLogFile=Security	Source=Security	Computer=OSF-V0PLEKU2G12	User=osf	Domain=OSF-V0PLEKU2G12	EventID=577	EventIDCode=577	EventType=8	EventCategory=4	RecordNumber=622	TimeGenerated=1286830425	TimeWritten=1286830425	Message=Privileged Service Called:   Server:  Security   Service:  -   Primary User Name: OSF-V0PLEKU2G12$   Primary Domain: EXERCISE   Primary Logon ID: (0x0,0x3E7)   Client User Name: osf   Client Domain: OSF-V0PLEKU2G12   Client Logon ID: (0x0,0xA52B)   Privileges: SeShutdownPrivilege 
Oct 11 15:53:46 172.18.1.13 AgentDevice=WindowsLog	AgentLogFile=Security	Source=Security	Computer=OSF-V0PLEKU2G12	User=SYSTEM	Domain=NT AUTHORITY	EventID=682	EventIDCode=682	EventType=8	EventCategory=2	RecordNumber=621	TimeGenerated=1286830425	TimeWritten=1286830425	Message=Session reconnected to winstation:   User Name: osf   Domain:  OSF-V0PLEKU2G12   Logon ID:  (0x0,0xA52B)   Session Name: Console   Client Name: Unknown   Client Address: Unknown 
Oct 11 15:53:46 172.18.1.13 AgentDevice=WindowsLog	AgentLogFile=Security	Source=Security	Computer=OSF-V0PLEKU2G12	User=osf	Domain=OSF-V0PLEKU2G12	EventID=576	EventIDCode=576	EventType=8	EventCategory=4	RecordNumber=620	TimeGenerated=1286830425	TimeWritten=1286830425	Message=Special privileges assigned to new logon:   User Name:    Domain:     Logon ID:  (0x0,0x52BA0)   Privileges:  SeChangeNotifyPrivilege    SeBackupPrivilege    SeRestorePrivilege    SeDebugPrivilege 
Oct 11 15:53:46 172.18.1.13 AgentDevice=WindowsLog	AgentLogFile=Security	Source=Security	Computer=OSF-V0PLEKU2G12	User=osf	Domain=OSF-V0PLEKU2G12	EventID=528	EventIDCode=528	EventType=8	EventCategory=2	RecordNumber=619	TimeGenerated=1286830425	TimeWritten=1286830425	Message=Successful Logon:   User Name: osf   Domain:  OSF-V0PLEKU2G12   Logon ID:  (0x0,0x52BA0)   Logon Type: 2   Logon Process: User32     Authentication Package: Negotiate   Workstation Name: OSF-V0PLEKU2G12   Logon GUID: {00000000-0000-0000-0000-000000000000} 
Oct 11 15:53:46 172.18.1.13 AgentDevice=WindowsLog	AgentLogFile=Security	Source=Security	Computer=OSF-V0PLEKU2G12	User=SYSTEM	Domain=NT AUTHORITY	EventID=680	EventIDCode=680	EventType=8	EventCategory=9	RecordNumber=618	TimeGenerated=1286830425	TimeWritten=1286830425	Message=Logon attempt by: MICROSOFT_AUTHENTICATION_PACKAGE_V1_0  Logon account:  osf  Source Workstation: OSF-V0PLEKU2G12  Error Code: 0x0  
Oct 11 15:53:43 172.18.1.13 AgentDevice=WindowsLog	AgentLogFile=Security	Source=Security	Computer=OSF-V0PLEKU2G12	User=SYSTEM	Domain=NT AUTHORITY	EventID=529	EventIDCode=529	EventType=16	EventCategory=2	RecordNumber=617	TimeGenerated=1286830422	TimeWritten=1286830422	Message=Logon Failure:   Reason:  Unknown user name or bad password   User Name: osf   Domain:  OSF-V0PLEKU2G12   Logon Type: 2   Logon Process: Advapi     Authentication Package: Negotiate   Workstation Name: OSF-V0PLEKU2G12 
Oct 11 15:53:43 172.18.1.13 AgentDevice=WindowsLog	AgentLogFile=Security	Source=Security	Computer=OSF-V0PLEKU2G12	User=SYSTEM	Domain=NT AUTHORITY	EventID=577	EventIDCode=577	EventType=8	EventCategory=4	RecordNumber=615	TimeGenerated=1286830422	TimeWritten=1286830422	Message=Privileged Service Called:   Server:  NT Local Security Authority / Authentication Service   Service:  LsaRegisterLogonProcess()   Primary User Name: OSF-V0PLEKU2G12$   Primary Domain: EXERCISE   Primary Logon ID: (0x0,0x3E7)   Client User Name: OSF-V0PLEKU2G12$   Client Domain: EXERCISE   Client Logon ID: (0x0,0x3E7)   Privileges: SeTcbPrivilege 
Oct 11 15:53:43 172.18.1.13 AgentDevice=WindowsLog	AgentLogFile=Security	Source=Security	Computer=OSF-V0PLEKU2G12	User=SYSTEM	Domain=NT AUTHORITY	EventID=680	EventIDCode=680	EventType=16	EventCategory=9	RecordNumber=616	TimeGenerated=1286830422	TimeWritten=1286830422	Message=Logon attempt by: MICROSOFT_AUTHENTICATION_PACKAGE_V1_0  Logon account:  osf  Source Workstation: OSF-V0PLEKU2G12  Error Code: 0xC000006A  
Oct 11 15:53:41 172.18.1.13 AgentDevice=WindowsLog	AgentLogFile=Security	Source=Security	Computer=OSF-V0PLEKU2G12	User=SYSTEM	Domain=NT AUTHORITY	EventID=577	EventIDCode=577	EventType=8	EventCategory=4	RecordNumber=614	TimeGenerated=1286830420	TimeWritten=1286830420	Message=Privileged Service Called:   Server:  NT Local Security Authority / Authentication Service   Service:  LsaRegisterLogonProcess()   Primary User Name: OSF-V0PLEKU2G12$   Primary Domain: EXERCISE   Primary Logon ID: (0x0,0x3E7)   Client User Name: OSF-V0PLEKU2G12$   Client Domain: EXERCISE   Client Logon ID: (0x0,0x3E7)   Privileges: SeTcbPrivilege 
Oct 11 15:53:41 172.18.1.13 AgentDevice=WindowsLog	AgentLogFile=Security	Source=Security	Computer=OSF-V0PLEKU2G12	User=SYSTEM	Domain=NT AUTHORITY	EventID=577	EventIDCode=577	EventType=8	EventCategory=4	RecordNumber=613	TimeGenerated=1286830420	TimeWritten=1286830420	Message=Privileged Service Called:   Server:  NT Local Security Authority / Authentication Service   Service:  LsaRegisterLogonProcess()   Primary User Name: OSF-V0PLEKU2G12$   Primary Domain: EXERCISE   Primary Logon ID: (0x0,0x3E7)   Client User Name: OSF-V0PLEKU2G12$   Client Domain: EXERCISE   Client Logon ID: (0x0,0x3E7)   Privileges: SeTcbPrivilege 
Oct 11 15:53:41 172.18.1.13 AgentDevice=WindowsLog	AgentLogFile=Security	Source=Security	Computer=OSF-V0PLEKU2G12	User=SYSTEM	Domain=NT AUTHORITY	EventID=515	EventIDCode=515	EventType=8	EventCategory=1	RecordNumber=612	TimeGenerated=1286830420	TimeWritten=1286830420	Message=A trusted logon process has registered with the Local Security Authority. This logon process will be trusted to submit logon requests.     Logon Process Name: Winlogon\MSGina 
Oct 11 15:53:41 172.18.1.13 AgentDevice=WindowsLog	AgentLogFile=Security	Source=Security	Computer=OSF-V0PLEKU2G12	User=SYSTEM	Domain=NT AUTHORITY	EventID=577	EventIDCode=577	EventType=8	EventCategory=4	RecordNumber=611	TimeGenerated=1286830420	TimeWritten=1286830420	Message=Privileged Service Called:   Server:  NT Local Security Authority / Authentication Service   Service:  LsaRegisterLogonProcess()   Primary User Name: OSF-V0PLEKU2G12$   Primary Domain: EXERCISE   Primary Logon ID: (0x0,0x3E7)   Client User Name: OSF-V0PLEKU2G12$   Client Domain: EXERCISE   Client Logon ID: (0x0,0x3E7)   Privileges: SeTcbPrivilege 
Oct 11 15:53:41 172.18.1.13 AgentDevice=WindowsLog	AgentLogFile=Security	Source=Security	Computer=OSF-V0PLEKU2G12	User=SYSTEM	Domain=NT AUTHORITY	EventID=515	EventIDCode=515	EventType=8	EventCategory=1	RecordNumber=610	TimeGenerated=1286830420	TimeWritten=1286830420	Message=A trusted logon process has registered with the Local Security Authority. This logon process will be trusted to submit logon requests.     Logon Process Name: Winlogon 
Oct 11 15:53:35 172.18.1.13 AgentDevice=WindowsLog	AgentLogFile=Security	Source=Security	Computer=OSF-V0PLEKU2G12	User=jane	Domain=OSF-V0PLEKU2G12	EventID=551	EventIDCode=551	EventType=8	EventCategory=2	RecordNumber=609	TimeGenerated=1286830415	TimeWritten=1286830415	Message=User initiated logoff:   User Name: jane   Domain:  OSF-V0PLEKU2G12   Logon ID:  (0x0,0x350ff)  
Oct 11 15:10:59 172.18.1.13 AgentDevice=WindowsLog	AgentLogFile=Security	Source=Security	Computer=OSF-V0PLEKU2G12	User=jane	Domain=OSF-V0PLEKU2G12	EventID=577	EventIDCode=577	EventType=8	EventCategory=4	RecordNumber=607	TimeGenerated=1286827858	TimeWritten=1286827858	Message=Privileged Service Called:   Server:  Security   Service:  -   Primary User Name: OSF-V0PLEKU2G12$   Primary Domain: EXERCISE   Primary Logon ID: (0x0,0x3E7)   Client User Name: jane   Client Domain: OSF-V0PLEKU2G12   Client Logon ID: (0x0,0x350FF)   Privileges: SeShutdownPrivilege 
Oct 11 15:10:59 172.18.1.13 AgentDevice=WindowsLog	AgentLogFile=Security	Source=Security	Computer=OSF-V0PLEKU2G12	User=jane	Domain=OSF-V0PLEKU2G12	EventID=577	EventIDCode=577	EventType=8	EventCategory=4	RecordNumber=606	TimeGenerated=1286827858	TimeWritten=1286827858	Message=Privileged Service Called:   Server:  Security   Service:  -   Primary User Name: OSF-V0PLEKU2G12$   Primary Domain: EXERCISE   Primary Logon ID: (0x0,0x3E7)   Client User Name: jane   Client Domain: OSF-V0PLEKU2G12   Client Logon ID: (0x0,0x350FF)   Privileges: SeShutdownPrivilege 
Oct 11 15:10:59 172.18.1.13 AgentDevice=WindowsLog	AgentLogFile=Security	Source=Security	Computer=OSF-V0PLEKU2G12	User=jane	Domain=OSF-V0PLEKU2G12	EventID=577	EventIDCode=577	EventType=8	EventCategory=4	RecordNumber=608	TimeGenerated=1286827858	TimeWritten=1286827858	Message=Privileged Service Called:   Server:  Security   Service:  -   Primary User Name: OSF-V0PLEKU2G12$   Primary Domain: EXERCISE   Primary Logon ID: (0x0,0x3E7)   Client User Name: jane   Client Domain: OSF-V0PLEKU2G12   Client Logon ID: (0x0,0x350FF)   Privileges: SeShutdownPrivilege 
Oct 11 15:10:59 172.18.1.13 AgentDevice=WindowsLog	AgentLogFile=Security	Source=Security	Computer=OSF-V0PLEKU2G12	User=jane	Domain=OSF-V0PLEKU2G12	EventID=577	EventIDCode=577	EventType=8	EventCategory=4	RecordNumber=605	TimeGenerated=1286827858	TimeWritten=1286827858	Message=Privileged Service Called:   Server:  Security   Service:  -   Primary User Name: OSF-V0PLEKU2G12$   Primary Domain: EXERCISE   Primary Logon ID: (0x0,0x3E7)   Client User Name: jane   Client Domain: OSF-V0PLEKU2G12   Client Logon ID: (0x0,0x350FF)   Privileges: SeShutdownPrivilege 
Oct 11 15:10:58 172.18.1.13 AgentDevice=WindowsLog	AgentLogFile=Security	Source=Security	Computer=OSF-V0PLEKU2G12	User=jane	Domain=OSF-V0PLEKU2G12	EventID=576	EventIDCode=576	EventType=8	EventCategory=4	RecordNumber=604	TimeGenerated=1286827858	TimeWritten=1286827858	Message=Special privileges assigned to new logon:   User Name:    Domain:     Logon ID:  (0x0,0x350FF)   Privileges:  SeChangeNotifyPrivilege    SeBackupPrivilege    SeRestorePrivilege    SeDebugPrivilege 
Oct 11 15:10:58 172.18.1.13 AgentDevice=WindowsLog	AgentLogFile=Security	Source=Security	Computer=OSF-V0PLEKU2G12	User=jane	Domain=OSF-V0PLEKU2G12	EventID=528	EventIDCode=528	EventType=8	EventCategory=2	RecordNumber=603	TimeGenerated=1286827858	TimeWritten=1286827858	Message=Successful Logon:   User Name: jane   Domain:  OSF-V0PLEKU2G12   Logon ID:  (0x0,0x350FF)   Logon Type: 2   Logon Process: User32     Authentication Package: Negotiate   Workstation Name: OSF-V0PLEKU2G12   Logon GUID: {00000000-0000-0000-0000-000000000000} 
Oct 11 15:10:58 172.18.1.13 AgentDevice=WindowsLog	AgentLogFile=Security	Source=Security	Computer=OSF-V0PLEKU2G12	User=SYSTEM	Domain=NT AUTHORITY	EventID=680	EventIDCode=680	EventType=8	EventCategory=9	RecordNumber=602	TimeGenerated=1286827858	TimeWritten=1286827858	Message=Logon attempt by: MICROSOFT_AUTHENTICATION_PACKAGE_V1_0  Logon account:  jane  Source Workstation: OSF-V0PLEKU2G12  Error Code: 0x0  
Oct 11 15:10:58 172.18.1.13 AgentDevice=WindowsLog	AgentLogFile=Security	Source=Security	Computer=OSF-V0PLEKU2G12	User=SYSTEM	Domain=NT AUTHORITY	EventID=529	EventIDCode=529	EventType=16	EventCategory=2	RecordNumber=601	TimeGenerated=1286827858	TimeWritten=1286827858	Message=Logon Failure:   Reason:  Unknown user name or bad password   User Name: jane   Domain:  OSF-V0PLEKU2G12   Logon Type: 2   Logon Process: Advapi     Authentication Package: Negotiate   Workstation Name: OSF-V0PLEKU2G12 
Oct 11 15:10:58 172.18.1.13 AgentDevice=WindowsLog	AgentLogFile=Security	Source=Security	Computer=OSF-V0PLEKU2G12	User=SYSTEM	Domain=NT AUTHORITY	EventID=680	EventIDCode=680	EventType=16	EventCategory=9	RecordNumber=600	TimeGenerated=1286827858	TimeWritten=1286827858	Message=Logon attempt by: MICROSOFT_AUTHENTICATION_PACKAGE_V1_0  Logon account:  jane  Source Workstation: OSF-V0PLEKU2G12  Error Code: 0xC000006A  
Oct 11 15:10:58 172.18.1.13 AgentDevice=WindowsLog	AgentLogFile=Security	Source=Security	Computer=OSF-V0PLEKU2G12	User=SYSTEM	Domain=NT AUTHORITY	EventID=577	EventIDCode=577	EventType=8	EventCategory=4	RecordNumber=598	TimeGenerated=1286827858	TimeWritten=1286827858	Message=Privileged Service Called:   Server:  NT Local Security Authority / Authentication Service   Service:  LsaRegisterLogonProcess()   Primary User Name: OSF-V0PLEKU2G12$   Primary Domain: EXERCISE   Primary Logon ID: (0x0,0x3E7)   Client User Name: OSF-V0PLEKU2G12$   Client Domain: EXERCISE   Client Logon ID: (0x0,0x3E7)   Privileges: SeTcbPrivilege 
Oct 11 15:10:58 172.18.1.13 AgentDevice=WindowsLog	AgentLogFile=Security	Source=Security	Computer=OSF-V0PLEKU2G12	User=SYSTEM	Domain=NT AUTHORITY	EventID=577	EventIDCode=577	EventType=8	EventCategory=4	RecordNumber=597	TimeGenerated=1286827857	TimeWritten=1286827857	Message=Privileged Service Called:   Server:  NT Local Security Authority / Authentication Service   Service:  LsaRegisterLogonProcess()   Primary User Name: OSF-V0PLEKU2G12$   Primary Domain: EXERCISE   Primary Logon ID: (0x0,0x3E7)   Client User Name: OSF-V0PLEKU2G12$   Client Domain: EXERCISE   Client Logon ID: (0x0,0x3E7)   Privileges: SeTcbPrivilege 
Oct 11 15:10:58 172.18.1.13 AgentDevice=WindowsLog	AgentLogFile=Security	Source=Security	Computer=OSF-V0PLEKU2G12	User=SYSTEM	Domain=NT AUTHORITY	EventID=577	EventIDCode=577	EventType=8	EventCategory=4	RecordNumber=599	TimeGenerated=1286827858	TimeWritten=1286827858	Message=Privileged Service Called:   Server:  NT Local Security Authority / Authentication Service   Service:  LsaRegisterLogonProcess()   Primary User Name: OSF-V0PLEKU2G12$   Primary Domain: EXERCISE   Primary Logon ID: (0x0,0x3E7)   Client User Name: OSF-V0PLEKU2G12$   Client Domain: EXERCISE   Client Logon ID: (0x0,0x3E7)   Privileges: SeTcbPrivilege 
Oct 11 15:10:58 172.18.1.13 AgentDevice=WindowsLog	AgentLogFile=Security	Source=Security	Computer=OSF-V0PLEKU2G12	User=SYSTEM	Domain=NT AUTHORITY	EventID=515	EventIDCode=515	EventType=8	EventCategory=1	RecordNumber=595	TimeGenerated=1286827857	TimeWritten=1286827857	Message=A trusted logon process has registered with the Local Security Authority. This logon process will be trusted to submit logon requests.     Logon Process Name: Winlogon 
Oct 11 15:10:58 172.18.1.13 AgentDevice=WindowsLog	AgentLogFile=Security	Source=Security	Computer=OSF-V0PLEKU2G12	User=SYSTEM	Domain=NT AUTHORITY	EventID=577	EventIDCode=577	EventType=8	EventCategory=4	RecordNumber=594	TimeGenerated=1286827857	TimeWritten=1286827857	Message=Privileged Service Called:   Server:  NT Local Security Authority / Authentication Service   Service:  LsaRegisterLogonProcess()   Primary User Name: OSF-V0PLEKU2G12$   Primary Domain: EXERCISE   Primary Logon ID: (0x0,0x3E7)   Client User Name: OSF-V0PLEKU2G12$   Client Domain: EXERCISE   Client Logon ID: (0x0,0x3E7)   Privileges: SeTcbPrivilege 
Oct 11 15:10:58 172.18.1.13 AgentDevice=WindowsLog	AgentLogFile=Security	Source=Security	Computer=OSF-V0PLEKU2G12	User=SYSTEM	Domain=NT AUTHORITY	EventID=515	EventIDCode=515	EventType=8	EventCategory=1	RecordNumber=596	TimeGenerated=1286827857	TimeWritten=1286827857	Message=A trusted logon process has registered with the Local Security Authority. This logon process will be trusted to submit logon requests.     Logon Process Name: Winlogon\MSGina 
Oct 11 15:10:58 172.18.1.13 AgentDevice=WindowsLog	AgentLogFile=Security	Source=Security	Computer=OSF-V0PLEKU2G12	User=jane	Domain=OSF-V0PLEKU2G12	EventID=538	EventIDCode=538	EventType=8	EventCategory=2	RecordNumber=593	TimeGenerated=1286827857	TimeWritten=1286827857	Message=User Logoff:   User Name: jane   Domain:  OSF-V0PLEKU2G12   Logon ID:  (0x0,0x33A68)   Logon Type: 2  
Oct 11 15:10:58 172.18.1.13 AgentDevice=WindowsLog	AgentLogFile=Security	Source=Security	Computer=OSF-V0PLEKU2G12	User=SYSTEM	Domain=NT AUTHORITY	EventID=683	EventIDCode=683	EventType=8	EventCategory=2	RecordNumber=592	TimeGenerated=1286827857	TimeWritten=1286827857	Message=Session disconnected from winstation:   User Name: osf   Domain:  OSF-V0PLEKU2G12   Logon ID:  (0x0,0xA52B)   Session Name: Console   Client Name: Unknown   Client Address: Unknown 
Oct 11 15:10:58 172.18.1.13 AgentDevice=WindowsLog	AgentLogFile=Security	Source=Security	Computer=OSF-V0PLEKU2G12	User=jane	Domain=OSF-V0PLEKU2G12	EventID=576	EventIDCode=576	EventType=8	EventCategory=4	RecordNumber=591	TimeGenerated=1286827857	TimeWritten=1286827857	Message=Special privileges assigned to new logon:   User Name:    Domain:     Logon ID:  (0x0,0x33A68)   Privileges:  SeChangeNotifyPrivilege    SeBackupPrivilege    SeRestorePrivilege    SeDebugPrivilege 
Oct 11 15:10:58 172.18.1.13 AgentDevice=WindowsLog	AgentLogFile=Security	Source=Security	Computer=OSF-V0PLEKU2G12	User=jane	Domain=OSF-V0PLEKU2G12	EventID=528	EventIDCode=528	EventType=8	EventCategory=2	RecordNumber=590	TimeGenerated=1286827857	TimeWritten=1286827857	Message=Successful Logon:   User Name: jane   Domain:  OSF-V0PLEKU2G12   Logon ID:  (0x0,0x33A68)   Logon Type: 2   Logon Process: Advapi     Authentication Package: Negotiate   Workstation Name: OSF-V0PLEKU2G12   Logon GUID: {00000000-0000-0000-0000-000000000000} 
Oct 11 15:10:58 172.18.1.13 AgentDevice=WindowsLog	AgentLogFile=Security	Source=Security	Computer=OSF-V0PLEKU2G12	User=SYSTEM	Domain=NT AUTHORITY	EventID=680	EventIDCode=680	EventType=8	EventCategory=9	RecordNumber=589	TimeGenerated=1286827857	TimeWritten=1286827857	Message=Logon attempt by: MICROSOFT_AUTHENTICATION_PACKAGE_V1_0  Logon account:  jane  Source Workstation: OSF-V0PLEKU2G12  Error Code: 0x0  
Oct 11 15:10:55 172.18.1.13 AgentDevice=WindowsLog	AgentLogFile=Security	Source=Security	Computer=OSF-V0PLEKU2G12	User=SYSTEM	Domain=NT AUTHORITY	EventID=529	EventIDCode=529	EventType=16	EventCategory=2	RecordNumber=588	TimeGenerated=1286827855	TimeWritten=1286827855	Message=Logon Failure:   Reason:  Unknown user name or bad password   User Name: jane   Domain:  OSF-V0PLEKU2G12   Logon Type: 2   Logon Process: Advapi     Authentication Package: Negotiate   Workstation Name: OSF-V0PLEKU2G12 
Oct 11 15:10:55 172.18.1.13 AgentDevice=WindowsLog	AgentLogFile=Security	Source=Security	Computer=OSF-V0PLEKU2G12	User=SYSTEM	Domain=NT AUTHORITY	EventID=680	EventIDCode=680	EventType=16	EventCategory=9	RecordNumber=587	TimeGenerated=1286827855	TimeWritten=1286827855	Message=Logon attempt by: MICROSOFT_AUTHENTICATION_PACKAGE_V1_0  Logon account:  jane  Source Workstation: OSF-V0PLEKU2G12  Error Code: 0xC000006A  
Oct 11 15:10:43 172.18.1.13 AgentDevice=WindowsLog	AgentLogFile=Security	Source=Security	Computer=OSF-V0PLEKU2G12	User=osf	Domain=OSF-V0PLEKU2G12	EventID=628	EventIDCode=628	EventType=8	EventCategory=7	RecordNumber=586	TimeGenerated=1286827842	TimeWritten=1286827842	Message=User Account password set:   Target Account Name: jane   Target Domain: OSF-V0PLEKU2G12   Target Account ID: OSF-V0PLEKU2G12\jane   Caller User Name: osf   Caller Domain: OSF-V0PLEKU2G12   Caller Logon ID: (0x0,0xA52B)  
Oct 11 15:10:01 172.18.1.13 AgentDevice=WindowsLog	AgentLogFile=Security	Source=Security	Computer=OSF-V0PLEKU2G12	User=osf	Domain=OSF-V0PLEKU2G12	EventID=538	EventIDCode=538	EventType=8	EventCategory=2	RecordNumber=585	TimeGenerated=1286827801	TimeWritten=1286827801	Message=User Logoff:   User Name: osf   Domain:  OSF-V0PLEKU2G12   Logon ID:  (0x0,0x308E7)   Logon Type: 2  
Oct 11 15:10:01 172.18.1.13 AgentDevice=WindowsLog	AgentLogFile=Security	Source=Security	Computer=OSF-V0PLEKU2G12	User=osf	Domain=OSF-V0PLEKU2G12	EventID=576	EventIDCode=576	EventType=8	EventCategory=4	RecordNumber=584	TimeGenerated=1286827801	TimeWritten=1286827801	Message=Special privileges assigned to new logon:   User Name:    Domain:     Logon ID:  (0x0,0x308E7)   Privileges:  SeChangeNotifyPrivilege    SeBackupPrivilege    SeRestorePrivilege    SeDebugPrivilege 
Oct 11 15:10:01 172.18.1.13 AgentDevice=WindowsLog	AgentLogFile=Security	Source=Security	Computer=OSF-V0PLEKU2G12	User=osf	Domain=OSF-V0PLEKU2G12	EventID=528	EventIDCode=528	EventType=8	EventCategory=2	RecordNumber=583	TimeGenerated=1286827801	TimeWritten=1286827801	Message=Successful Logon:   User Name: osf   Domain:  OSF-V0PLEKU2G12   Logon ID:  (0x0,0x308E7)   Logon Type: 2   Logon Process: Advapi     Authentication Package: Negotiate   Workstation Name: OSF-V0PLEKU2G12   Logon GUID: {00000000-0000-0000-0000-000000000000} 
Oct 11 15:10:01 172.18.1.13 AgentDevice=WindowsLog	AgentLogFile=Security	Source=Security	Computer=OSF-V0PLEKU2G12	User=SYSTEM	Domain=NT AUTHORITY	EventID=680	EventIDCode=680	EventType=8	EventCategory=9	RecordNumber=582	TimeGenerated=1286827801	TimeWritten=1286827801	Message=Logon attempt by: MICROSOFT_AUTHENTICATION_PACKAGE_V1_0  Logon account:  osf  Source Workstation: OSF-V0PLEKU2G12  Error Code: 0x0  
Oct 11 15:09:22 172.18.1.13 AgentDevice=WindowsLog	AgentLogFile=Security	Source=Security	Computer=OSF-V0PLEKU2G12	User=SYSTEM	Domain=NT AUTHORITY	EventID=529	EventIDCode=529	EventType=16	EventCategory=2	RecordNumber=581	TimeGenerated=1286827762	TimeWritten=1286827762	Message=Logon Failure:   Reason:  Unknown user name or bad password   User Name: osf   Domain:  OSF-V0PLEKU2G12   Logon Type: 2   Logon Process: Advapi     Authentication Package: Negotiate   Workstation Name: OSF-V0PLEKU2G12 
Oct 11 15:09:22 172.18.1.13 AgentDevice=WindowsLog	AgentLogFile=Security	Source=Security	Computer=OSF-V0PLEKU2G12	User=SYSTEM	Domain=NT AUTHORITY	EventID=680	EventIDCode=680	EventType=16	EventCategory=9	RecordNumber=580	TimeGenerated=1286827762	TimeWritten=1286827762	Message=Logon attempt by: MICROSOFT_AUTHENTICATION_PACKAGE_V1_0  Logon account:  osf  Source Workstation: OSF-V0PLEKU2G12  Error Code: 0xC000006A  
Oct 11 15:08:07 172.18.1.13 AgentDevice=WindowsLog	AgentLogFile=Security	Source=Security	Computer=OSF-V0PLEKU2G12	User=SYSTEM	Domain=NT AUTHORITY	EventID=529	EventIDCode=529	EventType=16	EventCategory=2	RecordNumber=579	TimeGenerated=1286827687	TimeWritten=1286827687	Message=Logon Failure:   Reason:  Unknown user name or bad password   User Name: jane   Domain:  OSF-V0PLEKU2G12   Logon Type: 2   Logon Process: Advapi     Authentication Package: Negotiate   Workstation Name: OSF-V0PLEKU2G12 
Oct 11 14:58:51 172.18.1.13 AgentDevice=WindowsLog	AgentLogFile=System	Source=W32Time	Computer=OSF-V0PLEKU2G12	User= 	Domain= 	EventID=3260678173	EventIDCode=29	EventType=1	EventCategory=0	RecordNumber=221	TimeGenerated=1286827130	TimeWritten=1286827130	Message=The time provider NtpClient is configured to acquire time from one or more time sources, however none of the sources are currently accessible.  No attempt to contact a source will be made for 119 minutes. NtpClient has no source of accurate time.  
Oct 11 14:40:43 172.18.1.20 AgentDevice=WindowsLog	AgentLogFile=System	Source=W32Time	Computer=OSF-477F9B9DC69	User= 	Domain= 	EventID=2186936337	EventIDCode=17	EventType=1	EventCategory=0	RecordNumber=135	TimeGenerated=1286826043	TimeWritten=1286826043	Message=Time Provider NtpClient: An error occurred during DNS lookup of the manually configured peer 'time.windows.com,0x1'. NtpClient will try the DNS lookup again in 30 minutes. The error was: A socket operation was attempted to an unreachable host. (0x80072751) 
Oct 11 14:40:28 172.18.1.30 AgentDevice=WindowsLog	AgentLogFile=System	Source=W32Time	Computer=OSF-MOSS-SP	User= 	Domain= 	EventID=2186936337	EventIDCode=17	EventType=1	EventCategory=0	RecordNumber=86	TimeGenerated=1286826027	TimeWritten=1286826027	Message=Time Provider NtpClient: An error occurred during DNS lookup of the manually configured peer 'time.windows.com,0x1'. NtpClient will try the DNS lookup again in 30 minutes. The error was: A socket operation was attempted to an unreachable host. (0x80072751) 
Oct 11 14:39:56 172.18.1.20 AgentDevice=WindowsLog	AgentLogFile=Security	Source=Security	Computer=OSF-477F9B9DC69	User=SYSTEM	Domain=NT AUTHORITY	EventID=577	EventIDCode=577	EventType=8	EventCategory=4	RecordNumber=253	TimeGenerated=1286825996	TimeWritten=1286825996	Message=Privileged Service Called:   Server:  NT Local Security Authority / Authentication Service   Service:  LsaRegisterLogonProcess()   Primary User Name: OSF-477F9B9DC69$   Primary Domain: OSF-TEST   Primary Logon ID: (0x0,0x3E7)   Client User Name: OSF-477F9B9DC69$   Client Domain: OSF-TEST   Client Logon ID: (0x0,0x3E7)   Privileges: SeTcbPrivilege 
Oct 11 14:39:56 172.18.1.20 AgentDevice=WindowsLog	AgentLogFile=Security	Source=Security	Computer=OSF-477F9B9DC69	User=SYSTEM	Domain=NT AUTHORITY	EventID=515	EventIDCode=515	EventType=8	EventCategory=1	RecordNumber=252	TimeGenerated=1286825996	TimeWritten=1286825996	Message=A trusted logon process has registered with the Local Security Authority. This logon process will be trusted to submit logon requests.     Logon Process Name: Schannel 
Oct 11 14:39:56 172.18.1.20 AgentDevice=WindowsLog	AgentLogFile=Security	Source=Security	Computer=OSF-477F9B9DC69	User=SYSTEM	Domain=NT AUTHORITY	EventID=577	EventIDCode=577	EventType=8	EventCategory=4	RecordNumber=251	TimeGenerated=1286825996	TimeWritten=1286825996	Message=Privileged Service Called:   Server:  NT Local Security Authority / Authentication Service   Service:  LsaRegisterLogonProcess()   Primary User Name: OSF-477F9B9DC69$   Primary Domain: OSF-TEST   Primary Logon ID: (0x0,0x3E7)   Client User Name: OSF-477F9B9DC69$   Client Domain: OSF-TEST   Client Logon ID: (0x0,0x3E7)   Privileges: SeTcbPrivilege 
Oct 11 14:39:56 172.18.1.20 AgentDevice=WindowsLog	AgentLogFile=Security	Source=Security	Computer=OSF-477F9B9DC69	User=SYSTEM	Domain=NT AUTHORITY	EventID=577	EventIDCode=577	EventType=8	EventCategory=4	RecordNumber=250	TimeGenerated=1286825996	TimeWritten=1286825996	Message=Privileged Service Called:   Server:  NT Local Security Authority / Authentication Service   Service:  LsaRegisterLogonProcess()   Primary User Name: OSF-477F9B9DC69$   Primary Domain: OSF-TEST   Primary Logon ID: (0x0,0x3E7)   Client User Name: OSF-477F9B9DC69$   Client Domain: OSF-TEST   Client Logon ID: (0x0,0x3E7)   Privileges: SeTcbPrivilege 
Oct 11 14:39:44 172.18.1.30 AgentDevice=WindowsLog	AgentLogFile=Security	Source=Security	Computer=OSF-MOSS-SP	User=SYSTEM	Domain=NT AUTHORITY	EventID=515	EventIDCode=515	EventType=8	EventCategory=1	RecordNumber=119	TimeGenerated=1286825984	TimeWritten=1286825984	Message=A trusted logon process has registered with the Local Security Authority. This logon process will be trusted to submit logon requests.     Logon Process Name: Schannel 
